Testsuite: org.apache.ivy.plugins.resolver.IBiblioResolverTest
Tests run: 7, Failures: 2, Errors: 0, Time elapsed: 2.42 sec
------------- Standard Output ---------------
reached http://mirrors.ibiblio.org/maven in 367ms
:: loading settings :: url = file:/Volumes/MacintoshHDD/mccurdyc/Downloads/tlb-complete-0.3.2/tools/ivy/build/classes/core/org/apache/ivy/core/settings/ivysettings.xml
:: loading settings :: url = file:/Volumes/MacintoshHDD/mccurdyc/Downloads/tlb-complete-0.3.2/tools/ivy/build/classes/core/org/apache/ivy/core/settings/ivysettings.xml
reached http://mirrors.ibiblio.org/maven in 366ms
reached http://mirrors.ibiblio.org/maven in 125ms
------------- ---------------- ---------------

Testcase: testIBiblio took 0.766 sec
	FAILED
null
junit.framework.AssertionFailedError
	at org.apache.ivy.plugins.resolver.IBiblioResolverTest.testIBiblio(IBiblioResolverTest.java:167)

Testcase: testMaven2Listing took 0.967 sec
Testcase: testErrorReport took 0.043 sec
Testcase: testIBiblioArtifacts took 0.428 sec
	FAILED
null
junit.framework.AssertionFailedError
	at org.apache.ivy.plugins.resolver.IBiblioResolverTest.testIBiblioArtifacts(IBiblioResolverTest.java:272)

Testcase: testUnknown took 0.194 sec
Testcase: testDefaults took 0.002 sec
Testcase: testInitFromConf took 0.006 sec
