Testsuite: org.apache.ivy.plugins.resolver.URLResolverTest
Tests run: 9, Failures: 4, Errors: 0, Time elapsed: 1.981 sec
------------- Standard Output ---------------
:: loading settings :: url = file:/Volumes/MacintoshHDD/mccurdyc/Downloads/tlb-complete-0.3.2/tools/ivy/build/classes/core/org/apache/ivy/core/settings/ivysettings.xml
reached http://mirrors.ibiblio.org/maven in 216ms
:: loading settings :: url = file:/Volumes/MacintoshHDD/mccurdyc/Downloads/tlb-complete-0.3.2/tools/ivy/build/classes/core/org/apache/ivy/core/settings/ivysettings.xml
reached http://mirrors.ibiblio.org/maven in 112ms
:: loading settings :: url = file:/Volumes/MacintoshHDD/mccurdyc/Downloads/tlb-complete-0.3.2/tools/ivy/build/classes/core/org/apache/ivy/core/settings/ivysettings.xml
reached http://mirrors.ibiblio.org/maven in 116ms
:: loading settings :: url = file:/Volumes/MacintoshHDD/mccurdyc/Downloads/tlb-complete-0.3.2/tools/ivy/build/classes/core/org/apache/ivy/core/settings/ivysettings.xml
reached http://mirrors.ibiblio.org/maven in 118ms
:: loading settings :: url = file:/Volumes/MacintoshHDD/mccurdyc/Downloads/tlb-complete-0.3.2/tools/ivy/build/classes/core/org/apache/ivy/core/settings/ivysettings.xml
reached http://mirrors.ibiblio.org/maven in 116ms
:: loading settings :: url = file:/Volumes/MacintoshHDD/mccurdyc/Downloads/tlb-complete-0.3.2/tools/ivy/build/classes/core/org/apache/ivy/core/settings/ivysettings.xml
:: loading settings :: url = file:/Volumes/MacintoshHDD/mccurdyc/Downloads/tlb-complete-0.3.2/tools/ivy/build/classes/core/org/apache/ivy/core/settings/ivysettings.xml
:: loading settings :: url = file:/Volumes/MacintoshHDD/mccurdyc/Downloads/tlb-complete-0.3.2/tools/ivy/build/classes/core/org/apache/ivy/core/settings/ivysettings.xml
downloading file:/Volumes/MacintoshHDD/mccurdyc/Downloads/tlb-complete-0.3.2/tools/ivy/test/repositories/1//org1/mod1.1/jars/mod1.1-1.0.jar ...
	[SUCCESSFUL ] org1#mod1.1;1.0!mod1.1.jar (2ms)
------------- ---------------- ---------------

Testcase: testLatestFileWithOpaqueURL took 0.441 sec
Testcase: testIBiblio took 0.371 sec
	FAILED
null
junit.framework.AssertionFailedError
	at org.apache.ivy.plugins.resolver.URLResolverTest.testIBiblio(URLResolverTest.java:169)

Testcase: testIBiblioArtifacts took 0.199 sec
	FAILED
null
junit.framework.AssertionFailedError
	at org.apache.ivy.plugins.resolver.URLResolverTest.testIBiblioArtifacts(URLResolverTest.java:217)

Testcase: testLatestIBiblio took 0.196 sec
	FAILED
null
junit.framework.AssertionFailedError
	at org.apache.ivy.plugins.resolver.URLResolverTest.testLatestIBiblio(URLResolverTest.java:276)

Testcase: testVersionRangeIBiblio took 0.374 sec
	FAILED
null
junit.framework.AssertionFailedError
	at org.apache.ivy.plugins.resolver.URLResolverTest.testVersionRangeIBiblio(URLResolverTest.java:297)

Testcase: testUnknown took 0.251 sec
Testcase: testDownloadWithUseOriginIsTrue took 0.065 sec
Testcase: testFile took 0.028 sec
Testcase: testLatestFile took 0.038 sec
