<?xml version="1.0" encoding="UTF-8" ?>
<testsuite errors="0" failures="0" hostname="Coltons-MBP" name="org.apache.ivy.plugins.conflict.LatestCompatibleConflictManagerTest" skipped="0" tests="12" time="2.491" timestamp="2016-04-21T23:23:19">
  <properties>
[...]
</properties>
  <testcase classname="org.apache.ivy.plugins.conflict.LatestCompatibleConflictManagerTest" name="testCompatibilityResolveCircularDependency1" time="0.599" />
  <testcase classname="org.apache.ivy.plugins.conflict.LatestCompatibleConflictManagerTest" name="testCompatibilityResolveCircularDependency2" time="0.146" />
  <testcase classname="org.apache.ivy.plugins.conflict.LatestCompatibleConflictManagerTest" name="testCompatibilityResolveCircularDependency3" time="0.159" />
  <testcase classname="org.apache.ivy.plugins.conflict.LatestCompatibleConflictManagerTest" name="testConflict" time="0.151" />
  <testcase classname="org.apache.ivy.plugins.conflict.LatestCompatibleConflictManagerTest" name="testDynamicRootConflict" time="0.13" />
  <testcase classname="org.apache.ivy.plugins.conflict.LatestCompatibleConflictManagerTest" name="testCompatibilityResolve1" time="0.112" />
  <testcase classname="org.apache.ivy.plugins.conflict.LatestCompatibleConflictManagerTest" name="testInitFromSettings" time="0.007" />
  <testcase classname="org.apache.ivy.plugins.conflict.LatestCompatibleConflictManagerTest" name="testCompatibilityResolve2" time="0.174" />
  <testcase classname="org.apache.ivy.plugins.conflict.LatestCompatibleConflictManagerTest" name="testCompatibilityResolve3" time="0.356" />
  <testcase classname="org.apache.ivy.plugins.conflict.LatestCompatibleConflictManagerTest" name="testCompatibilityResolve4" time="0.233" />
  <testcase classname="org.apache.ivy.plugins.conflict.LatestCompatibleConflictManagerTest" name="testCompatibilityResolve5" time="0.19" />
  <testcase classname="org.apache.ivy.plugins.conflict.LatestCompatibleConflictManagerTest" name="testCompatibilityResolve6" time="0.107" />
  <system-out><![CDATA[:: loading settings :: url = file:/Volumes/MacintoshHDD/mccurdyc/computer_science/cs441s2016/cs441s2016-fp-team1/tools/ant-ivy/build/classes/core/org/apache/ivy/core/settings/ivysettings.xml
	published ivy to /Volumes/MacintoshHDD/mccurdyc/computer_science/cs441s2016/cs441s2016-fp-team1/tools/ant-ivy/build/test/test-repo/A/6.part/ivy.xml
	published A to /Volumes/MacintoshHDD/mccurdyc/computer_science/cs441s2016/cs441s2016-fp-team1/tools/ant-ivy/build/test/test-repo/A/6.part/A.jar
	publish commited: moved /Volumes/MacintoshHDD/mccurdyc/computer_science/cs441s2016/cs441s2016-fp-team1/tools/ant-ivy/build/test/test-repo/A/6.part 
		to /Volumes/MacintoshHDD/mccurdyc/computer_science/cs441s2016/cs441s2016-fp-team1/tools/ant-ivy/build/test/test-repo/A/6
	published ivy to /Volumes/MacintoshHDD/mccurdyc/computer_science/cs441s2016/cs441s2016-fp-team1/tools/ant-ivy/build/test/test-repo/B/3.4.part/ivy.xml
	published B to /Volumes/MacintoshHDD/mccurdyc/computer_science/cs441s2016/cs441s2016-fp-team1/tools/ant-ivy/build/test/test-repo/B/3.4.part/B.jar
	publish commited: moved /Volumes/MacintoshHDD/mccurdyc/computer_science/cs441s2016/cs441s2016-fp-team1/tools/ant-ivy/build/test/test-repo/B/3.4.part 
		to /Volumes/MacintoshHDD/mccurdyc/computer_science/cs441s2016/cs441s2016-fp-team1/tools/ant-ivy/build/test/test-repo/B/3.4
	published ivy to /Volumes/MacintoshHDD/mccurdyc/computer_science/cs441s2016/cs441s2016-fp-team1/tools/ant-ivy/build/test/test-repo/B/3.5.part/ivy.xml
	published B to /Volumes/MacintoshHDD/mccurdyc/computer_science/cs441s2016/cs441s2016-fp-team1/tools/ant-ivy/build/test/test-repo/B/3.5.part/B.jar
	publish commited: moved /Volumes/MacintoshHDD/mccurdyc/computer_science/cs441s2016/cs441s2016-fp-team1/tools/ant-ivy/build/test/test-repo/B/3.5.part 
		to /Volumes/MacintoshHDD/mccurdyc/computer_science/cs441s2016/cs441s2016-fp-team1/tools/ant-ivy/build/test/test-repo/B/3.5
	published ivy to /Volumes/MacintoshHDD/mccurdyc/computer_science/cs441s2016/cs441s2016-fp-team1/tools/ant-ivy/build/test/test-repo/C/4.6.part/ivy.xml
	published C to /Volumes/MacintoshHDD/mccurdyc/computer_science/cs441s2016/cs441s2016-fp-team1/tools/ant-ivy/build/test/test-repo/C/4.6.part/C.jar
	publish commited: moved /Volumes/MacintoshHDD/mccurdyc/computer_science/cs441s2016/cs441s2016-fp-team1/tools/ant-ivy/build/test/test-repo/C/4.6.part 
		to /Volumes/MacintoshHDD/mccurdyc/computer_science/cs441s2016/cs441s2016-fp-team1/tools/ant-ivy/build/test/test-repo/C/4.6
	published ivy to /Volumes/MacintoshHDD/mccurdyc/computer_science/cs441s2016/cs441s2016-fp-team1/tools/ant-ivy/build/test/test-repo/D/3.0.part/ivy.xml
	published D to /Volumes/MacintoshHDD/mccurdyc/computer_science/cs441s2016/cs441s2016-fp-team1/tools/ant-ivy/build/test/test-repo/D/3.0.part/D.jar
	publish commited: moved /Volumes/MacintoshHDD/mccurdyc/computer_science/cs441s2016/cs441s2016-fp-team1/tools/ant-ivy/build/test/test-repo/D/3.0.part 
		to /Volumes/MacintoshHDD/mccurdyc/computer_science/cs441s2016/cs441s2016-fp-team1/tools/ant-ivy/build/test/test-repo/D/3.0
	published ivy to /Volumes/MacintoshHDD/mccurdyc/computer_science/cs441s2016/cs441s2016-fp-team1/tools/ant-ivy/build/test/test-repo/D/2.5.part/ivy.xml
	published D to /Volumes/MacintoshHDD/mccurdyc/computer_science/cs441s2016/cs441s2016-fp-team1/tools/ant-ivy/build/test/test-repo/D/2.5.part/D.jar
	publish commited: moved /Volumes/MacintoshHDD/mccurdyc/computer_science/cs441s2016/cs441s2016-fp-team1/tools/ant-ivy/build/test/test-repo/D/2.5.part 
		to /Volumes/MacintoshHDD/mccurdyc/computer_science/cs441s2016/cs441s2016-fp-team1/tools/ant-ivy/build/test/test-repo/D/2.5
:: resolving dependencies :: #A;6
	confs: [default]
	found #B;3.5 in test
	[3.5] #B;[3.0,3.5]
	found #D;3.0 in test
	found #C;4.6 in test
BLACKLISTING [#B;3.5 blacklisted to evict #D;3.0 in favor of #D;2.5 in #A;6 for default]
	found #B;3.4 in test
	[3.4] #B;[3.0,3.5]
	found #D;2.5 in test
downloading /Volumes/MacintoshHDD/mccurdyc/computer_science/cs441s2016/cs441s2016-fp-team1/tools/ant-ivy/build/test/test-repo/C/4.6/C.jar ...
	[SUCCESSFUL ] #C;4.6!C.jar (3ms)
downloading /Volumes/MacintoshHDD/mccurdyc/computer_science/cs441s2016/cs441s2016-fp-team1/tools/ant-ivy/build/test/test-repo/D/2.5/D.jar ...
	[SUCCESSFUL ] #D;2.5!D.jar (2ms)
downloading /Volumes/MacintoshHDD/mccurdyc/computer_science/cs441s2016/cs441s2016-fp-team1/tools/ant-ivy/build/test/test-repo/B/3.4/B.jar ...
	[SUCCESSFUL ] #B;3.4!B.jar (2ms)
:: resolution report :: resolve 210ms :: artifacts dl 10ms
	:: evicted modules:
	#D;3.0 by [#D;2.5 with blacklisting of #B;3.5] in [default]
	---------------------------------------------------------------------
	|                  |            modules            ||   artifacts   |
	|       conf       | number| search|dwnlded|evicted|| number|dwnlded|
	---------------------------------------------------------------------
	|      default     |   4   |   4   |   4   |   1   ||   3   |   3   |
	---------------------------------------------------------------------

:: problems summary ::
:::: WARNINGS
	circular dependency found: #B;[3.0,3.5]->#D;3.0->...

	circular dependency found: #D;3.0->#B;[3.0,3.5]->...

	circular dependency found: #B;[3.0,3.5]->#D;2.5->...

	circular dependency found: #D;2.5->#B;[3.0,3.5]->...


:: USE VERBOSE OR DEBUG MESSAGE LEVEL FOR MORE DETAILS
	published ivy to /Volumes/MacintoshHDD/mccurdyc/computer_science/cs441s2016/cs441s2016-fp-team1/tools/ant-ivy/build/test/test-repo/A/1.part/ivy.xml
	published A to /Volumes/MacintoshHDD/mccurdyc/computer_science/cs441s2016/cs441s2016-fp-team1/tools/ant-ivy/build/test/test-repo/A/1.part/A.jar
	publish commited: moved /Volumes/MacintoshHDD/mccurdyc/computer_science/cs441s2016/cs441s2016-fp-team1/tools/ant-ivy/build/test/test-repo/A/1.part 
		to /Volumes/MacintoshHDD/mccurdyc/computer_science/cs441s2016/cs441s2016-fp-team1/tools/ant-ivy/build/test/test-repo/A/1
	published ivy to /Volumes/MacintoshHDD/mccurdyc/computer_science/cs441s2016/cs441s2016-fp-team1/tools/ant-ivy/build/test/test-repo/C/1.part/ivy.xml
	published C to /Volumes/MacintoshHDD/mccurdyc/computer_science/cs441s2016/cs441s2016-fp-team1/tools/ant-ivy/build/test/test-repo/C/1.part/C.jar
	publish commited: moved /Volumes/MacintoshHDD/mccurdyc/computer_science/cs441s2016/cs441s2016-fp-team1/tools/ant-ivy/build/test/test-repo/C/1.part 
		to /Volumes/MacintoshHDD/mccurdyc/computer_science/cs441s2016/cs441s2016-fp-team1/tools/ant-ivy/build/test/test-repo/C/1
	published ivy to /Volumes/MacintoshHDD/mccurdyc/computer_science/cs441s2016/cs441s2016-fp-team1/tools/ant-ivy/build/test/test-repo/C/2.part/ivy.xml
	published C to /Volumes/MacintoshHDD/mccurdyc/computer_science/cs441s2016/cs441s2016-fp-team1/tools/ant-ivy/build/test/test-repo/C/2.part/C.jar
	publish commited: moved /Volumes/MacintoshHDD/mccurdyc/computer_science/cs441s2016/cs441s2016-fp-team1/tools/ant-ivy/build/test/test-repo/C/2.part 
		to /Volumes/MacintoshHDD/mccurdyc/computer_science/cs441s2016/cs441s2016-fp-team1/tools/ant-ivy/build/test/test-repo/C/2
	published ivy to /Volumes/MacintoshHDD/mccurdyc/computer_science/cs441s2016/cs441s2016-fp-team1/tools/ant-ivy/build/test/test-repo/C/3.part/ivy.xml
	published C to /Volumes/MacintoshHDD/mccurdyc/computer_science/cs441s2016/cs441s2016-fp-team1/tools/ant-ivy/build/test/test-repo/C/3.part/C.jar
	publish commited: moved /Volumes/MacintoshHDD/mccurdyc/computer_science/cs441s2016/cs441s2016-fp-team1/tools/ant-ivy/build/test/test-repo/C/3.part 
		to /Volumes/MacintoshHDD/mccurdyc/computer_science/cs441s2016/cs441s2016-fp-team1/tools/ant-ivy/build/test/test-repo/C/3
	published ivy to /Volumes/MacintoshHDD/mccurdyc/computer_science/cs441s2016/cs441s2016-fp-team1/tools/ant-ivy/build/test/test-repo/B/1.part/ivy.xml
	published B to /Volumes/MacintoshHDD/mccurdyc/computer_science/cs441s2016/cs441s2016-fp-team1/tools/ant-ivy/build/test/test-repo/B/1.part/B.jar
	publish commited: moved /Volumes/MacintoshHDD/mccurdyc/computer_science/cs441s2016/cs441s2016-fp-team1/tools/ant-ivy/build/test/test-repo/B/1.part 
		to /Volumes/MacintoshHDD/mccurdyc/computer_science/cs441s2016/cs441s2016-fp-team1/tools/ant-ivy/build/test/test-repo/B/1
	published ivy to /Volumes/MacintoshHDD/mccurdyc/computer_science/cs441s2016/cs441s2016-fp-team1/tools/ant-ivy/build/test/test-repo/B/2.part/ivy.xml
	published B to /Volumes/MacintoshHDD/mccurdyc/computer_science/cs441s2016/cs441s2016-fp-team1/tools/ant-ivy/build/test/test-repo/B/2.part/B.jar
	publish commited: moved /Volumes/MacintoshHDD/mccurdyc/computer_science/cs441s2016/cs441s2016-fp-team1/tools/ant-ivy/build/test/test-repo/B/2.part 
		to /Volumes/MacintoshHDD/mccurdyc/computer_science/cs441s2016/cs441s2016-fp-team1/tools/ant-ivy/build/test/test-repo/B/2
	published ivy to /Volumes/MacintoshHDD/mccurdyc/computer_science/cs441s2016/cs441s2016-fp-team1/tools/ant-ivy/build/test/test-repo/B/3.part/ivy.xml
	published B to /Volumes/MacintoshHDD/mccurdyc/computer_science/cs441s2016/cs441s2016-fp-team1/tools/ant-ivy/build/test/test-repo/B/3.part/B.jar
	publish commited: moved /Volumes/MacintoshHDD/mccurdyc/computer_science/cs441s2016/cs441s2016-fp-team1/tools/ant-ivy/build/test/test-repo/B/3.part 
		to /Volumes/MacintoshHDD/mccurdyc/computer_science/cs441s2016/cs441s2016-fp-team1/tools/ant-ivy/build/test/test-repo/B/3
:: resolving dependencies :: #A;1
	confs: [default]
	found #C;2 in test
	found #B;2 in test
downloading /Volumes/MacintoshHDD/mccurdyc/computer_science/cs441s2016/cs441s2016-fp-team1/tools/ant-ivy/build/test/test-repo/C/2/C.jar ...
	[SUCCESSFUL ] #C;2!C.jar (2ms)
downloading /Volumes/MacintoshHDD/mccurdyc/computer_science/cs441s2016/cs441s2016-fp-team1/tools/ant-ivy/build/test/test-repo/B/2/B.jar ...
	[SUCCESSFUL ] #B;2!B.jar (3ms)
:: resolution report :: resolve 56ms :: artifacts dl 8ms
	:: evicted modules:
	#C;latest.integration by [#C;2] in [default]
	---------------------------------------------------------------------
	|                  |            modules            ||   artifacts   |
	|       conf       | number| search|dwnlded|evicted|| number|dwnlded|
	---------------------------------------------------------------------
	|      default     |   3   |   2   |   2   |   1   ||   2   |   2   |
	---------------------------------------------------------------------

:: problems summary ::
:::: WARNINGS
	circular dependency found: #C;2->#B;2->#C;latest.integration


:: USE VERBOSE OR DEBUG MESSAGE LEVEL FOR MORE DETAILS
	published ivy to /Volumes/MacintoshHDD/mccurdyc/computer_science/cs441s2016/cs441s2016-fp-team1/tools/ant-ivy/build/test/test-repo/A/1.part/ivy.xml
	published A to /Volumes/MacintoshHDD/mccurdyc/computer_science/cs441s2016/cs441s2016-fp-team1/tools/ant-ivy/build/test/test-repo/A/1.part/A.jar
	publish commited: moved /Volumes/MacintoshHDD/mccurdyc/computer_science/cs441s2016/cs441s2016-fp-team1/tools/ant-ivy/build/test/test-repo/A/1.part 
		to /Volumes/MacintoshHDD/mccurdyc/computer_science/cs441s2016/cs441s2016-fp-team1/tools/ant-ivy/build/test/test-repo/A/1
	published ivy to /Volumes/MacintoshHDD/mccurdyc/computer_science/cs441s2016/cs441s2016-fp-team1/tools/ant-ivy/build/test/test-repo/C/1.part/ivy.xml
	published C to /Volumes/MacintoshHDD/mccurdyc/computer_science/cs441s2016/cs441s2016-fp-team1/tools/ant-ivy/build/test/test-repo/C/1.part/C.jar
	publish commited: moved /Volumes/MacintoshHDD/mccurdyc/computer_science/cs441s2016/cs441s2016-fp-team1/tools/ant-ivy/build/test/test-repo/C/1.part 
		to /Volumes/MacintoshHDD/mccurdyc/computer_science/cs441s2016/cs441s2016-fp-team1/tools/ant-ivy/build/test/test-repo/C/1
	published ivy to /Volumes/MacintoshHDD/mccurdyc/computer_science/cs441s2016/cs441s2016-fp-team1/tools/ant-ivy/build/test/test-repo/C/2.part/ivy.xml
	published C to /Volumes/MacintoshHDD/mccurdyc/computer_science/cs441s2016/cs441s2016-fp-team1/tools/ant-ivy/build/test/test-repo/C/2.part/C.jar
	publish commited: moved /Volumes/MacintoshHDD/mccurdyc/computer_science/cs441s2016/cs441s2016-fp-team1/tools/ant-ivy/build/test/test-repo/C/2.part 
		to /Volumes/MacintoshHDD/mccurdyc/computer_science/cs441s2016/cs441s2016-fp-team1/tools/ant-ivy/build/test/test-repo/C/2
	published ivy to /Volumes/MacintoshHDD/mccurdyc/computer_science/cs441s2016/cs441s2016-fp-team1/tools/ant-ivy/build/test/test-repo/C/3.part/ivy.xml
	published C to /Volumes/MacintoshHDD/mccurdyc/computer_science/cs441s2016/cs441s2016-fp-team1/tools/ant-ivy/build/test/test-repo/C/3.part/C.jar
	publish commited: moved /Volumes/MacintoshHDD/mccurdyc/computer_science/cs441s2016/cs441s2016-fp-team1/tools/ant-ivy/build/test/test-repo/C/3.part 
		to /Volumes/MacintoshHDD/mccurdyc/computer_science/cs441s2016/cs441s2016-fp-team1/tools/ant-ivy/build/test/test-repo/C/3
	published ivy to /Volumes/MacintoshHDD/mccurdyc/computer_science/cs441s2016/cs441s2016-fp-team1/tools/ant-ivy/build/test/test-repo/B/1.part/ivy.xml
	published B to /Volumes/MacintoshHDD/mccurdyc/computer_science/cs441s2016/cs441s2016-fp-team1/tools/ant-ivy/build/test/test-repo/B/1.part/B.jar
	publish commited: moved /Volumes/MacintoshHDD/mccurdyc/computer_science/cs441s2016/cs441s2016-fp-team1/tools/ant-ivy/build/test/test-repo/B/1.part 
		to /Volumes/MacintoshHDD/mccurdyc/computer_science/cs441s2016/cs441s2016-fp-team1/tools/ant-ivy/build/test/test-repo/B/1
	published ivy to /Volumes/MacintoshHDD/mccurdyc/computer_science/cs441s2016/cs441s2016-fp-team1/tools/ant-ivy/build/test/test-repo/B/2.part/ivy.xml
	published B to /Volumes/MacintoshHDD/mccurdyc/computer_science/cs441s2016/cs441s2016-fp-team1/tools/ant-ivy/build/test/test-repo/B/2.part/B.jar
	publish commited: moved /Volumes/MacintoshHDD/mccurdyc/computer_science/cs441s2016/cs441s2016-fp-team1/tools/ant-ivy/build/test/test-repo/B/2.part 
		to /Volumes/MacintoshHDD/mccurdyc/computer_science/cs441s2016/cs441s2016-fp-team1/tools/ant-ivy/build/test/test-repo/B/2
	published ivy to /Volumes/MacintoshHDD/mccurdyc/computer_science/cs441s2016/cs441s2016-fp-team1/tools/ant-ivy/build/test/test-repo/B/3.part/ivy.xml
	published B to /Volumes/MacintoshHDD/mccurdyc/computer_science/cs441s2016/cs441s2016-fp-team1/tools/ant-ivy/build/test/test-repo/B/3.part/B.jar
	publish commited: moved /Volumes/MacintoshHDD/mccurdyc/computer_science/cs441s2016/cs441s2016-fp-team1/tools/ant-ivy/build/test/test-repo/B/3.part 
		to /Volumes/MacintoshHDD/mccurdyc/computer_science/cs441s2016/cs441s2016-fp-team1/tools/ant-ivy/build/test/test-repo/B/3
:: resolving dependencies :: #A;1
	confs: [default]
	found #B;2 in test
	found #C;3 in test
	[3] #C;latest.integration
BLACKLISTING [#C;3 blacklisted to evict #B;3 in favor of #B;2 in #A;1 for default]
	found #C;2 in test
	[2] #C;latest.integration
downloading /Volumes/MacintoshHDD/mccurdyc/computer_science/cs441s2016/cs441s2016-fp-team1/tools/ant-ivy/build/test/test-repo/B/2/B.jar ...
	[SUCCESSFUL ] #B;2!B.jar (2ms)
downloading /Volumes/MacintoshHDD/mccurdyc/computer_science/cs441s2016/cs441s2016-fp-team1/tools/ant-ivy/build/test/test-repo/C/2/C.jar ...
	[SUCCESSFUL ] #C;2!C.jar (2ms)
:: resolution report :: resolve 75ms :: artifacts dl 7ms
	:: evicted modules:
	#B;3 by [#B;2 with blacklisting of #C;3] in [default]
	---------------------------------------------------------------------
	|                  |            modules            ||   artifacts   |
	|       conf       | number| search|dwnlded|evicted|| number|dwnlded|
	---------------------------------------------------------------------
	|      default     |   3   |   2   |   2   |   1   ||   2   |   2   |
	---------------------------------------------------------------------

:: problems summary ::
:::: WARNINGS
	circular dependency found: #B;2->#C;latest.integration->#B;3

	circular dependency found: #B;2->#C;latest.integration->...

	circular dependency found: #C;latest.integration->#B;2->...


:: USE VERBOSE OR DEBUG MESSAGE LEVEL FOR MORE DETAILS
	published ivy to /Volumes/MacintoshHDD/mccurdyc/computer_science/cs441s2016/cs441s2016-fp-team1/tools/ant-ivy/build/test/test-repo/A/conflict.part/ivy.xml
	published A to /Volumes/MacintoshHDD/mccurdyc/computer_science/cs441s2016/cs441s2016-fp-team1/tools/ant-ivy/build/test/test-repo/A/conflict.part/A.jar
	publish commited: moved /Volumes/MacintoshHDD/mccurdyc/computer_science/cs441s2016/cs441s2016-fp-team1/tools/ant-ivy/build/test/test-repo/A/conflict.part 
		to /Volumes/MacintoshHDD/mccurdyc/computer_science/cs441s2016/cs441s2016-fp-team1/tools/ant-ivy/build/test/test-repo/A/conflict
	published ivy to /Volumes/MacintoshHDD/mccurdyc/computer_science/cs441s2016/cs441s2016-fp-team1/tools/ant-ivy/build/test/test-repo/B/1.5.part/ivy.xml
	published B to /Volumes/MacintoshHDD/mccurdyc/computer_science/cs441s2016/cs441s2016-fp-team1/tools/ant-ivy/build/test/test-repo/B/1.5.part/B.jar
	publish commited: moved /Volumes/MacintoshHDD/mccurdyc/computer_science/cs441s2016/cs441s2016-fp-team1/tools/ant-ivy/build/test/test-repo/B/1.5.part 
		to /Volumes/MacintoshHDD/mccurdyc/computer_science/cs441s2016/cs441s2016-fp-team1/tools/ant-ivy/build/test/test-repo/B/1.5
	published ivy to /Volumes/MacintoshHDD/mccurdyc/computer_science/cs441s2016/cs441s2016-fp-team1/tools/ant-ivy/build/test/test-repo/B/1.6.part/ivy.xml
	published B to /Volumes/MacintoshHDD/mccurdyc/computer_science/cs441s2016/cs441s2016-fp-team1/tools/ant-ivy/build/test/test-repo/B/1.6.part/B.jar
	publish commited: moved /Volumes/MacintoshHDD/mccurdyc/computer_science/cs441s2016/cs441s2016-fp-team1/tools/ant-ivy/build/test/test-repo/B/1.6.part 
		to /Volumes/MacintoshHDD/mccurdyc/computer_science/cs441s2016/cs441s2016-fp-team1/tools/ant-ivy/build/test/test-repo/B/1.6
	published ivy to /Volumes/MacintoshHDD/mccurdyc/computer_science/cs441s2016/cs441s2016-fp-team1/tools/ant-ivy/build/test/test-repo/C/2.5.part/ivy.xml
	published C to /Volumes/MacintoshHDD/mccurdyc/computer_science/cs441s2016/cs441s2016-fp-team1/tools/ant-ivy/build/test/test-repo/C/2.5.part/C.jar
	publish commited: moved /Volumes/MacintoshHDD/mccurdyc/computer_science/cs441s2016/cs441s2016-fp-team1/tools/ant-ivy/build/test/test-repo/C/2.5.part 
		to /Volumes/MacintoshHDD/mccurdyc/computer_science/cs441s2016/cs441s2016-fp-team1/tools/ant-ivy/build/test/test-repo/C/2.5
	published ivy to /Volumes/MacintoshHDD/mccurdyc/computer_science/cs441s2016/cs441s2016-fp-team1/tools/ant-ivy/build/test/test-repo/D/1.5.part/ivy.xml
	published D to /Volumes/MacintoshHDD/mccurdyc/computer_science/cs441s2016/cs441s2016-fp-team1/tools/ant-ivy/build/test/test-repo/D/1.5.part/D.jar
	publish commited: moved /Volumes/MacintoshHDD/mccurdyc/computer_science/cs441s2016/cs441s2016-fp-team1/tools/ant-ivy/build/test/test-repo/D/1.5.part 
		to /Volumes/MacintoshHDD/mccurdyc/computer_science/cs441s2016/cs441s2016-fp-team1/tools/ant-ivy/build/test/test-repo/D/1.5
	published ivy to /Volumes/MacintoshHDD/mccurdyc/computer_science/cs441s2016/cs441s2016-fp-team1/tools/ant-ivy/build/test/test-repo/D/1.6.part/ivy.xml
	published D to /Volumes/MacintoshHDD/mccurdyc/computer_science/cs441s2016/cs441s2016-fp-team1/tools/ant-ivy/build/test/test-repo/D/1.6.part/D.jar
	publish commited: moved /Volumes/MacintoshHDD/mccurdyc/computer_science/cs441s2016/cs441s2016-fp-team1/tools/ant-ivy/build/test/test-repo/D/1.6.part 
		to /Volumes/MacintoshHDD/mccurdyc/computer_science/cs441s2016/cs441s2016-fp-team1/tools/ant-ivy/build/test/test-repo/D/1.6
	published ivy to /Volumes/MacintoshHDD/mccurdyc/computer_science/cs441s2016/cs441s2016-fp-team1/tools/ant-ivy/build/test/test-repo/D/2.0.part/ivy.xml
	published D to /Volumes/MacintoshHDD/mccurdyc/computer_science/cs441s2016/cs441s2016-fp-team1/tools/ant-ivy/build/test/test-repo/D/2.0.part/D.jar
	publish commited: moved /Volumes/MacintoshHDD/mccurdyc/computer_science/cs441s2016/cs441s2016-fp-team1/tools/ant-ivy/build/test/test-repo/D/2.0.part 
		to /Volumes/MacintoshHDD/mccurdyc/computer_science/cs441s2016/cs441s2016-fp-team1/tools/ant-ivy/build/test/test-repo/D/2.0
:: resolving dependencies :: #A;conflict
	confs: [default]
	found #B;1.6 in test
	[1.6] #B;[1.5,1.6]
	found #D;2.0 in test
	found #C;2.5 in test
BLACKLISTING [#B;1.6 blacklisted to evict #D;2.0 in favor of #D;[1.0,1.6] in #A;conflict for default]
	found #B;1.5 in test
	[1.5] #B;[1.5,1.6]
BLACKLISTING [#B;1.5 blacklisted to evict #D;2.0 in favor of #D;[1.0,1.6] in #A;conflict for default]

:: problems summary ::
:::: ERRORS
	#D;2.0 (needed by []) conflicts with #D;[1.0,1.6] (needed by [#C;2.5])


:: USE VERBOSE OR DEBUG MESSAGE LEVEL FOR MORE DETAILS
	published ivy to /Volumes/MacintoshHDD/mccurdyc/computer_science/cs441s2016/cs441s2016-fp-team1/tools/ant-ivy/build/test/test-repo/A/conflict.part/ivy.xml
	published A to /Volumes/MacintoshHDD/mccurdyc/computer_science/cs441s2016/cs441s2016-fp-team1/tools/ant-ivy/build/test/test-repo/A/conflict.part/A.jar
	publish commited: moved /Volumes/MacintoshHDD/mccurdyc/computer_science/cs441s2016/cs441s2016-fp-team1/tools/ant-ivy/build/test/test-repo/A/conflict.part 
		to /Volumes/MacintoshHDD/mccurdyc/computer_science/cs441s2016/cs441s2016-fp-team1/tools/ant-ivy/build/test/test-repo/A/conflict
	published ivy to /Volumes/MacintoshHDD/mccurdyc/computer_science/cs441s2016/cs441s2016-fp-team1/tools/ant-ivy/build/test/test-repo/B/1.0.0.part/ivy.xml
	published B to /Volumes/MacintoshHDD/mccurdyc/computer_science/cs441s2016/cs441s2016-fp-team1/tools/ant-ivy/build/test/test-repo/B/1.0.0.part/B.jar
	publish commited: moved /Volumes/MacintoshHDD/mccurdyc/computer_science/cs441s2016/cs441s2016-fp-team1/tools/ant-ivy/build/test/test-repo/B/1.0.0.part 
		to /Volumes/MacintoshHDD/mccurdyc/computer_science/cs441s2016/cs441s2016-fp-team1/tools/ant-ivy/build/test/test-repo/B/1.0.0
	published ivy to /Volumes/MacintoshHDD/mccurdyc/computer_science/cs441s2016/cs441s2016-fp-team1/tools/ant-ivy/build/test/test-repo/B/1.1.0.part/ivy.xml
	published B to /Volumes/MacintoshHDD/mccurdyc/computer_science/cs441s2016/cs441s2016-fp-team1/tools/ant-ivy/build/test/test-repo/B/1.1.0.part/B.jar
	publish commited: moved /Volumes/MacintoshHDD/mccurdyc/computer_science/cs441s2016/cs441s2016-fp-team1/tools/ant-ivy/build/test/test-repo/B/1.1.0.part 
		to /Volumes/MacintoshHDD/mccurdyc/computer_science/cs441s2016/cs441s2016-fp-team1/tools/ant-ivy/build/test/test-repo/B/1.1.0
	published ivy to /Volumes/MacintoshHDD/mccurdyc/computer_science/cs441s2016/cs441s2016-fp-team1/tools/ant-ivy/build/test/test-repo/B/pCC.main.0.0.part/ivy.xml
	published B to /Volumes/MacintoshHDD/mccurdyc/computer_science/cs441s2016/cs441s2016-fp-team1/tools/ant-ivy/build/test/test-repo/B/pCC.main.0.0.part/B.jar
	publish commited: moved /Volumes/MacintoshHDD/mccurdyc/computer_science/cs441s2016/cs441s2016-fp-team1/tools/ant-ivy/build/test/test-repo/B/pCC.main.0.0.part 
		to /Volumes/MacintoshHDD/mccurdyc/computer_science/cs441s2016/cs441s2016-fp-team1/tools/ant-ivy/build/test/test-repo/B/pCC.main.0.0
	published ivy to /Volumes/MacintoshHDD/mccurdyc/computer_science/cs441s2016/cs441s2016-fp-team1/tools/ant-ivy/build/test/test-repo/C/1.0.0.part/ivy.xml
	published C to /Volumes/MacintoshHDD/mccurdyc/computer_science/cs441s2016/cs441s2016-fp-team1/tools/ant-ivy/build/test/test-repo/C/1.0.0.part/C.jar
	publish commited: moved /Volumes/MacintoshHDD/mccurdyc/computer_science/cs441s2016/cs441s2016-fp-team1/tools/ant-ivy/build/test/test-repo/C/1.0.0.part 
		to /Volumes/MacintoshHDD/mccurdyc/computer_science/cs441s2016/cs441s2016-fp-team1/tools/ant-ivy/build/test/test-repo/C/1.0.0
	published ivy to /Volumes/MacintoshHDD/mccurdyc/computer_science/cs441s2016/cs441s2016-fp-team1/tools/ant-ivy/build/test/test-repo/C/1.1.0.part/ivy.xml
	published C to /Volumes/MacintoshHDD/mccurdyc/computer_science/cs441s2016/cs441s2016-fp-team1/tools/ant-ivy/build/test/test-repo/C/1.1.0.part/C.jar
	publish commited: moved /Volumes/MacintoshHDD/mccurdyc/computer_science/cs441s2016/cs441s2016-fp-team1/tools/ant-ivy/build/test/test-repo/C/1.1.0.part 
		to /Volumes/MacintoshHDD/mccurdyc/computer_science/cs441s2016/cs441s2016-fp-team1/tools/ant-ivy/build/test/test-repo/C/1.1.0
	published ivy to /Volumes/MacintoshHDD/mccurdyc/computer_science/cs441s2016/cs441s2016-fp-team1/tools/ant-ivy/build/test/test-repo/C/pCC.main.1.9.part/ivy.xml
	published C to /Volumes/MacintoshHDD/mccurdyc/computer_science/cs441s2016/cs441s2016-fp-team1/tools/ant-ivy/build/test/test-repo/C/pCC.main.1.9.part/C.jar
	publish commited: moved /Volumes/MacintoshHDD/mccurdyc/computer_science/cs441s2016/cs441s2016-fp-team1/tools/ant-ivy/build/test/test-repo/C/pCC.main.1.9.part 
		to /Volumes/MacintoshHDD/mccurdyc/computer_science/cs441s2016/cs441s2016-fp-team1/tools/ant-ivy/build/test/test-repo/C/pCC.main.1.9
	published ivy to /Volumes/MacintoshHDD/mccurdyc/computer_science/cs441s2016/cs441s2016-fp-team1/tools/ant-ivy/build/test/test-repo/D/1.6.1.part/ivy.xml
	published D to /Volumes/MacintoshHDD/mccurdyc/computer_science/cs441s2016/cs441s2016-fp-team1/tools/ant-ivy/build/test/test-repo/D/1.6.1.part/D.jar
	publish commited: moved /Volumes/MacintoshHDD/mccurdyc/computer_science/cs441s2016/cs441s2016-fp-team1/tools/ant-ivy/build/test/test-repo/D/1.6.1.part 
		to /Volumes/MacintoshHDD/mccurdyc/computer_science/cs441s2016/cs441s2016-fp-team1/tools/ant-ivy/build/test/test-repo/D/1.6.1
:: resolving dependencies :: #A;conflict
	confs: [default]
	found #C;pCC.main.1.9 in test
	[pCC.main.1.9] #C;pCC.main.+
	found #B;pCC.main.0.0 in test
	[pCC.main.0.0] #B;pCC.main.+
BLACKLISTING [#B;[1.2,2.0[ blacklisted to evict #B;[1.2,2.0[ in favor of #B;pCC.main.0.0 in #A;conflict for default]
BLACKLISTING [#B;pCC.main.0.0 blacklisted to evict #B;pCC.main.0.0 in favor of #B;[1.2,2.0[ in #A;conflict for default]
BLACKLISTING [#B;pCC.main.0.0 blacklisted to evict #B;pCC.main.0.0 in favor of #B;[1.2,2.0[ in #A;conflict for default]

:: problems summary ::
:::: WARNINGS
		module not found: #B;[1.2,2.0[

	==== test: tried

	  /Volumes/MacintoshHDD/mccurdyc/computer_science/cs441s2016/cs441s2016-fp-team1/tools/ant-ivy/build/test/test-repo//B/[revision]/ivy.xml

	  [1.1.0, 1.0.0, pCC.main.0.0]

	  -- artifact #B;[1.2,2.0[!B.jar:

	  /Volumes/MacintoshHDD/mccurdyc/computer_science/cs441s2016/cs441s2016-fp-team1/tools/ant-ivy/build/test/test-repo//B/[revision]/B.jar

	  [1.1.0, 1.0.0, pCC.main.0.0]

:::: ERRORS
	#B;pCC.main.0.0 (needed by []) conflicts with #B;[1.2,2.0[ (needed by [])


:: USE VERBOSE OR DEBUG MESSAGE LEVEL FOR MORE DETAILS
	published ivy to /Volumes/MacintoshHDD/mccurdyc/computer_science/cs441s2016/cs441s2016-fp-team1/tools/ant-ivy/build/test/test-repo/A/1.part/ivy.xml
	published A to /Volumes/MacintoshHDD/mccurdyc/computer_science/cs441s2016/cs441s2016-fp-team1/tools/ant-ivy/build/test/test-repo/A/1.part/A.jar
	publish commited: moved /Volumes/MacintoshHDD/mccurdyc/computer_science/cs441s2016/cs441s2016-fp-team1/tools/ant-ivy/build/test/test-repo/A/1.part 
		to /Volumes/MacintoshHDD/mccurdyc/computer_science/cs441s2016/cs441s2016-fp-team1/tools/ant-ivy/build/test/test-repo/A/1
	published ivy to /Volumes/MacintoshHDD/mccurdyc/computer_science/cs441s2016/cs441s2016-fp-team1/tools/ant-ivy/build/test/test-repo/B/1.4.part/ivy.xml
	published B to /Volumes/MacintoshHDD/mccurdyc/computer_science/cs441s2016/cs441s2016-fp-team1/tools/ant-ivy/build/test/test-repo/B/1.4.part/B.jar
	publish commited: moved /Volumes/MacintoshHDD/mccurdyc/computer_science/cs441s2016/cs441s2016-fp-team1/tools/ant-ivy/build/test/test-repo/B/1.4.part 
		to /Volumes/MacintoshHDD/mccurdyc/computer_science/cs441s2016/cs441s2016-fp-team1/tools/ant-ivy/build/test/test-repo/B/1.4
	published ivy to /Volumes/MacintoshHDD/mccurdyc/computer_science/cs441s2016/cs441s2016-fp-team1/tools/ant-ivy/build/test/test-repo/C/2.5.part/ivy.xml
	published C to /Volumes/MacintoshHDD/mccurdyc/computer_science/cs441s2016/cs441s2016-fp-team1/tools/ant-ivy/build/test/test-repo/C/2.5.part/C.jar
	publish commited: moved /Volumes/MacintoshHDD/mccurdyc/computer_science/cs441s2016/cs441s2016-fp-team1/tools/ant-ivy/build/test/test-repo/C/2.5.part 
		to /Volumes/MacintoshHDD/mccurdyc/computer_science/cs441s2016/cs441s2016-fp-team1/tools/ant-ivy/build/test/test-repo/C/2.5
	published ivy to /Volumes/MacintoshHDD/mccurdyc/computer_science/cs441s2016/cs441s2016-fp-team1/tools/ant-ivy/build/test/test-repo/D/1.5.part/ivy.xml
	published D to /Volumes/MacintoshHDD/mccurdyc/computer_science/cs441s2016/cs441s2016-fp-team1/tools/ant-ivy/build/test/test-repo/D/1.5.part/D.jar
	publish commited: moved /Volumes/MacintoshHDD/mccurdyc/computer_science/cs441s2016/cs441s2016-fp-team1/tools/ant-ivy/build/test/test-repo/D/1.5.part 
		to /Volumes/MacintoshHDD/mccurdyc/computer_science/cs441s2016/cs441s2016-fp-team1/tools/ant-ivy/build/test/test-repo/D/1.5
	published ivy to /Volumes/MacintoshHDD/mccurdyc/computer_science/cs441s2016/cs441s2016-fp-team1/tools/ant-ivy/build/test/test-repo/D/1.6.part/ivy.xml
	published D to /Volumes/MacintoshHDD/mccurdyc/computer_science/cs441s2016/cs441s2016-fp-team1/tools/ant-ivy/build/test/test-repo/D/1.6.part/D.jar
	publish commited: moved /Volumes/MacintoshHDD/mccurdyc/computer_science/cs441s2016/cs441s2016-fp-team1/tools/ant-ivy/build/test/test-repo/D/1.6.part 
		to /Volumes/MacintoshHDD/mccurdyc/computer_science/cs441s2016/cs441s2016-fp-team1/tools/ant-ivy/build/test/test-repo/D/1.6
:: resolving dependencies :: #A;1
	confs: [default]
	found #B;1.4 in test
	found #D;1.5 in test
	found #C;2.5 in test
	[2.5] #C;[2.0,2.5]
downloading /Volumes/MacintoshHDD/mccurdyc/computer_science/cs441s2016/cs441s2016-fp-team1/tools/ant-ivy/build/test/test-repo/B/1.4/B.jar ...
	[SUCCESSFUL ] #B;1.4!B.jar (2ms)
downloading /Volumes/MacintoshHDD/mccurdyc/computer_science/cs441s2016/cs441s2016-fp-team1/tools/ant-ivy/build/test/test-repo/C/2.5/C.jar ...
	[SUCCESSFUL ] #C;2.5!C.jar (2ms)
downloading /Volumes/MacintoshHDD/mccurdyc/computer_science/cs441s2016/cs441s2016-fp-team1/tools/ant-ivy/build/test/test-repo/D/1.5/D.jar ...
	[SUCCESSFUL ] #D;1.5!D.jar (1ms)
:: resolution report :: resolve 49ms :: artifacts dl 9ms
	:: evicted modules:
	#D;[1.0,1.6] by [#D;1.5] in [default]
	---------------------------------------------------------------------
	|                  |            modules            ||   artifacts   |
	|       conf       | number| search|dwnlded|evicted|| number|dwnlded|
	---------------------------------------------------------------------
	|      default     |   4   |   3   |   3   |   1   ||   3   |   3   |
	---------------------------------------------------------------------
:: loading settings :: url = file:/Volumes/MacintoshHDD/mccurdyc/computer_science/cs441s2016/cs441s2016-fp-team1/tools/ant-ivy/build/test/org/apache/ivy/plugins/conflict/ivysettings-latest-compatible.xml
DEPRECATED: 'defaultCache' is deprecated, use 'caches[@defaultCacheDir]' instead (file:/Volumes/MacintoshHDD/mccurdyc/computer_science/cs441s2016/cs441s2016-fp-team1/tools/ant-ivy/build/test/org/apache/ivy/plugins/conflict/ivysettings-latest-compatible.xml)
	published ivy to /Volumes/MacintoshHDD/mccurdyc/computer_science/cs441s2016/cs441s2016-fp-team1/tools/ant-ivy/build/test/test-repo/A/2.part/ivy.xml
	published A to /Volumes/MacintoshHDD/mccurdyc/computer_science/cs441s2016/cs441s2016-fp-team1/tools/ant-ivy/build/test/test-repo/A/2.part/A.jar
	publish commited: moved /Volumes/MacintoshHDD/mccurdyc/computer_science/cs441s2016/cs441s2016-fp-team1/tools/ant-ivy/build/test/test-repo/A/2.part 
		to /Volumes/MacintoshHDD/mccurdyc/computer_science/cs441s2016/cs441s2016-fp-team1/tools/ant-ivy/build/test/test-repo/A/2
	published ivy to /Volumes/MacintoshHDD/mccurdyc/computer_science/cs441s2016/cs441s2016-fp-team1/tools/ant-ivy/build/test/test-repo/B/1.4.part/ivy.xml
	published B to /Volumes/MacintoshHDD/mccurdyc/computer_science/cs441s2016/cs441s2016-fp-team1/tools/ant-ivy/build/test/test-repo/B/1.4.part/B.jar
	publish commited: moved /Volumes/MacintoshHDD/mccurdyc/computer_science/cs441s2016/cs441s2016-fp-team1/tools/ant-ivy/build/test/test-repo/B/1.4.part 
		to /Volumes/MacintoshHDD/mccurdyc/computer_science/cs441s2016/cs441s2016-fp-team1/tools/ant-ivy/build/test/test-repo/B/1.4
	published ivy to /Volumes/MacintoshHDD/mccurdyc/computer_science/cs441s2016/cs441s2016-fp-team1/tools/ant-ivy/build/test/test-repo/B/1.5.part/ivy.xml
	published B to /Volumes/MacintoshHDD/mccurdyc/computer_science/cs441s2016/cs441s2016-fp-team1/tools/ant-ivy/build/test/test-repo/B/1.5.part/B.jar
	publish commited: moved /Volumes/MacintoshHDD/mccurdyc/computer_science/cs441s2016/cs441s2016-fp-team1/tools/ant-ivy/build/test/test-repo/B/1.5.part 
		to /Volumes/MacintoshHDD/mccurdyc/computer_science/cs441s2016/cs441s2016-fp-team1/tools/ant-ivy/build/test/test-repo/B/1.5
	published ivy to /Volumes/MacintoshHDD/mccurdyc/computer_science/cs441s2016/cs441s2016-fp-team1/tools/ant-ivy/build/test/test-repo/C/2.5.part/ivy.xml
	published C to /Volumes/MacintoshHDD/mccurdyc/computer_science/cs441s2016/cs441s2016-fp-team1/tools/ant-ivy/build/test/test-repo/C/2.5.part/C.jar
	publish commited: moved /Volumes/MacintoshHDD/mccurdyc/computer_science/cs441s2016/cs441s2016-fp-team1/tools/ant-ivy/build/test/test-repo/C/2.5.part 
		to /Volumes/MacintoshHDD/mccurdyc/computer_science/cs441s2016/cs441s2016-fp-team1/tools/ant-ivy/build/test/test-repo/C/2.5
	published ivy to /Volumes/MacintoshHDD/mccurdyc/computer_science/cs441s2016/cs441s2016-fp-team1/tools/ant-ivy/build/test/test-repo/D/1.5.part/ivy.xml
	published D to /Volumes/MacintoshHDD/mccurdyc/computer_science/cs441s2016/cs441s2016-fp-team1/tools/ant-ivy/build/test/test-repo/D/1.5.part/D.jar
	publish commited: moved /Volumes/MacintoshHDD/mccurdyc/computer_science/cs441s2016/cs441s2016-fp-team1/tools/ant-ivy/build/test/test-repo/D/1.5.part 
		to /Volumes/MacintoshHDD/mccurdyc/computer_science/cs441s2016/cs441s2016-fp-team1/tools/ant-ivy/build/test/test-repo/D/1.5
	published ivy to /Volumes/MacintoshHDD/mccurdyc/computer_science/cs441s2016/cs441s2016-fp-team1/tools/ant-ivy/build/test/test-repo/D/1.6.part/ivy.xml
	published D to /Volumes/MacintoshHDD/mccurdyc/computer_science/cs441s2016/cs441s2016-fp-team1/tools/ant-ivy/build/test/test-repo/D/1.6.part/D.jar
	publish commited: moved /Volumes/MacintoshHDD/mccurdyc/computer_science/cs441s2016/cs441s2016-fp-team1/tools/ant-ivy/build/test/test-repo/D/1.6.part 
		to /Volumes/MacintoshHDD/mccurdyc/computer_science/cs441s2016/cs441s2016-fp-team1/tools/ant-ivy/build/test/test-repo/D/1.6
	published ivy to /Volumes/MacintoshHDD/mccurdyc/computer_science/cs441s2016/cs441s2016-fp-team1/tools/ant-ivy/build/test/test-repo/D/2.0.part/ivy.xml
	published D to /Volumes/MacintoshHDD/mccurdyc/computer_science/cs441s2016/cs441s2016-fp-team1/tools/ant-ivy/build/test/test-repo/D/2.0.part/D.jar
	publish commited: moved /Volumes/MacintoshHDD/mccurdyc/computer_science/cs441s2016/cs441s2016-fp-team1/tools/ant-ivy/build/test/test-repo/D/2.0.part 
		to /Volumes/MacintoshHDD/mccurdyc/computer_science/cs441s2016/cs441s2016-fp-team1/tools/ant-ivy/build/test/test-repo/D/2.0
:: resolving dependencies :: #A;2
	confs: [default]
	found #B;1.5 in test
	[1.5] #B;[1.0,1.5]
	found #D;2.0 in test
	found #C;2.5 in test
	[2.5] #C;[2.0,2.5]
BLACKLISTING [#B;1.5 blacklisted to evict #D;2.0 in favor of #D;[1.0,1.6] in #A;2 for default]
	found #B;1.4 in test
	[1.4] #B;[1.0,1.5]
	found #D;1.5 in test
downloading /Volumes/MacintoshHDD/mccurdyc/computer_science/cs441s2016/cs441s2016-fp-team1/tools/ant-ivy/build/test/test-repo/C/2.5/C.jar ...
	[SUCCESSFUL ] #C;2.5!C.jar (2ms)
downloading /Volumes/MacintoshHDD/mccurdyc/computer_science/cs441s2016/cs441s2016-fp-team1/tools/ant-ivy/build/test/test-repo/B/1.4/B.jar ...
	[SUCCESSFUL ] #B;1.4!B.jar (2ms)
downloading /Volumes/MacintoshHDD/mccurdyc/computer_science/cs441s2016/cs441s2016-fp-team1/tools/ant-ivy/build/test/test-repo/D/1.5/D.jar ...
	[SUCCESSFUL ] #D;1.5!D.jar (2ms)
:: resolution report :: resolve 87ms :: artifacts dl 8ms
	:: evicted modules:
	#D;2.0 by [#D;[1.0,1.6] with blacklisting of #B;1.5] in [default]
	#D;[1.0,1.6] by [#D;1.5] in [default]
	---------------------------------------------------------------------
	|                  |            modules            ||   artifacts   |
	|       conf       | number| search|dwnlded|evicted|| number|dwnlded|
	---------------------------------------------------------------------
	|      default     |   5   |   4   |   4   |   2   ||   3   |   3   |
	---------------------------------------------------------------------
	published ivy to /Volumes/MacintoshHDD/mccurdyc/computer_science/cs441s2016/cs441s2016-fp-team1/tools/ant-ivy/build/test/test-repo/A/3.part/ivy.xml
	published A to /Volumes/MacintoshHDD/mccurdyc/computer_science/cs441s2016/cs441s2016-fp-team1/tools/ant-ivy/build/test/test-repo/A/3.part/A.jar
	publish commited: moved /Volumes/MacintoshHDD/mccurdyc/computer_science/cs441s2016/cs441s2016-fp-team1/tools/ant-ivy/build/test/test-repo/A/3.part 
		to /Volumes/MacintoshHDD/mccurdyc/computer_science/cs441s2016/cs441s2016-fp-team1/tools/ant-ivy/build/test/test-repo/A/3
	published ivy to /Volumes/MacintoshHDD/mccurdyc/computer_science/cs441s2016/cs441s2016-fp-team1/tools/ant-ivy/build/test/test-repo/B/2.3.part/ivy.xml
	published B to /Volumes/MacintoshHDD/mccurdyc/computer_science/cs441s2016/cs441s2016-fp-team1/tools/ant-ivy/build/test/test-repo/B/2.3.part/B.jar
	publish commited: moved /Volumes/MacintoshHDD/mccurdyc/computer_science/cs441s2016/cs441s2016-fp-team1/tools/ant-ivy/build/test/test-repo/B/2.3.part 
		to /Volumes/MacintoshHDD/mccurdyc/computer_science/cs441s2016/cs441s2016-fp-team1/tools/ant-ivy/build/test/test-repo/B/2.3
	published ivy to /Volumes/MacintoshHDD/mccurdyc/computer_science/cs441s2016/cs441s2016-fp-team1/tools/ant-ivy/build/test/test-repo/B/2.4.part/ivy.xml
	published B to /Volumes/MacintoshHDD/mccurdyc/computer_science/cs441s2016/cs441s2016-fp-team1/tools/ant-ivy/build/test/test-repo/B/2.4.part/B.jar
	publish commited: moved /Volumes/MacintoshHDD/mccurdyc/computer_science/cs441s2016/cs441s2016-fp-team1/tools/ant-ivy/build/test/test-repo/B/2.4.part 
		to /Volumes/MacintoshHDD/mccurdyc/computer_science/cs441s2016/cs441s2016-fp-team1/tools/ant-ivy/build/test/test-repo/B/2.4
	published ivy to /Volumes/MacintoshHDD/mccurdyc/computer_science/cs441s2016/cs441s2016-fp-team1/tools/ant-ivy/build/test/test-repo/B/2.5.part/ivy.xml
	published B to /Volumes/MacintoshHDD/mccurdyc/computer_science/cs441s2016/cs441s2016-fp-team1/tools/ant-ivy/build/test/test-repo/B/2.5.part/B.jar
	publish commited: moved /Volumes/MacintoshHDD/mccurdyc/computer_science/cs441s2016/cs441s2016-fp-team1/tools/ant-ivy/build/test/test-repo/B/2.5.part 
		to /Volumes/MacintoshHDD/mccurdyc/computer_science/cs441s2016/cs441s2016-fp-team1/tools/ant-ivy/build/test/test-repo/B/2.5
	published ivy to /Volumes/MacintoshHDD/mccurdyc/computer_science/cs441s2016/cs441s2016-fp-team1/tools/ant-ivy/build/test/test-repo/C/3.4.part/ivy.xml
	published C to /Volumes/MacintoshHDD/mccurdyc/computer_science/cs441s2016/cs441s2016-fp-team1/tools/ant-ivy/build/test/test-repo/C/3.4.part/C.jar
	publish commited: moved /Volumes/MacintoshHDD/mccurdyc/computer_science/cs441s2016/cs441s2016-fp-team1/tools/ant-ivy/build/test/test-repo/C/3.4.part 
		to /Volumes/MacintoshHDD/mccurdyc/computer_science/cs441s2016/cs441s2016-fp-team1/tools/ant-ivy/build/test/test-repo/C/3.4
	published ivy to /Volumes/MacintoshHDD/mccurdyc/computer_science/cs441s2016/cs441s2016-fp-team1/tools/ant-ivy/build/test/test-repo/C/3.5.part/ivy.xml
	published C to /Volumes/MacintoshHDD/mccurdyc/computer_science/cs441s2016/cs441s2016-fp-team1/tools/ant-ivy/build/test/test-repo/C/3.5.part/C.jar
	publish commited: moved /Volumes/MacintoshHDD/mccurdyc/computer_science/cs441s2016/cs441s2016-fp-team1/tools/ant-ivy/build/test/test-repo/C/3.5.part 
		to /Volumes/MacintoshHDD/mccurdyc/computer_science/cs441s2016/cs441s2016-fp-team1/tools/ant-ivy/build/test/test-repo/C/3.5
	published ivy to /Volumes/MacintoshHDD/mccurdyc/computer_science/cs441s2016/cs441s2016-fp-team1/tools/ant-ivy/build/test/test-repo/D/1.5.part/ivy.xml
	published D to /Volumes/MacintoshHDD/mccurdyc/computer_science/cs441s2016/cs441s2016-fp-team1/tools/ant-ivy/build/test/test-repo/D/1.5.part/D.jar
	publish commited: moved /Volumes/MacintoshHDD/mccurdyc/computer_science/cs441s2016/cs441s2016-fp-team1/tools/ant-ivy/build/test/test-repo/D/1.5.part 
		to /Volumes/MacintoshHDD/mccurdyc/computer_science/cs441s2016/cs441s2016-fp-team1/tools/ant-ivy/build/test/test-repo/D/1.5
	published ivy to /Volumes/MacintoshHDD/mccurdyc/computer_science/cs441s2016/cs441s2016-fp-team1/tools/ant-ivy/build/test/test-repo/D/1.6.part/ivy.xml
	published D to /Volumes/MacintoshHDD/mccurdyc/computer_science/cs441s2016/cs441s2016-fp-team1/tools/ant-ivy/build/test/test-repo/D/1.6.part/D.jar
	publish commited: moved /Volumes/MacintoshHDD/mccurdyc/computer_science/cs441s2016/cs441s2016-fp-team1/tools/ant-ivy/build/test/test-repo/D/1.6.part 
		to /Volumes/MacintoshHDD/mccurdyc/computer_science/cs441s2016/cs441s2016-fp-team1/tools/ant-ivy/build/test/test-repo/D/1.6
	published ivy to /Volumes/MacintoshHDD/mccurdyc/computer_science/cs441s2016/cs441s2016-fp-team1/tools/ant-ivy/build/test/test-repo/D/2.0.part/ivy.xml
	published D to /Volumes/MacintoshHDD/mccurdyc/computer_science/cs441s2016/cs441s2016-fp-team1/tools/ant-ivy/build/test/test-repo/D/2.0.part/D.jar
	publish commited: moved /Volumes/MacintoshHDD/mccurdyc/computer_science/cs441s2016/cs441s2016-fp-team1/tools/ant-ivy/build/test/test-repo/D/2.0.part 
		to /Volumes/MacintoshHDD/mccurdyc/computer_science/cs441s2016/cs441s2016-fp-team1/tools/ant-ivy/build/test/test-repo/D/2.0
	published ivy to /Volumes/MacintoshHDD/mccurdyc/computer_science/cs441s2016/cs441s2016-fp-team1/tools/ant-ivy/build/test/test-repo/E/1.0.part/ivy.xml
	published E to /Volumes/MacintoshHDD/mccurdyc/computer_science/cs441s2016/cs441s2016-fp-team1/tools/ant-ivy/build/test/test-repo/E/1.0.part/E.jar
	publish commited: moved /Volumes/MacintoshHDD/mccurdyc/computer_science/cs441s2016/cs441s2016-fp-team1/tools/ant-ivy/build/test/test-repo/E/1.0.part 
		to /Volumes/MacintoshHDD/mccurdyc/computer_science/cs441s2016/cs441s2016-fp-team1/tools/ant-ivy/build/test/test-repo/E/1.0
	published ivy to /Volumes/MacintoshHDD/mccurdyc/computer_science/cs441s2016/cs441s2016-fp-team1/tools/ant-ivy/build/test/test-repo/E/1.9.part/ivy.xml
	published E to /Volumes/MacintoshHDD/mccurdyc/computer_science/cs441s2016/cs441s2016-fp-team1/tools/ant-ivy/build/test/test-repo/E/1.9.part/E.jar
	publish commited: moved /Volumes/MacintoshHDD/mccurdyc/computer_science/cs441s2016/cs441s2016-fp-team1/tools/ant-ivy/build/test/test-repo/E/1.9.part 
		to /Volumes/MacintoshHDD/mccurdyc/computer_science/cs441s2016/cs441s2016-fp-team1/tools/ant-ivy/build/test/test-repo/E/1.9
	published ivy to /Volumes/MacintoshHDD/mccurdyc/computer_science/cs441s2016/cs441s2016-fp-team1/tools/ant-ivy/build/test/test-repo/E/2.0.part/ivy.xml
	published E to /Volumes/MacintoshHDD/mccurdyc/computer_science/cs441s2016/cs441s2016-fp-team1/tools/ant-ivy/build/test/test-repo/E/2.0.part/E.jar
	publish commited: moved /Volumes/MacintoshHDD/mccurdyc/computer_science/cs441s2016/cs441s2016-fp-team1/tools/ant-ivy/build/test/test-repo/E/2.0.part 
		to /Volumes/MacintoshHDD/mccurdyc/computer_science/cs441s2016/cs441s2016-fp-team1/tools/ant-ivy/build/test/test-repo/E/2.0
:: resolving dependencies :: #A;3
	confs: [default]
	found #B;2.5 in test
	[2.5] #B;[2.0,2.5]
	found #D;2.0 in test
	found #C;3.5 in test
	[3.5] #C;[3.0,3.5]
BLACKLISTING [#B;2.5 blacklisted to evict #D;2.0 in favor of #D;[1.0,1.6] in #A;3 for default]
	found #B;2.4 in test
	[2.4] #B;[2.0,2.5]
	found #D;1.5 in test
	found #E;2.0 in test
BLACKLISTING [#B;2.4 blacklisted to evict #E;2.0 in favor of #E;1.9 in #A;3 for default]
	found #B;2.3 in test
	[2.3] #B;[2.0,2.5]
BLACKLISTING [#C;3.5 blacklisted to evict #E;1.9 in favor of #E;1.0 in #A;3 for default]
	found #E;1.0 in test
	found #C;3.4 in test
	[3.4] #C;[3.0,3.5]
downloading /Volumes/MacintoshHDD/mccurdyc/computer_science/cs441s2016/cs441s2016-fp-team1/tools/ant-ivy/build/test/test-repo/D/1.5/D.jar ...
	[SUCCESSFUL ] #D;1.5!D.jar (2ms)
downloading /Volumes/MacintoshHDD/mccurdyc/computer_science/cs441s2016/cs441s2016-fp-team1/tools/ant-ivy/build/test/test-repo/B/2.3/B.jar ...
	[SUCCESSFUL ] #B;2.3!B.jar (2ms)
downloading /Volumes/MacintoshHDD/mccurdyc/computer_science/cs441s2016/cs441s2016-fp-team1/tools/ant-ivy/build/test/test-repo/E/1.0/E.jar ...
	[SUCCESSFUL ] #E;1.0!E.jar (2ms)
downloading /Volumes/MacintoshHDD/mccurdyc/computer_science/cs441s2016/cs441s2016-fp-team1/tools/ant-ivy/build/test/test-repo/C/3.4/C.jar ...
	[SUCCESSFUL ] #C;3.4!C.jar (2ms)
:: resolution report :: resolve 152ms :: artifacts dl 11ms
	:: evicted modules:
	#D;2.0 by [#D;[1.0,1.6] with blacklisting of #B;2.5] in [default]
	#E;2.0 by [#E;1.9 with blacklisting of #B;2.4] in [default]
	#D;[1.0,1.6] by [#D;1.5] in [default]
	#E;1.9 by [#E;1.0 with blacklisting of #C;3.5] in [default]
	---------------------------------------------------------------------
	|                  |            modules            ||   artifacts   |
	|       conf       | number| search|dwnlded|evicted|| number|dwnlded|
	---------------------------------------------------------------------
	|      default     |   8   |   6   |   6   |   4   ||   4   |   4   |
	---------------------------------------------------------------------
	published ivy to /Volumes/MacintoshHDD/mccurdyc/computer_science/cs441s2016/cs441s2016-fp-team1/tools/ant-ivy/build/test/test-repo/A/4.part/ivy.xml
	published A to /Volumes/MacintoshHDD/mccurdyc/computer_science/cs441s2016/cs441s2016-fp-team1/tools/ant-ivy/build/test/test-repo/A/4.part/A.jar
	publish commited: moved /Volumes/MacintoshHDD/mccurdyc/computer_science/cs441s2016/cs441s2016-fp-team1/tools/ant-ivy/build/test/test-repo/A/4.part 
		to /Volumes/MacintoshHDD/mccurdyc/computer_science/cs441s2016/cs441s2016-fp-team1/tools/ant-ivy/build/test/test-repo/A/4
	published ivy to /Volumes/MacintoshHDD/mccurdyc/computer_science/cs441s2016/cs441s2016-fp-team1/tools/ant-ivy/build/test/test-repo/B/1.4.part/ivy.xml
	published B to /Volumes/MacintoshHDD/mccurdyc/computer_science/cs441s2016/cs441s2016-fp-team1/tools/ant-ivy/build/test/test-repo/B/1.4.part/B.jar
	publish commited: moved /Volumes/MacintoshHDD/mccurdyc/computer_science/cs441s2016/cs441s2016-fp-team1/tools/ant-ivy/build/test/test-repo/B/1.4.part 
		to /Volumes/MacintoshHDD/mccurdyc/computer_science/cs441s2016/cs441s2016-fp-team1/tools/ant-ivy/build/test/test-repo/B/1.4
	published ivy to /Volumes/MacintoshHDD/mccurdyc/computer_science/cs441s2016/cs441s2016-fp-team1/tools/ant-ivy/build/test/test-repo/B/1.5.part/ivy.xml
	published B to /Volumes/MacintoshHDD/mccurdyc/computer_science/cs441s2016/cs441s2016-fp-team1/tools/ant-ivy/build/test/test-repo/B/1.5.part/B.jar
	publish commited: moved /Volumes/MacintoshHDD/mccurdyc/computer_science/cs441s2016/cs441s2016-fp-team1/tools/ant-ivy/build/test/test-repo/B/1.5.part 
		to /Volumes/MacintoshHDD/mccurdyc/computer_science/cs441s2016/cs441s2016-fp-team1/tools/ant-ivy/build/test/test-repo/B/1.5
	published ivy to /Volumes/MacintoshHDD/mccurdyc/computer_science/cs441s2016/cs441s2016-fp-team1/tools/ant-ivy/build/test/test-repo/C/2.5.part/ivy.xml
	published C to /Volumes/MacintoshHDD/mccurdyc/computer_science/cs441s2016/cs441s2016-fp-team1/tools/ant-ivy/build/test/test-repo/C/2.5.part/C.jar
	publish commited: moved /Volumes/MacintoshHDD/mccurdyc/computer_science/cs441s2016/cs441s2016-fp-team1/tools/ant-ivy/build/test/test-repo/C/2.5.part 
		to /Volumes/MacintoshHDD/mccurdyc/computer_science/cs441s2016/cs441s2016-fp-team1/tools/ant-ivy/build/test/test-repo/C/2.5
	published ivy to /Volumes/MacintoshHDD/mccurdyc/computer_science/cs441s2016/cs441s2016-fp-team1/tools/ant-ivy/build/test/test-repo/F/1.0.part/ivy.xml
	published F to /Volumes/MacintoshHDD/mccurdyc/computer_science/cs441s2016/cs441s2016-fp-team1/tools/ant-ivy/build/test/test-repo/F/1.0.part/F.jar
	publish commited: moved /Volumes/MacintoshHDD/mccurdyc/computer_science/cs441s2016/cs441s2016-fp-team1/tools/ant-ivy/build/test/test-repo/F/1.0.part 
		to /Volumes/MacintoshHDD/mccurdyc/computer_science/cs441s2016/cs441s2016-fp-team1/tools/ant-ivy/build/test/test-repo/F/1.0
	published ivy to /Volumes/MacintoshHDD/mccurdyc/computer_science/cs441s2016/cs441s2016-fp-team1/tools/ant-ivy/build/test/test-repo/F/1.1.part/ivy.xml
	published F to /Volumes/MacintoshHDD/mccurdyc/computer_science/cs441s2016/cs441s2016-fp-team1/tools/ant-ivy/build/test/test-repo/F/1.1.part/F.jar
	publish commited: moved /Volumes/MacintoshHDD/mccurdyc/computer_science/cs441s2016/cs441s2016-fp-team1/tools/ant-ivy/build/test/test-repo/F/1.1.part 
		to /Volumes/MacintoshHDD/mccurdyc/computer_science/cs441s2016/cs441s2016-fp-team1/tools/ant-ivy/build/test/test-repo/F/1.1
	published ivy to /Volumes/MacintoshHDD/mccurdyc/computer_science/cs441s2016/cs441s2016-fp-team1/tools/ant-ivy/build/test/test-repo/D/1.5.part/ivy.xml
	published D to /Volumes/MacintoshHDD/mccurdyc/computer_science/cs441s2016/cs441s2016-fp-team1/tools/ant-ivy/build/test/test-repo/D/1.5.part/D.jar
	publish commited: moved /Volumes/MacintoshHDD/mccurdyc/computer_science/cs441s2016/cs441s2016-fp-team1/tools/ant-ivy/build/test/test-repo/D/1.5.part 
		to /Volumes/MacintoshHDD/mccurdyc/computer_science/cs441s2016/cs441s2016-fp-team1/tools/ant-ivy/build/test/test-repo/D/1.5
	published ivy to /Volumes/MacintoshHDD/mccurdyc/computer_science/cs441s2016/cs441s2016-fp-team1/tools/ant-ivy/build/test/test-repo/D/1.6.part/ivy.xml
	published D to /Volumes/MacintoshHDD/mccurdyc/computer_science/cs441s2016/cs441s2016-fp-team1/tools/ant-ivy/build/test/test-repo/D/1.6.part/D.jar
	publish commited: moved /Volumes/MacintoshHDD/mccurdyc/computer_science/cs441s2016/cs441s2016-fp-team1/tools/ant-ivy/build/test/test-repo/D/1.6.part 
		to /Volumes/MacintoshHDD/mccurdyc/computer_science/cs441s2016/cs441s2016-fp-team1/tools/ant-ivy/build/test/test-repo/D/1.6
	published ivy to /Volumes/MacintoshHDD/mccurdyc/computer_science/cs441s2016/cs441s2016-fp-team1/tools/ant-ivy/build/test/test-repo/D/2.0.part/ivy.xml
	published D to /Volumes/MacintoshHDD/mccurdyc/computer_science/cs441s2016/cs441s2016-fp-team1/tools/ant-ivy/build/test/test-repo/D/2.0.part/D.jar
	publish commited: moved /Volumes/MacintoshHDD/mccurdyc/computer_science/cs441s2016/cs441s2016-fp-team1/tools/ant-ivy/build/test/test-repo/D/2.0.part 
		to /Volumes/MacintoshHDD/mccurdyc/computer_science/cs441s2016/cs441s2016-fp-team1/tools/ant-ivy/build/test/test-repo/D/2.0
:: resolving dependencies :: #A;4
	confs: [default]
	found #B;1.5 in test
	[1.5] #B;[1.0,1.5]
	found #D;2.0 in test
	found #C;2.5 in test
	[2.5] #C;[2.0,2.5]
BLACKLISTING [#B;1.5 blacklisted to evict #D;2.0 in favor of #D;[1.0,1.6] in #A;4 for default]
	found #B;1.4 in test
	[1.4] #B;[1.0,1.5]
	found #D;1.5 in test
	found #F;1.1 in test
	[1.1] #F;[1.0,1.1]
BLACKLISTING [#F;1.1 blacklisted to evict #D;1.6 in favor of #D;1.5 in #A;4 for default]
	found #F;1.0 in test
	[1.0] #F;[1.0,1.1]
downloading /Volumes/MacintoshHDD/mccurdyc/computer_science/cs441s2016/cs441s2016-fp-team1/tools/ant-ivy/build/test/test-repo/C/2.5/C.jar ...
	[SUCCESSFUL ] #C;2.5!C.jar (4ms)
downloading /Volumes/MacintoshHDD/mccurdyc/computer_science/cs441s2016/cs441s2016-fp-team1/tools/ant-ivy/build/test/test-repo/B/1.4/B.jar ...
	[SUCCESSFUL ] #B;1.4!B.jar (3ms)
downloading /Volumes/MacintoshHDD/mccurdyc/computer_science/cs441s2016/cs441s2016-fp-team1/tools/ant-ivy/build/test/test-repo/D/1.5/D.jar ...
	[SUCCESSFUL ] #D;1.5!D.jar (2ms)
downloading /Volumes/MacintoshHDD/mccurdyc/computer_science/cs441s2016/cs441s2016-fp-team1/tools/ant-ivy/build/test/test-repo/F/1.0/F.jar ...
	[SUCCESSFUL ] #F;1.0!F.jar (4ms)
:: resolution report :: resolve 136ms :: artifacts dl 15ms
	:: evicted modules:
	#D;2.0 by [#D;[1.0,1.6] with blacklisting of #B;1.5] in [default]
	#D;[1.0,1.6] by [#D;1.5] in [default]
	#D;1.6 by [#D;1.5 with blacklisting of #F;1.1] in [default]
	---------------------------------------------------------------------
	|                  |            modules            ||   artifacts   |
	|       conf       | number| search|dwnlded|evicted|| number|dwnlded|
	---------------------------------------------------------------------
	|      default     |   7   |   5   |   5   |   3   ||   4   |   4   |
	---------------------------------------------------------------------
	published ivy to /Volumes/MacintoshHDD/mccurdyc/computer_science/cs441s2016/cs441s2016-fp-team1/tools/ant-ivy/build/test/test-repo/A/5.part/ivy.xml
	published A to /Volumes/MacintoshHDD/mccurdyc/computer_science/cs441s2016/cs441s2016-fp-team1/tools/ant-ivy/build/test/test-repo/A/5.part/A.jar
	publish commited: moved /Volumes/MacintoshHDD/mccurdyc/computer_science/cs441s2016/cs441s2016-fp-team1/tools/ant-ivy/build/test/test-repo/A/5.part 
		to /Volumes/MacintoshHDD/mccurdyc/computer_science/cs441s2016/cs441s2016-fp-team1/tools/ant-ivy/build/test/test-repo/A/5
	published ivy to /Volumes/MacintoshHDD/mccurdyc/computer_science/cs441s2016/cs441s2016-fp-team1/tools/ant-ivy/build/test/test-repo/B/1.3.part/ivy.xml
	published B to /Volumes/MacintoshHDD/mccurdyc/computer_science/cs441s2016/cs441s2016-fp-team1/tools/ant-ivy/build/test/test-repo/B/1.3.part/B.jar
	publish commited: moved /Volumes/MacintoshHDD/mccurdyc/computer_science/cs441s2016/cs441s2016-fp-team1/tools/ant-ivy/build/test/test-repo/B/1.3.part 
		to /Volumes/MacintoshHDD/mccurdyc/computer_science/cs441s2016/cs441s2016-fp-team1/tools/ant-ivy/build/test/test-repo/B/1.3
	published ivy to /Volumes/MacintoshHDD/mccurdyc/computer_science/cs441s2016/cs441s2016-fp-team1/tools/ant-ivy/build/test/test-repo/B/1.4.part/ivy.xml
	published B to /Volumes/MacintoshHDD/mccurdyc/computer_science/cs441s2016/cs441s2016-fp-team1/tools/ant-ivy/build/test/test-repo/B/1.4.part/B.jar
	publish commited: moved /Volumes/MacintoshHDD/mccurdyc/computer_science/cs441s2016/cs441s2016-fp-team1/tools/ant-ivy/build/test/test-repo/B/1.4.part 
		to /Volumes/MacintoshHDD/mccurdyc/computer_science/cs441s2016/cs441s2016-fp-team1/tools/ant-ivy/build/test/test-repo/B/1.4
	published ivy to /Volumes/MacintoshHDD/mccurdyc/computer_science/cs441s2016/cs441s2016-fp-team1/tools/ant-ivy/build/test/test-repo/B/1.5.part/ivy.xml
	published B to /Volumes/MacintoshHDD/mccurdyc/computer_science/cs441s2016/cs441s2016-fp-team1/tools/ant-ivy/build/test/test-repo/B/1.5.part/B.jar
	publish commited: moved /Volumes/MacintoshHDD/mccurdyc/computer_science/cs441s2016/cs441s2016-fp-team1/tools/ant-ivy/build/test/test-repo/B/1.5.part 
		to /Volumes/MacintoshHDD/mccurdyc/computer_science/cs441s2016/cs441s2016-fp-team1/tools/ant-ivy/build/test/test-repo/B/1.5
	published ivy to /Volumes/MacintoshHDD/mccurdyc/computer_science/cs441s2016/cs441s2016-fp-team1/tools/ant-ivy/build/test/test-repo/C/2.6.part/ivy.xml
	published C to /Volumes/MacintoshHDD/mccurdyc/computer_science/cs441s2016/cs441s2016-fp-team1/tools/ant-ivy/build/test/test-repo/C/2.6.part/C.jar
	publish commited: moved /Volumes/MacintoshHDD/mccurdyc/computer_science/cs441s2016/cs441s2016-fp-team1/tools/ant-ivy/build/test/test-repo/C/2.6.part 
		to /Volumes/MacintoshHDD/mccurdyc/computer_science/cs441s2016/cs441s2016-fp-team1/tools/ant-ivy/build/test/test-repo/C/2.6
	published ivy to /Volumes/MacintoshHDD/mccurdyc/computer_science/cs441s2016/cs441s2016-fp-team1/tools/ant-ivy/build/test/test-repo/D/1.5.part/ivy.xml
	published D to /Volumes/MacintoshHDD/mccurdyc/computer_science/cs441s2016/cs441s2016-fp-team1/tools/ant-ivy/build/test/test-repo/D/1.5.part/D.jar
	publish commited: moved /Volumes/MacintoshHDD/mccurdyc/computer_science/cs441s2016/cs441s2016-fp-team1/tools/ant-ivy/build/test/test-repo/D/1.5.part 
		to /Volumes/MacintoshHDD/mccurdyc/computer_science/cs441s2016/cs441s2016-fp-team1/tools/ant-ivy/build/test/test-repo/D/1.5
	published ivy to /Volumes/MacintoshHDD/mccurdyc/computer_science/cs441s2016/cs441s2016-fp-team1/tools/ant-ivy/build/test/test-repo/D/1.6.part/ivy.xml
	published D to /Volumes/MacintoshHDD/mccurdyc/computer_science/cs441s2016/cs441s2016-fp-team1/tools/ant-ivy/build/test/test-repo/D/1.6.part/D.jar
	publish commited: moved /Volumes/MacintoshHDD/mccurdyc/computer_science/cs441s2016/cs441s2016-fp-team1/tools/ant-ivy/build/test/test-repo/D/1.6.part 
		to /Volumes/MacintoshHDD/mccurdyc/computer_science/cs441s2016/cs441s2016-fp-team1/tools/ant-ivy/build/test/test-repo/D/1.6
	published ivy to /Volumes/MacintoshHDD/mccurdyc/computer_science/cs441s2016/cs441s2016-fp-team1/tools/ant-ivy/build/test/test-repo/D/2.0.part/ivy.xml
	published D to /Volumes/MacintoshHDD/mccurdyc/computer_science/cs441s2016/cs441s2016-fp-team1/tools/ant-ivy/build/test/test-repo/D/2.0.part/D.jar
	publish commited: moved /Volumes/MacintoshHDD/mccurdyc/computer_science/cs441s2016/cs441s2016-fp-team1/tools/ant-ivy/build/test/test-repo/D/2.0.part 
		to /Volumes/MacintoshHDD/mccurdyc/computer_science/cs441s2016/cs441s2016-fp-team1/tools/ant-ivy/build/test/test-repo/D/2.0
:: resolving dependencies :: #A;5
	confs: [default]
	found #B;1.5 in test
	[1.5] #B;[1.0,1.5]
	found #D;2.0 in test
	found #C;2.6 in test
BLACKLISTING [#B;1.5 blacklisted to evict #D;2.0 in favor of #D;1.6 in #A;5 for default]
	found #B;1.4 in test
	[1.4] #B;[1.0,1.5]
BLACKLISTING [#B;1.4 blacklisted to evict #D;1.5 in favor of #D;1.6 in #A;5 for default]
	found #B;1.3 in test
	[1.3] #B;[1.0,1.5]
	found #D;1.6 in test
downloading /Volumes/MacintoshHDD/mccurdyc/computer_science/cs441s2016/cs441s2016-fp-team1/tools/ant-ivy/build/test/test-repo/C/2.6/C.jar ...
	[SUCCESSFUL ] #C;2.6!C.jar (2ms)
downloading /Volumes/MacintoshHDD/mccurdyc/computer_science/cs441s2016/cs441s2016-fp-team1/tools/ant-ivy/build/test/test-repo/D/1.6/D.jar ...
	[SUCCESSFUL ] #D;1.6!D.jar (1ms)
downloading /Volumes/MacintoshHDD/mccurdyc/computer_science/cs441s2016/cs441s2016-fp-team1/tools/ant-ivy/build/test/test-repo/B/1.3/B.jar ...
	[SUCCESSFUL ] #B;1.3!B.jar (2ms)
:: resolution report :: resolve 114ms :: artifacts dl 7ms
	:: evicted modules:
	#D;2.0 by [#D;1.6 with blacklisting of #B;1.5] in [default]
	#D;1.5 by [#D;1.6 with blacklisting of #B;1.4] in [default]
	---------------------------------------------------------------------
	|                  |            modules            ||   artifacts   |
	|       conf       | number| search|dwnlded|evicted|| number|dwnlded|
	---------------------------------------------------------------------
	|      default     |   5   |   4   |   4   |   2   ||   3   |   3   |
	---------------------------------------------------------------------
	published ivy to /Volumes/MacintoshHDD/mccurdyc/computer_science/cs441s2016/cs441s2016-fp-team1/tools/ant-ivy/build/test/test-repo/A/1.part/ivy.xml
	published A to /Volumes/MacintoshHDD/mccurdyc/computer_science/cs441s2016/cs441s2016-fp-team1/tools/ant-ivy/build/test/test-repo/A/1.part/A.jar
	publish commited: moved /Volumes/MacintoshHDD/mccurdyc/computer_science/cs441s2016/cs441s2016-fp-team1/tools/ant-ivy/build/test/test-repo/A/1.part 
		to /Volumes/MacintoshHDD/mccurdyc/computer_science/cs441s2016/cs441s2016-fp-team1/tools/ant-ivy/build/test/test-repo/A/1
	published ivy to /Volumes/MacintoshHDD/mccurdyc/computer_science/cs441s2016/cs441s2016-fp-team1/tools/ant-ivy/build/test/test-repo/B/1.4.part/ivy.xml
	published B to /Volumes/MacintoshHDD/mccurdyc/computer_science/cs441s2016/cs441s2016-fp-team1/tools/ant-ivy/build/test/test-repo/B/1.4.part/B.jar
	publish commited: moved /Volumes/MacintoshHDD/mccurdyc/computer_science/cs441s2016/cs441s2016-fp-team1/tools/ant-ivy/build/test/test-repo/B/1.4.part 
		to /Volumes/MacintoshHDD/mccurdyc/computer_science/cs441s2016/cs441s2016-fp-team1/tools/ant-ivy/build/test/test-repo/B/1.4
	published ivy to /Volumes/MacintoshHDD/mccurdyc/computer_science/cs441s2016/cs441s2016-fp-team1/tools/ant-ivy/build/test/test-repo/C/2.5.part/ivy.xml
	published C to /Volumes/MacintoshHDD/mccurdyc/computer_science/cs441s2016/cs441s2016-fp-team1/tools/ant-ivy/build/test/test-repo/C/2.5.part/C.jar
	publish commited: moved /Volumes/MacintoshHDD/mccurdyc/computer_science/cs441s2016/cs441s2016-fp-team1/tools/ant-ivy/build/test/test-repo/C/2.5.part 
		to /Volumes/MacintoshHDD/mccurdyc/computer_science/cs441s2016/cs441s2016-fp-team1/tools/ant-ivy/build/test/test-repo/C/2.5
	published ivy to /Volumes/MacintoshHDD/mccurdyc/computer_science/cs441s2016/cs441s2016-fp-team1/tools/ant-ivy/build/test/test-repo/D/1.5.part/ivy.xml
	published D to /Volumes/MacintoshHDD/mccurdyc/computer_science/cs441s2016/cs441s2016-fp-team1/tools/ant-ivy/build/test/test-repo/D/1.5.part/D.jar
	publish commited: moved /Volumes/MacintoshHDD/mccurdyc/computer_science/cs441s2016/cs441s2016-fp-team1/tools/ant-ivy/build/test/test-repo/D/1.5.part 
		to /Volumes/MacintoshHDD/mccurdyc/computer_science/cs441s2016/cs441s2016-fp-team1/tools/ant-ivy/build/test/test-repo/D/1.5
	published ivy to /Volumes/MacintoshHDD/mccurdyc/computer_science/cs441s2016/cs441s2016-fp-team1/tools/ant-ivy/build/test/test-repo/D/1.6.part/ivy.xml
	published D to /Volumes/MacintoshHDD/mccurdyc/computer_science/cs441s2016/cs441s2016-fp-team1/tools/ant-ivy/build/test/test-repo/D/1.6.part/D.jar
	publish commited: moved /Volumes/MacintoshHDD/mccurdyc/computer_science/cs441s2016/cs441s2016-fp-team1/tools/ant-ivy/build/test/test-repo/D/1.6.part 
		to /Volumes/MacintoshHDD/mccurdyc/computer_science/cs441s2016/cs441s2016-fp-team1/tools/ant-ivy/build/test/test-repo/D/1.6
:: resolving dependencies :: #A;1
	confs: [default]
	found #C;2.5 in test
	[2.5] #C;[2.0,2.5]
	found #D;1.6 in test
	[1.6] #D;[1.0,1.6]
	found #B;1.4 in test
BLACKLISTING [#D;1.6 blacklisted to evict #D;1.6 in favor of #D;1.5 in #A;1 for default]
	found #D;1.5 in test
downloading /Volumes/MacintoshHDD/mccurdyc/computer_science/cs441s2016/cs441s2016-fp-team1/tools/ant-ivy/build/test/test-repo/C/2.5/C.jar ...
	[SUCCESSFUL ] #C;2.5!C.jar (2ms)
downloading /Volumes/MacintoshHDD/mccurdyc/computer_science/cs441s2016/cs441s2016-fp-team1/tools/ant-ivy/build/test/test-repo/B/1.4/B.jar ...
	[SUCCESSFUL ] #B;1.4!B.jar (2ms)
downloading /Volumes/MacintoshHDD/mccurdyc/computer_science/cs441s2016/cs441s2016-fp-team1/tools/ant-ivy/build/test/test-repo/D/1.5/D.jar ...
	[SUCCESSFUL ] #D;1.5!D.jar (2ms)
:: resolution report :: resolve 54ms :: artifacts dl 7ms
	:: evicted modules:
	#D;[1.0,1.6] by [#D;1.5] in [default]
	---------------------------------------------------------------------
	|                  |            modules            ||   artifacts   |
	|       conf       | number| search|dwnlded|evicted|| number|dwnlded|
	---------------------------------------------------------------------
	|      default     |   4   |   3   |   3   |   1   ||   3   |   3   |
	---------------------------------------------------------------------
]]></system-out>
  <system-err><![CDATA[]]></system-err>
</testsuite>
