<?xml version="1.0" encoding="UTF-8" ?>
<testsuite errors="0" failures="0" hostname="Coltons-MBP" name="org.apache.ivy.ant.IvyPublishTest" skipped="0" tests="22" time="2.832" timestamp="2016-04-21T23:21:36">
  <properties>
[...]
</properties>
  <testcase classname="org.apache.ivy.ant.IvyPublishTest" name="testForceDeliver" time="0.661" />
  <testcase classname="org.apache.ivy.ant.IvyPublishTest" name="testBadNoDeliver" time="0.053" />
  <testcase classname="org.apache.ivy.ant.IvyPublishTest" name="testReadonly" time="0.1" />
  <testcase classname="org.apache.ivy.ant.IvyPublishTest" name="testOverwrite" time="0.115" />
  <testcase classname="org.apache.ivy.ant.IvyPublishTest" name="testOverwriteReadOnly" time="0.089" />
  <testcase classname="org.apache.ivy.ant.IvyPublishTest" name="testMergeParentWithoutPublishingParent" time="0.032" />
  <testcase classname="org.apache.ivy.ant.IvyPublishTest" name="testMergeParentWithoutPublishingParentForceDeliver" time="0.169" />
  <testcase classname="org.apache.ivy.ant.IvyPublishTest" name="testMergeParentWithoutLocationAttribute" time="0.144" />
  <testcase classname="org.apache.ivy.ant.IvyPublishTest" name="testMinimalMerge" time="0.109" />
  <testcase classname="org.apache.ivy.ant.IvyPublishTest" name="testMergeExtraAttributes" time="0.184" />
  <testcase classname="org.apache.ivy.ant.IvyPublishTest" name="testMergeParent" time="0.125" />
  <testcase classname="org.apache.ivy.ant.IvyPublishTest" name="testMergeExtraAttributesFromParent" time="0.174" />
  <testcase classname="org.apache.ivy.ant.IvyPublishTest" name="testSimple" time="0.119" />
  <testcase classname="org.apache.ivy.ant.IvyPublishTest" name="testHaltOnMissing" time="0.085" />
  <testcase classname="org.apache.ivy.ant.IvyPublishTest" name="testHaltOnMissing2" time="0.057" />
  <testcase classname="org.apache.ivy.ant.IvyPublishTest" name="testHaltOnMissing3" time="0.055" />
  <testcase classname="org.apache.ivy.ant.IvyPublishTest" name="testPublishNotAllConfigs" time="0.119" />
  <testcase classname="org.apache.ivy.ant.IvyPublishTest" name="testMultiPatterns" time="0.067" />
  <testcase classname="org.apache.ivy.ant.IvyPublishTest" name="testPublishPublicConfigsByWildcard" time="0.065" />
  <testcase classname="org.apache.ivy.ant.IvyPublishTest" name="testCustom" time="0.074" />
  <testcase classname="org.apache.ivy.ant.IvyPublishTest" name="testNoDeliver" time="0.045" />
  <testcase classname="org.apache.ivy.ant.IvyPublishTest" name="testNoDeliverWithBranch" time="0.049" />
  <system-out><![CDATA[setting 'ivy.default.settings.dir' to 'file:/Volumes/MacintoshHDD/mccurdyc/computer_science/cs441s2016/cs441s2016-fp-team1/tools/ant-ivy/build/classes/core/org/apache/ivy/core/settings'
setting 'ivy.basedir' to '/Volumes/MacintoshHDD/mccurdyc/computer_science/cs441s2016/cs441s2016-fp-team1/tools/ant-ivy/.'
setting 'ivy.default.conf.dir' to 'file:/Volumes/MacintoshHDD/mccurdyc/computer_science/cs441s2016/cs441s2016-fp-team1/tools/ant-ivy/build/classes/core/org/apache/ivy/core/settings'
setting 'java.runtime.name' to 'Java(TM) SE Runtime Environment'
setting 'sun.boot.library.path' to '/Library/Java/JavaVirtualMachines/jdk1.8.0_66.jdk/Contents/Home/jre/lib'
setting 'java.vm.version' to '25.66-b17'
setting 'gopherProxySet' to 'false'
setting 'java.vm.vendor' to 'Oracle Corporation'
setting 'java.vendor.url' to 'http://java.oracle.com/'
setting 'emma.coverage.out.merge' to 'true'
setting 'path.separator' to ':'
setting 'java.vm.name' to 'Java HotSpot(TM) 64-Bit Server VM'
setting 'file.encoding.pkg' to 'sun.io'
setting 'user.country' to 'US'
setting 'sun.java.launcher' to 'SUN_STANDARD'
setting 'sun.os.patch.level' to 'unknown'
setting 'java.vm.specification.name' to 'Java Virtual Machine Specification'
setting 'user.dir' to '/Volumes/MacintoshHDD/mccurdyc/computer_science/cs441s2016/cs441s2016-fp-team1/tools/ant-ivy'
setting 'java.runtime.version' to '1.8.0_66-b17'
setting 'java.awt.graphicsenv' to 'sun.awt.CGraphicsEnvironment'
setting 'java.endorsed.dirs' to '/Library/Java/JavaVirtualMachines/jdk1.8.0_66.jdk/Contents/Home/jre/lib/endorsed'
setting 'os.arch' to 'x86_64'
setting 'java.io.tmpdir' to '/var/folders/63/3rz5g1g93kl56014nnctmg6w0000gn/T/'
setting 'line.separator' to '
'
setting 'java.vm.specification.vendor' to 'Oracle Corporation'
setting 'os.name' to 'Mac OS X'
setting 'sun.jnu.encoding' to 'UTF-8'
setting 'java.library.path' to '/Users/ColtonMcCurdy/Library/Java/Extensions:/Library/Java/Extensions:/Network/Library/Java/Extensions:/System/Library/Java/Extensions:/usr/lib/java:.'
setting 'emma.coverage.out.file' to '${coverage.dir}/coverage.emma'
setting 'ivy.cache.dir' to '/Volumes/MacintoshHDD/mccurdyc/computer_science/cs441s2016/cs441s2016-fp-team1/tools/ant-ivy/build/cache'
setting 'java.specification.name' to 'Java Platform API Specification'
setting 'java.class.version' to '52.0'
setting 'sun.management.compiler' to 'HotSpot 64-Bit Tiered Compilers'
setting 'os.version' to '10.11.4'
setting 'user.home' to '/Users/ColtonMcCurdy'
setting 'user.timezone' to 'America/New_York'
setting 'java.awt.printerjob' to 'sun.lwawt.macosx.CPrinterJob'
setting 'file.encoding' to 'UTF-8'
setting 'java.specification.version' to '1.8'
setting 'java.class.path' to '/Volumes/MacintoshHDD/mccurdyc/computer_science/cs441s2016/cs441s2016-fp-team1/tools/ant-ivy/lib/ant-contrib.jar:/Volumes/MacintoshHDD/mccurdyc/computer_science/cs441s2016/cs441s2016-fp-team1/tools/ant-ivy/lib/ant-testutil.jar:/Volumes/MacintoshHDD/mccurdyc/computer_science/cs441s2016/cs441s2016-fp-team1/tools/ant-ivy/lib/bcpg-jdk15on.jar:/Volumes/MacintoshHDD/mccurdyc/computer_science/cs441s2016/cs441s2016-fp-team1/tools/ant-ivy/lib/bcprov-jdk15on.jar:/Volumes/MacintoshHDD/mccurdyc/computer_science/cs441s2016/cs441s2016-fp-team1/tools/ant-ivy/lib/commons-codec.jar:/Volumes/MacintoshHDD/mccurdyc/computer_science/cs441s2016/cs441s2016-fp-team1/tools/ant-ivy/lib/commons-httpclient.jar:/Volumes/MacintoshHDD/mccurdyc/computer_science/cs441s2016/cs441s2016-fp-team1/tools/ant-ivy/lib/commons-lang.jar:/Volumes/MacintoshHDD/mccurdyc/computer_science/cs441s2016/cs441s2016-fp-team1/tools/ant-ivy/lib/commons-logging.jar:/Volumes/MacintoshHDD/mccurdyc/computer_science/cs441s2016/cs441s2016-fp-team1/tools/ant-ivy/lib/commons-vfs.jar:/Volumes/MacintoshHDD/mccurdyc/computer_science/cs441s2016/cs441s2016-fp-team1/tools/ant-ivy/lib/jna.jar:/Volumes/MacintoshHDD/mccurdyc/computer_science/cs441s2016/cs441s2016-fp-team1/tools/ant-ivy/lib/jsch.agentproxy.connector-factory.jar:/Volumes/MacintoshHDD/mccurdyc/computer_science/cs441s2016/cs441s2016-fp-team1/tools/ant-ivy/lib/jsch.agentproxy.core.jar:/Volumes/MacintoshHDD/mccurdyc/computer_science/cs441s2016/cs441s2016-fp-team1/tools/ant-ivy/lib/jsch.agentproxy.jsch.jar:/Volumes/MacintoshHDD/mccurdyc/computer_science/cs441s2016/cs441s2016-fp-team1/tools/ant-ivy/lib/jsch.agentproxy.pageant.jar:/Volumes/MacintoshHDD/mccurdyc/computer_science/cs441s2016/cs441s2016-fp-team1/tools/ant-ivy/lib/jsch.agentproxy.sshagent.jar:/Volumes/MacintoshHDD/mccurdyc/computer_science/cs441s2016/cs441s2016-fp-team1/tools/ant-ivy/lib/jsch.agentproxy.usocket-jna.jar:/Volumes/MacintoshHDD/mccurdyc/computer_science/cs441s2016/cs441s2016-fp-team1/tools/ant-ivy/lib/jsch.agentproxy.usocket-nc.jar:/Volumes/MacintoshHDD/mccurdyc/computer_science/cs441s2016/cs441s2016-fp-team1/tools/ant-ivy/lib/jsch.jar:/Volumes/MacintoshHDD/mccurdyc/computer_science/cs441s2016/cs441s2016-fp-team1/tools/ant-ivy/lib/junit.jar:/Volumes/MacintoshHDD/mccurdyc/computer_science/cs441s2016/cs441s2016-fp-team1/tools/ant-ivy/lib/oro.jar:/Volumes/MacintoshHDD/mccurdyc/computer_science/cs441s2016/cs441s2016-fp-team1/tools/ant-ivy/lib/platform.jar:/Volumes/MacintoshHDD/mccurdyc/computer_science/cs441s2016/cs441s2016-fp-team1/tools/ant-ivy/lib/xercesImpl.jar:/Volumes/MacintoshHDD/mccurdyc/computer_science/cs441s2016/cs441s2016-fp-team1/tools/ant-ivy/lib/xmlParserAPIs.jar:/Volumes/MacintoshHDD/mccurdyc/computer_science/cs441s2016/cs441s2016-fp-team1/tools/ant-ivy/lib/xmlunit.jar:/Volumes/MacintoshHDD/mccurdyc/computer_science/cs441s2016/cs441s2016-fp-team1/tools/ant-ivy/build/classes/core:/Volumes/MacintoshHDD/mccurdyc/computer_science/cs441s2016/cs441s2016-fp-team1/tools/ant-ivy/build/classes/ant:/Volumes/MacintoshHDD/mccurdyc/computer_science/cs441s2016/cs441s2016-fp-team1/tools/ant-ivy/build/classes/optional:/Volumes/MacintoshHDD/mccurdyc/computer_science/cs441s2016/cs441s2016-fp-team1/tools/ant-ivy/build/test:/usr/local/Cellar/ant/1.9.4/libexec/lib/ant-launcher.jar:/usr/local/Cellar/ant/1.9.4/libexec/lib/ant.jar:/usr/local/Cellar/ant/1.9.4/libexec/lib/ant-junit.jar:/usr/local/Cellar/ant/1.9.4/libexec/lib/ant-junit4.jar'
setting 'user.name' to 'ColtonMcCurdy'
setting 'java.vm.specification.version' to '1.8'
setting 'sun.java.command' to 'org.apache.tools.ant.taskdefs.optional.junit.JUnitTestRunner org.apache.ivy.ant.IvyPublishTest skipNonTests=false filtertrace=true haltOnError=false haltOnFailure=false formatter=org.apache.tools.ant.taskdefs.optional.junit.SummaryJUnitResultFormatter showoutput=false outputtoformatters=true logfailedtests=true threadid=0 logtestlistenerevents=false formatter=org.apache.tools.ant.taskdefs.optional.junit.XMLJUnitResultFormatter,/Volumes/MacintoshHDD/mccurdyc/computer_science/cs441s2016/cs441s2016-fp-team1/tools/ant-ivy/build/test-report/TEST-org.apache.ivy.ant.IvyPublishTest.xml crashfile=/Volumes/MacintoshHDD/mccurdyc/computer_science/cs441s2016/cs441s2016-fp-team1/tools/ant-ivy/junitvmwatcher5583869892466095225.properties propsfile=/Volumes/MacintoshHDD/mccurdyc/computer_science/cs441s2016/cs441s2016-fp-team1/tools/ant-ivy/junit1479208125430173258.properties'
setting 'java.home' to '/Library/Java/JavaVirtualMachines/jdk1.8.0_66.jdk/Contents/Home/jre'
setting 'sun.arch.data.model' to '64'
setting 'user.language' to 'tr'
setting 'java.specification.vendor' to 'Oracle Corporation'
setting 'awt.toolkit' to 'sun.lwawt.macosx.LWCToolkit'
setting 'java.vm.info' to 'mixed mode'
setting 'java.version' to '1.8.0_66'
setting 'java.ext.dirs' to '/Users/ColtonMcCurdy/Library/Java/Extensions:/Library/Java/JavaVirtualMachines/jdk1.8.0_66.jdk/Contents/Home/jre/lib/ext:/Library/Java/Extensions:/Network/Library/Java/Extensions:/System/Library/Java/Extensions:/usr/lib/java'
setting 'sun.boot.class.path' to '/Library/Java/JavaVirtualMachines/jdk1.8.0_66.jdk/Contents/Home/jre/lib/resources.jar:/Library/Java/JavaVirtualMachines/jdk1.8.0_66.jdk/Contents/Home/jre/lib/rt.jar:/Library/Java/JavaVirtualMachines/jdk1.8.0_66.jdk/Contents/Home/jre/lib/sunrsasign.jar:/Library/Java/JavaVirtualMachines/jdk1.8.0_66.jdk/Contents/Home/jre/lib/jsse.jar:/Library/Java/JavaVirtualMachines/jdk1.8.0_66.jdk/Contents/Home/jre/lib/jce.jar:/Library/Java/JavaVirtualMachines/jdk1.8.0_66.jdk/Contents/Home/jre/lib/charsets.jar:/Library/Java/JavaVirtualMachines/jdk1.8.0_66.jdk/Contents/Home/jre/lib/jfr.jar:/Library/Java/JavaVirtualMachines/jdk1.8.0_66.jdk/Contents/Home/jre/classes'
setting 'java.vendor' to 'Oracle Corporation'
setting 'file.separator' to '/'
setting 'java.vendor.url.bug' to 'http://bugreport.sun.com/bugreport/'
setting 'sun.io.unicode.encoding' to 'UnicodeBig'
setting 'sun.cpu.endian' to 'little'
setting 'user.region' to 'TR'
setting 'sun.cpu.isalist' to ''
setting 'ivy.basedir' to '/Volumes/MacintoshHDD/mccurdyc/computer_science/cs441s2016/cs441s2016-fp-team1/tools/ant-ivy'
setting 'basedir' to '/Volumes/MacintoshHDD/mccurdyc/computer_science/cs441s2016/cs441s2016-fp-team1/tools/ant-ivy'
     [null] :: Apache Ivy non official version -  :: http://ant.apache.org/ivy/ ::
     [null] :: loading settings :: file = /Volumes/MacintoshHDD/mccurdyc/computer_science/cs441s2016/cs441s2016-fp-team1/tools/ant-ivy/test/repositories/ivysettings.xml
     [null] :: resolving dependencies :: apache#resolve-latest;1.0
     [null] 	confs: [default]
     [null] 	found org1#mod1.2;2.2 in 1
     [null] 	[2.2] org1#mod1.2;latest.integration
     [null] downloading /Volumes/MacintoshHDD/mccurdyc/computer_science/cs441s2016/cs441s2016-fp-team1/tools/ant-ivy/test/repositories/1/org1/mod1.2/jars/mod1.2-2.2.jar ...
     [null] . (0kB)
     [null] 	[SUCCESSFUL ] org1#mod1.2;2.2!mod1.2.jar (5ms)
     [null] :: resolution report :: resolve 75ms :: artifacts dl 8ms
	---------------------------------------------------------------------
	|                  |            modules            ||   artifacts   |
	|       conf       | number| search|dwnlded|evicted|| number|dwnlded|
	---------------------------------------------------------------------
	|      default     |   1   |   1   |   0   |   0   ||   1   |   1   |
	---------------------------------------------------------------------
     [null] :: delivering :: apache#resolve-latest;1.0 :: 1.3 :: integration :: Thu Apr 21 19:21:37 EDT 2016
     [null] 	delivering ivy file to /Volumes/MacintoshHDD/mccurdyc/computer_science/cs441s2016/cs441s2016-fp-team1/tools/ant-ivy/build/test/publish/ivy-1.3.xml
     [null] :: publishing :: apache#resolve-latest
     [null] 	published resolve-latest to /Volumes/MacintoshHDD/mccurdyc/computer_science/cs441s2016/cs441s2016-fp-team1/tools/ant-ivy/test/repositories/1/apache/resolve-latest/jars/resolve-latest-1.3.jar
     [null] 	published ivy to /Volumes/MacintoshHDD/mccurdyc/computer_science/cs441s2016/cs441s2016-fp-team1/tools/ant-ivy/test/repositories/1/apache/resolve-latest/ivys/ivy-1.3.xml
setting 'ivy.default.settings.dir' to 'file:/Volumes/MacintoshHDD/mccurdyc/computer_science/cs441s2016/cs441s2016-fp-team1/tools/ant-ivy/build/classes/core/org/apache/ivy/core/settings'
setting 'ivy.basedir' to '/Volumes/MacintoshHDD/mccurdyc/computer_science/cs441s2016/cs441s2016-fp-team1/tools/ant-ivy/.'
setting 'ivy.default.conf.dir' to 'file:/Volumes/MacintoshHDD/mccurdyc/computer_science/cs441s2016/cs441s2016-fp-team1/tools/ant-ivy/build/classes/core/org/apache/ivy/core/settings'
setting 'java.runtime.name' to 'Java(TM) SE Runtime Environment'
setting 'sun.boot.library.path' to '/Library/Java/JavaVirtualMachines/jdk1.8.0_66.jdk/Contents/Home/jre/lib'
setting 'java.vm.version' to '25.66-b17'
setting 'gopherProxySet' to 'false'
setting 'java.vm.vendor' to 'Oracle Corporation'
setting 'java.vendor.url' to 'http://java.oracle.com/'
setting 'emma.coverage.out.merge' to 'true'
setting 'path.separator' to ':'
setting 'java.vm.name' to 'Java HotSpot(TM) 64-Bit Server VM'
setting 'file.encoding.pkg' to 'sun.io'
setting 'user.country' to 'US'
setting 'sun.java.launcher' to 'SUN_STANDARD'
setting 'sun.os.patch.level' to 'unknown'
setting 'java.vm.specification.name' to 'Java Virtual Machine Specification'
setting 'user.dir' to '/Volumes/MacintoshHDD/mccurdyc/computer_science/cs441s2016/cs441s2016-fp-team1/tools/ant-ivy'
setting 'java.runtime.version' to '1.8.0_66-b17'
setting 'java.awt.graphicsenv' to 'sun.awt.CGraphicsEnvironment'
setting 'java.endorsed.dirs' to '/Library/Java/JavaVirtualMachines/jdk1.8.0_66.jdk/Contents/Home/jre/lib/endorsed'
setting 'os.arch' to 'x86_64'
setting 'java.io.tmpdir' to '/var/folders/63/3rz5g1g93kl56014nnctmg6w0000gn/T/'
setting 'line.separator' to '
'
setting 'java.vm.specification.vendor' to 'Oracle Corporation'
setting 'os.name' to 'Mac OS X'
setting 'sun.jnu.encoding' to 'UTF-8'
setting 'java.library.path' to '/Users/ColtonMcCurdy/Library/Java/Extensions:/Library/Java/Extensions:/Network/Library/Java/Extensions:/System/Library/Java/Extensions:/usr/lib/java:.'
setting 'emma.coverage.out.file' to '${coverage.dir}/coverage.emma'
setting 'ivy.cache.dir' to '/Volumes/MacintoshHDD/mccurdyc/computer_science/cs441s2016/cs441s2016-fp-team1/tools/ant-ivy/build/cache'
setting 'java.specification.name' to 'Java Platform API Specification'
setting 'java.class.version' to '52.0'
setting 'sun.management.compiler' to 'HotSpot 64-Bit Tiered Compilers'
setting 'os.version' to '10.11.4'
setting 'user.home' to '/Users/ColtonMcCurdy'
setting 'user.timezone' to 'America/New_York'
setting 'java.awt.printerjob' to 'sun.lwawt.macosx.CPrinterJob'
setting 'file.encoding' to 'UTF-8'
setting 'java.specification.version' to '1.8'
setting 'java.class.path' to '/Volumes/MacintoshHDD/mccurdyc/computer_science/cs441s2016/cs441s2016-fp-team1/tools/ant-ivy/lib/ant-contrib.jar:/Volumes/MacintoshHDD/mccurdyc/computer_science/cs441s2016/cs441s2016-fp-team1/tools/ant-ivy/lib/ant-testutil.jar:/Volumes/MacintoshHDD/mccurdyc/computer_science/cs441s2016/cs441s2016-fp-team1/tools/ant-ivy/lib/bcpg-jdk15on.jar:/Volumes/MacintoshHDD/mccurdyc/computer_science/cs441s2016/cs441s2016-fp-team1/tools/ant-ivy/lib/bcprov-jdk15on.jar:/Volumes/MacintoshHDD/mccurdyc/computer_science/cs441s2016/cs441s2016-fp-team1/tools/ant-ivy/lib/commons-codec.jar:/Volumes/MacintoshHDD/mccurdyc/computer_science/cs441s2016/cs441s2016-fp-team1/tools/ant-ivy/lib/commons-httpclient.jar:/Volumes/MacintoshHDD/mccurdyc/computer_science/cs441s2016/cs441s2016-fp-team1/tools/ant-ivy/lib/commons-lang.jar:/Volumes/MacintoshHDD/mccurdyc/computer_science/cs441s2016/cs441s2016-fp-team1/tools/ant-ivy/lib/commons-logging.jar:/Volumes/MacintoshHDD/mccurdyc/computer_science/cs441s2016/cs441s2016-fp-team1/tools/ant-ivy/lib/commons-vfs.jar:/Volumes/MacintoshHDD/mccurdyc/computer_science/cs441s2016/cs441s2016-fp-team1/tools/ant-ivy/lib/jna.jar:/Volumes/MacintoshHDD/mccurdyc/computer_science/cs441s2016/cs441s2016-fp-team1/tools/ant-ivy/lib/jsch.agentproxy.connector-factory.jar:/Volumes/MacintoshHDD/mccurdyc/computer_science/cs441s2016/cs441s2016-fp-team1/tools/ant-ivy/lib/jsch.agentproxy.core.jar:/Volumes/MacintoshHDD/mccurdyc/computer_science/cs441s2016/cs441s2016-fp-team1/tools/ant-ivy/lib/jsch.agentproxy.jsch.jar:/Volumes/MacintoshHDD/mccurdyc/computer_science/cs441s2016/cs441s2016-fp-team1/tools/ant-ivy/lib/jsch.agentproxy.pageant.jar:/Volumes/MacintoshHDD/mccurdyc/computer_science/cs441s2016/cs441s2016-fp-team1/tools/ant-ivy/lib/jsch.agentproxy.sshagent.jar:/Volumes/MacintoshHDD/mccurdyc/computer_science/cs441s2016/cs441s2016-fp-team1/tools/ant-ivy/lib/jsch.agentproxy.usocket-jna.jar:/Volumes/MacintoshHDD/mccurdyc/computer_science/cs441s2016/cs441s2016-fp-team1/tools/ant-ivy/lib/jsch.agentproxy.usocket-nc.jar:/Volumes/MacintoshHDD/mccurdyc/computer_science/cs441s2016/cs441s2016-fp-team1/tools/ant-ivy/lib/jsch.jar:/Volumes/MacintoshHDD/mccurdyc/computer_science/cs441s2016/cs441s2016-fp-team1/tools/ant-ivy/lib/junit.jar:/Volumes/MacintoshHDD/mccurdyc/computer_science/cs441s2016/cs441s2016-fp-team1/tools/ant-ivy/lib/oro.jar:/Volumes/MacintoshHDD/mccurdyc/computer_science/cs441s2016/cs441s2016-fp-team1/tools/ant-ivy/lib/platform.jar:/Volumes/MacintoshHDD/mccurdyc/computer_science/cs441s2016/cs441s2016-fp-team1/tools/ant-ivy/lib/xercesImpl.jar:/Volumes/MacintoshHDD/mccurdyc/computer_science/cs441s2016/cs441s2016-fp-team1/tools/ant-ivy/lib/xmlParserAPIs.jar:/Volumes/MacintoshHDD/mccurdyc/computer_science/cs441s2016/cs441s2016-fp-team1/tools/ant-ivy/lib/xmlunit.jar:/Volumes/MacintoshHDD/mccurdyc/computer_science/cs441s2016/cs441s2016-fp-team1/tools/ant-ivy/build/classes/core:/Volumes/MacintoshHDD/mccurdyc/computer_science/cs441s2016/cs441s2016-fp-team1/tools/ant-ivy/build/classes/ant:/Volumes/MacintoshHDD/mccurdyc/computer_science/cs441s2016/cs441s2016-fp-team1/tools/ant-ivy/build/classes/optional:/Volumes/MacintoshHDD/mccurdyc/computer_science/cs441s2016/cs441s2016-fp-team1/tools/ant-ivy/build/test:/usr/local/Cellar/ant/1.9.4/libexec/lib/ant-launcher.jar:/usr/local/Cellar/ant/1.9.4/libexec/lib/ant.jar:/usr/local/Cellar/ant/1.9.4/libexec/lib/ant-junit.jar:/usr/local/Cellar/ant/1.9.4/libexec/lib/ant-junit4.jar'
setting 'user.name' to 'ColtonMcCurdy'
setting 'java.vm.specification.version' to '1.8'
setting 'sun.java.command' to 'org.apache.tools.ant.taskdefs.optional.junit.JUnitTestRunner org.apache.ivy.ant.IvyPublishTest skipNonTests=false filtertrace=true haltOnError=false haltOnFailure=false formatter=org.apache.tools.ant.taskdefs.optional.junit.SummaryJUnitResultFormatter showoutput=false outputtoformatters=true logfailedtests=true threadid=0 logtestlistenerevents=false formatter=org.apache.tools.ant.taskdefs.optional.junit.XMLJUnitResultFormatter,/Volumes/MacintoshHDD/mccurdyc/computer_science/cs441s2016/cs441s2016-fp-team1/tools/ant-ivy/build/test-report/TEST-org.apache.ivy.ant.IvyPublishTest.xml crashfile=/Volumes/MacintoshHDD/mccurdyc/computer_science/cs441s2016/cs441s2016-fp-team1/tools/ant-ivy/junitvmwatcher5583869892466095225.properties propsfile=/Volumes/MacintoshHDD/mccurdyc/computer_science/cs441s2016/cs441s2016-fp-team1/tools/ant-ivy/junit1479208125430173258.properties'
setting 'java.home' to '/Library/Java/JavaVirtualMachines/jdk1.8.0_66.jdk/Contents/Home/jre'
setting 'sun.arch.data.model' to '64'
setting 'user.language' to 'tr'
setting 'java.specification.vendor' to 'Oracle Corporation'
setting 'awt.toolkit' to 'sun.lwawt.macosx.LWCToolkit'
setting 'java.vm.info' to 'mixed mode'
setting 'java.version' to '1.8.0_66'
setting 'java.ext.dirs' to '/Users/ColtonMcCurdy/Library/Java/Extensions:/Library/Java/JavaVirtualMachines/jdk1.8.0_66.jdk/Contents/Home/jre/lib/ext:/Library/Java/Extensions:/Network/Library/Java/Extensions:/System/Library/Java/Extensions:/usr/lib/java'
setting 'sun.boot.class.path' to '/Library/Java/JavaVirtualMachines/jdk1.8.0_66.jdk/Contents/Home/jre/lib/resources.jar:/Library/Java/JavaVirtualMachines/jdk1.8.0_66.jdk/Contents/Home/jre/lib/rt.jar:/Library/Java/JavaVirtualMachines/jdk1.8.0_66.jdk/Contents/Home/jre/lib/sunrsasign.jar:/Library/Java/JavaVirtualMachines/jdk1.8.0_66.jdk/Contents/Home/jre/lib/jsse.jar:/Library/Java/JavaVirtualMachines/jdk1.8.0_66.jdk/Contents/Home/jre/lib/jce.jar:/Library/Java/JavaVirtualMachines/jdk1.8.0_66.jdk/Contents/Home/jre/lib/charsets.jar:/Library/Java/JavaVirtualMachines/jdk1.8.0_66.jdk/Contents/Home/jre/lib/jfr.jar:/Library/Java/JavaVirtualMachines/jdk1.8.0_66.jdk/Contents/Home/jre/classes'
setting 'java.vendor' to 'Oracle Corporation'
setting 'file.separator' to '/'
setting 'java.vendor.url.bug' to 'http://bugreport.sun.com/bugreport/'
setting 'sun.io.unicode.encoding' to 'UnicodeBig'
setting 'sun.cpu.endian' to 'little'
setting 'user.region' to 'TR'
setting 'sun.cpu.isalist' to ''
setting 'ivy.default.settings.dir' to 'file:/Volumes/MacintoshHDD/mccurdyc/computer_science/cs441s2016/cs441s2016-fp-team1/tools/ant-ivy/build/classes/core/org/apache/ivy/core/settings'
setting 'ivy.basedir' to '/Volumes/MacintoshHDD/mccurdyc/computer_science/cs441s2016/cs441s2016-fp-team1/tools/ant-ivy/.'
setting 'ivy.default.conf.dir' to 'file:/Volumes/MacintoshHDD/mccurdyc/computer_science/cs441s2016/cs441s2016-fp-team1/tools/ant-ivy/build/classes/core/org/apache/ivy/core/settings'
setting 'java.runtime.name' to 'Java(TM) SE Runtime Environment'
setting 'sun.boot.library.path' to '/Library/Java/JavaVirtualMachines/jdk1.8.0_66.jdk/Contents/Home/jre/lib'
setting 'java.vm.version' to '25.66-b17'
setting 'gopherProxySet' to 'false'
setting 'java.vm.vendor' to 'Oracle Corporation'
setting 'java.vendor.url' to 'http://java.oracle.com/'
setting 'emma.coverage.out.merge' to 'true'
setting 'path.separator' to ':'
setting 'java.vm.name' to 'Java HotSpot(TM) 64-Bit Server VM'
setting 'file.encoding.pkg' to 'sun.io'
setting 'user.country' to 'US'
setting 'sun.java.launcher' to 'SUN_STANDARD'
setting 'sun.os.patch.level' to 'unknown'
setting 'java.vm.specification.name' to 'Java Virtual Machine Specification'
setting 'user.dir' to '/Volumes/MacintoshHDD/mccurdyc/computer_science/cs441s2016/cs441s2016-fp-team1/tools/ant-ivy'
setting 'java.runtime.version' to '1.8.0_66-b17'
setting 'java.awt.graphicsenv' to 'sun.awt.CGraphicsEnvironment'
setting 'java.endorsed.dirs' to '/Library/Java/JavaVirtualMachines/jdk1.8.0_66.jdk/Contents/Home/jre/lib/endorsed'
setting 'os.arch' to 'x86_64'
setting 'java.io.tmpdir' to '/var/folders/63/3rz5g1g93kl56014nnctmg6w0000gn/T/'
setting 'line.separator' to '
'
setting 'java.vm.specification.vendor' to 'Oracle Corporation'
setting 'os.name' to 'Mac OS X'
setting 'sun.jnu.encoding' to 'UTF-8'
setting 'java.library.path' to '/Users/ColtonMcCurdy/Library/Java/Extensions:/Library/Java/Extensions:/Network/Library/Java/Extensions:/System/Library/Java/Extensions:/usr/lib/java:.'
setting 'emma.coverage.out.file' to '${coverage.dir}/coverage.emma'
setting 'ivy.cache.dir' to '/Volumes/MacintoshHDD/mccurdyc/computer_science/cs441s2016/cs441s2016-fp-team1/tools/ant-ivy/build/cache'
setting 'java.specification.name' to 'Java Platform API Specification'
setting 'java.class.version' to '52.0'
setting 'sun.management.compiler' to 'HotSpot 64-Bit Tiered Compilers'
setting 'os.version' to '10.11.4'
setting 'user.home' to '/Users/ColtonMcCurdy'
setting 'user.timezone' to 'America/New_York'
setting 'java.awt.printerjob' to 'sun.lwawt.macosx.CPrinterJob'
setting 'file.encoding' to 'UTF-8'
setting 'java.specification.version' to '1.8'
setting 'java.class.path' to '/Volumes/MacintoshHDD/mccurdyc/computer_science/cs441s2016/cs441s2016-fp-team1/tools/ant-ivy/lib/ant-contrib.jar:/Volumes/MacintoshHDD/mccurdyc/computer_science/cs441s2016/cs441s2016-fp-team1/tools/ant-ivy/lib/ant-testutil.jar:/Volumes/MacintoshHDD/mccurdyc/computer_science/cs441s2016/cs441s2016-fp-team1/tools/ant-ivy/lib/bcpg-jdk15on.jar:/Volumes/MacintoshHDD/mccurdyc/computer_science/cs441s2016/cs441s2016-fp-team1/tools/ant-ivy/lib/bcprov-jdk15on.jar:/Volumes/MacintoshHDD/mccurdyc/computer_science/cs441s2016/cs441s2016-fp-team1/tools/ant-ivy/lib/commons-codec.jar:/Volumes/MacintoshHDD/mccurdyc/computer_science/cs441s2016/cs441s2016-fp-team1/tools/ant-ivy/lib/commons-httpclient.jar:/Volumes/MacintoshHDD/mccurdyc/computer_science/cs441s2016/cs441s2016-fp-team1/tools/ant-ivy/lib/commons-lang.jar:/Volumes/MacintoshHDD/mccurdyc/computer_science/cs441s2016/cs441s2016-fp-team1/tools/ant-ivy/lib/commons-logging.jar:/Volumes/MacintoshHDD/mccurdyc/computer_science/cs441s2016/cs441s2016-fp-team1/tools/ant-ivy/lib/commons-vfs.jar:/Volumes/MacintoshHDD/mccurdyc/computer_science/cs441s2016/cs441s2016-fp-team1/tools/ant-ivy/lib/jna.jar:/Volumes/MacintoshHDD/mccurdyc/computer_science/cs441s2016/cs441s2016-fp-team1/tools/ant-ivy/lib/jsch.agentproxy.connector-factory.jar:/Volumes/MacintoshHDD/mccurdyc/computer_science/cs441s2016/cs441s2016-fp-team1/tools/ant-ivy/lib/jsch.agentproxy.core.jar:/Volumes/MacintoshHDD/mccurdyc/computer_science/cs441s2016/cs441s2016-fp-team1/tools/ant-ivy/lib/jsch.agentproxy.jsch.jar:/Volumes/MacintoshHDD/mccurdyc/computer_science/cs441s2016/cs441s2016-fp-team1/tools/ant-ivy/lib/jsch.agentproxy.pageant.jar:/Volumes/MacintoshHDD/mccurdyc/computer_science/cs441s2016/cs441s2016-fp-team1/tools/ant-ivy/lib/jsch.agentproxy.sshagent.jar:/Volumes/MacintoshHDD/mccurdyc/computer_science/cs441s2016/cs441s2016-fp-team1/tools/ant-ivy/lib/jsch.agentproxy.usocket-jna.jar:/Volumes/MacintoshHDD/mccurdyc/computer_science/cs441s2016/cs441s2016-fp-team1/tools/ant-ivy/lib/jsch.agentproxy.usocket-nc.jar:/Volumes/MacintoshHDD/mccurdyc/computer_science/cs441s2016/cs441s2016-fp-team1/tools/ant-ivy/lib/jsch.jar:/Volumes/MacintoshHDD/mccurdyc/computer_science/cs441s2016/cs441s2016-fp-team1/tools/ant-ivy/lib/junit.jar:/Volumes/MacintoshHDD/mccurdyc/computer_science/cs441s2016/cs441s2016-fp-team1/tools/ant-ivy/lib/oro.jar:/Volumes/MacintoshHDD/mccurdyc/computer_science/cs441s2016/cs441s2016-fp-team1/tools/ant-ivy/lib/platform.jar:/Volumes/MacintoshHDD/mccurdyc/computer_science/cs441s2016/cs441s2016-fp-team1/tools/ant-ivy/lib/xercesImpl.jar:/Volumes/MacintoshHDD/mccurdyc/computer_science/cs441s2016/cs441s2016-fp-team1/tools/ant-ivy/lib/xmlParserAPIs.jar:/Volumes/MacintoshHDD/mccurdyc/computer_science/cs441s2016/cs441s2016-fp-team1/tools/ant-ivy/lib/xmlunit.jar:/Volumes/MacintoshHDD/mccurdyc/computer_science/cs441s2016/cs441s2016-fp-team1/tools/ant-ivy/build/classes/core:/Volumes/MacintoshHDD/mccurdyc/computer_science/cs441s2016/cs441s2016-fp-team1/tools/ant-ivy/build/classes/ant:/Volumes/MacintoshHDD/mccurdyc/computer_science/cs441s2016/cs441s2016-fp-team1/tools/ant-ivy/build/classes/optional:/Volumes/MacintoshHDD/mccurdyc/computer_science/cs441s2016/cs441s2016-fp-team1/tools/ant-ivy/build/test:/usr/local/Cellar/ant/1.9.4/libexec/lib/ant-launcher.jar:/usr/local/Cellar/ant/1.9.4/libexec/lib/ant.jar:/usr/local/Cellar/ant/1.9.4/libexec/lib/ant-junit.jar:/usr/local/Cellar/ant/1.9.4/libexec/lib/ant-junit4.jar'
setting 'user.name' to 'ColtonMcCurdy'
setting 'java.vm.specification.version' to '1.8'
setting 'sun.java.command' to 'org.apache.tools.ant.taskdefs.optional.junit.JUnitTestRunner org.apache.ivy.ant.IvyPublishTest skipNonTests=false filtertrace=true haltOnError=false haltOnFailure=false formatter=org.apache.tools.ant.taskdefs.optional.junit.SummaryJUnitResultFormatter showoutput=false outputtoformatters=true logfailedtests=true threadid=0 logtestlistenerevents=false formatter=org.apache.tools.ant.taskdefs.optional.junit.XMLJUnitResultFormatter,/Volumes/MacintoshHDD/mccurdyc/computer_science/cs441s2016/cs441s2016-fp-team1/tools/ant-ivy/build/test-report/TEST-org.apache.ivy.ant.IvyPublishTest.xml crashfile=/Volumes/MacintoshHDD/mccurdyc/computer_science/cs441s2016/cs441s2016-fp-team1/tools/ant-ivy/junitvmwatcher5583869892466095225.properties propsfile=/Volumes/MacintoshHDD/mccurdyc/computer_science/cs441s2016/cs441s2016-fp-team1/tools/ant-ivy/junit1479208125430173258.properties'
setting 'java.home' to '/Library/Java/JavaVirtualMachines/jdk1.8.0_66.jdk/Contents/Home/jre'
setting 'sun.arch.data.model' to '64'
setting 'user.language' to 'tr'
setting 'java.specification.vendor' to 'Oracle Corporation'
setting 'awt.toolkit' to 'sun.lwawt.macosx.LWCToolkit'
setting 'java.vm.info' to 'mixed mode'
setting 'java.version' to '1.8.0_66'
setting 'java.ext.dirs' to '/Users/ColtonMcCurdy/Library/Java/Extensions:/Library/Java/JavaVirtualMachines/jdk1.8.0_66.jdk/Contents/Home/jre/lib/ext:/Library/Java/Extensions:/Network/Library/Java/Extensions:/System/Library/Java/Extensions:/usr/lib/java'
setting 'sun.boot.class.path' to '/Library/Java/JavaVirtualMachines/jdk1.8.0_66.jdk/Contents/Home/jre/lib/resources.jar:/Library/Java/JavaVirtualMachines/jdk1.8.0_66.jdk/Contents/Home/jre/lib/rt.jar:/Library/Java/JavaVirtualMachines/jdk1.8.0_66.jdk/Contents/Home/jre/lib/sunrsasign.jar:/Library/Java/JavaVirtualMachines/jdk1.8.0_66.jdk/Contents/Home/jre/lib/jsse.jar:/Library/Java/JavaVirtualMachines/jdk1.8.0_66.jdk/Contents/Home/jre/lib/jce.jar:/Library/Java/JavaVirtualMachines/jdk1.8.0_66.jdk/Contents/Home/jre/lib/charsets.jar:/Library/Java/JavaVirtualMachines/jdk1.8.0_66.jdk/Contents/Home/jre/lib/jfr.jar:/Library/Java/JavaVirtualMachines/jdk1.8.0_66.jdk/Contents/Home/jre/classes'
setting 'java.vendor' to 'Oracle Corporation'
setting 'file.separator' to '/'
setting 'java.vendor.url.bug' to 'http://bugreport.sun.com/bugreport/'
setting 'sun.io.unicode.encoding' to 'UnicodeBig'
setting 'sun.cpu.endian' to 'little'
setting 'user.region' to 'TR'
setting 'sun.cpu.isalist' to ''
:: loading settings :: url = file:/Volumes/MacintoshHDD/mccurdyc/computer_science/cs441s2016/cs441s2016-fp-team1/tools/ant-ivy/build/classes/core/org/apache/ivy/core/settings/ivysettings.xml
setting 'ivy.settings.url' to 'file:/Volumes/MacintoshHDD/mccurdyc/computer_science/cs441s2016/cs441s2016-fp-team1/tools/ant-ivy/build/classes/core/org/apache/ivy/core/settings/ivysettings.xml'
setting 'ivy.conf.url' to 'file:/Volumes/MacintoshHDD/mccurdyc/computer_science/cs441s2016/cs441s2016-fp-team1/tools/ant-ivy/build/classes/core/org/apache/ivy/core/settings/ivysettings.xml'
setting 'ivy.settings.dir' to 'file:/Volumes/MacintoshHDD/mccurdyc/computer_science/cs441s2016/cs441s2016-fp-team1/tools/ant-ivy/build/classes/core/org/apache/ivy/core/settings'
setting 'ivy.settings.dir.url' to 'file:/Volumes/MacintoshHDD/mccurdyc/computer_science/cs441s2016/cs441s2016-fp-team1/tools/ant-ivy/build/classes/core/org/apache/ivy/core/settings'
setting 'ivy.conf.dir' to 'file:/Volumes/MacintoshHDD/mccurdyc/computer_science/cs441s2016/cs441s2016-fp-team1/tools/ant-ivy/build/classes/core/org/apache/ivy/core/settings'
setting 'ivy.default.ivy.user.dir' to '/Users/ColtonMcCurdy/.ivy2'
setting 'ivy.home' to '/Users/ColtonMcCurdy/.ivy2'
no default ivy user dir defined: set to /Users/ColtonMcCurdy/.ivy2
setting 'ivy.log.modules.in.use' to 'false'
setting 'ivy.resolver.default.check.modified' to 'false'
setting 'ivy.default.always.check.exact.revision' to 'false'
setting 'ivy.retrieve.pattern' to '${ivy.lib.dir}/[artifact]-[revision](-[classifier]).[ext]'
setting 'ivy.configurations' to '*'
setting 'ivy.buildlist.ivyfilepath' to 'ivy.xml'
setting 'ivy.status' to 'integration'
setting 'ivy.resolve.default.type.filter' to '*'
setting 'ivy.project.dir' to '${basedir}'
setting 'ivy.dep.file' to 'ivy.xml'
setting 'ivy.settings.file' to 'ivysettings.xml'
setting 'ivy.report.output.pattern' to '[organisation]-[module]-[conf].[ext]'
setting 'ivy.cache.ttl.default' to '10s'
setting 'ivy.publish.src.artifacts.pattern' to '${ivy.distrib.dir}/[type]s/[artifact]-[revision](-[classifier]).[ext]'
setting 'ivy.deliver.ivy.pattern' to '${ivy.distrib.dir}/[type]s/[artifact]-[revision](-[classifier]).[ext]'
setting 'ivy.build.artifacts.dir' to '${ivy.project.dir}/build/artifacts'
setting 'ivy.checksums' to 'sha1,md5'
setting 'ivy.distrib.dir' to '${ivy.project.dir}/distrib'
setting 'ivy.lib.dir' to '${ivy.project.dir}/lib'
including url: file:/Volumes/MacintoshHDD/mccurdyc/computer_science/cs441s2016/cs441s2016-fp-team1/tools/ant-ivy/build/classes/core/org/apache/ivy/core/settings/ivysettings-public.xml
setting 'ivy.settings.dir.url' to 'file:/Volumes/MacintoshHDD/mccurdyc/computer_science/cs441s2016/cs441s2016-fp-team1/tools/ant-ivy/build/classes/core/org/apache/ivy/core/settings'
public: no namespace defined: using system
public: no latest strategy defined: using default
including url: file:/Volumes/MacintoshHDD/mccurdyc/computer_science/cs441s2016/cs441s2016-fp-team1/tools/ant-ivy/build/classes/core/org/apache/ivy/core/settings/ivysettings-shared.xml
setting 'ivy.settings.dir.url' to 'file:/Volumes/MacintoshHDD/mccurdyc/computer_science/cs441s2016/cs441s2016-fp-team1/tools/ant-ivy/build/classes/core/org/apache/ivy/core/settings'
setting 'ivy.shared.default.root' to '/Users/ColtonMcCurdy/.ivy2/shared'
setting 'ivy.shared.default.ivy.pattern' to '[organisation]/[module]/[revision]/[type]s/[artifact].[ext]'
setting 'ivy.shared.default.artifact.pattern' to '[organisation]/[module]/[revision]/[type]s/[artifact].[ext]'
shared: no namespace defined: using system
shared: no latest strategy defined: using default
public: no namespace defined: using system
public: no latest strategy defined: using default
including url: file:/Volumes/MacintoshHDD/mccurdyc/computer_science/cs441s2016/cs441s2016-fp-team1/tools/ant-ivy/build/classes/core/org/apache/ivy/core/settings/ivysettings-local.xml
setting 'ivy.settings.dir.url' to 'file:/Volumes/MacintoshHDD/mccurdyc/computer_science/cs441s2016/cs441s2016-fp-team1/tools/ant-ivy/build/classes/core/org/apache/ivy/core/settings'
setting 'ivy.local.default.root' to '/Users/ColtonMcCurdy/.ivy2/local'
setting 'ivy.local.default.ivy.pattern' to '[organisation]/[module]/[revision]/[type]s/[artifact].[ext]'
setting 'ivy.local.default.artifact.pattern' to '[organisation]/[module]/[revision]/[type]s/[artifact].[ext]'
shared: no namespace defined: using system
shared: no latest strategy defined: using default
public: no namespace defined: using system
public: no latest strategy defined: using default
local: no namespace defined: using system
local: no latest strategy defined: using default
including url: file:/Volumes/MacintoshHDD/mccurdyc/computer_science/cs441s2016/cs441s2016-fp-team1/tools/ant-ivy/build/classes/core/org/apache/ivy/core/settings/ivysettings-main-chain.xml
setting 'ivy.settings.dir.url' to 'file:/Volumes/MacintoshHDD/mccurdyc/computer_science/cs441s2016/cs441s2016-fp-team1/tools/ant-ivy/build/classes/core/org/apache/ivy/core/settings'
shared: no namespace defined: using system
shared: no latest strategy defined: using default
public: no namespace defined: using system
public: no latest strategy defined: using default
main: no namespace defined: using system
main: no latest strategy defined: using default
local: no namespace defined: using system
local: no latest strategy defined: using default
including url: file:/Volumes/MacintoshHDD/mccurdyc/computer_science/cs441s2016/cs441s2016-fp-team1/tools/ant-ivy/build/classes/core/org/apache/ivy/core/settings/ivysettings-default-chain.xml
setting 'ivy.settings.dir.url' to 'file:/Volumes/MacintoshHDD/mccurdyc/computer_science/cs441s2016/cs441s2016-fp-team1/tools/ant-ivy/build/classes/core/org/apache/ivy/core/settings'
shared: no namespace defined: using system
shared: no latest strategy defined: using default
default: no namespace defined: using system
default: no latest strategy defined: using default
public: no namespace defined: using system
public: no latest strategy defined: using default
main: no namespace defined: using system
main: no latest strategy defined: using default
local: no namespace defined: using system
local: no latest strategy defined: using default
shared: no namespace defined: using system
shared: no latest strategy defined: using default
default: no namespace defined: using system
default: no latest strategy defined: using default
public: no namespace defined: using system
public: no latest strategy defined: using default
main: no namespace defined: using system
main: no latest strategy defined: using default
local: no namespace defined: using system
local: no latest strategy defined: using default
'ivy.default.ivy.user.dir' already set: discarding '/Users/ColtonMcCurdy/.ivy2'
settings loaded (17ms)
	default cache: /Volumes/MacintoshHDD/mccurdyc/computer_science/cs441s2016/cs441s2016-fp-team1/tools/ant-ivy/build/cache
	default resolver: default
	default latest strategy: latest-revision
	default conflict manager: latest-revision
	circular dependency strategy: warn
	validate: true
	check up2date: true
	-- 5 resolvers:
	shared [file]
		cache: null
		m2compatible: false
		ivy patterns:
			/Users/ColtonMcCurdy/.ivy2/shared/[organisation]/[module]/[revision]/[type]s/[artifact].[ext]
		artifact patterns:
			/Users/ColtonMcCurdy/.ivy2/shared/[organisation]/[module]/[revision]/[type]s/[artifact].[ext]
		repository: shared
	default [chain] [local, main]
		return first: true
		dual: false
		-> local
		-> main
	public [ibiblio]
		cache: null
		m2compatible: true
		ivy patterns:
			https://repo1.maven.org/maven2/[organisation]/[module]/[revision]/[artifact]-[revision](-[classifier]).[ext]
		artifact patterns:
			https://repo1.maven.org/maven2/[organisation]/[module]/[revision]/[artifact]-[revision](-[classifier]).[ext]
		repository: public
		root: https://repo1.maven.org/maven2/
		pattern: [organisation]/[module]/[revision]/[artifact]-[revision](-[classifier]).[ext]
		usepoms: true
		useMavenMetadata: true
	main [chain] [shared, public]
		return first: false
		dual: true
		-> shared
		-> public
	local [file]
		cache: null
		m2compatible: false
		ivy patterns:
			/Users/ColtonMcCurdy/.ivy2/local/[organisation]/[module]/[revision]/[type]s/[artifact].[ext]
		artifact patterns:
			/Users/ColtonMcCurdy/.ivy2/local/[organisation]/[module]/[revision]/[type]s/[artifact].[ext]
		repository: local
	module settings:
		NONE
pre 1.3 ivy file: using exactOrRegexp as default matcher
setting 'ivy.default.settings.dir' to 'file:/Volumes/MacintoshHDD/mccurdyc/computer_science/cs441s2016/cs441s2016-fp-team1/tools/ant-ivy/build/classes/core/org/apache/ivy/core/settings'
setting 'ivy.basedir' to '/Volumes/MacintoshHDD/mccurdyc/computer_science/cs441s2016/cs441s2016-fp-team1/tools/ant-ivy/.'
setting 'ivy.default.conf.dir' to 'file:/Volumes/MacintoshHDD/mccurdyc/computer_science/cs441s2016/cs441s2016-fp-team1/tools/ant-ivy/build/classes/core/org/apache/ivy/core/settings'
setting 'java.runtime.name' to 'Java(TM) SE Runtime Environment'
setting 'sun.boot.library.path' to '/Library/Java/JavaVirtualMachines/jdk1.8.0_66.jdk/Contents/Home/jre/lib'
setting 'java.vm.version' to '25.66-b17'
setting 'gopherProxySet' to 'false'
setting 'java.vm.vendor' to 'Oracle Corporation'
setting 'java.vendor.url' to 'http://java.oracle.com/'
setting 'emma.coverage.out.merge' to 'true'
setting 'path.separator' to ':'
setting 'java.vm.name' to 'Java HotSpot(TM) 64-Bit Server VM'
setting 'file.encoding.pkg' to 'sun.io'
setting 'user.country' to 'US'
setting 'sun.java.launcher' to 'SUN_STANDARD'
setting 'sun.os.patch.level' to 'unknown'
setting 'java.vm.specification.name' to 'Java Virtual Machine Specification'
setting 'user.dir' to '/Volumes/MacintoshHDD/mccurdyc/computer_science/cs441s2016/cs441s2016-fp-team1/tools/ant-ivy'
setting 'java.runtime.version' to '1.8.0_66-b17'
setting 'java.awt.graphicsenv' to 'sun.awt.CGraphicsEnvironment'
setting 'java.endorsed.dirs' to '/Library/Java/JavaVirtualMachines/jdk1.8.0_66.jdk/Contents/Home/jre/lib/endorsed'
setting 'os.arch' to 'x86_64'
setting 'java.io.tmpdir' to '/var/folders/63/3rz5g1g93kl56014nnctmg6w0000gn/T/'
setting 'line.separator' to '
'
setting 'java.vm.specification.vendor' to 'Oracle Corporation'
setting 'os.name' to 'Mac OS X'
setting 'sun.jnu.encoding' to 'UTF-8'
setting 'java.library.path' to '/Users/ColtonMcCurdy/Library/Java/Extensions:/Library/Java/Extensions:/Network/Library/Java/Extensions:/System/Library/Java/Extensions:/usr/lib/java:.'
setting 'emma.coverage.out.file' to '${coverage.dir}/coverage.emma'
setting 'ivy.cache.dir' to '/Volumes/MacintoshHDD/mccurdyc/computer_science/cs441s2016/cs441s2016-fp-team1/tools/ant-ivy/build/cache'
setting 'java.specification.name' to 'Java Platform API Specification'
setting 'java.class.version' to '52.0'
setting 'sun.management.compiler' to 'HotSpot 64-Bit Tiered Compilers'
setting 'os.version' to '10.11.4'
setting 'user.home' to '/Users/ColtonMcCurdy'
setting 'user.timezone' to 'America/New_York'
setting 'java.awt.printerjob' to 'sun.lwawt.macosx.CPrinterJob'
setting 'file.encoding' to 'UTF-8'
setting 'java.specification.version' to '1.8'
setting 'java.class.path' to '/Volumes/MacintoshHDD/mccurdyc/computer_science/cs441s2016/cs441s2016-fp-team1/tools/ant-ivy/lib/ant-contrib.jar:/Volumes/MacintoshHDD/mccurdyc/computer_science/cs441s2016/cs441s2016-fp-team1/tools/ant-ivy/lib/ant-testutil.jar:/Volumes/MacintoshHDD/mccurdyc/computer_science/cs441s2016/cs441s2016-fp-team1/tools/ant-ivy/lib/bcpg-jdk15on.jar:/Volumes/MacintoshHDD/mccurdyc/computer_science/cs441s2016/cs441s2016-fp-team1/tools/ant-ivy/lib/bcprov-jdk15on.jar:/Volumes/MacintoshHDD/mccurdyc/computer_science/cs441s2016/cs441s2016-fp-team1/tools/ant-ivy/lib/commons-codec.jar:/Volumes/MacintoshHDD/mccurdyc/computer_science/cs441s2016/cs441s2016-fp-team1/tools/ant-ivy/lib/commons-httpclient.jar:/Volumes/MacintoshHDD/mccurdyc/computer_science/cs441s2016/cs441s2016-fp-team1/tools/ant-ivy/lib/commons-lang.jar:/Volumes/MacintoshHDD/mccurdyc/computer_science/cs441s2016/cs441s2016-fp-team1/tools/ant-ivy/lib/commons-logging.jar:/Volumes/MacintoshHDD/mccurdyc/computer_science/cs441s2016/cs441s2016-fp-team1/tools/ant-ivy/lib/commons-vfs.jar:/Volumes/MacintoshHDD/mccurdyc/computer_science/cs441s2016/cs441s2016-fp-team1/tools/ant-ivy/lib/jna.jar:/Volumes/MacintoshHDD/mccurdyc/computer_science/cs441s2016/cs441s2016-fp-team1/tools/ant-ivy/lib/jsch.agentproxy.connector-factory.jar:/Volumes/MacintoshHDD/mccurdyc/computer_science/cs441s2016/cs441s2016-fp-team1/tools/ant-ivy/lib/jsch.agentproxy.core.jar:/Volumes/MacintoshHDD/mccurdyc/computer_science/cs441s2016/cs441s2016-fp-team1/tools/ant-ivy/lib/jsch.agentproxy.jsch.jar:/Volumes/MacintoshHDD/mccurdyc/computer_science/cs441s2016/cs441s2016-fp-team1/tools/ant-ivy/lib/jsch.agentproxy.pageant.jar:/Volumes/MacintoshHDD/mccurdyc/computer_science/cs441s2016/cs441s2016-fp-team1/tools/ant-ivy/lib/jsch.agentproxy.sshagent.jar:/Volumes/MacintoshHDD/mccurdyc/computer_science/cs441s2016/cs441s2016-fp-team1/tools/ant-ivy/lib/jsch.agentproxy.usocket-jna.jar:/Volumes/MacintoshHDD/mccurdyc/computer_science/cs441s2016/cs441s2016-fp-team1/tools/ant-ivy/lib/jsch.agentproxy.usocket-nc.jar:/Volumes/MacintoshHDD/mccurdyc/computer_science/cs441s2016/cs441s2016-fp-team1/tools/ant-ivy/lib/jsch.jar:/Volumes/MacintoshHDD/mccurdyc/computer_science/cs441s2016/cs441s2016-fp-team1/tools/ant-ivy/lib/junit.jar:/Volumes/MacintoshHDD/mccurdyc/computer_science/cs441s2016/cs441s2016-fp-team1/tools/ant-ivy/lib/oro.jar:/Volumes/MacintoshHDD/mccurdyc/computer_science/cs441s2016/cs441s2016-fp-team1/tools/ant-ivy/lib/platform.jar:/Volumes/MacintoshHDD/mccurdyc/computer_science/cs441s2016/cs441s2016-fp-team1/tools/ant-ivy/lib/xercesImpl.jar:/Volumes/MacintoshHDD/mccurdyc/computer_science/cs441s2016/cs441s2016-fp-team1/tools/ant-ivy/lib/xmlParserAPIs.jar:/Volumes/MacintoshHDD/mccurdyc/computer_science/cs441s2016/cs441s2016-fp-team1/tools/ant-ivy/lib/xmlunit.jar:/Volumes/MacintoshHDD/mccurdyc/computer_science/cs441s2016/cs441s2016-fp-team1/tools/ant-ivy/build/classes/core:/Volumes/MacintoshHDD/mccurdyc/computer_science/cs441s2016/cs441s2016-fp-team1/tools/ant-ivy/build/classes/ant:/Volumes/MacintoshHDD/mccurdyc/computer_science/cs441s2016/cs441s2016-fp-team1/tools/ant-ivy/build/classes/optional:/Volumes/MacintoshHDD/mccurdyc/computer_science/cs441s2016/cs441s2016-fp-team1/tools/ant-ivy/build/test:/usr/local/Cellar/ant/1.9.4/libexec/lib/ant-launcher.jar:/usr/local/Cellar/ant/1.9.4/libexec/lib/ant.jar:/usr/local/Cellar/ant/1.9.4/libexec/lib/ant-junit.jar:/usr/local/Cellar/ant/1.9.4/libexec/lib/ant-junit4.jar'
setting 'user.name' to 'ColtonMcCurdy'
setting 'java.vm.specification.version' to '1.8'
setting 'sun.java.command' to 'org.apache.tools.ant.taskdefs.optional.junit.JUnitTestRunner org.apache.ivy.ant.IvyPublishTest skipNonTests=false filtertrace=true haltOnError=false haltOnFailure=false formatter=org.apache.tools.ant.taskdefs.optional.junit.SummaryJUnitResultFormatter showoutput=false outputtoformatters=true logfailedtests=true threadid=0 logtestlistenerevents=false formatter=org.apache.tools.ant.taskdefs.optional.junit.XMLJUnitResultFormatter,/Volumes/MacintoshHDD/mccurdyc/computer_science/cs441s2016/cs441s2016-fp-team1/tools/ant-ivy/build/test-report/TEST-org.apache.ivy.ant.IvyPublishTest.xml crashfile=/Volumes/MacintoshHDD/mccurdyc/computer_science/cs441s2016/cs441s2016-fp-team1/tools/ant-ivy/junitvmwatcher5583869892466095225.properties propsfile=/Volumes/MacintoshHDD/mccurdyc/computer_science/cs441s2016/cs441s2016-fp-team1/tools/ant-ivy/junit1479208125430173258.properties'
setting 'java.home' to '/Library/Java/JavaVirtualMachines/jdk1.8.0_66.jdk/Contents/Home/jre'
setting 'sun.arch.data.model' to '64'
setting 'user.language' to 'tr'
setting 'java.specification.vendor' to 'Oracle Corporation'
setting 'awt.toolkit' to 'sun.lwawt.macosx.LWCToolkit'
setting 'java.vm.info' to 'mixed mode'
setting 'java.version' to '1.8.0_66'
setting 'java.ext.dirs' to '/Users/ColtonMcCurdy/Library/Java/Extensions:/Library/Java/JavaVirtualMachines/jdk1.8.0_66.jdk/Contents/Home/jre/lib/ext:/Library/Java/Extensions:/Network/Library/Java/Extensions:/System/Library/Java/Extensions:/usr/lib/java'
setting 'sun.boot.class.path' to '/Library/Java/JavaVirtualMachines/jdk1.8.0_66.jdk/Contents/Home/jre/lib/resources.jar:/Library/Java/JavaVirtualMachines/jdk1.8.0_66.jdk/Contents/Home/jre/lib/rt.jar:/Library/Java/JavaVirtualMachines/jdk1.8.0_66.jdk/Contents/Home/jre/lib/sunrsasign.jar:/Library/Java/JavaVirtualMachines/jdk1.8.0_66.jdk/Contents/Home/jre/lib/jsse.jar:/Library/Java/JavaVirtualMachines/jdk1.8.0_66.jdk/Contents/Home/jre/lib/jce.jar:/Library/Java/JavaVirtualMachines/jdk1.8.0_66.jdk/Contents/Home/jre/lib/charsets.jar:/Library/Java/JavaVirtualMachines/jdk1.8.0_66.jdk/Contents/Home/jre/lib/jfr.jar:/Library/Java/JavaVirtualMachines/jdk1.8.0_66.jdk/Contents/Home/jre/classes'
setting 'java.vendor' to 'Oracle Corporation'
setting 'file.separator' to '/'
setting 'java.vendor.url.bug' to 'http://bugreport.sun.com/bugreport/'
setting 'sun.io.unicode.encoding' to 'UnicodeBig'
setting 'sun.cpu.endian' to 'little'
setting 'user.region' to 'TR'
setting 'sun.cpu.isalist' to ''
setting 'ivy.basedir' to '/Volumes/MacintoshHDD/mccurdyc/computer_science/cs441s2016/cs441s2016-fp-team1/tools/ant-ivy'
setting 'basedir' to '/Volumes/MacintoshHDD/mccurdyc/computer_science/cs441s2016/cs441s2016-fp-team1/tools/ant-ivy'
     [null] :: loading settings :: file = /Volumes/MacintoshHDD/mccurdyc/computer_science/cs441s2016/cs441s2016-fp-team1/tools/ant-ivy/test/repositories/ivysettings.xml
     [null] :: resolving dependencies :: apache#resolve-latest;1.0
     [null] 	confs: [default]
     [null] 	found org1#mod1.2;2.2 in 1
     [null] 	[2.2] org1#mod1.2;latest.integration
     [null] downloading /Volumes/MacintoshHDD/mccurdyc/computer_science/cs441s2016/cs441s2016-fp-team1/tools/ant-ivy/test/repositories/1/org1/mod1.2/jars/mod1.2-2.2.jar ...
     [null] . (0kB)
     [null] 	[SUCCESSFUL ] org1#mod1.2;2.2!mod1.2.jar (2ms)
     [null] :: resolution report :: resolve 14ms :: artifacts dl 3ms
	---------------------------------------------------------------------
	|                  |            modules            ||   artifacts   |
	|       conf       | number| search|dwnlded|evicted|| number|dwnlded|
	---------------------------------------------------------------------
	|      default     |   1   |   1   |   0   |   0   ||   1   |   1   |
	---------------------------------------------------------------------
     [null] :: publishing :: apache#resolve-latest
setting 'ivy.default.settings.dir' to 'file:/Volumes/MacintoshHDD/mccurdyc/computer_science/cs441s2016/cs441s2016-fp-team1/tools/ant-ivy/build/classes/core/org/apache/ivy/core/settings'
setting 'ivy.basedir' to '/Volumes/MacintoshHDD/mccurdyc/computer_science/cs441s2016/cs441s2016-fp-team1/tools/ant-ivy/.'
setting 'ivy.default.conf.dir' to 'file:/Volumes/MacintoshHDD/mccurdyc/computer_science/cs441s2016/cs441s2016-fp-team1/tools/ant-ivy/build/classes/core/org/apache/ivy/core/settings'
setting 'java.runtime.name' to 'Java(TM) SE Runtime Environment'
setting 'sun.boot.library.path' to '/Library/Java/JavaVirtualMachines/jdk1.8.0_66.jdk/Contents/Home/jre/lib'
setting 'java.vm.version' to '25.66-b17'
setting 'gopherProxySet' to 'false'
setting 'java.vm.vendor' to 'Oracle Corporation'
setting 'java.vendor.url' to 'http://java.oracle.com/'
setting 'emma.coverage.out.merge' to 'true'
setting 'path.separator' to ':'
setting 'java.vm.name' to 'Java HotSpot(TM) 64-Bit Server VM'
setting 'file.encoding.pkg' to 'sun.io'
setting 'user.country' to 'US'
setting 'sun.java.launcher' to 'SUN_STANDARD'
setting 'sun.os.patch.level' to 'unknown'
setting 'java.vm.specification.name' to 'Java Virtual Machine Specification'
setting 'user.dir' to '/Volumes/MacintoshHDD/mccurdyc/computer_science/cs441s2016/cs441s2016-fp-team1/tools/ant-ivy'
setting 'java.runtime.version' to '1.8.0_66-b17'
setting 'java.awt.graphicsenv' to 'sun.awt.CGraphicsEnvironment'
setting 'java.endorsed.dirs' to '/Library/Java/JavaVirtualMachines/jdk1.8.0_66.jdk/Contents/Home/jre/lib/endorsed'
setting 'os.arch' to 'x86_64'
setting 'java.io.tmpdir' to '/var/folders/63/3rz5g1g93kl56014nnctmg6w0000gn/T/'
setting 'line.separator' to '
'
setting 'java.vm.specification.vendor' to 'Oracle Corporation'
setting 'os.name' to 'Mac OS X'
setting 'sun.jnu.encoding' to 'UTF-8'
setting 'java.library.path' to '/Users/ColtonMcCurdy/Library/Java/Extensions:/Library/Java/Extensions:/Network/Library/Java/Extensions:/System/Library/Java/Extensions:/usr/lib/java:.'
setting 'emma.coverage.out.file' to '${coverage.dir}/coverage.emma'
setting 'ivy.cache.dir' to '/Volumes/MacintoshHDD/mccurdyc/computer_science/cs441s2016/cs441s2016-fp-team1/tools/ant-ivy/build/cache'
setting 'java.specification.name' to 'Java Platform API Specification'
setting 'java.class.version' to '52.0'
setting 'sun.management.compiler' to 'HotSpot 64-Bit Tiered Compilers'
setting 'os.version' to '10.11.4'
setting 'user.home' to '/Users/ColtonMcCurdy'
setting 'user.timezone' to 'America/New_York'
setting 'java.awt.printerjob' to 'sun.lwawt.macosx.CPrinterJob'
setting 'file.encoding' to 'UTF-8'
setting 'java.specification.version' to '1.8'
setting 'java.class.path' to '/Volumes/MacintoshHDD/mccurdyc/computer_science/cs441s2016/cs441s2016-fp-team1/tools/ant-ivy/lib/ant-contrib.jar:/Volumes/MacintoshHDD/mccurdyc/computer_science/cs441s2016/cs441s2016-fp-team1/tools/ant-ivy/lib/ant-testutil.jar:/Volumes/MacintoshHDD/mccurdyc/computer_science/cs441s2016/cs441s2016-fp-team1/tools/ant-ivy/lib/bcpg-jdk15on.jar:/Volumes/MacintoshHDD/mccurdyc/computer_science/cs441s2016/cs441s2016-fp-team1/tools/ant-ivy/lib/bcprov-jdk15on.jar:/Volumes/MacintoshHDD/mccurdyc/computer_science/cs441s2016/cs441s2016-fp-team1/tools/ant-ivy/lib/commons-codec.jar:/Volumes/MacintoshHDD/mccurdyc/computer_science/cs441s2016/cs441s2016-fp-team1/tools/ant-ivy/lib/commons-httpclient.jar:/Volumes/MacintoshHDD/mccurdyc/computer_science/cs441s2016/cs441s2016-fp-team1/tools/ant-ivy/lib/commons-lang.jar:/Volumes/MacintoshHDD/mccurdyc/computer_science/cs441s2016/cs441s2016-fp-team1/tools/ant-ivy/lib/commons-logging.jar:/Volumes/MacintoshHDD/mccurdyc/computer_science/cs441s2016/cs441s2016-fp-team1/tools/ant-ivy/lib/commons-vfs.jar:/Volumes/MacintoshHDD/mccurdyc/computer_science/cs441s2016/cs441s2016-fp-team1/tools/ant-ivy/lib/jna.jar:/Volumes/MacintoshHDD/mccurdyc/computer_science/cs441s2016/cs441s2016-fp-team1/tools/ant-ivy/lib/jsch.agentproxy.connector-factory.jar:/Volumes/MacintoshHDD/mccurdyc/computer_science/cs441s2016/cs441s2016-fp-team1/tools/ant-ivy/lib/jsch.agentproxy.core.jar:/Volumes/MacintoshHDD/mccurdyc/computer_science/cs441s2016/cs441s2016-fp-team1/tools/ant-ivy/lib/jsch.agentproxy.jsch.jar:/Volumes/MacintoshHDD/mccurdyc/computer_science/cs441s2016/cs441s2016-fp-team1/tools/ant-ivy/lib/jsch.agentproxy.pageant.jar:/Volumes/MacintoshHDD/mccurdyc/computer_science/cs441s2016/cs441s2016-fp-team1/tools/ant-ivy/lib/jsch.agentproxy.sshagent.jar:/Volumes/MacintoshHDD/mccurdyc/computer_science/cs441s2016/cs441s2016-fp-team1/tools/ant-ivy/lib/jsch.agentproxy.usocket-jna.jar:/Volumes/MacintoshHDD/mccurdyc/computer_science/cs441s2016/cs441s2016-fp-team1/tools/ant-ivy/lib/jsch.agentproxy.usocket-nc.jar:/Volumes/MacintoshHDD/mccurdyc/computer_science/cs441s2016/cs441s2016-fp-team1/tools/ant-ivy/lib/jsch.jar:/Volumes/MacintoshHDD/mccurdyc/computer_science/cs441s2016/cs441s2016-fp-team1/tools/ant-ivy/lib/junit.jar:/Volumes/MacintoshHDD/mccurdyc/computer_science/cs441s2016/cs441s2016-fp-team1/tools/ant-ivy/lib/oro.jar:/Volumes/MacintoshHDD/mccurdyc/computer_science/cs441s2016/cs441s2016-fp-team1/tools/ant-ivy/lib/platform.jar:/Volumes/MacintoshHDD/mccurdyc/computer_science/cs441s2016/cs441s2016-fp-team1/tools/ant-ivy/lib/xercesImpl.jar:/Volumes/MacintoshHDD/mccurdyc/computer_science/cs441s2016/cs441s2016-fp-team1/tools/ant-ivy/lib/xmlParserAPIs.jar:/Volumes/MacintoshHDD/mccurdyc/computer_science/cs441s2016/cs441s2016-fp-team1/tools/ant-ivy/lib/xmlunit.jar:/Volumes/MacintoshHDD/mccurdyc/computer_science/cs441s2016/cs441s2016-fp-team1/tools/ant-ivy/build/classes/core:/Volumes/MacintoshHDD/mccurdyc/computer_science/cs441s2016/cs441s2016-fp-team1/tools/ant-ivy/build/classes/ant:/Volumes/MacintoshHDD/mccurdyc/computer_science/cs441s2016/cs441s2016-fp-team1/tools/ant-ivy/build/classes/optional:/Volumes/MacintoshHDD/mccurdyc/computer_science/cs441s2016/cs441s2016-fp-team1/tools/ant-ivy/build/test:/usr/local/Cellar/ant/1.9.4/libexec/lib/ant-launcher.jar:/usr/local/Cellar/ant/1.9.4/libexec/lib/ant.jar:/usr/local/Cellar/ant/1.9.4/libexec/lib/ant-junit.jar:/usr/local/Cellar/ant/1.9.4/libexec/lib/ant-junit4.jar'
setting 'user.name' to 'ColtonMcCurdy'
setting 'java.vm.specification.version' to '1.8'
setting 'sun.java.command' to 'org.apache.tools.ant.taskdefs.optional.junit.JUnitTestRunner org.apache.ivy.ant.IvyPublishTest skipNonTests=false filtertrace=true haltOnError=false haltOnFailure=false formatter=org.apache.tools.ant.taskdefs.optional.junit.SummaryJUnitResultFormatter showoutput=false outputtoformatters=true logfailedtests=true threadid=0 logtestlistenerevents=false formatter=org.apache.tools.ant.taskdefs.optional.junit.XMLJUnitResultFormatter,/Volumes/MacintoshHDD/mccurdyc/computer_science/cs441s2016/cs441s2016-fp-team1/tools/ant-ivy/build/test-report/TEST-org.apache.ivy.ant.IvyPublishTest.xml crashfile=/Volumes/MacintoshHDD/mccurdyc/computer_science/cs441s2016/cs441s2016-fp-team1/tools/ant-ivy/junitvmwatcher5583869892466095225.properties propsfile=/Volumes/MacintoshHDD/mccurdyc/computer_science/cs441s2016/cs441s2016-fp-team1/tools/ant-ivy/junit1479208125430173258.properties'
setting 'java.home' to '/Library/Java/JavaVirtualMachines/jdk1.8.0_66.jdk/Contents/Home/jre'
setting 'sun.arch.data.model' to '64'
setting 'user.language' to 'tr'
setting 'java.specification.vendor' to 'Oracle Corporation'
setting 'awt.toolkit' to 'sun.lwawt.macosx.LWCToolkit'
setting 'java.vm.info' to 'mixed mode'
setting 'java.version' to '1.8.0_66'
setting 'java.ext.dirs' to '/Users/ColtonMcCurdy/Library/Java/Extensions:/Library/Java/JavaVirtualMachines/jdk1.8.0_66.jdk/Contents/Home/jre/lib/ext:/Library/Java/Extensions:/Network/Library/Java/Extensions:/System/Library/Java/Extensions:/usr/lib/java'
setting 'sun.boot.class.path' to '/Library/Java/JavaVirtualMachines/jdk1.8.0_66.jdk/Contents/Home/jre/lib/resources.jar:/Library/Java/JavaVirtualMachines/jdk1.8.0_66.jdk/Contents/Home/jre/lib/rt.jar:/Library/Java/JavaVirtualMachines/jdk1.8.0_66.jdk/Contents/Home/jre/lib/sunrsasign.jar:/Library/Java/JavaVirtualMachines/jdk1.8.0_66.jdk/Contents/Home/jre/lib/jsse.jar:/Library/Java/JavaVirtualMachines/jdk1.8.0_66.jdk/Contents/Home/jre/lib/jce.jar:/Library/Java/JavaVirtualMachines/jdk1.8.0_66.jdk/Contents/Home/jre/lib/charsets.jar:/Library/Java/JavaVirtualMachines/jdk1.8.0_66.jdk/Contents/Home/jre/lib/jfr.jar:/Library/Java/JavaVirtualMachines/jdk1.8.0_66.jdk/Contents/Home/jre/classes'
setting 'java.vendor' to 'Oracle Corporation'
setting 'file.separator' to '/'
setting 'java.vendor.url.bug' to 'http://bugreport.sun.com/bugreport/'
setting 'sun.io.unicode.encoding' to 'UnicodeBig'
setting 'sun.cpu.endian' to 'little'
setting 'user.region' to 'TR'
setting 'sun.cpu.isalist' to ''
setting 'ivy.basedir' to '/Volumes/MacintoshHDD/mccurdyc/computer_science/cs441s2016/cs441s2016-fp-team1/tools/ant-ivy'
setting 'basedir' to '/Volumes/MacintoshHDD/mccurdyc/computer_science/cs441s2016/cs441s2016-fp-team1/tools/ant-ivy'
     [null] :: loading settings :: file = /Volumes/MacintoshHDD/mccurdyc/computer_science/cs441s2016/cs441s2016-fp-team1/tools/ant-ivy/test/repositories/ivysettings.xml
     [null] :: resolving dependencies :: apache#resolve-simple;1.0
     [null] 	confs: [default]
     [null] 	found org1#mod1.2;2.0 in 1
     [null] downloading /Volumes/MacintoshHDD/mccurdyc/computer_science/cs441s2016/cs441s2016-fp-team1/tools/ant-ivy/test/repositories/1/org1/mod1.2/jars/mod1.2-2.0.jar ...
     [null] . (0kB)
     [null] 	[SUCCESSFUL ] org1#mod1.2;2.0!mod1.2.jar (1ms)
     [null] :: resolution report :: resolve 8ms :: artifacts dl 2ms
	---------------------------------------------------------------------
	|                  |            modules            ||   artifacts   |
	|       conf       | number| search|dwnlded|evicted|| number|dwnlded|
	---------------------------------------------------------------------
	|      default     |   1   |   1   |   0   |   0   ||   1   |   1   |
	---------------------------------------------------------------------
     [null] :: delivering :: apache#resolve-simple;1.0 :: 1.2 :: integration :: Thu Apr 21 19:21:37 EDT 2016
     [null] 	delivering ivy file to /Volumes/MacintoshHDD/mccurdyc/computer_science/cs441s2016/cs441s2016-fp-team1/tools/ant-ivy/build/test/publish/ivy-1.2.xml
     [null] :: publishing :: apache#resolve-simple
setting 'ivy.default.settings.dir' to 'file:/Volumes/MacintoshHDD/mccurdyc/computer_science/cs441s2016/cs441s2016-fp-team1/tools/ant-ivy/build/classes/core/org/apache/ivy/core/settings'
setting 'ivy.basedir' to '/Volumes/MacintoshHDD/mccurdyc/computer_science/cs441s2016/cs441s2016-fp-team1/tools/ant-ivy/.'
setting 'ivy.default.conf.dir' to 'file:/Volumes/MacintoshHDD/mccurdyc/computer_science/cs441s2016/cs441s2016-fp-team1/tools/ant-ivy/build/classes/core/org/apache/ivy/core/settings'
setting 'java.runtime.name' to 'Java(TM) SE Runtime Environment'
setting 'sun.boot.library.path' to '/Library/Java/JavaVirtualMachines/jdk1.8.0_66.jdk/Contents/Home/jre/lib'
setting 'java.vm.version' to '25.66-b17'
setting 'gopherProxySet' to 'false'
setting 'java.vm.vendor' to 'Oracle Corporation'
setting 'java.vendor.url' to 'http://java.oracle.com/'
setting 'emma.coverage.out.merge' to 'true'
setting 'path.separator' to ':'
setting 'java.vm.name' to 'Java HotSpot(TM) 64-Bit Server VM'
setting 'file.encoding.pkg' to 'sun.io'
setting 'user.country' to 'US'
setting 'sun.java.launcher' to 'SUN_STANDARD'
setting 'sun.os.patch.level' to 'unknown'
setting 'java.vm.specification.name' to 'Java Virtual Machine Specification'
setting 'user.dir' to '/Volumes/MacintoshHDD/mccurdyc/computer_science/cs441s2016/cs441s2016-fp-team1/tools/ant-ivy'
setting 'java.runtime.version' to '1.8.0_66-b17'
setting 'java.awt.graphicsenv' to 'sun.awt.CGraphicsEnvironment'
setting 'java.endorsed.dirs' to '/Library/Java/JavaVirtualMachines/jdk1.8.0_66.jdk/Contents/Home/jre/lib/endorsed'
setting 'os.arch' to 'x86_64'
setting 'java.io.tmpdir' to '/var/folders/63/3rz5g1g93kl56014nnctmg6w0000gn/T/'
setting 'line.separator' to '
'
setting 'java.vm.specification.vendor' to 'Oracle Corporation'
setting 'os.name' to 'Mac OS X'
setting 'sun.jnu.encoding' to 'UTF-8'
setting 'java.library.path' to '/Users/ColtonMcCurdy/Library/Java/Extensions:/Library/Java/Extensions:/Network/Library/Java/Extensions:/System/Library/Java/Extensions:/usr/lib/java:.'
setting 'emma.coverage.out.file' to '${coverage.dir}/coverage.emma'
setting 'ivy.cache.dir' to '/Volumes/MacintoshHDD/mccurdyc/computer_science/cs441s2016/cs441s2016-fp-team1/tools/ant-ivy/build/cache'
setting 'java.specification.name' to 'Java Platform API Specification'
setting 'java.class.version' to '52.0'
setting 'sun.management.compiler' to 'HotSpot 64-Bit Tiered Compilers'
setting 'os.version' to '10.11.4'
setting 'user.home' to '/Users/ColtonMcCurdy'
setting 'user.timezone' to 'America/New_York'
setting 'java.awt.printerjob' to 'sun.lwawt.macosx.CPrinterJob'
setting 'file.encoding' to 'UTF-8'
setting 'java.specification.version' to '1.8'
setting 'java.class.path' to '/Volumes/MacintoshHDD/mccurdyc/computer_science/cs441s2016/cs441s2016-fp-team1/tools/ant-ivy/lib/ant-contrib.jar:/Volumes/MacintoshHDD/mccurdyc/computer_science/cs441s2016/cs441s2016-fp-team1/tools/ant-ivy/lib/ant-testutil.jar:/Volumes/MacintoshHDD/mccurdyc/computer_science/cs441s2016/cs441s2016-fp-team1/tools/ant-ivy/lib/bcpg-jdk15on.jar:/Volumes/MacintoshHDD/mccurdyc/computer_science/cs441s2016/cs441s2016-fp-team1/tools/ant-ivy/lib/bcprov-jdk15on.jar:/Volumes/MacintoshHDD/mccurdyc/computer_science/cs441s2016/cs441s2016-fp-team1/tools/ant-ivy/lib/commons-codec.jar:/Volumes/MacintoshHDD/mccurdyc/computer_science/cs441s2016/cs441s2016-fp-team1/tools/ant-ivy/lib/commons-httpclient.jar:/Volumes/MacintoshHDD/mccurdyc/computer_science/cs441s2016/cs441s2016-fp-team1/tools/ant-ivy/lib/commons-lang.jar:/Volumes/MacintoshHDD/mccurdyc/computer_science/cs441s2016/cs441s2016-fp-team1/tools/ant-ivy/lib/commons-logging.jar:/Volumes/MacintoshHDD/mccurdyc/computer_science/cs441s2016/cs441s2016-fp-team1/tools/ant-ivy/lib/commons-vfs.jar:/Volumes/MacintoshHDD/mccurdyc/computer_science/cs441s2016/cs441s2016-fp-team1/tools/ant-ivy/lib/jna.jar:/Volumes/MacintoshHDD/mccurdyc/computer_science/cs441s2016/cs441s2016-fp-team1/tools/ant-ivy/lib/jsch.agentproxy.connector-factory.jar:/Volumes/MacintoshHDD/mccurdyc/computer_science/cs441s2016/cs441s2016-fp-team1/tools/ant-ivy/lib/jsch.agentproxy.core.jar:/Volumes/MacintoshHDD/mccurdyc/computer_science/cs441s2016/cs441s2016-fp-team1/tools/ant-ivy/lib/jsch.agentproxy.jsch.jar:/Volumes/MacintoshHDD/mccurdyc/computer_science/cs441s2016/cs441s2016-fp-team1/tools/ant-ivy/lib/jsch.agentproxy.pageant.jar:/Volumes/MacintoshHDD/mccurdyc/computer_science/cs441s2016/cs441s2016-fp-team1/tools/ant-ivy/lib/jsch.agentproxy.sshagent.jar:/Volumes/MacintoshHDD/mccurdyc/computer_science/cs441s2016/cs441s2016-fp-team1/tools/ant-ivy/lib/jsch.agentproxy.usocket-jna.jar:/Volumes/MacintoshHDD/mccurdyc/computer_science/cs441s2016/cs441s2016-fp-team1/tools/ant-ivy/lib/jsch.agentproxy.usocket-nc.jar:/Volumes/MacintoshHDD/mccurdyc/computer_science/cs441s2016/cs441s2016-fp-team1/tools/ant-ivy/lib/jsch.jar:/Volumes/MacintoshHDD/mccurdyc/computer_science/cs441s2016/cs441s2016-fp-team1/tools/ant-ivy/lib/junit.jar:/Volumes/MacintoshHDD/mccurdyc/computer_science/cs441s2016/cs441s2016-fp-team1/tools/ant-ivy/lib/oro.jar:/Volumes/MacintoshHDD/mccurdyc/computer_science/cs441s2016/cs441s2016-fp-team1/tools/ant-ivy/lib/platform.jar:/Volumes/MacintoshHDD/mccurdyc/computer_science/cs441s2016/cs441s2016-fp-team1/tools/ant-ivy/lib/xercesImpl.jar:/Volumes/MacintoshHDD/mccurdyc/computer_science/cs441s2016/cs441s2016-fp-team1/tools/ant-ivy/lib/xmlParserAPIs.jar:/Volumes/MacintoshHDD/mccurdyc/computer_science/cs441s2016/cs441s2016-fp-team1/tools/ant-ivy/lib/xmlunit.jar:/Volumes/MacintoshHDD/mccurdyc/computer_science/cs441s2016/cs441s2016-fp-team1/tools/ant-ivy/build/classes/core:/Volumes/MacintoshHDD/mccurdyc/computer_science/cs441s2016/cs441s2016-fp-team1/tools/ant-ivy/build/classes/ant:/Volumes/MacintoshHDD/mccurdyc/computer_science/cs441s2016/cs441s2016-fp-team1/tools/ant-ivy/build/classes/optional:/Volumes/MacintoshHDD/mccurdyc/computer_science/cs441s2016/cs441s2016-fp-team1/tools/ant-ivy/build/test:/usr/local/Cellar/ant/1.9.4/libexec/lib/ant-launcher.jar:/usr/local/Cellar/ant/1.9.4/libexec/lib/ant.jar:/usr/local/Cellar/ant/1.9.4/libexec/lib/ant-junit.jar:/usr/local/Cellar/ant/1.9.4/libexec/lib/ant-junit4.jar'
setting 'user.name' to 'ColtonMcCurdy'
setting 'java.vm.specification.version' to '1.8'
setting 'sun.java.command' to 'org.apache.tools.ant.taskdefs.optional.junit.JUnitTestRunner org.apache.ivy.ant.IvyPublishTest skipNonTests=false filtertrace=true haltOnError=false haltOnFailure=false formatter=org.apache.tools.ant.taskdefs.optional.junit.SummaryJUnitResultFormatter showoutput=false outputtoformatters=true logfailedtests=true threadid=0 logtestlistenerevents=false formatter=org.apache.tools.ant.taskdefs.optional.junit.XMLJUnitResultFormatter,/Volumes/MacintoshHDD/mccurdyc/computer_science/cs441s2016/cs441s2016-fp-team1/tools/ant-ivy/build/test-report/TEST-org.apache.ivy.ant.IvyPublishTest.xml crashfile=/Volumes/MacintoshHDD/mccurdyc/computer_science/cs441s2016/cs441s2016-fp-team1/tools/ant-ivy/junitvmwatcher5583869892466095225.properties propsfile=/Volumes/MacintoshHDD/mccurdyc/computer_science/cs441s2016/cs441s2016-fp-team1/tools/ant-ivy/junit1479208125430173258.properties'
setting 'java.home' to '/Library/Java/JavaVirtualMachines/jdk1.8.0_66.jdk/Contents/Home/jre'
setting 'sun.arch.data.model' to '64'
setting 'user.language' to 'tr'
setting 'java.specification.vendor' to 'Oracle Corporation'
setting 'awt.toolkit' to 'sun.lwawt.macosx.LWCToolkit'
setting 'java.vm.info' to 'mixed mode'
setting 'java.version' to '1.8.0_66'
setting 'java.ext.dirs' to '/Users/ColtonMcCurdy/Library/Java/Extensions:/Library/Java/JavaVirtualMachines/jdk1.8.0_66.jdk/Contents/Home/jre/lib/ext:/Library/Java/Extensions:/Network/Library/Java/Extensions:/System/Library/Java/Extensions:/usr/lib/java'
setting 'sun.boot.class.path' to '/Library/Java/JavaVirtualMachines/jdk1.8.0_66.jdk/Contents/Home/jre/lib/resources.jar:/Library/Java/JavaVirtualMachines/jdk1.8.0_66.jdk/Contents/Home/jre/lib/rt.jar:/Library/Java/JavaVirtualMachines/jdk1.8.0_66.jdk/Contents/Home/jre/lib/sunrsasign.jar:/Library/Java/JavaVirtualMachines/jdk1.8.0_66.jdk/Contents/Home/jre/lib/jsse.jar:/Library/Java/JavaVirtualMachines/jdk1.8.0_66.jdk/Contents/Home/jre/lib/jce.jar:/Library/Java/JavaVirtualMachines/jdk1.8.0_66.jdk/Contents/Home/jre/lib/charsets.jar:/Library/Java/JavaVirtualMachines/jdk1.8.0_66.jdk/Contents/Home/jre/lib/jfr.jar:/Library/Java/JavaVirtualMachines/jdk1.8.0_66.jdk/Contents/Home/jre/classes'
setting 'java.vendor' to 'Oracle Corporation'
setting 'file.separator' to '/'
setting 'java.vendor.url.bug' to 'http://bugreport.sun.com/bugreport/'
setting 'sun.io.unicode.encoding' to 'UnicodeBig'
setting 'sun.cpu.endian' to 'little'
setting 'user.region' to 'TR'
setting 'sun.cpu.isalist' to ''
setting 'ivy.basedir' to '/Volumes/MacintoshHDD/mccurdyc/computer_science/cs441s2016/cs441s2016-fp-team1/tools/ant-ivy'
setting 'basedir' to '/Volumes/MacintoshHDD/mccurdyc/computer_science/cs441s2016/cs441s2016-fp-team1/tools/ant-ivy'
     [null] :: loading settings :: file = /Volumes/MacintoshHDD/mccurdyc/computer_science/cs441s2016/cs441s2016-fp-team1/tools/ant-ivy/test/repositories/ivysettings.xml
     [null] :: resolving dependencies :: apache#resolve-simple;1.0
     [null] 	confs: [default]
     [null] 	found org1#mod1.2;2.0 in 1
     [null] downloading /Volumes/MacintoshHDD/mccurdyc/computer_science/cs441s2016/cs441s2016-fp-team1/tools/ant-ivy/test/repositories/1/org1/mod1.2/jars/mod1.2-2.0.jar ...
     [null] . (0kB)
     [null] 	[SUCCESSFUL ] org1#mod1.2;2.0!mod1.2.jar (3ms)
     [null] :: resolution report :: resolve 10ms :: artifacts dl 3ms
	---------------------------------------------------------------------
	|                  |            modules            ||   artifacts   |
	|       conf       | number| search|dwnlded|evicted|| number|dwnlded|
	---------------------------------------------------------------------
	|      default     |   1   |   1   |   0   |   0   ||   1   |   1   |
	---------------------------------------------------------------------
     [null] :: delivering :: apache#resolve-simple;1.0 :: 1.2 :: integration :: Thu Apr 21 19:21:37 EDT 2016
     [null] 	delivering ivy file to /Volumes/MacintoshHDD/mccurdyc/computer_science/cs441s2016/cs441s2016-fp-team1/tools/ant-ivy/build/test/publish/ivy-1.2.xml
     [null] :: publishing :: apache#resolve-simple
     [null] 	published resolve-simple to /Volumes/MacintoshHDD/mccurdyc/computer_science/cs441s2016/cs441s2016-fp-team1/tools/ant-ivy/test/repositories/1/apache/resolve-simple/jars/resolve-simple-1.2.jar
     [null] 	published ivy to /Volumes/MacintoshHDD/mccurdyc/computer_science/cs441s2016/cs441s2016-fp-team1/tools/ant-ivy/test/repositories/1/apache/resolve-simple/ivys/ivy-1.2.xml
setting 'ivy.default.settings.dir' to 'file:/Volumes/MacintoshHDD/mccurdyc/computer_science/cs441s2016/cs441s2016-fp-team1/tools/ant-ivy/build/classes/core/org/apache/ivy/core/settings'
setting 'ivy.basedir' to '/Volumes/MacintoshHDD/mccurdyc/computer_science/cs441s2016/cs441s2016-fp-team1/tools/ant-ivy/.'
setting 'ivy.default.conf.dir' to 'file:/Volumes/MacintoshHDD/mccurdyc/computer_science/cs441s2016/cs441s2016-fp-team1/tools/ant-ivy/build/classes/core/org/apache/ivy/core/settings'
setting 'java.runtime.name' to 'Java(TM) SE Runtime Environment'
setting 'sun.boot.library.path' to '/Library/Java/JavaVirtualMachines/jdk1.8.0_66.jdk/Contents/Home/jre/lib'
setting 'java.vm.version' to '25.66-b17'
setting 'gopherProxySet' to 'false'
setting 'java.vm.vendor' to 'Oracle Corporation'
setting 'java.vendor.url' to 'http://java.oracle.com/'
setting 'emma.coverage.out.merge' to 'true'
setting 'path.separator' to ':'
setting 'java.vm.name' to 'Java HotSpot(TM) 64-Bit Server VM'
setting 'file.encoding.pkg' to 'sun.io'
setting 'user.country' to 'US'
setting 'sun.java.launcher' to 'SUN_STANDARD'
setting 'sun.os.patch.level' to 'unknown'
setting 'java.vm.specification.name' to 'Java Virtual Machine Specification'
setting 'user.dir' to '/Volumes/MacintoshHDD/mccurdyc/computer_science/cs441s2016/cs441s2016-fp-team1/tools/ant-ivy'
setting 'java.runtime.version' to '1.8.0_66-b17'
setting 'java.awt.graphicsenv' to 'sun.awt.CGraphicsEnvironment'
setting 'java.endorsed.dirs' to '/Library/Java/JavaVirtualMachines/jdk1.8.0_66.jdk/Contents/Home/jre/lib/endorsed'
setting 'os.arch' to 'x86_64'
setting 'java.io.tmpdir' to '/var/folders/63/3rz5g1g93kl56014nnctmg6w0000gn/T/'
setting 'line.separator' to '
'
setting 'java.vm.specification.vendor' to 'Oracle Corporation'
setting 'os.name' to 'Mac OS X'
setting 'sun.jnu.encoding' to 'UTF-8'
setting 'java.library.path' to '/Users/ColtonMcCurdy/Library/Java/Extensions:/Library/Java/Extensions:/Network/Library/Java/Extensions:/System/Library/Java/Extensions:/usr/lib/java:.'
setting 'emma.coverage.out.file' to '${coverage.dir}/coverage.emma'
setting 'ivy.cache.dir' to '/Volumes/MacintoshHDD/mccurdyc/computer_science/cs441s2016/cs441s2016-fp-team1/tools/ant-ivy/build/cache'
setting 'java.specification.name' to 'Java Platform API Specification'
setting 'java.class.version' to '52.0'
setting 'sun.management.compiler' to 'HotSpot 64-Bit Tiered Compilers'
setting 'os.version' to '10.11.4'
setting 'user.home' to '/Users/ColtonMcCurdy'
setting 'user.timezone' to 'America/New_York'
setting 'java.awt.printerjob' to 'sun.lwawt.macosx.CPrinterJob'
setting 'file.encoding' to 'UTF-8'
setting 'java.specification.version' to '1.8'
setting 'java.class.path' to '/Volumes/MacintoshHDD/mccurdyc/computer_science/cs441s2016/cs441s2016-fp-team1/tools/ant-ivy/lib/ant-contrib.jar:/Volumes/MacintoshHDD/mccurdyc/computer_science/cs441s2016/cs441s2016-fp-team1/tools/ant-ivy/lib/ant-testutil.jar:/Volumes/MacintoshHDD/mccurdyc/computer_science/cs441s2016/cs441s2016-fp-team1/tools/ant-ivy/lib/bcpg-jdk15on.jar:/Volumes/MacintoshHDD/mccurdyc/computer_science/cs441s2016/cs441s2016-fp-team1/tools/ant-ivy/lib/bcprov-jdk15on.jar:/Volumes/MacintoshHDD/mccurdyc/computer_science/cs441s2016/cs441s2016-fp-team1/tools/ant-ivy/lib/commons-codec.jar:/Volumes/MacintoshHDD/mccurdyc/computer_science/cs441s2016/cs441s2016-fp-team1/tools/ant-ivy/lib/commons-httpclient.jar:/Volumes/MacintoshHDD/mccurdyc/computer_science/cs441s2016/cs441s2016-fp-team1/tools/ant-ivy/lib/commons-lang.jar:/Volumes/MacintoshHDD/mccurdyc/computer_science/cs441s2016/cs441s2016-fp-team1/tools/ant-ivy/lib/commons-logging.jar:/Volumes/MacintoshHDD/mccurdyc/computer_science/cs441s2016/cs441s2016-fp-team1/tools/ant-ivy/lib/commons-vfs.jar:/Volumes/MacintoshHDD/mccurdyc/computer_science/cs441s2016/cs441s2016-fp-team1/tools/ant-ivy/lib/jna.jar:/Volumes/MacintoshHDD/mccurdyc/computer_science/cs441s2016/cs441s2016-fp-team1/tools/ant-ivy/lib/jsch.agentproxy.connector-factory.jar:/Volumes/MacintoshHDD/mccurdyc/computer_science/cs441s2016/cs441s2016-fp-team1/tools/ant-ivy/lib/jsch.agentproxy.core.jar:/Volumes/MacintoshHDD/mccurdyc/computer_science/cs441s2016/cs441s2016-fp-team1/tools/ant-ivy/lib/jsch.agentproxy.jsch.jar:/Volumes/MacintoshHDD/mccurdyc/computer_science/cs441s2016/cs441s2016-fp-team1/tools/ant-ivy/lib/jsch.agentproxy.pageant.jar:/Volumes/MacintoshHDD/mccurdyc/computer_science/cs441s2016/cs441s2016-fp-team1/tools/ant-ivy/lib/jsch.agentproxy.sshagent.jar:/Volumes/MacintoshHDD/mccurdyc/computer_science/cs441s2016/cs441s2016-fp-team1/tools/ant-ivy/lib/jsch.agentproxy.usocket-jna.jar:/Volumes/MacintoshHDD/mccurdyc/computer_science/cs441s2016/cs441s2016-fp-team1/tools/ant-ivy/lib/jsch.agentproxy.usocket-nc.jar:/Volumes/MacintoshHDD/mccurdyc/computer_science/cs441s2016/cs441s2016-fp-team1/tools/ant-ivy/lib/jsch.jar:/Volumes/MacintoshHDD/mccurdyc/computer_science/cs441s2016/cs441s2016-fp-team1/tools/ant-ivy/lib/junit.jar:/Volumes/MacintoshHDD/mccurdyc/computer_science/cs441s2016/cs441s2016-fp-team1/tools/ant-ivy/lib/oro.jar:/Volumes/MacintoshHDD/mccurdyc/computer_science/cs441s2016/cs441s2016-fp-team1/tools/ant-ivy/lib/platform.jar:/Volumes/MacintoshHDD/mccurdyc/computer_science/cs441s2016/cs441s2016-fp-team1/tools/ant-ivy/lib/xercesImpl.jar:/Volumes/MacintoshHDD/mccurdyc/computer_science/cs441s2016/cs441s2016-fp-team1/tools/ant-ivy/lib/xmlParserAPIs.jar:/Volumes/MacintoshHDD/mccurdyc/computer_science/cs441s2016/cs441s2016-fp-team1/tools/ant-ivy/lib/xmlunit.jar:/Volumes/MacintoshHDD/mccurdyc/computer_science/cs441s2016/cs441s2016-fp-team1/tools/ant-ivy/build/classes/core:/Volumes/MacintoshHDD/mccurdyc/computer_science/cs441s2016/cs441s2016-fp-team1/tools/ant-ivy/build/classes/ant:/Volumes/MacintoshHDD/mccurdyc/computer_science/cs441s2016/cs441s2016-fp-team1/tools/ant-ivy/build/classes/optional:/Volumes/MacintoshHDD/mccurdyc/computer_science/cs441s2016/cs441s2016-fp-team1/tools/ant-ivy/build/test:/usr/local/Cellar/ant/1.9.4/libexec/lib/ant-launcher.jar:/usr/local/Cellar/ant/1.9.4/libexec/lib/ant.jar:/usr/local/Cellar/ant/1.9.4/libexec/lib/ant-junit.jar:/usr/local/Cellar/ant/1.9.4/libexec/lib/ant-junit4.jar'
setting 'user.name' to 'ColtonMcCurdy'
setting 'java.vm.specification.version' to '1.8'
setting 'sun.java.command' to 'org.apache.tools.ant.taskdefs.optional.junit.JUnitTestRunner org.apache.ivy.ant.IvyPublishTest skipNonTests=false filtertrace=true haltOnError=false haltOnFailure=false formatter=org.apache.tools.ant.taskdefs.optional.junit.SummaryJUnitResultFormatter showoutput=false outputtoformatters=true logfailedtests=true threadid=0 logtestlistenerevents=false formatter=org.apache.tools.ant.taskdefs.optional.junit.XMLJUnitResultFormatter,/Volumes/MacintoshHDD/mccurdyc/computer_science/cs441s2016/cs441s2016-fp-team1/tools/ant-ivy/build/test-report/TEST-org.apache.ivy.ant.IvyPublishTest.xml crashfile=/Volumes/MacintoshHDD/mccurdyc/computer_science/cs441s2016/cs441s2016-fp-team1/tools/ant-ivy/junitvmwatcher5583869892466095225.properties propsfile=/Volumes/MacintoshHDD/mccurdyc/computer_science/cs441s2016/cs441s2016-fp-team1/tools/ant-ivy/junit1479208125430173258.properties'
setting 'java.home' to '/Library/Java/JavaVirtualMachines/jdk1.8.0_66.jdk/Contents/Home/jre'
setting 'sun.arch.data.model' to '64'
setting 'user.language' to 'tr'
setting 'java.specification.vendor' to 'Oracle Corporation'
setting 'awt.toolkit' to 'sun.lwawt.macosx.LWCToolkit'
setting 'java.vm.info' to 'mixed mode'
setting 'java.version' to '1.8.0_66'
setting 'java.ext.dirs' to '/Users/ColtonMcCurdy/Library/Java/Extensions:/Library/Java/JavaVirtualMachines/jdk1.8.0_66.jdk/Contents/Home/jre/lib/ext:/Library/Java/Extensions:/Network/Library/Java/Extensions:/System/Library/Java/Extensions:/usr/lib/java'
setting 'sun.boot.class.path' to '/Library/Java/JavaVirtualMachines/jdk1.8.0_66.jdk/Contents/Home/jre/lib/resources.jar:/Library/Java/JavaVirtualMachines/jdk1.8.0_66.jdk/Contents/Home/jre/lib/rt.jar:/Library/Java/JavaVirtualMachines/jdk1.8.0_66.jdk/Contents/Home/jre/lib/sunrsasign.jar:/Library/Java/JavaVirtualMachines/jdk1.8.0_66.jdk/Contents/Home/jre/lib/jsse.jar:/Library/Java/JavaVirtualMachines/jdk1.8.0_66.jdk/Contents/Home/jre/lib/jce.jar:/Library/Java/JavaVirtualMachines/jdk1.8.0_66.jdk/Contents/Home/jre/lib/charsets.jar:/Library/Java/JavaVirtualMachines/jdk1.8.0_66.jdk/Contents/Home/jre/lib/jfr.jar:/Library/Java/JavaVirtualMachines/jdk1.8.0_66.jdk/Contents/Home/jre/classes'
setting 'java.vendor' to 'Oracle Corporation'
setting 'file.separator' to '/'
setting 'java.vendor.url.bug' to 'http://bugreport.sun.com/bugreport/'
setting 'sun.io.unicode.encoding' to 'UnicodeBig'
setting 'sun.cpu.endian' to 'little'
setting 'user.region' to 'TR'
setting 'sun.cpu.isalist' to ''
setting 'ivy.basedir' to '/Volumes/MacintoshHDD/mccurdyc/computer_science/cs441s2016/cs441s2016-fp-team1/tools/ant-ivy'
setting 'basedir' to '/Volumes/MacintoshHDD/mccurdyc/computer_science/cs441s2016/cs441s2016-fp-team1/tools/ant-ivy'
     [null] :: loading settings :: file = /Volumes/MacintoshHDD/mccurdyc/computer_science/cs441s2016/cs441s2016-fp-team1/tools/ant-ivy/test/repositories/ivysettings.xml
     [null] :: resolving dependencies :: apache#resolve-simple;1.0
     [null] 	confs: [default]
     [null] 	found org1#mod1.2;2.0 in 1
[...]
setting 'java.vendor' to 'Oracle Corporation'
setting 'file.separator' to '/'
setting 'java.vendor.url.bug' to 'http://bugreport.sun.com/bugreport/'
setting 'sun.io.unicode.encoding' to 'UnicodeBig'
setting 'sun.cpu.endian' to 'little'
setting 'user.region' to 'TR'
setting 'sun.cpu.isalist' to ''
pre 1.3 ivy file: using exactOrRegexp as default matcher
setting 'ivy.default.settings.dir' to 'file:/Volumes/MacintoshHDD/mccurdyc/computer_science/cs441s2016/cs441s2016-fp-team1/tools/ant-ivy/build/classes/core/org/apache/ivy/core/settings'
setting 'ivy.basedir' to '/Volumes/MacintoshHDD/mccurdyc/computer_science/cs441s2016/cs441s2016-fp-team1/tools/ant-ivy/.'
setting 'ivy.default.conf.dir' to 'file:/Volumes/MacintoshHDD/mccurdyc/computer_science/cs441s2016/cs441s2016-fp-team1/tools/ant-ivy/build/classes/core/org/apache/ivy/core/settings'
setting 'java.runtime.name' to 'Java(TM) SE Runtime Environment'
setting 'sun.boot.library.path' to '/Library/Java/JavaVirtualMachines/jdk1.8.0_66.jdk/Contents/Home/jre/lib'
setting 'java.vm.version' to '25.66-b17'
setting 'gopherProxySet' to 'false'
setting 'java.vm.vendor' to 'Oracle Corporation'
setting 'java.vendor.url' to 'http://java.oracle.com/'
setting 'emma.coverage.out.merge' to 'true'
setting 'path.separator' to ':'
setting 'java.vm.name' to 'Java HotSpot(TM) 64-Bit Server VM'
setting 'file.encoding.pkg' to 'sun.io'
setting 'user.country' to 'US'
setting 'sun.java.launcher' to 'SUN_STANDARD'
setting 'sun.os.patch.level' to 'unknown'
setting 'java.vm.specification.name' to 'Java Virtual Machine Specification'
setting 'user.dir' to '/Volumes/MacintoshHDD/mccurdyc/computer_science/cs441s2016/cs441s2016-fp-team1/tools/ant-ivy'
setting 'java.runtime.version' to '1.8.0_66-b17'
setting 'java.awt.graphicsenv' to 'sun.awt.CGraphicsEnvironment'
setting 'java.endorsed.dirs' to '/Library/Java/JavaVirtualMachines/jdk1.8.0_66.jdk/Contents/Home/jre/lib/endorsed'
setting 'os.arch' to 'x86_64'
setting 'java.io.tmpdir' to '/var/folders/63/3rz5g1g93kl56014nnctmg6w0000gn/T/'
setting 'line.separator' to '
'
setting 'java.vm.specification.vendor' to 'Oracle Corporation'
setting 'os.name' to 'Mac OS X'
setting 'sun.jnu.encoding' to 'UTF-8'
setting 'java.library.path' to '/Users/ColtonMcCurdy/Library/Java/Extensions:/Library/Java/Extensions:/Network/Library/Java/Extensions:/System/Library/Java/Extensions:/usr/lib/java:.'
setting 'emma.coverage.out.file' to '${coverage.dir}/coverage.emma'
setting 'ivy.cache.dir' to '/Volumes/MacintoshHDD/mccurdyc/computer_science/cs441s2016/cs441s2016-fp-team1/tools/ant-ivy/build/cache'
setting 'java.specification.name' to 'Java Platform API Specification'
setting 'java.class.version' to '52.0'
setting 'sun.management.compiler' to 'HotSpot 64-Bit Tiered Compilers'
setting 'os.version' to '10.11.4'
setting 'user.home' to '/Users/ColtonMcCurdy'
setting 'user.timezone' to 'America/New_York'
setting 'java.awt.printerjob' to 'sun.lwawt.macosx.CPrinterJob'
setting 'file.encoding' to 'UTF-8'
setting 'java.specification.version' to '1.8'
setting 'java.class.path' to '/Volumes/MacintoshHDD/mccurdyc/computer_science/cs441s2016/cs441s2016-fp-team1/tools/ant-ivy/lib/ant-contrib.jar:/Volumes/MacintoshHDD/mccurdyc/computer_science/cs441s2016/cs441s2016-fp-team1/tools/ant-ivy/lib/ant-testutil.jar:/Volumes/MacintoshHDD/mccurdyc/computer_science/cs441s2016/cs441s2016-fp-team1/tools/ant-ivy/lib/bcpg-jdk15on.jar:/Volumes/MacintoshHDD/mccurdyc/computer_science/cs441s2016/cs441s2016-fp-team1/tools/ant-ivy/lib/bcprov-jdk15on.jar:/Volumes/MacintoshHDD/mccurdyc/computer_science/cs441s2016/cs441s2016-fp-team1/tools/ant-ivy/lib/commons-codec.jar:/Volumes/MacintoshHDD/mccurdyc/computer_science/cs441s2016/cs441s2016-fp-team1/tools/ant-ivy/lib/commons-httpclient.jar:/Volumes/MacintoshHDD/mccurdyc/computer_science/cs441s2016/cs441s2016-fp-team1/tools/ant-ivy/lib/commons-lang.jar:/Volumes/MacintoshHDD/mccurdyc/computer_science/cs441s2016/cs441s2016-fp-team1/tools/ant-ivy/lib/commons-logging.jar:/Volumes/MacintoshHDD/mccurdyc/computer_science/cs441s2016/cs441s2016-fp-team1/tools/ant-ivy/lib/commons-vfs.jar:/Volumes/MacintoshHDD/mccurdyc/computer_science/cs441s2016/cs441s2016-fp-team1/tools/ant-ivy/lib/jna.jar:/Volumes/MacintoshHDD/mccurdyc/computer_science/cs441s2016/cs441s2016-fp-team1/tools/ant-ivy/lib/jsch.agentproxy.connector-factory.jar:/Volumes/MacintoshHDD/mccurdyc/computer_science/cs441s2016/cs441s2016-fp-team1/tools/ant-ivy/lib/jsch.agentproxy.core.jar:/Volumes/MacintoshHDD/mccurdyc/computer_science/cs441s2016/cs441s2016-fp-team1/tools/ant-ivy/lib/jsch.agentproxy.jsch.jar:/Volumes/MacintoshHDD/mccurdyc/computer_science/cs441s2016/cs441s2016-fp-team1/tools/ant-ivy/lib/jsch.agentproxy.pageant.jar:/Volumes/MacintoshHDD/mccurdyc/computer_science/cs441s2016/cs441s2016-fp-team1/tools/ant-ivy/lib/jsch.agentproxy.sshagent.jar:/Volumes/MacintoshHDD/mccurdyc/computer_science/cs441s2016/cs441s2016-fp-team1/tools/ant-ivy/lib/jsch.agentproxy.usocket-jna.jar:/Volumes/MacintoshHDD/mccurdyc/computer_science/cs441s2016/cs441s2016-fp-team1/tools/ant-ivy/lib/jsch.agentproxy.usocket-nc.jar:/Volumes/MacintoshHDD/mccurdyc/computer_science/cs441s2016/cs441s2016-fp-team1/tools/ant-ivy/lib/jsch.jar:/Volumes/MacintoshHDD/mccurdyc/computer_science/cs441s2016/cs441s2016-fp-team1/tools/ant-ivy/lib/junit.jar:/Volumes/MacintoshHDD/mccurdyc/computer_science/cs441s2016/cs441s2016-fp-team1/tools/ant-ivy/lib/oro.jar:/Volumes/MacintoshHDD/mccurdyc/computer_science/cs441s2016/cs441s2016-fp-team1/tools/ant-ivy/lib/platform.jar:/Volumes/MacintoshHDD/mccurdyc/computer_science/cs441s2016/cs441s2016-fp-team1/tools/ant-ivy/lib/xercesImpl.jar:/Volumes/MacintoshHDD/mccurdyc/computer_science/cs441s2016/cs441s2016-fp-team1/tools/ant-ivy/lib/xmlParserAPIs.jar:/Volumes/MacintoshHDD/mccurdyc/computer_science/cs441s2016/cs441s2016-fp-team1/tools/ant-ivy/lib/xmlunit.jar:/Volumes/MacintoshHDD/mccurdyc/computer_science/cs441s2016/cs441s2016-fp-team1/tools/ant-ivy/build/classes/core:/Volumes/MacintoshHDD/mccurdyc/computer_science/cs441s2016/cs441s2016-fp-team1/tools/ant-ivy/build/classes/ant:/Volumes/MacintoshHDD/mccurdyc/computer_science/cs441s2016/cs441s2016-fp-team1/tools/ant-ivy/build/classes/optional:/Volumes/MacintoshHDD/mccurdyc/computer_science/cs441s2016/cs441s2016-fp-team1/tools/ant-ivy/build/test:/usr/local/Cellar/ant/1.9.4/libexec/lib/ant-launcher.jar:/usr/local/Cellar/ant/1.9.4/libexec/lib/ant.jar:/usr/local/Cellar/ant/1.9.4/libexec/lib/ant-junit.jar:/usr/local/Cellar/ant/1.9.4/libexec/lib/ant-junit4.jar'
setting 'user.name' to 'ColtonMcCurdy'
setting 'java.vm.specification.version' to '1.8'
setting 'sun.java.command' to 'org.apache.tools.ant.taskdefs.optional.junit.JUnitTestRunner org.apache.ivy.ant.IvyPublishTest skipNonTests=false filtertrace=true haltOnError=false haltOnFailure=false formatter=org.apache.tools.ant.taskdefs.optional.junit.SummaryJUnitResultFormatter showoutput=false outputtoformatters=true logfailedtests=true threadid=0 logtestlistenerevents=false formatter=org.apache.tools.ant.taskdefs.optional.junit.XMLJUnitResultFormatter,/Volumes/MacintoshHDD/mccurdyc/computer_science/cs441s2016/cs441s2016-fp-team1/tools/ant-ivy/build/test-report/TEST-org.apache.ivy.ant.IvyPublishTest.xml crashfile=/Volumes/MacintoshHDD/mccurdyc/computer_science/cs441s2016/cs441s2016-fp-team1/tools/ant-ivy/junitvmwatcher5583869892466095225.properties propsfile=/Volumes/MacintoshHDD/mccurdyc/computer_science/cs441s2016/cs441s2016-fp-team1/tools/ant-ivy/junit1479208125430173258.properties'
setting 'java.home' to '/Library/Java/JavaVirtualMachines/jdk1.8.0_66.jdk/Contents/Home/jre'
setting 'sun.arch.data.model' to '64'
setting 'user.language' to 'tr'
setting 'java.specification.vendor' to 'Oracle Corporation'
setting 'awt.toolkit' to 'sun.lwawt.macosx.LWCToolkit'
setting 'java.vm.info' to 'mixed mode'
setting 'java.version' to '1.8.0_66'
setting 'java.ext.dirs' to '/Users/ColtonMcCurdy/Library/Java/Extensions:/Library/Java/JavaVirtualMachines/jdk1.8.0_66.jdk/Contents/Home/jre/lib/ext:/Library/Java/Extensions:/Network/Library/Java/Extensions:/System/Library/Java/Extensions:/usr/lib/java'
setting 'sun.boot.class.path' to '/Library/Java/JavaVirtualMachines/jdk1.8.0_66.jdk/Contents/Home/jre/lib/resources.jar:/Library/Java/JavaVirtualMachines/jdk1.8.0_66.jdk/Contents/Home/jre/lib/rt.jar:/Library/Java/JavaVirtualMachines/jdk1.8.0_66.jdk/Contents/Home/jre/lib/sunrsasign.jar:/Library/Java/JavaVirtualMachines/jdk1.8.0_66.jdk/Contents/Home/jre/lib/jsse.jar:/Library/Java/JavaVirtualMachines/jdk1.8.0_66.jdk/Contents/Home/jre/lib/jce.jar:/Library/Java/JavaVirtualMachines/jdk1.8.0_66.jdk/Contents/Home/jre/lib/charsets.jar:/Library/Java/JavaVirtualMachines/jdk1.8.0_66.jdk/Contents/Home/jre/lib/jfr.jar:/Library/Java/JavaVirtualMachines/jdk1.8.0_66.jdk/Contents/Home/jre/classes'
setting 'java.vendor' to 'Oracle Corporation'
setting 'file.separator' to '/'
setting 'java.vendor.url.bug' to 'http://bugreport.sun.com/bugreport/'
setting 'sun.io.unicode.encoding' to 'UnicodeBig'
setting 'sun.cpu.endian' to 'little'
setting 'user.region' to 'TR'
setting 'sun.cpu.isalist' to ''
setting 'ivy.basedir' to '/Volumes/MacintoshHDD/mccurdyc/computer_science/cs441s2016/cs441s2016-fp-team1/tools/ant-ivy'
setting 'basedir' to '/Volumes/MacintoshHDD/mccurdyc/computer_science/cs441s2016/cs441s2016-fp-team1/tools/ant-ivy'
     [null] :: loading settings :: file = /Volumes/MacintoshHDD/mccurdyc/computer_science/cs441s2016/cs441s2016-fp-team1/tools/ant-ivy/test/repositories/ivysettings.xml
     [null] :: resolving dependencies :: apache#resolve-latest;1.0
     [null] 	confs: [default]
     [null] 	found org1#mod1.2;2.2 in 1
     [null] 	[2.2] org1#mod1.2;latest.integration
     [null] downloading /Volumes/MacintoshHDD/mccurdyc/computer_science/cs441s2016/cs441s2016-fp-team1/tools/ant-ivy/test/repositories/1/org1/mod1.2/jars/mod1.2-2.2.jar ...
     [null] . (0kB)
     [null] 	[SUCCESSFUL ] org1#mod1.2;2.2!mod1.2.jar (1ms)
     [null] :: resolution report :: resolve 8ms :: artifacts dl 2ms
	---------------------------------------------------------------------
	|                  |            modules            ||   artifacts   |
	|       conf       | number| search|dwnlded|evicted|| number|dwnlded|
	---------------------------------------------------------------------
	|      default     |   1   |   1   |   0   |   0   ||   1   |   1   |
	---------------------------------------------------------------------
     [null] :: publishing :: apache#resolve-latest
     [null] 	published resolve-latest to /Volumes/MacintoshHDD/mccurdyc/computer_science/cs441s2016/cs441s2016-fp-team1/tools/ant-ivy/test/repositories/1/apache/resolve-latest/jars/resolve-latest-1.3.jar
     [null] 	published ivy to /Volumes/MacintoshHDD/mccurdyc/computer_science/cs441s2016/cs441s2016-fp-team1/tools/ant-ivy/test/repositories/1/apache/resolve-latest/ivys/ivy-1.3.xml
setting 'ivy.default.settings.dir' to 'file:/Volumes/MacintoshHDD/mccurdyc/computer_science/cs441s2016/cs441s2016-fp-team1/tools/ant-ivy/build/classes/core/org/apache/ivy/core/settings'
setting 'ivy.basedir' to '/Volumes/MacintoshHDD/mccurdyc/computer_science/cs441s2016/cs441s2016-fp-team1/tools/ant-ivy/.'
setting 'ivy.default.conf.dir' to 'file:/Volumes/MacintoshHDD/mccurdyc/computer_science/cs441s2016/cs441s2016-fp-team1/tools/ant-ivy/build/classes/core/org/apache/ivy/core/settings'
setting 'java.runtime.name' to 'Java(TM) SE Runtime Environment'
setting 'sun.boot.library.path' to '/Library/Java/JavaVirtualMachines/jdk1.8.0_66.jdk/Contents/Home/jre/lib'
setting 'java.vm.version' to '25.66-b17'
setting 'gopherProxySet' to 'false'
setting 'java.vm.vendor' to 'Oracle Corporation'
setting 'java.vendor.url' to 'http://java.oracle.com/'
setting 'emma.coverage.out.merge' to 'true'
setting 'path.separator' to ':'
setting 'java.vm.name' to 'Java HotSpot(TM) 64-Bit Server VM'
setting 'file.encoding.pkg' to 'sun.io'
setting 'user.country' to 'US'
setting 'sun.java.launcher' to 'SUN_STANDARD'
setting 'sun.os.patch.level' to 'unknown'
setting 'java.vm.specification.name' to 'Java Virtual Machine Specification'
setting 'user.dir' to '/Volumes/MacintoshHDD/mccurdyc/computer_science/cs441s2016/cs441s2016-fp-team1/tools/ant-ivy'
setting 'java.runtime.version' to '1.8.0_66-b17'
setting 'java.awt.graphicsenv' to 'sun.awt.CGraphicsEnvironment'
setting 'java.endorsed.dirs' to '/Library/Java/JavaVirtualMachines/jdk1.8.0_66.jdk/Contents/Home/jre/lib/endorsed'
setting 'os.arch' to 'x86_64'
setting 'java.io.tmpdir' to '/var/folders/63/3rz5g1g93kl56014nnctmg6w0000gn/T/'
setting 'line.separator' to '
'
setting 'java.vm.specification.vendor' to 'Oracle Corporation'
setting 'os.name' to 'Mac OS X'
setting 'sun.jnu.encoding' to 'UTF-8'
setting 'java.library.path' to '/Users/ColtonMcCurdy/Library/Java/Extensions:/Library/Java/Extensions:/Network/Library/Java/Extensions:/System/Library/Java/Extensions:/usr/lib/java:.'
setting 'emma.coverage.out.file' to '${coverage.dir}/coverage.emma'
setting 'ivy.cache.dir' to '/Volumes/MacintoshHDD/mccurdyc/computer_science/cs441s2016/cs441s2016-fp-team1/tools/ant-ivy/build/cache'
setting 'java.specification.name' to 'Java Platform API Specification'
setting 'java.class.version' to '52.0'
setting 'sun.management.compiler' to 'HotSpot 64-Bit Tiered Compilers'
setting 'os.version' to '10.11.4'
setting 'user.home' to '/Users/ColtonMcCurdy'
setting 'user.timezone' to 'America/New_York'
setting 'java.awt.printerjob' to 'sun.lwawt.macosx.CPrinterJob'
setting 'file.encoding' to 'UTF-8'
setting 'java.specification.version' to '1.8'
setting 'java.class.path' to '/Volumes/MacintoshHDD/mccurdyc/computer_science/cs441s2016/cs441s2016-fp-team1/tools/ant-ivy/lib/ant-contrib.jar:/Volumes/MacintoshHDD/mccurdyc/computer_science/cs441s2016/cs441s2016-fp-team1/tools/ant-ivy/lib/ant-testutil.jar:/Volumes/MacintoshHDD/mccurdyc/computer_science/cs441s2016/cs441s2016-fp-team1/tools/ant-ivy/lib/bcpg-jdk15on.jar:/Volumes/MacintoshHDD/mccurdyc/computer_science/cs441s2016/cs441s2016-fp-team1/tools/ant-ivy/lib/bcprov-jdk15on.jar:/Volumes/MacintoshHDD/mccurdyc/computer_science/cs441s2016/cs441s2016-fp-team1/tools/ant-ivy/lib/commons-codec.jar:/Volumes/MacintoshHDD/mccurdyc/computer_science/cs441s2016/cs441s2016-fp-team1/tools/ant-ivy/lib/commons-httpclient.jar:/Volumes/MacintoshHDD/mccurdyc/computer_science/cs441s2016/cs441s2016-fp-team1/tools/ant-ivy/lib/commons-lang.jar:/Volumes/MacintoshHDD/mccurdyc/computer_science/cs441s2016/cs441s2016-fp-team1/tools/ant-ivy/lib/commons-logging.jar:/Volumes/MacintoshHDD/mccurdyc/computer_science/cs441s2016/cs441s2016-fp-team1/tools/ant-ivy/lib/commons-vfs.jar:/Volumes/MacintoshHDD/mccurdyc/computer_science/cs441s2016/cs441s2016-fp-team1/tools/ant-ivy/lib/jna.jar:/Volumes/MacintoshHDD/mccurdyc/computer_science/cs441s2016/cs441s2016-fp-team1/tools/ant-ivy/lib/jsch.agentproxy.connector-factory.jar:/Volumes/MacintoshHDD/mccurdyc/computer_science/cs441s2016/cs441s2016-fp-team1/tools/ant-ivy/lib/jsch.agentproxy.core.jar:/Volumes/MacintoshHDD/mccurdyc/computer_science/cs441s2016/cs441s2016-fp-team1/tools/ant-ivy/lib/jsch.agentproxy.jsch.jar:/Volumes/MacintoshHDD/mccurdyc/computer_science/cs441s2016/cs441s2016-fp-team1/tools/ant-ivy/lib/jsch.agentproxy.pageant.jar:/Volumes/MacintoshHDD/mccurdyc/computer_science/cs441s2016/cs441s2016-fp-team1/tools/ant-ivy/lib/jsch.agentproxy.sshagent.jar:/Volumes/MacintoshHDD/mccurdyc/computer_science/cs441s2016/cs441s2016-fp-team1/tools/ant-ivy/lib/jsch.agentproxy.usocket-jna.jar:/Volumes/MacintoshHDD/mccurdyc/computer_science/cs441s2016/cs441s2016-fp-team1/tools/ant-ivy/lib/jsch.agentproxy.usocket-nc.jar:/Volumes/MacintoshHDD/mccurdyc/computer_science/cs441s2016/cs441s2016-fp-team1/tools/ant-ivy/lib/jsch.jar:/Volumes/MacintoshHDD/mccurdyc/computer_science/cs441s2016/cs441s2016-fp-team1/tools/ant-ivy/lib/junit.jar:/Volumes/MacintoshHDD/mccurdyc/computer_science/cs441s2016/cs441s2016-fp-team1/tools/ant-ivy/lib/oro.jar:/Volumes/MacintoshHDD/mccurdyc/computer_science/cs441s2016/cs441s2016-fp-team1/tools/ant-ivy/lib/platform.jar:/Volumes/MacintoshHDD/mccurdyc/computer_science/cs441s2016/cs441s2016-fp-team1/tools/ant-ivy/lib/xercesImpl.jar:/Volumes/MacintoshHDD/mccurdyc/computer_science/cs441s2016/cs441s2016-fp-team1/tools/ant-ivy/lib/xmlParserAPIs.jar:/Volumes/MacintoshHDD/mccurdyc/computer_science/cs441s2016/cs441s2016-fp-team1/tools/ant-ivy/lib/xmlunit.jar:/Volumes/MacintoshHDD/mccurdyc/computer_science/cs441s2016/cs441s2016-fp-team1/tools/ant-ivy/build/classes/core:/Volumes/MacintoshHDD/mccurdyc/computer_science/cs441s2016/cs441s2016-fp-team1/tools/ant-ivy/build/classes/ant:/Volumes/MacintoshHDD/mccurdyc/computer_science/cs441s2016/cs441s2016-fp-team1/tools/ant-ivy/build/classes/optional:/Volumes/MacintoshHDD/mccurdyc/computer_science/cs441s2016/cs441s2016-fp-team1/tools/ant-ivy/build/test:/usr/local/Cellar/ant/1.9.4/libexec/lib/ant-launcher.jar:/usr/local/Cellar/ant/1.9.4/libexec/lib/ant.jar:/usr/local/Cellar/ant/1.9.4/libexec/lib/ant-junit.jar:/usr/local/Cellar/ant/1.9.4/libexec/lib/ant-junit4.jar'
setting 'user.name' to 'ColtonMcCurdy'
setting 'java.vm.specification.version' to '1.8'
setting 'sun.java.command' to 'org.apache.tools.ant.taskdefs.optional.junit.JUnitTestRunner org.apache.ivy.ant.IvyPublishTest skipNonTests=false filtertrace=true haltOnError=false haltOnFailure=false formatter=org.apache.tools.ant.taskdefs.optional.junit.SummaryJUnitResultFormatter showoutput=false outputtoformatters=true logfailedtests=true threadid=0 logtestlistenerevents=false formatter=org.apache.tools.ant.taskdefs.optional.junit.XMLJUnitResultFormatter,/Volumes/MacintoshHDD/mccurdyc/computer_science/cs441s2016/cs441s2016-fp-team1/tools/ant-ivy/build/test-report/TEST-org.apache.ivy.ant.IvyPublishTest.xml crashfile=/Volumes/MacintoshHDD/mccurdyc/computer_science/cs441s2016/cs441s2016-fp-team1/tools/ant-ivy/junitvmwatcher5583869892466095225.properties propsfile=/Volumes/MacintoshHDD/mccurdyc/computer_science/cs441s2016/cs441s2016-fp-team1/tools/ant-ivy/junit1479208125430173258.properties'
setting 'java.home' to '/Library/Java/JavaVirtualMachines/jdk1.8.0_66.jdk/Contents/Home/jre'
setting 'sun.arch.data.model' to '64'
setting 'user.language' to 'tr'
setting 'java.specification.vendor' to 'Oracle Corporation'
setting 'awt.toolkit' to 'sun.lwawt.macosx.LWCToolkit'
setting 'java.vm.info' to 'mixed mode'
setting 'java.version' to '1.8.0_66'
setting 'java.ext.dirs' to '/Users/ColtonMcCurdy/Library/Java/Extensions:/Library/Java/JavaVirtualMachines/jdk1.8.0_66.jdk/Contents/Home/jre/lib/ext:/Library/Java/Extensions:/Network/Library/Java/Extensions:/System/Library/Java/Extensions:/usr/lib/java'
setting 'sun.boot.class.path' to '/Library/Java/JavaVirtualMachines/jdk1.8.0_66.jdk/Contents/Home/jre/lib/resources.jar:/Library/Java/JavaVirtualMachines/jdk1.8.0_66.jdk/Contents/Home/jre/lib/rt.jar:/Library/Java/JavaVirtualMachines/jdk1.8.0_66.jdk/Contents/Home/jre/lib/sunrsasign.jar:/Library/Java/JavaVirtualMachines/jdk1.8.0_66.jdk/Contents/Home/jre/lib/jsse.jar:/Library/Java/JavaVirtualMachines/jdk1.8.0_66.jdk/Contents/Home/jre/lib/jce.jar:/Library/Java/JavaVirtualMachines/jdk1.8.0_66.jdk/Contents/Home/jre/lib/charsets.jar:/Library/Java/JavaVirtualMachines/jdk1.8.0_66.jdk/Contents/Home/jre/lib/jfr.jar:/Library/Java/JavaVirtualMachines/jdk1.8.0_66.jdk/Contents/Home/jre/classes'
setting 'java.vendor' to 'Oracle Corporation'
setting 'file.separator' to '/'
setting 'java.vendor.url.bug' to 'http://bugreport.sun.com/bugreport/'
setting 'sun.io.unicode.encoding' to 'UnicodeBig'
setting 'sun.cpu.endian' to 'little'
setting 'user.region' to 'TR'
setting 'sun.cpu.isalist' to ''
pre 1.3 ivy file: using exactOrRegexp as default matcher
]]></system-out>
  <system-err><![CDATA[]]></system-err>
</testsuite>
