Testsuite: org.apache.ivy.core.cache.DefaultRepositoryCacheManagerTest
Tests run: 3, Failures: 0, Errors: 0, Time elapsed: 0.375 sec
------------- Standard Output ---------------
:: loading settings :: url = file:/Volumes/MacintoshHDD/mccurdyc/computer_science/cs441s2016/cs441s2016-fp-team1/container/tlb/tools/ivy/build/classes/core/org/apache/ivy/core/settings/ivysettings.xml
:: loading settings :: url = file:/Volumes/MacintoshHDD/mccurdyc/computer_science/cs441s2016/cs441s2016-fp-team1/container/tlb/tools/ivy/build/classes/core/org/apache/ivy/core/settings/ivysettings.xml
:: loading settings :: url = file:/Volumes/MacintoshHDD/mccurdyc/computer_science/cs441s2016/cs441s2016-fp-team1/container/tlb/tools/ivy/build/classes/core/org/apache/ivy/core/settings/ivysettings.xml
	no ivy file in cache for org#module#trunk;1.1: tried /var/folders/63/3rz5g1g93kl56014nnctmg6w0000gn/T/ivycache2878933615940158311.dir/org/module/trunk/ivy-1.1.xml
	[SUCCESSFUL ] org#module#trunk;1.1!module-1.1.ivy.ivy(ivy.original) (1ms)
Execution environment profile JavaSE-1.2 loaded
Execution environment profile JavaSE-1.3 loaded
Execution environment profile JavaSE-1.4 loaded
Execution environment profile JavaSE-1.5 loaded
Execution environment profile JavaSE-1.6 loaded
Execution environment profile JavaSE-1.7 loaded
Execution environment profile OSGi/Minimum-1.1 loaded
Execution environment profile JavaSE-1.8 loaded
Execution environment profile CDC-1.0/Foundation-1.0 loaded
Execution environment profile CDC-1.1/Foundation-1.1 loaded
Execution environment profile OSGi/Minimum-1.2 loaded
Execution environment profile OSGi/Minimum-1.0 loaded
post 1.3 ivy file: using exact as default matcher
	null: parsed downloaded md file for org#module#trunk;1.1; parsed=org#module#trunk;1.1
java.net.MalformedURLException: no protocol: /module-1-1.ivy
	at java.net.URL.<init>(URL.java:586)
	at java.net.URL.<init>(URL.java:483)
	at java.net.URL.<init>(URL.java:432)
	at org.apache.ivy.core.cache.DefaultRepositoryCacheManager.getSavedArtifactOrigin(DefaultRepositoryCacheManager.java:519)
	at org.apache.ivy.core.cache.DefaultRepositoryCacheManager.getArchiveFileInCache(DefaultRepositoryCacheManager.java:357)
	at org.apache.ivy.core.cache.DefaultRepositoryCacheManager.originalToCachedModuleDescriptor(DefaultRepositoryCacheManager.java:1235)
	at org.apache.ivy.core.cache.DefaultRepositoryCacheManagerTest.testLatestIntegrationIsCachedPerResolver(DefaultRepositoryCacheManagerTest.java:173)
	at sun.reflect.NativeMethodAccessorImpl.invoke0(Native Method)
	at sun.reflect.NativeMethodAccessorImpl.invoke(NativeMethodAccessorImpl.java:62)
	at sun.reflect.DelegatingMethodAccessorImpl.invoke(DelegatingMethodAccessorImpl.java:43)
	at java.lang.reflect.Method.invoke(Method.java:497)
	at junit.framework.TestCase.runTest(TestCase.java:164)
	at junit.framework.TestCase.runBare(TestCase.java:130)
	at junit.framework.TestResult$1.protect(TestResult.java:106)
	at junit.framework.TestResult.runProtected(TestResult.java:124)
	at junit.framework.TestResult.run(TestResult.java:109)
	at junit.framework.TestCase.run(TestCase.java:120)
	at junit.framework.TestSuite.runTest(TestSuite.java:230)
	at junit.framework.TestSuite.run(TestSuite.java:225)
	at org.junit.internal.runners.JUnit38ClassRunner.run(JUnit38ClassRunner.java:83)
	at junit.framework.JUnit4TestAdapter.run(JUnit4TestAdapter.java:39)
	at org.apache.tools.ant.taskdefs.optional.junit.JUnitTestRunner.run(JUnitTestRunner.java:420)
	at org.apache.tools.ant.taskdefs.optional.junit.JUnitTestRunner.launch(JUnitTestRunner.java:911)
	at org.apache.tools.ant.taskdefs.optional.junit.JUnitTestRunner.main(JUnitTestRunner.java:768)

found resolved revision in cache: org#module#trunk;latest.integration => 1.1
Entry is found in the ModuleDescriptorCache : /var/folders/63/3rz5g1g93kl56014nnctmg6w0000gn/T/ivycache2878933615940158311.dir/org/module/trunk/ivy-1.1.xml
	found ivy file in cache for org#module#trunk;1.1 (resolved by resolver1): /var/folders/63/3rz5g1g93kl56014nnctmg6w0000gn/T/ivycache2878933615940158311.dir/org/module/trunk/ivy-1.1.xml
java.net.MalformedURLException: no protocol: /module-1-1.ivy
	at java.net.URL.<init>(URL.java:586)
	at java.net.URL.<init>(URL.java:483)
	at java.net.URL.<init>(URL.java:432)
	at org.apache.ivy.core.cache.DefaultRepositoryCacheManager.getSavedArtifactOrigin(DefaultRepositoryCacheManager.java:519)
	at org.apache.ivy.core.cache.DefaultRepositoryCacheManager.doFindModuleInCache(DefaultRepositoryCacheManager.java:764)
	at org.apache.ivy.core.cache.DefaultRepositoryCacheManager.findModuleInCache(DefaultRepositoryCacheManager.java:693)
	at org.apache.ivy.core.cache.DefaultRepositoryCacheManagerTest.testLatestIntegrationIsCachedPerResolver(DefaultRepositoryCacheManagerTest.java:177)
	at sun.reflect.NativeMethodAccessorImpl.invoke0(Native Method)
	at sun.reflect.NativeMethodAccessorImpl.invoke(NativeMethodAccessorImpl.java:62)
	at sun.reflect.DelegatingMethodAccessorImpl.invoke(DelegatingMethodAccessorImpl.java:43)
	at java.lang.reflect.Method.invoke(Method.java:497)
	at junit.framework.TestCase.runTest(TestCase.java:164)
	at junit.framework.TestCase.runBare(TestCase.java:130)
	at junit.framework.TestResult$1.protect(TestResult.java:106)
	at junit.framework.TestResult.runProtected(TestResult.java:124)
	at junit.framework.TestResult.run(TestResult.java:109)
	at junit.framework.TestCase.run(TestCase.java:120)
	at junit.framework.TestSuite.runTest(TestSuite.java:230)
	at junit.framework.TestSuite.run(TestSuite.java:225)
	at org.junit.internal.runners.JUnit38ClassRunner.run(JUnit38ClassRunner.java:83)
	at junit.framework.JUnit4TestAdapter.run(JUnit4TestAdapter.java:39)
	at org.apache.tools.ant.taskdefs.optional.junit.JUnitTestRunner.run(JUnitTestRunner.java:420)
	at org.apache.tools.ant.taskdefs.optional.junit.JUnitTestRunner.launch(JUnitTestRunner.java:911)
	at org.apache.tools.ant.taskdefs.optional.junit.JUnitTestRunner.main(JUnitTestRunner.java:768)

java.net.MalformedURLException: no protocol: /module-1-1.ivy
	at java.net.URL.<init>(URL.java:586)
	at java.net.URL.<init>(URL.java:483)
	at java.net.URL.<init>(URL.java:432)
	at org.apache.ivy.core.cache.DefaultRepositoryCacheManager.getSavedArtifactOrigin(DefaultRepositoryCacheManager.java:519)
	at org.apache.ivy.core.cache.DefaultRepositoryCacheManager.getArchiveFileInCache(DefaultRepositoryCacheManager.java:357)
	at org.apache.ivy.core.cache.DefaultRepositoryCacheManager.doFindModuleInCache(DefaultRepositoryCacheManager.java:773)
	at org.apache.ivy.core.cache.DefaultRepositoryCacheManager.findModuleInCache(DefaultRepositoryCacheManager.java:693)
	at org.apache.ivy.core.cache.DefaultRepositoryCacheManagerTest.testLatestIntegrationIsCachedPerResolver(DefaultRepositoryCacheManagerTest.java:177)
	at sun.reflect.NativeMethodAccessorImpl.invoke0(Native Method)
	at sun.reflect.NativeMethodAccessorImpl.invoke(NativeMethodAccessorImpl.java:62)
	at sun.reflect.DelegatingMethodAccessorImpl.invoke(DelegatingMethodAccessorImpl.java:43)
	at java.lang.reflect.Method.invoke(Method.java:497)
	at junit.framework.TestCase.runTest(TestCase.java:164)
	at junit.framework.TestCase.runBare(TestCase.java:130)
	at junit.framework.TestResult$1.protect(TestResult.java:106)
	at junit.framework.TestResult.runProtected(TestResult.java:124)
	at junit.framework.TestResult.run(TestResult.java:109)
	at junit.framework.TestCase.run(TestCase.java:120)
	at junit.framework.TestSuite.runTest(TestSuite.java:230)
	at junit.framework.TestSuite.run(TestSuite.java:225)
	at org.junit.internal.runners.JUnit38ClassRunner.run(JUnit38ClassRunner.java:83)
	at junit.framework.JUnit4TestAdapter.run(JUnit4TestAdapter.java:39)
	at org.apache.tools.ant.taskdefs.optional.junit.JUnitTestRunner.run(JUnitTestRunner.java:420)
	at org.apache.tools.ant.taskdefs.optional.junit.JUnitTestRunner.launch(JUnitTestRunner.java:911)
	at org.apache.tools.ant.taskdefs.optional.junit.JUnitTestRunner.main(JUnitTestRunner.java:768)

------------- ---------------- ---------------

Testcase: testArtifactOrigin took 0.249 sec
Testcase: testUniqueness took 0.032 sec
Testcase: testLatestIntegrationIsCachedPerResolver took 0.082 sec
