Testsuite: org.apache.ivy.plugins.resolver.PackagerResolverTest
Tests run: 3, Failures: 3, Errors: 0, Time elapsed: 0.631 sec
------------- Standard Output ---------------
setting 'ivy.default.settings.dir' to 'file:/Volumes/MacintoshHDD/mccurdyc/Downloads/tlb-complete-0.3.2/tools/ivy/build/classes/core/org/apache/ivy/core/settings'
setting 'ivy.basedir' to '/Volumes/MacintoshHDD/mccurdyc/Downloads/tlb-complete-0.3.2/tools/ivy/.'
setting 'ivy.default.conf.dir' to 'file:/Volumes/MacintoshHDD/mccurdyc/Downloads/tlb-complete-0.3.2/tools/ivy/build/classes/core/org/apache/ivy/core/settings'
setting 'java.runtime.name' to 'Java(TM) SE Runtime Environment'
setting 'sun.boot.library.path' to '/Library/Java/JavaVirtualMachines/jdk1.8.0_66.jdk/Contents/Home/jre/lib'
setting 'java.vm.version' to '25.66-b17'
setting 'gopherProxySet' to 'false'
setting 'java.vm.vendor' to 'Oracle Corporation'
setting 'java.vendor.url' to 'http://java.oracle.com/'
setting 'path.separator' to ':'
setting 'java.vm.name' to 'Java HotSpot(TM) 64-Bit Server VM'
setting 'file.encoding.pkg' to 'sun.io'
setting 'user.country' to 'US'
setting 'sun.java.launcher' to 'SUN_STANDARD'
setting 'sun.os.patch.level' to 'unknown'
setting 'java.vm.specification.name' to 'Java Virtual Machine Specification'
setting 'user.dir' to '/Volumes/MacintoshHDD/mccurdyc/Downloads/tlb-complete-0.3.2/tools/ivy'
setting 'java.runtime.version' to '1.8.0_66-b17'
setting 'java.awt.graphicsenv' to 'sun.awt.CGraphicsEnvironment'
setting 'java.endorsed.dirs' to '/Library/Java/JavaVirtualMachines/jdk1.8.0_66.jdk/Contents/Home/jre/lib/endorsed'
setting 'os.arch' to 'x86_64'
setting 'java.io.tmpdir' to '/var/folders/63/3rz5g1g93kl56014nnctmg6w0000gn/T/'
setting 'line.separator' to '
'
setting 'java.vm.specification.vendor' to 'Oracle Corporation'
setting 'os.name' to 'Mac OS X'
setting 'sun.jnu.encoding' to 'UTF-8'
setting 'java.library.path' to '/Users/ColtonMcCurdy/Library/Java/Extensions:/Library/Java/Extensions:/Network/Library/Java/Extensions:/System/Library/Java/Extensions:/usr/lib/java:.'
setting 'java.specification.name' to 'Java Platform API Specification'
setting 'java.class.version' to '52.0'
setting 'sun.management.compiler' to 'HotSpot 64-Bit Tiered Compilers'
setting 'os.version' to '10.11.4'
setting 'user.home' to '/Users/ColtonMcCurdy'
setting 'user.timezone' to 'America/New_York'
setting 'java.awt.printerjob' to 'sun.lwawt.macosx.CPrinterJob'
setting 'file.encoding' to 'UTF-8'
setting 'java.specification.version' to '1.8'
setting 'java.class.path' to '/Volumes/MacintoshHDD/mccurdyc/Downloads/tlb-complete-0.3.2/tools/ivy/lib/ant-contrib.jar:/Volumes/MacintoshHDD/mccurdyc/Downloads/tlb-complete-0.3.2/tools/ivy/lib/ant-testutil.jar:/Volumes/MacintoshHDD/mccurdyc/Downloads/tlb-complete-0.3.2/tools/ivy/lib/bcpg-jdk15on.jar:/Volumes/MacintoshHDD/mccurdyc/Downloads/tlb-complete-0.3.2/tools/ivy/lib/bcprov-jdk15on.jar:/Volumes/MacintoshHDD/mccurdyc/Downloads/tlb-complete-0.3.2/tools/ivy/lib/commons-codec.jar:/Volumes/MacintoshHDD/mccurdyc/Downloads/tlb-complete-0.3.2/tools/ivy/lib/commons-httpclient.jar:/Volumes/MacintoshHDD/mccurdyc/Downloads/tlb-complete-0.3.2/tools/ivy/lib/commons-lang.jar:/Volumes/MacintoshHDD/mccurdyc/Downloads/tlb-complete-0.3.2/tools/ivy/lib/commons-logging.jar:/Volumes/MacintoshHDD/mccurdyc/Downloads/tlb-complete-0.3.2/tools/ivy/lib/commons-vfs.jar:/Volumes/MacintoshHDD/mccurdyc/Downloads/tlb-complete-0.3.2/tools/ivy/lib/jna.jar:/Volumes/MacintoshHDD/mccurdyc/Downloads/tlb-complete-0.3.2/tools/ivy/lib/jsch.agentproxy.connector-factory.jar:/Volumes/MacintoshHDD/mccurdyc/Downloads/tlb-complete-0.3.2/tools/ivy/lib/jsch.agentproxy.core.jar:/Volumes/MacintoshHDD/mccurdyc/Downloads/tlb-complete-0.3.2/tools/ivy/lib/jsch.agentproxy.jsch.jar:/Volumes/MacintoshHDD/mccurdyc/Downloads/tlb-complete-0.3.2/tools/ivy/lib/jsch.agentproxy.pageant.jar:/Volumes/MacintoshHDD/mccurdyc/Downloads/tlb-complete-0.3.2/tools/ivy/lib/jsch.agentproxy.sshagent.jar:/Volumes/MacintoshHDD/mccurdyc/Downloads/tlb-complete-0.3.2/tools/ivy/lib/jsch.agentproxy.usocket-jna.jar:/Volumes/MacintoshHDD/mccurdyc/Downloads/tlb-complete-0.3.2/tools/ivy/lib/jsch.agentproxy.usocket-nc.jar:/Volumes/MacintoshHDD/mccurdyc/Downloads/tlb-complete-0.3.2/tools/ivy/lib/jsch.jar:/Volumes/MacintoshHDD/mccurdyc/Downloads/tlb-complete-0.3.2/tools/ivy/lib/junit.jar:/Volumes/MacintoshHDD/mccurdyc/Downloads/tlb-complete-0.3.2/tools/ivy/lib/oro.jar:/Volumes/MacintoshHDD/mccurdyc/Downloads/tlb-complete-0.3.2/tools/ivy/lib/platform.jar:/Volumes/MacintoshHDD/mccurdyc/Downloads/tlb-complete-0.3.2/tools/ivy/lib/xercesImpl.jar:/Volumes/MacintoshHDD/mccurdyc/Downloads/tlb-complete-0.3.2/tools/ivy/lib/xmlParserAPIs.jar:/Volumes/MacintoshHDD/mccurdyc/Downloads/tlb-complete-0.3.2/tools/ivy/lib/xmlunit.jar:/Volumes/MacintoshHDD/mccurdyc/Downloads/tlb-complete-0.3.2/tools/ivy/build/classes/core:/Volumes/MacintoshHDD/mccurdyc/Downloads/tlb-complete-0.3.2/tools/ivy/build/classes/ant:/Volumes/MacintoshHDD/mccurdyc/Downloads/tlb-complete-0.3.2/tools/ivy/build/classes/optional:/Volumes/MacintoshHDD/mccurdyc/Downloads/tlb-complete-0.3.2/tools/ivy/build/test:/Volumes/MacintoshHDD/mccurdyc/Downloads/tlb-complete-0.3.2/java/lib/ant-1.7.1.jar:/Volumes/MacintoshHDD/mccurdyc/Downloads/tlb-complete-0.3.2/java/lib/ant-junit-1.7.1.jar:/Volumes/MacintoshHDD/mccurdyc/Downloads/tlb-complete-0.3.2/java/lib/ant-launcher-1.7.1.jar:/Volumes/MacintoshHDD/mccurdyc/Downloads/tlb-complete-0.3.2/java/lib/commons-codec-1.4.jar:/Volumes/MacintoshHDD/mccurdyc/Downloads/tlb-complete-0.3.2/java/lib/commons-io-1.3.2.jar:/Volumes/MacintoshHDD/mccurdyc/Downloads/tlb-complete-0.3.2/java/lib/commons-logging-1.1.1.jar:/Volumes/MacintoshHDD/mccurdyc/Downloads/tlb-complete-0.3.2/java/lib/dom4j-1.6.1.jar:/Volumes/MacintoshHDD/mccurdyc/Downloads/tlb-complete-0.3.2/java/lib/httpclient-4.1.jar:/Volumes/MacintoshHDD/mccurdyc/Downloads/tlb-complete-0.3.2/java/lib/httpcore-4.1.jar:/Volumes/MacintoshHDD/mccurdyc/Downloads/tlb-complete-0.3.2/java/lib/jaxen-1.1.1.jar:/Volumes/MacintoshHDD/mccurdyc/Downloads/tlb-complete-0.3.2/java/lib/jdom-1.0.jar:/Volumes/MacintoshHDD/mccurdyc/Downloads/tlb-complete-0.3.2/java/lib/junit-4.7.jar:/Volumes/MacintoshHDD/mccurdyc/Downloads/tlb-complete-0.3.2/java/lib/log4j-1.2.9.jar:/Volumes/MacintoshHDD/mccurdyc/Downloads/tlb-complete-0.3.2/java/tlb-java-0.3.2.jar:/usr/local/Cellar/ant/1.9.4/libexec/lib/ant-launcher.jar:/usr/local/Cellar/ant/1.9.4/libexec/lib/ant.jar:/usr/local/Cellar/ant/1.9.4/libexec/lib/ant-junit.jar:/usr/local/Cellar/ant/1.9.4/libexec/lib/ant-junit4.jar'
setting 'user.name' to 'ColtonMcCurdy'
setting 'java.vm.specification.version' to '1.8'
setting 'sun.java.command' to 'org.apache.tools.ant.taskdefs.optional.junit.JUnitTestRunner org.apache.ivy.plugins.resolver.PackagerResolverTest skipNonTests=false filtertrace=true haltOnError=false haltOnFailure=false showoutput=false outputtoformatters=true logfailedtests=true threadid=0 logtestlistenerevents=false formatter=tlb.ant.JunitDataRecorder,/Volumes/MacintoshHDD/mccurdyc/Downloads/tlb-complete-0.3.2/tools/ivy/build/doc/reports/TEST-org.apache.ivy.plugins.resolver.PackagerResolverTestnull formatter=org.apache.tools.ant.taskdefs.optional.junit.PlainJUnitResultFormatter,/Volumes/MacintoshHDD/mccurdyc/Downloads/tlb-complete-0.3.2/tools/ivy/build/doc/reports/TEST-org.apache.ivy.plugins.resolver.PackagerResolverTest.txt crashfile=/Volumes/MacintoshHDD/mccurdyc/Downloads/tlb-complete-0.3.2/tools/ivy/junitvmwatcher7579524747307634548.properties propsfile=/Volumes/MacintoshHDD/mccurdyc/Downloads/tlb-complete-0.3.2/tools/ivy/junit4540377225124413389.properties'
setting 'java.home' to '/Library/Java/JavaVirtualMachines/jdk1.8.0_66.jdk/Contents/Home/jre'
setting 'sun.arch.data.model' to '64'
setting 'user.language' to 'en'
setting 'java.specification.vendor' to 'Oracle Corporation'
setting 'awt.toolkit' to 'sun.lwawt.macosx.LWCToolkit'
setting 'java.vm.info' to 'mixed mode'
setting 'java.version' to '1.8.0_66'
setting 'java.ext.dirs' to '/Users/ColtonMcCurdy/Library/Java/Extensions:/Library/Java/JavaVirtualMachines/jdk1.8.0_66.jdk/Contents/Home/jre/lib/ext:/Library/Java/Extensions:/Network/Library/Java/Extensions:/System/Library/Java/Extensions:/usr/lib/java'
setting 'sun.boot.class.path' to '/Library/Java/JavaVirtualMachines/jdk1.8.0_66.jdk/Contents/Home/jre/lib/resources.jar:/Library/Java/JavaVirtualMachines/jdk1.8.0_66.jdk/Contents/Home/jre/lib/rt.jar:/Library/Java/JavaVirtualMachines/jdk1.8.0_66.jdk/Contents/Home/jre/lib/sunrsasign.jar:/Library/Java/JavaVirtualMachines/jdk1.8.0_66.jdk/Contents/Home/jre/lib/jsse.jar:/Library/Java/JavaVirtualMachines/jdk1.8.0_66.jdk/Contents/Home/jre/lib/jce.jar:/Library/Java/JavaVirtualMachines/jdk1.8.0_66.jdk/Contents/Home/jre/lib/charsets.jar:/Library/Java/JavaVirtualMachines/jdk1.8.0_66.jdk/Contents/Home/jre/lib/jfr.jar:/Library/Java/JavaVirtualMachines/jdk1.8.0_66.jdk/Contents/Home/jre/classes'
setting 'java.vendor' to 'Oracle Corporation'
setting 'file.separator' to '/'
setting 'java.vendor.url.bug' to 'http://bugreport.sun.com/bugreport/'
setting 'sun.io.unicode.encoding' to 'UnicodeBig'
setting 'sun.cpu.endian' to 'little'
setting 'sun.cpu.isalist' to ''
setting 'ivy.cache.dir' to '/Volumes/MacintoshHDD/mccurdyc/Downloads/tlb-complete-0.3.2/tools/ivy/build/cache'
packager: no namespace defined: using system
	no ivy file in cache for org#A;1.0: tried build/cache/org/A/ivy-1.0.xml
setting 'ivy.default.settings.dir' to 'file:/Volumes/MacintoshHDD/mccurdyc/Downloads/tlb-complete-0.3.2/tools/ivy/build/classes/core/org/apache/ivy/core/settings'
setting 'ivy.basedir' to '/Volumes/MacintoshHDD/mccurdyc/Downloads/tlb-complete-0.3.2/tools/ivy/.'
setting 'ivy.default.conf.dir' to 'file:/Volumes/MacintoshHDD/mccurdyc/Downloads/tlb-complete-0.3.2/tools/ivy/build/classes/core/org/apache/ivy/core/settings'
setting 'java.runtime.name' to 'Java(TM) SE Runtime Environment'
setting 'sun.boot.library.path' to '/Library/Java/JavaVirtualMachines/jdk1.8.0_66.jdk/Contents/Home/jre/lib'
setting 'java.vm.version' to '25.66-b17'
setting 'gopherProxySet' to 'false'
setting 'java.vm.vendor' to 'Oracle Corporation'
setting 'java.vendor.url' to 'http://java.oracle.com/'
setting 'path.separator' to ':'
setting 'java.vm.name' to 'Java HotSpot(TM) 64-Bit Server VM'
setting 'file.encoding.pkg' to 'sun.io'
setting 'user.country' to 'US'
setting 'sun.java.launcher' to 'SUN_STANDARD'
setting 'sun.os.patch.level' to 'unknown'
setting 'java.vm.specification.name' to 'Java Virtual Machine Specification'
setting 'user.dir' to '/Volumes/MacintoshHDD/mccurdyc/Downloads/tlb-complete-0.3.2/tools/ivy'
setting 'java.runtime.version' to '1.8.0_66-b17'
setting 'java.awt.graphicsenv' to 'sun.awt.CGraphicsEnvironment'
setting 'java.endorsed.dirs' to '/Library/Java/JavaVirtualMachines/jdk1.8.0_66.jdk/Contents/Home/jre/lib/endorsed'
setting 'os.arch' to 'x86_64'
setting 'java.io.tmpdir' to '/var/folders/63/3rz5g1g93kl56014nnctmg6w0000gn/T/'
setting 'line.separator' to '
'
setting 'java.vm.specification.vendor' to 'Oracle Corporation'
setting 'os.name' to 'Mac OS X'
setting 'sun.jnu.encoding' to 'UTF-8'
setting 'java.library.path' to '/Users/ColtonMcCurdy/Library/Java/Extensions:/Library/Java/Extensions:/Network/Library/Java/Extensions:/System/Library/Java/Extensions:/usr/lib/java:.'
setting 'java.specification.name' to 'Java Platform API Specification'
setting 'java.class.version' to '52.0'
setting 'sun.management.compiler' to 'HotSpot 64-Bit Tiered Compilers'
setting 'os.version' to '10.11.4'
setting 'user.home' to '/Users/ColtonMcCurdy'
setting 'user.timezone' to 'America/New_York'
setting 'java.awt.printerjob' to 'sun.lwawt.macosx.CPrinterJob'
setting 'file.encoding' to 'UTF-8'
setting 'java.specification.version' to '1.8'
setting 'java.class.path' to '/Volumes/MacintoshHDD/mccurdyc/Downloads/tlb-complete-0.3.2/tools/ivy/lib/ant-contrib.jar:/Volumes/MacintoshHDD/mccurdyc/Downloads/tlb-complete-0.3.2/tools/ivy/lib/ant-testutil.jar:/Volumes/MacintoshHDD/mccurdyc/Downloads/tlb-complete-0.3.2/tools/ivy/lib/bcpg-jdk15on.jar:/Volumes/MacintoshHDD/mccurdyc/Downloads/tlb-complete-0.3.2/tools/ivy/lib/bcprov-jdk15on.jar:/Volumes/MacintoshHDD/mccurdyc/Downloads/tlb-complete-0.3.2/tools/ivy/lib/commons-codec.jar:/Volumes/MacintoshHDD/mccurdyc/Downloads/tlb-complete-0.3.2/tools/ivy/lib/commons-httpclient.jar:/Volumes/MacintoshHDD/mccurdyc/Downloads/tlb-complete-0.3.2/tools/ivy/lib/commons-lang.jar:/Volumes/MacintoshHDD/mccurdyc/Downloads/tlb-complete-0.3.2/tools/ivy/lib/commons-logging.jar:/Volumes/MacintoshHDD/mccurdyc/Downloads/tlb-complete-0.3.2/tools/ivy/lib/commons-vfs.jar:/Volumes/MacintoshHDD/mccurdyc/Downloads/tlb-complete-0.3.2/tools/ivy/lib/jna.jar:/Volumes/MacintoshHDD/mccurdyc/Downloads/tlb-complete-0.3.2/tools/ivy/lib/jsch.agentproxy.connector-factory.jar:/Volumes/MacintoshHDD/mccurdyc/Downloads/tlb-complete-0.3.2/tools/ivy/lib/jsch.agentproxy.core.jar:/Volumes/MacintoshHDD/mccurdyc/Downloads/tlb-complete-0.3.2/tools/ivy/lib/jsch.agentproxy.jsch.jar:/Volumes/MacintoshHDD/mccurdyc/Downloads/tlb-complete-0.3.2/tools/ivy/lib/jsch.agentproxy.pageant.jar:/Volumes/MacintoshHDD/mccurdyc/Downloads/tlb-complete-0.3.2/tools/ivy/lib/jsch.agentproxy.sshagent.jar:/Volumes/MacintoshHDD/mccurdyc/Downloads/tlb-complete-0.3.2/tools/ivy/lib/jsch.agentproxy.usocket-jna.jar:/Volumes/MacintoshHDD/mccurdyc/Downloads/tlb-complete-0.3.2/tools/ivy/lib/jsch.agentproxy.usocket-nc.jar:/Volumes/MacintoshHDD/mccurdyc/Downloads/tlb-complete-0.3.2/tools/ivy/lib/jsch.jar:/Volumes/MacintoshHDD/mccurdyc/Downloads/tlb-complete-0.3.2/tools/ivy/lib/junit.jar:/Volumes/MacintoshHDD/mccurdyc/Downloads/tlb-complete-0.3.2/tools/ivy/lib/oro.jar:/Volumes/MacintoshHDD/mccurdyc/Downloads/tlb-complete-0.3.2/tools/ivy/lib/platform.jar:/Volumes/MacintoshHDD/mccurdyc/Downloads/tlb-complete-0.3.2/tools/ivy/lib/xercesImpl.jar:/Volumes/MacintoshHDD/mccurdyc/Downloads/tlb-complete-0.3.2/tools/ivy/lib/xmlParserAPIs.jar:/Volumes/MacintoshHDD/mccurdyc/Downloads/tlb-complete-0.3.2/tools/ivy/lib/xmlunit.jar:/Volumes/MacintoshHDD/mccurdyc/Downloads/tlb-complete-0.3.2/tools/ivy/build/classes/core:/Volumes/MacintoshHDD/mccurdyc/Downloads/tlb-complete-0.3.2/tools/ivy/build/classes/ant:/Volumes/MacintoshHDD/mccurdyc/Downloads/tlb-complete-0.3.2/tools/ivy/build/classes/optional:/Volumes/MacintoshHDD/mccurdyc/Downloads/tlb-complete-0.3.2/tools/ivy/build/test:/Volumes/MacintoshHDD/mccurdyc/Downloads/tlb-complete-0.3.2/java/lib/ant-1.7.1.jar:/Volumes/MacintoshHDD/mccurdyc/Downloads/tlb-complete-0.3.2/java/lib/ant-junit-1.7.1.jar:/Volumes/MacintoshHDD/mccurdyc/Downloads/tlb-complete-0.3.2/java/lib/ant-launcher-1.7.1.jar:/Volumes/MacintoshHDD/mccurdyc/Downloads/tlb-complete-0.3.2/java/lib/commons-codec-1.4.jar:/Volumes/MacintoshHDD/mccurdyc/Downloads/tlb-complete-0.3.2/java/lib/commons-io-1.3.2.jar:/Volumes/MacintoshHDD/mccurdyc/Downloads/tlb-complete-0.3.2/java/lib/commons-logging-1.1.1.jar:/Volumes/MacintoshHDD/mccurdyc/Downloads/tlb-complete-0.3.2/java/lib/dom4j-1.6.1.jar:/Volumes/MacintoshHDD/mccurdyc/Downloads/tlb-complete-0.3.2/java/lib/httpclient-4.1.jar:/Volumes/MacintoshHDD/mccurdyc/Downloads/tlb-complete-0.3.2/java/lib/httpcore-4.1.jar:/Volumes/MacintoshHDD/mccurdyc/Downloads/tlb-complete-0.3.2/java/lib/jaxen-1.1.1.jar:/Volumes/MacintoshHDD/mccurdyc/Downloads/tlb-complete-0.3.2/java/lib/jdom-1.0.jar:/Volumes/MacintoshHDD/mccurdyc/Downloads/tlb-complete-0.3.2/java/lib/junit-4.7.jar:/Volumes/MacintoshHDD/mccurdyc/Downloads/tlb-complete-0.3.2/java/lib/log4j-1.2.9.jar:/Volumes/MacintoshHDD/mccurdyc/Downloads/tlb-complete-0.3.2/java/tlb-java-0.3.2.jar:/usr/local/Cellar/ant/1.9.4/libexec/lib/ant-launcher.jar:/usr/local/Cellar/ant/1.9.4/libexec/lib/ant.jar:/usr/local/Cellar/ant/1.9.4/libexec/lib/ant-junit.jar:/usr/local/Cellar/ant/1.9.4/libexec/lib/ant-junit4.jar'
setting 'user.name' to 'ColtonMcCurdy'
setting 'java.vm.specification.version' to '1.8'
setting 'sun.java.command' to 'org.apache.tools.ant.taskdefs.optional.junit.JUnitTestRunner org.apache.ivy.plugins.resolver.PackagerResolverTest skipNonTests=false filtertrace=true haltOnError=false haltOnFailure=false showoutput=false outputtoformatters=true logfailedtests=true threadid=0 logtestlistenerevents=false formatter=tlb.ant.JunitDataRecorder,/Volumes/MacintoshHDD/mccurdyc/Downloads/tlb-complete-0.3.2/tools/ivy/build/doc/reports/TEST-org.apache.ivy.plugins.resolver.PackagerResolverTestnull formatter=org.apache.tools.ant.taskdefs.optional.junit.PlainJUnitResultFormatter,/Volumes/MacintoshHDD/mccurdyc/Downloads/tlb-complete-0.3.2/tools/ivy/build/doc/reports/TEST-org.apache.ivy.plugins.resolver.PackagerResolverTest.txt crashfile=/Volumes/MacintoshHDD/mccurdyc/Downloads/tlb-complete-0.3.2/tools/ivy/junitvmwatcher7579524747307634548.properties propsfile=/Volumes/MacintoshHDD/mccurdyc/Downloads/tlb-complete-0.3.2/tools/ivy/junit4540377225124413389.properties'
setting 'java.home' to '/Library/Java/JavaVirtualMachines/jdk1.8.0_66.jdk/Contents/Home/jre'
setting 'sun.arch.data.model' to '64'
setting 'user.language' to 'en'
setting 'java.specification.vendor' to 'Oracle Corporation'
setting 'awt.toolkit' to 'sun.lwawt.macosx.LWCToolkit'
setting 'java.vm.info' to 'mixed mode'
setting 'java.version' to '1.8.0_66'
setting 'java.ext.dirs' to '/Users/ColtonMcCurdy/Library/Java/Extensions:/Library/Java/JavaVirtualMachines/jdk1.8.0_66.jdk/Contents/Home/jre/lib/ext:/Library/Java/Extensions:/Network/Library/Java/Extensions:/System/Library/Java/Extensions:/usr/lib/java'
setting 'sun.boot.class.path' to '/Library/Java/JavaVirtualMachines/jdk1.8.0_66.jdk/Contents/Home/jre/lib/resources.jar:/Library/Java/JavaVirtualMachines/jdk1.8.0_66.jdk/Contents/Home/jre/lib/rt.jar:/Library/Java/JavaVirtualMachines/jdk1.8.0_66.jdk/Contents/Home/jre/lib/sunrsasign.jar:/Library/Java/JavaVirtualMachines/jdk1.8.0_66.jdk/Contents/Home/jre/lib/jsse.jar:/Library/Java/JavaVirtualMachines/jdk1.8.0_66.jdk/Contents/Home/jre/lib/jce.jar:/Library/Java/JavaVirtualMachines/jdk1.8.0_66.jdk/Contents/Home/jre/lib/charsets.jar:/Library/Java/JavaVirtualMachines/jdk1.8.0_66.jdk/Contents/Home/jre/lib/jfr.jar:/Library/Java/JavaVirtualMachines/jdk1.8.0_66.jdk/Contents/Home/jre/classes'
setting 'java.vendor' to 'Oracle Corporation'
setting 'file.separator' to '/'
setting 'java.vendor.url.bug' to 'http://bugreport.sun.com/bugreport/'
setting 'sun.io.unicode.encoding' to 'UnicodeBig'
setting 'sun.cpu.endian' to 'little'
setting 'sun.cpu.isalist' to ''
:: loading settings :: url = file:/Volumes/MacintoshHDD/mccurdyc/Downloads/tlb-complete-0.3.2/tools/ivy/build/classes/core/org/apache/ivy/core/settings/ivysettings.xml
setting 'ivy.settings.url' to 'file:/Volumes/MacintoshHDD/mccurdyc/Downloads/tlb-complete-0.3.2/tools/ivy/build/classes/core/org/apache/ivy/core/settings/ivysettings.xml'
setting 'ivy.conf.url' to 'file:/Volumes/MacintoshHDD/mccurdyc/Downloads/tlb-complete-0.3.2/tools/ivy/build/classes/core/org/apache/ivy/core/settings/ivysettings.xml'
setting 'ivy.settings.dir' to 'file:/Volumes/MacintoshHDD/mccurdyc/Downloads/tlb-complete-0.3.2/tools/ivy/build/classes/core/org/apache/ivy/core/settings'
setting 'ivy.settings.dir.url' to 'file:/Volumes/MacintoshHDD/mccurdyc/Downloads/tlb-complete-0.3.2/tools/ivy/build/classes/core/org/apache/ivy/core/settings'
setting 'ivy.conf.dir' to 'file:/Volumes/MacintoshHDD/mccurdyc/Downloads/tlb-complete-0.3.2/tools/ivy/build/classes/core/org/apache/ivy/core/settings'
setting 'ivy.default.ivy.user.dir' to '/Users/ColtonMcCurdy/.ivy2'
setting 'ivy.home' to '/Users/ColtonMcCurdy/.ivy2'
no default ivy user dir defined: set to /Users/ColtonMcCurdy/.ivy2
setting 'ivy.log.modules.in.use' to 'false'
setting 'ivy.resolver.default.check.modified' to 'false'
setting 'ivy.default.always.check.exact.revision' to 'false'
setting 'ivy.retrieve.pattern' to '${ivy.lib.dir}/[artifact]-[revision](-[classifier]).[ext]'
setting 'ivy.configurations' to '*'
setting 'ivy.buildlist.ivyfilepath' to 'ivy.xml'
setting 'ivy.status' to 'integration'
setting 'ivy.resolve.default.type.filter' to '*'
setting 'ivy.project.dir' to '${basedir}'
setting 'ivy.dep.file' to 'ivy.xml'
setting 'ivy.settings.file' to 'ivysettings.xml'
setting 'ivy.report.output.pattern' to '[organisation]-[module]-[conf].[ext]'
setting 'ivy.cache.ttl.default' to '10s'
setting 'ivy.publish.src.artifacts.pattern' to '${ivy.distrib.dir}/[type]s/[artifact]-[revision](-[classifier]).[ext]'
setting 'ivy.deliver.ivy.pattern' to '${ivy.distrib.dir}/[type]s/[artifact]-[revision](-[classifier]).[ext]'
setting 'ivy.build.artifacts.dir' to '${ivy.project.dir}/build/artifacts'
setting 'ivy.checksums' to 'sha1,md5'
setting 'ivy.distrib.dir' to '${ivy.project.dir}/distrib'
setting 'ivy.lib.dir' to '${ivy.project.dir}/lib'
including url: file:/Volumes/MacintoshHDD/mccurdyc/Downloads/tlb-complete-0.3.2/tools/ivy/build/classes/core/org/apache/ivy/core/settings/ivysettings-public.xml
setting 'ivy.settings.dir.url' to 'file:/Volumes/MacintoshHDD/mccurdyc/Downloads/tlb-complete-0.3.2/tools/ivy/build/classes/core/org/apache/ivy/core/settings'
setting 'ivy.cache.dir' to '/Users/ColtonMcCurdy/.ivy2/cache'
no default cache defined: set to /Users/ColtonMcCurdy/.ivy2/cache
public: no namespace defined: using system
public: no latest strategy defined: using default
including url: file:/Volumes/MacintoshHDD/mccurdyc/Downloads/tlb-complete-0.3.2/tools/ivy/build/classes/core/org/apache/ivy/core/settings/ivysettings-shared.xml
setting 'ivy.settings.dir.url' to 'file:/Volumes/MacintoshHDD/mccurdyc/Downloads/tlb-complete-0.3.2/tools/ivy/build/classes/core/org/apache/ivy/core/settings'
setting 'ivy.shared.default.root' to '/Users/ColtonMcCurdy/.ivy2/shared'
setting 'ivy.shared.default.ivy.pattern' to '[organisation]/[module]/[revision]/[type]s/[artifact].[ext]'
setting 'ivy.shared.default.artifact.pattern' to '[organisation]/[module]/[revision]/[type]s/[artifact].[ext]'
shared: no namespace defined: using system
shared: no latest strategy defined: using default
public: no namespace defined: using system
public: no latest strategy defined: using default
including url: file:/Volumes/MacintoshHDD/mccurdyc/Downloads/tlb-complete-0.3.2/tools/ivy/build/classes/core/org/apache/ivy/core/settings/ivysettings-local.xml
setting 'ivy.settings.dir.url' to 'file:/Volumes/MacintoshHDD/mccurdyc/Downloads/tlb-complete-0.3.2/tools/ivy/build/classes/core/org/apache/ivy/core/settings'
setting 'ivy.local.default.root' to '/Users/ColtonMcCurdy/.ivy2/local'
setting 'ivy.local.default.ivy.pattern' to '[organisation]/[module]/[revision]/[type]s/[artifact].[ext]'
setting 'ivy.local.default.artifact.pattern' to '[organisation]/[module]/[revision]/[type]s/[artifact].[ext]'
shared: no namespace defined: using system
shared: no latest strategy defined: using default
public: no namespace defined: using system
public: no latest strategy defined: using default
local: no namespace defined: using system
local: no latest strategy defined: using default
including url: file:/Volumes/MacintoshHDD/mccurdyc/Downloads/tlb-complete-0.3.2/tools/ivy/build/classes/core/org/apache/ivy/core/settings/ivysettings-main-chain.xml
setting 'ivy.settings.dir.url' to 'file:/Volumes/MacintoshHDD/mccurdyc/Downloads/tlb-complete-0.3.2/tools/ivy/build/classes/core/org/apache/ivy/core/settings'
shared: no namespace defined: using system
shared: no latest strategy defined: using default
public: no namespace defined: using system
public: no latest strategy defined: using default
main: no namespace defined: using system
main: no latest strategy defined: using default
local: no namespace defined: using system
local: no latest strategy defined: using default
including url: file:/Volumes/MacintoshHDD/mccurdyc/Downloads/tlb-complete-0.3.2/tools/ivy/build/classes/core/org/apache/ivy/core/settings/ivysettings-default-chain.xml
setting 'ivy.settings.dir.url' to 'file:/Volumes/MacintoshHDD/mccurdyc/Downloads/tlb-complete-0.3.2/tools/ivy/build/classes/core/org/apache/ivy/core/settings'
shared: no namespace defined: using system
shared: no latest strategy defined: using default
default: no namespace defined: using system
default: no latest strategy defined: using default
public: no namespace defined: using system
public: no latest strategy defined: using default
main: no namespace defined: using system
main: no latest strategy defined: using default
local: no namespace defined: using system
local: no latest strategy defined: using default
shared: no namespace defined: using system
shared: no latest strategy defined: using default
default: no namespace defined: using system
default: no latest strategy defined: using default
public: no namespace defined: using system
public: no latest strategy defined: using default
main: no namespace defined: using system
main: no latest strategy defined: using default
local: no namespace defined: using system
local: no latest strategy defined: using default
'ivy.default.ivy.user.dir' already set: discarding '/Users/ColtonMcCurdy/.ivy2'
settings loaded (118ms)
	default cache: /Users/ColtonMcCurdy/.ivy2/cache
	default resolver: default
	default latest strategy: latest-revision
	default conflict manager: latest-revision
	circular dependency strategy: warn
	validate: true
	check up2date: true
	-- 5 resolvers:
	shared [file]
		cache: null
		m2compatible: false
		ivy patterns:
			/Users/ColtonMcCurdy/.ivy2/shared/[organisation]/[module]/[revision]/[type]s/[artifact].[ext]
		artifact patterns:
			/Users/ColtonMcCurdy/.ivy2/shared/[organisation]/[module]/[revision]/[type]s/[artifact].[ext]
		repository: shared
	default [chain] [local, main]
		return first: true
		dual: false
		-> local
		-> main
	public [ibiblio]
		cache: null
		m2compatible: true
		ivy patterns:
			https://repo1.maven.org/maven2/[organisation]/[module]/[revision]/[artifact]-[revision](-[classifier]).[ext]
		artifact patterns:
			https://repo1.maven.org/maven2/[organisation]/[module]/[revision]/[artifact]-[revision](-[classifier]).[ext]
		repository: public
		root: https://repo1.maven.org/maven2/
		pattern: [organisation]/[module]/[revision]/[artifact]-[revision](-[classifier]).[ext]
		usepoms: true
		useMavenMetadata: true
	main [chain] [shared, public]
		return first: false
		dual: true
		-> shared
		-> public
	local [file]
		cache: null
		m2compatible: false
		ivy patterns:
			/Users/ColtonMcCurdy/.ivy2/local/[organisation]/[module]/[revision]/[type]s/[artifact].[ext]
		artifact patterns:
			/Users/ColtonMcCurdy/.ivy2/local/[organisation]/[module]/[revision]/[type]s/[artifact].[ext]
		repository: local
	module settings:
		NONE
	 trying file:/Volumes/MacintoshHDD/mccurdyc/Downloads/tlb-complete-0.3.2/tools/ivy/test/repositories/IVY-1179/repo/org/A/1.0/ivy.xml
		tried file:/Volumes/MacintoshHDD/mccurdyc/Downloads/tlb-complete-0.3.2/tools/ivy/test/repositories/IVY-1179/repo/org/A/1.0/ivy.xml
Execution environment profile JavaSE-1.2 loaded
Execution environment profile JavaSE-1.3 loaded
Execution environment profile JavaSE-1.4 loaded
Execution environment profile JavaSE-1.5 loaded
Execution environment profile JavaSE-1.6 loaded
Execution environment profile JavaSE-1.7 loaded
Execution environment profile OSGi/Minimum-1.1 loaded
Execution environment profile JavaSE-1.8 loaded
Execution environment profile CDC-1.0/Foundation-1.0 loaded
Execution environment profile CDC-1.1/Foundation-1.1 loaded
Execution environment profile OSGi/Minimum-1.2 loaded
Execution environment profile OSGi/Minimum-1.0 loaded
	packager: found md file for org#A;1.0
		=> file:/Volumes/MacintoshHDD/mccurdyc/Downloads/tlb-complete-0.3.2/tools/ivy/test/repositories/IVY-1179/repo/org/A/1.0/ivy.xml (1.0)
	parser = ivy parser
	no ivy file in cache for org#A;1.0: tried build/cache/org/A/ivy-1.0.xml
downloading file:/Volumes/MacintoshHDD/mccurdyc/Downloads/tlb-complete-0.3.2/tools/ivy/test/repositories/IVY-1179/repo/org/A/1.0/ivy.xml ...
	packager: downloading file:/Volumes/MacintoshHDD/mccurdyc/Downloads/tlb-complete-0.3.2/tools/ivy/test/repositories/IVY-1179/repo/org/A/1.0/ivy.xml
		to /Volumes/MacintoshHDD/mccurdyc/Downloads/tlb-complete-0.3.2/tools/ivy/build/cache/org/A/ivy-1.0.xml.original.part
	[SUCCESSFUL ] org#A;1.0!ivy.xml(ivy.original) (25ms)
post 1.3 ivy file: using exact as default matcher
	default-cache: parsed downloaded md file for org#A;1.0; parsed=org#A;1.0
	checking org#A;1.0 from packager against [none]
	module revision kept as first found: org#A;1.0 from packager
	 trying file:/Volumes/MacintoshHDD/mccurdyc/Downloads/tlb-complete-0.3.2/tools/ivy/test/repositories/IVY-1179/repo/org/A/1.0/packager.xml
		tried file:/Volumes/MacintoshHDD/mccurdyc/Downloads/tlb-complete-0.3.2/tools/ivy/test/repositories/IVY-1179/repo/org/A/1.0/packager.xml
performing packager resolver build in build/test/PackagerResolverTest/build/org/A/1.0
Build sequence for target(s) `build' is [validate, setResourceURL1, setResourceURL2, style, build]
Complete build sequence is [validate, setResourceURL1, setResourceURL2, style, build, ]

validate:
parsing buildfile jar:file:/usr/local/Cellar/ant/1.9.4/libexec/lib/ant.jar!/org/apache/tools/ant/antlib.xml with URI = jar:file:/usr/local/Cellar/ant/1.9.4/libexec/lib/ant.jar!/org/apache/tools/ant/antlib.xml
packager resolver build failed: /Volumes/MacintoshHDD/mccurdyc/Downloads/tlb-complete-0.3.2/tools/ivy/build/test/PackagerResolverTest/build/org/A/1.0/build.xml:23: The following error occurred while executing this line:
jar:file:/usr/local/Cellar/ant/1.9.4/libexec/lib/ant.jar!/org/apache/tools/ant/antlib.xml:37: Problem: failed to create task or type componentdef
Cause: The name is undefined.
Action: Check the spelling.
Action: Check that any custom tasks/types have been declared.
Action: Check that any <presetdef>/<macrodef> declarations have taken place.

/Volumes/MacintoshHDD/mccurdyc/Downloads/tlb-complete-0.3.2/tools/ivy/build/test/PackagerResolverTest/build/org/A/1.0/build.xml:23: The following error occurred while executing this line:
jar:file:/usr/local/Cellar/ant/1.9.4/libexec/lib/ant.jar!/org/apache/tools/ant/antlib.xml:37: Problem: failed to create task or type componentdef
Cause: The name is undefined.
Action: Check the spelling.
Action: Check that any custom tasks/types have been declared.
Action: Check that any <presetdef>/<macrodef> declarations have taken place.

	at org.apache.tools.ant.ProjectHelper.addLocationToBuildException(ProjectHelper.java:508)
	at org.apache.tools.ant.taskdefs.Definer.loadAntlib(Definer.java:434)
	at org.apache.tools.ant.taskdefs.Definer.execute(Definer.java:281)
	at org.apache.tools.ant.ComponentHelper.checkNamespace(ComponentHelper.java:790)
	at org.apache.tools.ant.ComponentHelper.getDefinition(ComponentHelper.java:260)
	at org.apache.tools.ant.ComponentHelper.createComponent(ComponentHelper.java:237)
	at org.apache.tools.ant.ComponentHelper.createComponent(ComponentHelper.java:216)
	at org.apache.tools.ant.UnknownElement.makeObject(UnknownElement.java:414)
	at org.apache.tools.ant.UnknownElement.maybeConfigure(UnknownElement.java:160)
	at org.apache.tools.ant.Task.perform(Task.java:347)
	at org.apache.tools.ant.Target.execute(Target.java:357)
	at org.apache.tools.ant.Target.performTasks(Target.java:385)
	at org.apache.tools.ant.Project.executeSortedTargets(Project.java:1337)
	at org.apache.tools.ant.Project.executeTarget(Project.java:1306)
	at org.apache.ivy.plugins.resolver.packager.PackagerCacheEntry.build(PackagerCacheEntry.java:169)
	at org.apache.ivy.plugins.resolver.packager.PackagerResolver.findArtifactRef(PackagerResolver.java:241)
	at org.apache.ivy.plugins.resolver.BasicResolver.getArtifactRef(BasicResolver.java:1040)
	at org.apache.ivy.plugins.resolver.BasicResolver$5.resolve(BasicResolver.java:1144)
	at org.apache.ivy.core.cache.DefaultRepositoryCacheManager.download(DefaultRepositoryCacheManager.java:992)
	at org.apache.ivy.plugins.resolver.BasicResolver.download(BasicResolver.java:837)
	at org.apache.ivy.plugins.resolver.RepositoryResolver.download(RepositoryResolver.java:289)
	at org.apache.ivy.plugins.resolver.PackagerResolverTest.testZipResourceInclusion(PackagerResolverTest.java:206)
	at sun.reflect.NativeMethodAccessorImpl.invoke0(Native Method)
	at sun.reflect.NativeMethodAccessorImpl.invoke(NativeMethodAccessorImpl.java:62)
	at sun.reflect.DelegatingMethodAccessorImpl.invoke(DelegatingMethodAccessorImpl.java:43)
	at java.lang.reflect.Method.invoke(Method.java:497)
	at junit.framework.TestCase.runTest(TestCase.java:164)
	at junit.framework.TestCase.runBare(TestCase.java:130)
	at junit.framework.TestResult$1.protect(TestResult.java:106)
	at junit.framework.TestResult.runProtected(TestResult.java:124)
	at junit.framework.TestResult.run(TestResult.java:109)
	at junit.framework.TestCase.run(TestCase.java:120)
	at junit.framework.TestSuite.runTest(TestSuite.java:230)
	at junit.framework.TestSuite.run(TestSuite.java:225)
	at org.junit.internal.runners.JUnit38ClassRunner.run(JUnit38ClassRunner.java:83)
	at junit.framework.JUnit4TestAdapter.run(JUnit4TestAdapter.java:39)
	at org.apache.tools.ant.taskdefs.optional.junit.JUnitTestRunner.run(JUnitTestRunner.java:420)
	at org.apache.tools.ant.taskdefs.optional.junit.JUnitTestRunner.launch(JUnitTestRunner.java:911)
	at org.apache.tools.ant.taskdefs.optional.junit.JUnitTestRunner.main(JUnitTestRunner.java:768)
Caused by: jar:file:/usr/local/Cellar/ant/1.9.4/libexec/lib/ant.jar!/org/apache/tools/ant/antlib.xml:37: Problem: failed to create task or type componentdef
Cause: The name is undefined.
Action: Check the spelling.
Action: Check that any custom tasks/types have been declared.
Action: Check that any <presetdef>/<macrodef> declarations have taken place.

	at org.apache.tools.ant.UnknownElement.getNotFoundException(UnknownElement.java:484)
	at org.apache.tools.ant.UnknownElement.makeObject(UnknownElement.java:416)
	at org.apache.tools.ant.UnknownElement.maybeConfigure(UnknownElement.java:160)
	at org.apache.tools.ant.taskdefs.Antlib.execute(Antlib.java:146)
	at org.apache.tools.ant.taskdefs.Definer.loadAntlib(Definer.java:432)
	... 37 more
--- Nested Exception ---
jar:file:/usr/local/Cellar/ant/1.9.4/libexec/lib/ant.jar!/org/apache/tools/ant/antlib.xml:37: Problem: failed to create task or type componentdef
Cause: The name is undefined.
Action: Check the spelling.
Action: Check that any custom tasks/types have been declared.
Action: Check that any <presetdef>/<macrodef> declarations have taken place.

	at org.apache.tools.ant.UnknownElement.getNotFoundException(UnknownElement.java:484)
	at org.apache.tools.ant.UnknownElement.makeObject(UnknownElement.java:416)
	at org.apache.tools.ant.UnknownElement.maybeConfigure(UnknownElement.java:160)
	at org.apache.tools.ant.taskdefs.Antlib.execute(Antlib.java:146)
	at org.apache.tools.ant.taskdefs.Definer.loadAntlib(Definer.java:432)
	at org.apache.tools.ant.taskdefs.Definer.execute(Definer.java:281)
	at org.apache.tools.ant.ComponentHelper.checkNamespace(ComponentHelper.java:790)
	at org.apache.tools.ant.ComponentHelper.getDefinition(ComponentHelper.java:260)
	at org.apache.tools.ant.ComponentHelper.createComponent(ComponentHelper.java:237)
	at org.apache.tools.ant.ComponentHelper.createComponent(ComponentHelper.java:216)
	at org.apache.tools.ant.UnknownElement.makeObject(UnknownElement.java:414)
	at org.apache.tools.ant.UnknownElement.maybeConfigure(UnknownElement.java:160)
	at org.apache.tools.ant.Task.perform(Task.java:347)
	at org.apache.tools.ant.Target.execute(Target.java:357)
	at org.apache.tools.ant.Target.performTasks(Target.java:385)
	at org.apache.tools.ant.Project.executeSortedTargets(Project.java:1337)
	at org.apache.tools.ant.Project.executeTarget(Project.java:1306)
	at org.apache.ivy.plugins.resolver.packager.PackagerCacheEntry.build(PackagerCacheEntry.java:169)
	at org.apache.ivy.plugins.resolver.packager.PackagerResolver.findArtifactRef(PackagerResolver.java:241)
	at org.apache.ivy.plugins.resolver.BasicResolver.getArtifactRef(BasicResolver.java:1040)
	at org.apache.ivy.plugins.resolver.BasicResolver$5.resolve(BasicResolver.java:1144)
	at org.apache.ivy.core.cache.DefaultRepositoryCacheManager.download(DefaultRepositoryCacheManager.java:992)
	at org.apache.ivy.plugins.resolver.BasicResolver.download(BasicResolver.java:837)
	at org.apache.ivy.plugins.resolver.RepositoryResolver.download(RepositoryResolver.java:289)
	at org.apache.ivy.plugins.resolver.PackagerResolverTest.testZipResourceInclusion(PackagerResolverTest.java:206)
	at sun.reflect.NativeMethodAccessorImpl.invoke0(Native Method)
	at sun.reflect.NativeMethodAccessorImpl.invoke(NativeMethodAccessorImpl.java:62)
	at sun.reflect.DelegatingMethodAccessorImpl.invoke(DelegatingMethodAccessorImpl.java:43)
	at java.lang.reflect.Method.invoke(Method.java:497)
	at junit.framework.TestCase.runTest(TestCase.java:164)
	at junit.framework.TestCase.runBare(TestCase.java:130)
	at junit.framework.TestResult$1.protect(TestResult.java:106)
	at junit.framework.TestResult.runProtected(TestResult.java:124)
	at junit.framework.TestResult.run(TestResult.java:109)
	at junit.framework.TestCase.run(TestCase.java:120)
	at junit.framework.TestSuite.runTest(TestSuite.java:230)
	at junit.framework.TestSuite.run(TestSuite.java:225)
	at org.junit.internal.runners.JUnit38ClassRunner.run(JUnit38ClassRunner.java:83)
	at junit.framework.JUnit4TestAdapter.run(JUnit4TestAdapter.java:39)
	at org.apache.tools.ant.taskdefs.optional.junit.JUnitTestRunner.run(JUnitTestRunner.java:420)
	at org.apache.tools.ant.taskdefs.optional.junit.JUnitTestRunner.launch(JUnitTestRunner.java:911)
	at org.apache.tools.ant.taskdefs.optional.junit.JUnitTestRunner.main(JUnitTestRunner.java:768)

WARN: 	[FAILED     ] org#A;1.0!A.jar: The following error occurred while executing this line:
jar:file:/usr/local/Cellar/ant/1.9.4/libexec/lib/ant.jar!/org/apache/tools/ant/antlib.xml:37: Problem: failed to create task or type componentdef
Cause: The name is undefined.
Action: Check the spelling.
Action: Check that any custom tasks/types have been declared.
Action: Check that any <presetdef>/<macrodef> declarations have taken place.
 (86ms)
setting 'ivy.default.settings.dir' to 'file:/Volumes/MacintoshHDD/mccurdyc/Downloads/tlb-complete-0.3.2/tools/ivy/build/classes/core/org/apache/ivy/core/settings'
setting 'ivy.basedir' to '/Volumes/MacintoshHDD/mccurdyc/Downloads/tlb-complete-0.3.2/tools/ivy/.'
setting 'ivy.default.conf.dir' to 'file:/Volumes/MacintoshHDD/mccurdyc/Downloads/tlb-complete-0.3.2/tools/ivy/build/classes/core/org/apache/ivy/core/settings'
setting 'java.runtime.name' to 'Java(TM) SE Runtime Environment'
setting 'sun.boot.library.path' to '/Library/Java/JavaVirtualMachines/jdk1.8.0_66.jdk/Contents/Home/jre/lib'
setting 'java.vm.version' to '25.66-b17'
setting 'gopherProxySet' to 'false'
setting 'java.vm.vendor' to 'Oracle Corporation'
setting 'java.vendor.url' to 'http://java.oracle.com/'
setting 'path.separator' to ':'
setting 'java.vm.name' to 'Java HotSpot(TM) 64-Bit Server VM'
setting 'file.encoding.pkg' to 'sun.io'
setting 'user.country' to 'US'
setting 'sun.java.launcher' to 'SUN_STANDARD'
setting 'sun.os.patch.level' to 'unknown'
setting 'java.vm.specification.name' to 'Java Virtual Machine Specification'
setting 'user.dir' to '/Volumes/MacintoshHDD/mccurdyc/Downloads/tlb-complete-0.3.2/tools/ivy'
setting 'java.runtime.version' to '1.8.0_66-b17'
setting 'java.awt.graphicsenv' to 'sun.awt.CGraphicsEnvironment'
setting 'java.endorsed.dirs' to '/Library/Java/JavaVirtualMachines/jdk1.8.0_66.jdk/Contents/Home/jre/lib/endorsed'
setting 'os.arch' to 'x86_64'
setting 'java.io.tmpdir' to '/var/folders/63/3rz5g1g93kl56014nnctmg6w0000gn/T/'
setting 'line.separator' to '
'
setting 'java.vm.specification.vendor' to 'Oracle Corporation'
setting 'os.name' to 'Mac OS X'
setting 'sun.jnu.encoding' to 'UTF-8'
setting 'java.library.path' to '/Users/ColtonMcCurdy/Library/Java/Extensions:/Library/Java/Extensions:/Network/Library/Java/Extensions:/System/Library/Java/Extensions:/usr/lib/java:.'
setting 'java.specification.name' to 'Java Platform API Specification'
setting 'java.class.version' to '52.0'
setting 'sun.management.compiler' to 'HotSpot 64-Bit Tiered Compilers'
setting 'os.version' to '10.11.4'
setting 'user.home' to '/Users/ColtonMcCurdy'
setting 'user.timezone' to 'America/New_York'
setting 'java.awt.printerjob' to 'sun.lwawt.macosx.CPrinterJob'
setting 'file.encoding' to 'UTF-8'
setting 'java.specification.version' to '1.8'
setting 'java.class.path' to '/Volumes/MacintoshHDD/mccurdyc/Downloads/tlb-complete-0.3.2/tools/ivy/lib/ant-contrib.jar:/Volumes/MacintoshHDD/mccurdyc/Downloads/tlb-complete-0.3.2/tools/ivy/lib/ant-testutil.jar:/Volumes/MacintoshHDD/mccurdyc/Downloads/tlb-complete-0.3.2/tools/ivy/lib/bcpg-jdk15on.jar:/Volumes/MacintoshHDD/mccurdyc/Downloads/tlb-complete-0.3.2/tools/ivy/lib/bcprov-jdk15on.jar:/Volumes/MacintoshHDD/mccurdyc/Downloads/tlb-complete-0.3.2/tools/ivy/lib/commons-codec.jar:/Volumes/MacintoshHDD/mccurdyc/Downloads/tlb-complete-0.3.2/tools/ivy/lib/commons-httpclient.jar:/Volumes/MacintoshHDD/mccurdyc/Downloads/tlb-complete-0.3.2/tools/ivy/lib/commons-lang.jar:/Volumes/MacintoshHDD/mccurdyc/Downloads/tlb-complete-0.3.2/tools/ivy/lib/commons-logging.jar:/Volumes/MacintoshHDD/mccurdyc/Downloads/tlb-complete-0.3.2/tools/ivy/lib/commons-vfs.jar:/Volumes/MacintoshHDD/mccurdyc/Downloads/tlb-complete-0.3.2/tools/ivy/lib/jna.jar:/Volumes/MacintoshHDD/mccurdyc/Downloads/tlb-complete-0.3.2/tools/ivy/lib/jsch.agentproxy.connector-factory.jar:/Volumes/MacintoshHDD/mccurdyc/Downloads/tlb-complete-0.3.2/tools/ivy/lib/jsch.agentproxy.core.jar:/Volumes/MacintoshHDD/mccurdyc/Downloads/tlb-complete-0.3.2/tools/ivy/lib/jsch.agentproxy.jsch.jar:/Volumes/MacintoshHDD/mccurdyc/Downloads/tlb-complete-0.3.2/tools/ivy/lib/jsch.agentproxy.pageant.jar:/Volumes/MacintoshHDD/mccurdyc/Downloads/tlb-complete-0.3.2/tools/ivy/lib/jsch.agentproxy.sshagent.jar:/Volumes/MacintoshHDD/mccurdyc/Downloads/tlb-complete-0.3.2/tools/ivy/lib/jsch.agentproxy.usocket-jna.jar:/Volumes/MacintoshHDD/mccurdyc/Downloads/tlb-complete-0.3.2/tools/ivy/lib/jsch.agentproxy.usocket-nc.jar:/Volumes/MacintoshHDD/mccurdyc/Downloads/tlb-complete-0.3.2/tools/ivy/lib/jsch.jar:/Volumes/MacintoshHDD/mccurdyc/Downloads/tlb-complete-0.3.2/tools/ivy/lib/junit.jar:/Volumes/MacintoshHDD/mccurdyc/Downloads/tlb-complete-0.3.2/tools/ivy/lib/oro.jar:/Volumes/MacintoshHDD/mccurdyc/Downloads/tlb-complete-0.3.2/tools/ivy/lib/platform.jar:/Volumes/MacintoshHDD/mccurdyc/Downloads/tlb-complete-0.3.2/tools/ivy/lib/xercesImpl.jar:/Volumes/MacintoshHDD/mccurdyc/Downloads/tlb-complete-0.3.2/tools/ivy/lib/xmlParserAPIs.jar:/Volumes/MacintoshHDD/mccurdyc/Downloads/tlb-complete-0.3.2/tools/ivy/lib/xmlunit.jar:/Volumes/MacintoshHDD/mccurdyc/Downloads/tlb-complete-0.3.2/tools/ivy/build/classes/core:/Volumes/MacintoshHDD/mccurdyc/Downloads/tlb-complete-0.3.2/tools/ivy/build/classes/ant:/Volumes/MacintoshHDD/mccurdyc/Downloads/tlb-complete-0.3.2/tools/ivy/build/classes/optional:/Volumes/MacintoshHDD/mccurdyc/Downloads/tlb-complete-0.3.2/tools/ivy/build/test:/Volumes/MacintoshHDD/mccurdyc/Downloads/tlb-complete-0.3.2/java/lib/ant-1.7.1.jar:/Volumes/MacintoshHDD/mccurdyc/Downloads/tlb-complete-0.3.2/java/lib/ant-junit-1.7.1.jar:/Volumes/MacintoshHDD/mccurdyc/Downloads/tlb-complete-0.3.2/java/lib/ant-launcher-1.7.1.jar:/Volumes/MacintoshHDD/mccurdyc/Downloads/tlb-complete-0.3.2/java/lib/commons-codec-1.4.jar:/Volumes/MacintoshHDD/mccurdyc/Downloads/tlb-complete-0.3.2/java/lib/commons-io-1.3.2.jar:/Volumes/MacintoshHDD/mccurdyc/Downloads/tlb-complete-0.3.2/java/lib/commons-logging-1.1.1.jar:/Volumes/MacintoshHDD/mccurdyc/Downloads/tlb-complete-0.3.2/java/lib/dom4j-1.6.1.jar:/Volumes/MacintoshHDD/mccurdyc/Downloads/tlb-complete-0.3.2/java/lib/httpclient-4.1.jar:/Volumes/MacintoshHDD/mccurdyc/Downloads/tlb-complete-0.3.2/java/lib/httpcore-4.1.jar:/Volumes/MacintoshHDD/mccurdyc/Downloads/tlb-complete-0.3.2/java/lib/jaxen-1.1.1.jar:/Volumes/MacintoshHDD/mccurdyc/Downloads/tlb-complete-0.3.2/java/lib/jdom-1.0.jar:/Volumes/MacintoshHDD/mccurdyc/Downloads/tlb-complete-0.3.2/java/lib/junit-4.7.jar:/Volumes/MacintoshHDD/mccurdyc/Downloads/tlb-complete-0.3.2/java/lib/log4j-1.2.9.jar:/Volumes/MacintoshHDD/mccurdyc/Downloads/tlb-complete-0.3.2/java/tlb-java-0.3.2.jar:/usr/local/Cellar/ant/1.9.4/libexec/lib/ant-launcher.jar:/usr/local/Cellar/ant/1.9.4/libexec/lib/ant.jar:/usr/local/Cellar/ant/1.9.4/libexec/lib/ant-junit.jar:/usr/local/Cellar/ant/1.9.4/libexec/lib/ant-junit4.jar'
setting 'user.name' to 'ColtonMcCurdy'
setting 'java.vm.specification.version' to '1.8'
setting 'sun.java.command' to 'org.apache.tools.ant.taskdefs.optional.junit.JUnitTestRunner org.apache.ivy.plugins.resolver.PackagerResolverTest skipNonTests=false filtertrace=true haltOnError=false haltOnFailure=false showoutput=false outputtoformatters=true logfailedtests=true threadid=0 logtestlistenerevents=false formatter=tlb.ant.JunitDataRecorder,/Volumes/MacintoshHDD/mccurdyc/Downloads/tlb-complete-0.3.2/tools/ivy/build/doc/reports/TEST-org.apache.ivy.plugins.resolver.PackagerResolverTestnull formatter=org.apache.tools.ant.taskdefs.optional.junit.PlainJUnitResultFormatter,/Volumes/MacintoshHDD/mccurdyc/Downloads/tlb-complete-0.3.2/tools/ivy/build/doc/reports/TEST-org.apache.ivy.plugins.resolver.PackagerResolverTest.txt crashfile=/Volumes/MacintoshHDD/mccurdyc/Downloads/tlb-complete-0.3.2/tools/ivy/junitvmwatcher7579524747307634548.properties propsfile=/Volumes/MacintoshHDD/mccurdyc/Downloads/tlb-complete-0.3.2/tools/ivy/junit4540377225124413389.properties'
setting 'java.home' to '/Library/Java/JavaVirtualMachines/jdk1.8.0_66.jdk/Contents/Home/jre'
setting 'sun.arch.data.model' to '64'
setting 'user.language' to 'en'
setting 'java.specification.vendor' to 'Oracle Corporation'
setting 'awt.toolkit' to 'sun.lwawt.macosx.LWCToolkit'
setting 'java.vm.info' to 'mixed mode'
setting 'java.version' to '1.8.0_66'
setting 'java.ext.dirs' to '/Users/ColtonMcCurdy/Library/Java/Extensions:/Library/Java/JavaVirtualMachines/jdk1.8.0_66.jdk/Contents/Home/jre/lib/ext:/Library/Java/Extensions:/Network/Library/Java/Extensions:/System/Library/Java/Extensions:/usr/lib/java'
setting 'sun.boot.class.path' to '/Library/Java/JavaVirtualMachines/jdk1.8.0_66.jdk/Contents/Home/jre/lib/resources.jar:/Library/Java/JavaVirtualMachines/jdk1.8.0_66.jdk/Contents/Home/jre/lib/rt.jar:/Library/Java/JavaVirtualMachines/jdk1.8.0_66.jdk/Contents/Home/jre/lib/sunrsasign.jar:/Library/Java/JavaVirtualMachines/jdk1.8.0_66.jdk/Contents/Home/jre/lib/jsse.jar:/Library/Java/JavaVirtualMachines/jdk1.8.0_66.jdk/Contents/Home/jre/lib/jce.jar:/Library/Java/JavaVirtualMachines/jdk1.8.0_66.jdk/Contents/Home/jre/lib/charsets.jar:/Library/Java/JavaVirtualMachines/jdk1.8.0_66.jdk/Contents/Home/jre/lib/jfr.jar:/Library/Java/JavaVirtualMachines/jdk1.8.0_66.jdk/Contents/Home/jre/classes'
setting 'java.vendor' to 'Oracle Corporation'
setting 'file.separator' to '/'
setting 'java.vendor.url.bug' to 'http://bugreport.sun.com/bugreport/'
setting 'sun.io.unicode.encoding' to 'UnicodeBig'
setting 'sun.cpu.endian' to 'little'
setting 'sun.cpu.isalist' to ''
:: loading settings :: url = file:/Volumes/MacintoshHDD/mccurdyc/Downloads/tlb-complete-0.3.2/tools/ivy/build/classes/core/org/apache/ivy/core/settings/ivysettings.xml
setting 'ivy.settings.url' to 'file:/Volumes/MacintoshHDD/mccurdyc/Downloads/tlb-complete-0.3.2/tools/ivy/build/classes/core/org/apache/ivy/core/settings/ivysettings.xml'
setting 'ivy.conf.url' to 'file:/Volumes/MacintoshHDD/mccurdyc/Downloads/tlb-complete-0.3.2/tools/ivy/build/classes/core/org/apache/ivy/core/settings/ivysettings.xml'
setting 'ivy.settings.dir' to 'file:/Volumes/MacintoshHDD/mccurdyc/Downloads/tlb-complete-0.3.2/tools/ivy/build/classes/core/org/apache/ivy/core/settings'
setting 'ivy.settings.dir.url' to 'file:/Volumes/MacintoshHDD/mccurdyc/Downloads/tlb-complete-0.3.2/tools/ivy/build/classes/core/org/apache/ivy/core/settings'
setting 'ivy.conf.dir' to 'file:/Volumes/MacintoshHDD/mccurdyc/Downloads/tlb-complete-0.3.2/tools/ivy/build/classes/core/org/apache/ivy/core/settings'
setting 'ivy.default.ivy.user.dir' to '/Users/ColtonMcCurdy/.ivy2'
setting 'ivy.home' to '/Users/ColtonMcCurdy/.ivy2'
no default ivy user dir defined: set to /Users/ColtonMcCurdy/.ivy2
setting 'ivy.log.modules.in.use' to 'false'
setting 'ivy.resolver.default.check.modified' to 'false'
setting 'ivy.default.always.check.exact.revision' to 'false'
setting 'ivy.retrieve.pattern' to '${ivy.lib.dir}/[artifact]-[revision](-[classifier]).[ext]'
setting 'ivy.configurations' to '*'
setting 'ivy.buildlist.ivyfilepath' to 'ivy.xml'
setting 'ivy.status' to 'integration'
setting 'ivy.resolve.default.type.filter' to '*'
setting 'ivy.project.dir' to '${basedir}'
setting 'ivy.dep.file' to 'ivy.xml'
setting 'ivy.settings.file' to 'ivysettings.xml'
setting 'ivy.report.output.pattern' to '[organisation]-[module]-[conf].[ext]'
setting 'ivy.cache.ttl.default' to '10s'
setting 'ivy.publish.src.artifacts.pattern' to '${ivy.distrib.dir}/[type]s/[artifact]-[revision](-[classifier]).[ext]'
setting 'ivy.deliver.ivy.pattern' to '${ivy.distrib.dir}/[type]s/[artifact]-[revision](-[classifier]).[ext]'
setting 'ivy.build.artifacts.dir' to '${ivy.project.dir}/build/artifacts'
setting 'ivy.checksums' to 'sha1,md5'
setting 'ivy.distrib.dir' to '${ivy.project.dir}/distrib'
setting 'ivy.lib.dir' to '${ivy.project.dir}/lib'
including url: file:/Volumes/MacintoshHDD/mccurdyc/Downloads/tlb-complete-0.3.2/tools/ivy/build/classes/core/org/apache/ivy/core/settings/ivysettings-public.xml
setting 'ivy.settings.dir.url' to 'file:/Volumes/MacintoshHDD/mccurdyc/Downloads/tlb-complete-0.3.2/tools/ivy/build/classes/core/org/apache/ivy/core/settings'
setting 'ivy.cache.dir' to '/Users/ColtonMcCurdy/.ivy2/cache'
no default cache defined: set to /Users/ColtonMcCurdy/.ivy2/cache
public: no namespace defined: using system
public: no latest strategy defined: using default
including url: file:/Volumes/MacintoshHDD/mccurdyc/Downloads/tlb-complete-0.3.2/tools/ivy/build/classes/core/org/apache/ivy/core/settings/ivysettings-shared.xml
setting 'ivy.settings.dir.url' to 'file:/Volumes/MacintoshHDD/mccurdyc/Downloads/tlb-complete-0.3.2/tools/ivy/build/classes/core/org/apache/ivy/core/settings'
setting 'ivy.shared.default.root' to '/Users/ColtonMcCurdy/.ivy2/shared'
setting 'ivy.shared.default.ivy.pattern' to '[organisation]/[module]/[revision]/[type]s/[artifact].[ext]'
setting 'ivy.shared.default.artifact.pattern' to '[organisation]/[module]/[revision]/[type]s/[artifact].[ext]'
shared: no namespace defined: using system
shared: no latest strategy defined: using default
public: no namespace defined: using system
public: no latest strategy defined: using default
including url: file:/Volumes/MacintoshHDD/mccurdyc/Downloads/tlb-complete-0.3.2/tools/ivy/build/classes/core/org/apache/ivy/core/settings/ivysettings-local.xml
setting 'ivy.settings.dir.url' to 'file:/Volumes/MacintoshHDD/mccurdyc/Downloads/tlb-complete-0.3.2/tools/ivy/build/classes/core/org/apache/ivy/core/settings'
setting 'ivy.local.default.root' to '/Users/ColtonMcCurdy/.ivy2/local'
setting 'ivy.local.default.ivy.pattern' to '[organisation]/[module]/[revision]/[type]s/[artifact].[ext]'
setting 'ivy.local.default.artifact.pattern' to '[organisation]/[module]/[revision]/[type]s/[artifact].[ext]'
shared: no namespace defined: using system
shared: no latest strategy defined: using default
public: no namespace defined: using system
public: no latest strategy defined: using default
local: no namespace defined: using system
local: no latest strategy defined: using default
including url: file:/Volumes/MacintoshHDD/mccurdyc/Downloads/tlb-complete-0.3.2/tools/ivy/build/classes/core/org/apache/ivy/core/settings/ivysettings-main-chain.xml
setting 'ivy.settings.dir.url' to 'file:/Volumes/MacintoshHDD/mccurdyc/Downloads/tlb-complete-0.3.2/tools/ivy/build/classes/core/org/apache/ivy/core/settings'
shared: no namespace defined: using system
shared: no latest strategy defined: using default
public: no namespace defined: using system
public: no latest strategy defined: using default
main: no namespace defined: using system
main: no latest strategy defined: using default
local: no namespace defined: using system
local: no latest strategy defined: using default
including url: file:/Volumes/MacintoshHDD/mccurdyc/Downloads/tlb-complete-0.3.2/tools/ivy/build/classes/core/org/apache/ivy/core/settings/ivysettings-default-chain.xml
setting 'ivy.settings.dir.url' to 'file:/Volumes/MacintoshHDD/mccurdyc/Downloads/tlb-complete-0.3.2/tools/ivy/build/classes/core/org/apache/ivy/core/settings'
shared: no namespace defined: using system
shared: no latest strategy defined: using default
default: no namespace defined: using system
default: no latest strategy defined: using default
public: no namespace defined: using system
public: no latest strategy defined: using default
main: no namespace defined: using system
main: no latest strategy defined: using default
local: no namespace defined: using system
local: no latest strategy defined: using default
shared: no namespace defined: using system
shared: no latest strategy defined: using default
default: no namespace defined: using system
default: no latest strategy defined: using default
public: no namespace defined: using system
public: no latest strategy defined: using default
main: no namespace defined: using system
main: no latest strategy defined: using default
local: no namespace defined: using system
local: no latest strategy defined: using default
'ivy.default.ivy.user.dir' already set: discarding '/Users/ColtonMcCurdy/.ivy2'
settings loaded (20ms)
	default cache: /Users/ColtonMcCurdy/.ivy2/cache
	default resolver: default
	default latest strategy: latest-revision
	default conflict manager: latest-revision
	circular dependency strategy: warn
	validate: true
	check up2date: true
	-- 5 resolvers:
	shared [file]
		cache: null
		m2compatible: false
		ivy patterns:
			/Users/ColtonMcCurdy/.ivy2/shared/[organisation]/[module]/[revision]/[type]s/[artifact].[ext]
		artifact patterns:
			/Users/ColtonMcCurdy/.ivy2/shared/[organisation]/[module]/[revision]/[type]s/[artifact].[ext]
		repository: shared
	default [chain] [local, main]
		return first: true
		dual: false
		-> local
		-> main
	public [ibiblio]
		cache: null
		m2compatible: true
		ivy patterns:
			https://repo1.maven.org/maven2/[organisation]/[module]/[revision]/[artifact]-[revision](-[classifier]).[ext]
		artifact patterns:
			https://repo1.maven.org/maven2/[organisation]/[module]/[revision]/[artifact]-[revision](-[classifier]).[ext]
		repository: public
		root: https://repo1.maven.org/maven2/
		pattern: [organisation]/[module]/[revision]/[artifact]-[revision](-[classifier]).[ext]
		usepoms: true
		useMavenMetadata: true
	main [chain] [shared, public]
		return first: false
		dual: true
		-> shared
		-> public
	local [file]
		cache: null
		m2compatible: false
		ivy patterns:
			/Users/ColtonMcCurdy/.ivy2/local/[organisation]/[module]/[revision]/[type]s/[artifact].[ext]
		artifact patterns:
			/Users/ColtonMcCurdy/.ivy2/local/[organisation]/[module]/[revision]/[type]s/[artifact].[ext]
		repository: local
	module settings:
		NONE
setting 'ivy.default.settings.dir' to 'file:/Volumes/MacintoshHDD/mccurdyc/Downloads/tlb-complete-0.3.2/tools/ivy/build/classes/core/org/apache/ivy/core/settings'
setting 'ivy.basedir' to '/Volumes/MacintoshHDD/mccurdyc/Downloads/tlb-complete-0.3.2/tools/ivy/.'
setting 'ivy.default.conf.dir' to 'file:/Volumes/MacintoshHDD/mccurdyc/Downloads/tlb-complete-0.3.2/tools/ivy/build/classes/core/org/apache/ivy/core/settings'
setting 'java.runtime.name' to 'Java(TM) SE Runtime Environment'
setting 'sun.boot.library.path' to '/Library/Java/JavaVirtualMachines/jdk1.8.0_66.jdk/Contents/Home/jre/lib'
setting 'java.vm.version' to '25.66-b17'
setting 'gopherProxySet' to 'false'
setting 'java.vm.vendor' to 'Oracle Corporation'
setting 'java.vendor.url' to 'http://java.oracle.com/'
setting 'path.separator' to ':'
setting 'java.vm.name' to 'Java HotSpot(TM) 64-Bit Server VM'
setting 'file.encoding.pkg' to 'sun.io'
setting 'user.country' to 'US'
setting 'sun.java.launcher' to 'SUN_STANDARD'
setting 'sun.os.patch.level' to 'unknown'
setting 'java.vm.specification.name' to 'Java Virtual Machine Specification'
setting 'user.dir' to '/Volumes/MacintoshHDD/mccurdyc/Downloads/tlb-complete-0.3.2/tools/ivy'
setting 'java.runtime.version' to '1.8.0_66-b17'
setting 'java.awt.graphicsenv' to 'sun.awt.CGraphicsEnvironment'
setting 'java.endorsed.dirs' to '/Library/Java/JavaVirtualMachines/jdk1.8.0_66.jdk/Contents/Home/jre/lib/endorsed'
setting 'os.arch' to 'x86_64'
setting 'java.io.tmpdir' to '/var/folders/63/3rz5g1g93kl56014nnctmg6w0000gn/T/'
setting 'line.separator' to '
'
setting 'java.vm.specification.vendor' to 'Oracle Corporation'
setting 'os.name' to 'Mac OS X'
setting 'sun.jnu.encoding' to 'UTF-8'
setting 'java.library.path' to '/Users/ColtonMcCurdy/Library/Java/Extensions:/Library/Java/Extensions:/Network/Library/Java/Extensions:/System/Library/Java/Extensions:/usr/lib/java:.'
setting 'java.specification.name' to 'Java Platform API Specification'
setting 'java.class.version' to '52.0'
setting 'sun.management.compiler' to 'HotSpot 64-Bit Tiered Compilers'
setting 'os.version' to '10.11.4'
setting 'user.home' to '/Users/ColtonMcCurdy'
setting 'user.timezone' to 'America/New_York'
setting 'java.awt.printerjob' to 'sun.lwawt.macosx.CPrinterJob'
setting 'file.encoding' to 'UTF-8'
setting 'java.specification.version' to '1.8'
setting 'java.class.path' to '/Volumes/MacintoshHDD/mccurdyc/Downloads/tlb-complete-0.3.2/tools/ivy/lib/ant-contrib.jar:/Volumes/MacintoshHDD/mccurdyc/Downloads/tlb-complete-0.3.2/tools/ivy/lib/ant-testutil.jar:/Volumes/MacintoshHDD/mccurdyc/Downloads/tlb-complete-0.3.2/tools/ivy/lib/bcpg-jdk15on.jar:/Volumes/MacintoshHDD/mccurdyc/Downloads/tlb-complete-0.3.2/tools/ivy/lib/bcprov-jdk15on.jar:/Volumes/MacintoshHDD/mccurdyc/Downloads/tlb-complete-0.3.2/tools/ivy/lib/commons-codec.jar:/Volumes/MacintoshHDD/mccurdyc/Downloads/tlb-complete-0.3.2/tools/ivy/lib/commons-httpclient.jar:/Volumes/MacintoshHDD/mccurdyc/Downloads/tlb-complete-0.3.2/tools/ivy/lib/commons-lang.jar:/Volumes/MacintoshHDD/mccurdyc/Downloads/tlb-complete-0.3.2/tools/ivy/lib/commons-logging.jar:/Volumes/MacintoshHDD/mccurdyc/Downloads/tlb-complete-0.3.2/tools/ivy/lib/commons-vfs.jar:/Volumes/MacintoshHDD/mccurdyc/Downloads/tlb-complete-0.3.2/tools/ivy/lib/jna.jar:/Volumes/MacintoshHDD/mccurdyc/Downloads/tlb-complete-0.3.2/tools/ivy/lib/jsch.agentproxy.connector-factory.jar:/Volumes/MacintoshHDD/mccurdyc/Downloads/tlb-complete-0.3.2/tools/ivy/lib/jsch.agentproxy.core.jar:/Volumes/MacintoshHDD/mccurdyc/Downloads/tlb-complete-0.3.2/tools/ivy/lib/jsch.agentproxy.jsch.jar:/Volumes/MacintoshHDD/mccurdyc/Downloads/tlb-complete-0.3.2/tools/ivy/lib/jsch.agentproxy.pageant.jar:/Volumes/MacintoshHDD/mccurdyc/Downloads/tlb-complete-0.3.2/tools/ivy/lib/jsch.agentproxy.sshagent.jar:/Volumes/MacintoshHDD/mccurdyc/Downloads/tlb-complete-0.3.2/tools/ivy/lib/jsch.agentproxy.usocket-jna.jar:/Volumes/MacintoshHDD/mccurdyc/Downloads/tlb-complete-0.3.2/tools/ivy/lib/jsch.agentproxy.usocket-nc.jar:/Volumes/MacintoshHDD/mccurdyc/Downloads/tlb-complete-0.3.2/tools/ivy/lib/jsch.jar:/Volumes/MacintoshHDD/mccurdyc/Downloads/tlb-complete-0.3.2/tools/ivy/lib/junit.jar:/Volumes/MacintoshHDD/mccurdyc/Downloads/tlb-complete-0.3.2/tools/ivy/lib/oro.jar:/Volumes/MacintoshHDD/mccurdyc/Downloads/tlb-complete-0.3.2/tools/ivy/lib/platform.jar:/Volumes/MacintoshHDD/mccurdyc/Downloads/tlb-complete-0.3.2/tools/ivy/lib/xercesImpl.jar:/Volumes/MacintoshHDD/mccurdyc/Downloads/tlb-complete-0.3.2/tools/ivy/lib/xmlParserAPIs.jar:/Volumes/MacintoshHDD/mccurdyc/Downloads/tlb-complete-0.3.2/tools/ivy/lib/xmlunit.jar:/Volumes/MacintoshHDD/mccurdyc/Downloads/tlb-complete-0.3.2/tools/ivy/build/classes/core:/Volumes/MacintoshHDD/mccurdyc/Downloads/tlb-complete-0.3.2/tools/ivy/build/classes/ant:/Volumes/MacintoshHDD/mccurdyc/Downloads/tlb-complete-0.3.2/tools/ivy/build/classes/optional:/Volumes/MacintoshHDD/mccurdyc/Downloads/tlb-complete-0.3.2/tools/ivy/build/test:/Volumes/MacintoshHDD/mccurdyc/Downloads/tlb-complete-0.3.2/java/lib/ant-1.7.1.jar:/Volumes/MacintoshHDD/mccurdyc/Downloads/tlb-complete-0.3.2/java/lib/ant-junit-1.7.1.jar:/Volumes/MacintoshHDD/mccurdyc/Downloads/tlb-complete-0.3.2/java/lib/ant-launcher-1.7.1.jar:/Volumes/MacintoshHDD/mccurdyc/Downloads/tlb-complete-0.3.2/java/lib/commons-codec-1.4.jar:/Volumes/MacintoshHDD/mccurdyc/Downloads/tlb-complete-0.3.2/java/lib/commons-io-1.3.2.jar:/Volumes/MacintoshHDD/mccurdyc/Downloads/tlb-complete-0.3.2/java/lib/commons-logging-1.1.1.jar:/Volumes/MacintoshHDD/mccurdyc/Downloads/tlb-complete-0.3.2/java/lib/dom4j-1.6.1.jar:/Volumes/MacintoshHDD/mccurdyc/Downloads/tlb-complete-0.3.2/java/lib/httpclient-4.1.jar:/Volumes/MacintoshHDD/mccurdyc/Downloads/tlb-complete-0.3.2/java/lib/httpcore-4.1.jar:/Volumes/MacintoshHDD/mccurdyc/Downloads/tlb-complete-0.3.2/java/lib/jaxen-1.1.1.jar:/Volumes/MacintoshHDD/mccurdyc/Downloads/tlb-complete-0.3.2/java/lib/jdom-1.0.jar:/Volumes/MacintoshHDD/mccurdyc/Downloads/tlb-complete-0.3.2/java/lib/junit-4.7.jar:/Volumes/MacintoshHDD/mccurdyc/Downloads/tlb-complete-0.3.2/java/lib/log4j-1.2.9.jar:/Volumes/MacintoshHDD/mccurdyc/Downloads/tlb-complete-0.3.2/java/tlb-java-0.3.2.jar:/usr/local/Cellar/ant/1.9.4/libexec/lib/ant-launcher.jar:/usr/local/Cellar/ant/1.9.4/libexec/lib/ant.jar:/usr/local/Cellar/ant/1.9.4/libexec/lib/ant-junit.jar:/usr/local/Cellar/ant/1.9.4/libexec/lib/ant-junit4.jar'
setting 'user.name' to 'ColtonMcCurdy'
setting 'java.vm.specification.version' to '1.8'
setting 'sun.java.command' to 'org.apache.tools.ant.taskdefs.optional.junit.JUnitTestRunner org.apache.ivy.plugins.resolver.PackagerResolverTest skipNonTests=false filtertrace=true haltOnError=false haltOnFailure=false showoutput=false outputtoformatters=true logfailedtests=true threadid=0 logtestlistenerevents=false formatter=tlb.ant.JunitDataRecorder,/Volumes/MacintoshHDD/mccurdyc/Downloads/tlb-complete-0.3.2/tools/ivy/build/doc/reports/TEST-org.apache.ivy.plugins.resolver.PackagerResolverTestnull formatter=org.apache.tools.ant.taskdefs.optional.junit.PlainJUnitResultFormatter,/Volumes/MacintoshHDD/mccurdyc/Downloads/tlb-complete-0.3.2/tools/ivy/build/doc/reports/TEST-org.apache.ivy.plugins.resolver.PackagerResolverTest.txt crashfile=/Volumes/MacintoshHDD/mccurdyc/Downloads/tlb-complete-0.3.2/tools/ivy/junitvmwatcher7579524747307634548.properties propsfile=/Volumes/MacintoshHDD/mccurdyc/Downloads/tlb-complete-0.3.2/tools/ivy/junit4540377225124413389.properties'
setting 'java.home' to '/Library/Java/JavaVirtualMachines/jdk1.8.0_66.jdk/Contents/Home/jre'
setting 'sun.arch.data.model' to '64'
setting 'user.language' to 'en'
setting 'java.specification.vendor' to 'Oracle Corporation'
setting 'awt.toolkit' to 'sun.lwawt.macosx.LWCToolkit'
setting 'java.vm.info' to 'mixed mode'
setting 'java.version' to '1.8.0_66'
setting 'java.ext.dirs' to '/Users/ColtonMcCurdy/Library/Java/Extensions:/Library/Java/JavaVirtualMachines/jdk1.8.0_66.jdk/Contents/Home/jre/lib/ext:/Library/Java/Extensions:/Network/Library/Java/Extensions:/System/Library/Java/Extensions:/usr/lib/java'
setting 'sun.boot.class.path' to '/Library/Java/JavaVirtualMachines/jdk1.8.0_66.jdk/Contents/Home/jre/lib/resources.jar:/Library/Java/JavaVirtualMachines/jdk1.8.0_66.jdk/Contents/Home/jre/lib/rt.jar:/Library/Java/JavaVirtualMachines/jdk1.8.0_66.jdk/Contents/Home/jre/lib/sunrsasign.jar:/Library/Java/JavaVirtualMachines/jdk1.8.0_66.jdk/Contents/Home/jre/lib/jsse.jar:/Library/Java/JavaVirtualMachines/jdk1.8.0_66.jdk/Contents/Home/jre/lib/jce.jar:/Library/Java/JavaVirtualMachines/jdk1.8.0_66.jdk/Contents/Home/jre/lib/charsets.jar:/Library/Java/JavaVirtualMachines/jdk1.8.0_66.jdk/Contents/Home/jre/lib/jfr.jar:/Library/Java/JavaVirtualMachines/jdk1.8.0_66.jdk/Contents/Home/jre/classes'
setting 'java.vendor' to 'Oracle Corporation'
setting 'file.separator' to '/'
setting 'java.vendor.url.bug' to 'http://bugreport.sun.com/bugreport/'
setting 'sun.io.unicode.encoding' to 'UnicodeBig'
setting 'sun.cpu.endian' to 'little'
setting 'sun.cpu.isalist' to ''
setting 'ivy.cache.dir' to '/Volumes/MacintoshHDD/mccurdyc/Downloads/tlb-complete-0.3.2/tools/ivy/build/cache'
packager: no namespace defined: using system
	no ivy file in cache for org#B;1.0: tried build/cache/org/B/ivy-1.0.xml
	 trying file:/Volumes/MacintoshHDD/mccurdyc/Downloads/tlb-complete-0.3.2/tools/ivy/test/repositories/IVY-1179/repo/org/B/1.0/ivy.xml
		tried file:/Volumes/MacintoshHDD/mccurdyc/Downloads/tlb-complete-0.3.2/tools/ivy/test/repositories/IVY-1179/repo/org/B/1.0/ivy.xml
	packager: found md file for org#B;1.0
		=> file:/Volumes/MacintoshHDD/mccurdyc/Downloads/tlb-complete-0.3.2/tools/ivy/test/repositories/IVY-1179/repo/org/B/1.0/ivy.xml (1.0)
	parser = ivy parser
	no ivy file in cache for org#B;1.0: tried build/cache/org/B/ivy-1.0.xml
downloading file:/Volumes/MacintoshHDD/mccurdyc/Downloads/tlb-complete-0.3.2/tools/ivy/test/repositories/IVY-1179/repo/org/B/1.0/ivy.xml ...
	packager: downloading file:/Volumes/MacintoshHDD/mccurdyc/Downloads/tlb-complete-0.3.2/tools/ivy/test/repositories/IVY-1179/repo/org/B/1.0/ivy.xml
		to /Volumes/MacintoshHDD/mccurdyc/Downloads/tlb-complete-0.3.2/tools/ivy/build/cache/org/B/ivy-1.0.xml.original.part
	[SUCCESSFUL ] org#B;1.0!ivy.xml(ivy.original) (3ms)
post 1.3 ivy file: using exact as default matcher
	default-cache: parsed downloaded md file for org#B;1.0; parsed=org#B;1.0
	checking org#B;1.0 from packager against [none]
	module revision kept as first found: org#B;1.0 from packager
	 trying file:/Volumes/MacintoshHDD/mccurdyc/Downloads/tlb-complete-0.3.2/tools/ivy/test/repositories/IVY-1179/repo/org/B/1.0/packager.xml
		tried file:/Volumes/MacintoshHDD/mccurdyc/Downloads/tlb-complete-0.3.2/tools/ivy/test/repositories/IVY-1179/repo/org/B/1.0/packager.xml
performing packager resolver build in build/test/PackagerResolverTest/build/org/B/1.0
Build sequence for target(s) `build' is [validate, setResourceURL1, setResourceURL2, style, build]
Complete build sequence is [validate, setResourceURL1, setResourceURL2, style, build, ]

validate:
parsing buildfile jar:file:/usr/local/Cellar/ant/1.9.4/libexec/lib/ant.jar!/org/apache/tools/ant/antlib.xml with URI = jar:file:/usr/local/Cellar/ant/1.9.4/libexec/lib/ant.jar!/org/apache/tools/ant/antlib.xml
packager resolver build failed: /Volumes/MacintoshHDD/mccurdyc/Downloads/tlb-complete-0.3.2/tools/ivy/build/test/PackagerResolverTest/build/org/B/1.0/build.xml:23: The following error occurred while executing this line:
jar:file:/usr/local/Cellar/ant/1.9.4/libexec/lib/ant.jar!/org/apache/tools/ant/antlib.xml:37: Problem: failed to create task or type componentdef
Cause: The name is undefined.
Action: Check the spelling.
Action: Check that any custom tasks/types have been declared.
Action: Check that any <presetdef>/<macrodef> declarations have taken place.

/Volumes/MacintoshHDD/mccurdyc/Downloads/tlb-complete-0.3.2/tools/ivy/build/test/PackagerResolverTest/build/org/B/1.0/build.xml:23: The following error occurred while executing this line:
jar:file:/usr/local/Cellar/ant/1.9.4/libexec/lib/ant.jar!/org/apache/tools/ant/antlib.xml:37: Problem: failed to create task or type componentdef
Cause: The name is undefined.
Action: Check the spelling.
Action: Check that any custom tasks/types have been declared.
Action: Check that any <presetdef>/<macrodef> declarations have taken place.

	at org.apache.tools.ant.ProjectHelper.addLocationToBuildException(ProjectHelper.java:508)
	at org.apache.tools.ant.taskdefs.Definer.loadAntlib(Definer.java:434)
	at org.apache.tools.ant.taskdefs.Definer.execute(Definer.java:281)
	at org.apache.tools.ant.ComponentHelper.checkNamespace(ComponentHelper.java:790)
	at org.apache.tools.ant.ComponentHelper.getDefinition(ComponentHelper.java:260)
	at org.apache.tools.ant.ComponentHelper.createComponent(ComponentHelper.java:237)
	at org.apache.tools.ant.ComponentHelper.createComponent(ComponentHelper.java:216)
	at org.apache.tools.ant.UnknownElement.makeObject(UnknownElement.java:414)
	at org.apache.tools.ant.UnknownElement.maybeConfigure(UnknownElement.java:160)
	at org.apache.tools.ant.Task.perform(Task.java:347)
	at org.apache.tools.ant.Target.execute(Target.java:357)
	at org.apache.tools.ant.Target.performTasks(Target.java:385)
	at org.apache.tools.ant.Project.executeSortedTargets(Project.java:1337)
	at org.apache.tools.ant.Project.executeTarget(Project.java:1306)
	at org.apache.ivy.plugins.resolver.packager.PackagerCacheEntry.build(PackagerCacheEntry.java:169)
	at org.apache.ivy.plugins.resolver.packager.PackagerResolver.findArtifactRef(PackagerResolver.java:241)
	at org.apache.ivy.plugins.resolver.BasicResolver.getArtifactRef(BasicResolver.java:1040)
	at org.apache.ivy.plugins.resolver.BasicResolver$5.resolve(BasicResolver.java:1144)
	at org.apache.ivy.core.cache.DefaultRepositoryCacheManager.download(DefaultRepositoryCacheManager.java:992)
	at org.apache.ivy.plugins.resolver.BasicResolver.download(BasicResolver.java:837)
	at org.apache.ivy.plugins.resolver.RepositoryResolver.download(RepositoryResolver.java:289)
	at org.apache.ivy.plugins.resolver.PackagerResolverTest.testTarResourceInclusion(PackagerResolverTest.java:253)
	at sun.reflect.NativeMethodAccessorImpl.invoke0(Native Method)
	at sun.reflect.NativeMethodAccessorImpl.invoke(NativeMethodAccessorImpl.java:62)
	at sun.reflect.DelegatingMethodAccessorImpl.invoke(DelegatingMethodAccessorImpl.java:43)
	at java.lang.reflect.Method.invoke(Method.java:497)
	at junit.framework.TestCase.runTest(TestCase.java:164)
	at junit.framework.TestCase.runBare(TestCase.java:130)
	at junit.framework.TestResult$1.protect(TestResult.java:106)
	at junit.framework.TestResult.runProtected(TestResult.java:124)
	at junit.framework.TestResult.run(TestResult.java:109)
	at junit.framework.TestCase.run(TestCase.java:120)
	at junit.framework.TestSuite.runTest(TestSuite.java:230)
	at junit.framework.TestSuite.run(TestSuite.java:225)
	at org.junit.internal.runners.JUnit38ClassRunner.run(JUnit38ClassRunner.java:83)
	at junit.framework.JUnit4TestAdapter.run(JUnit4TestAdapter.java:39)
	at org.apache.tools.ant.taskdefs.optional.junit.JUnitTestRunner.run(JUnitTestRunner.java:420)
	at org.apache.tools.ant.taskdefs.optional.junit.JUnitTestRunner.launch(JUnitTestRunner.java:911)
	at org.apache.tools.ant.taskdefs.optional.junit.JUnitTestRunner.main(JUnitTestRunner.java:768)
Caused by: jar:file:/usr/local/Cellar/ant/1.9.4/libexec/lib/ant.jar!/org/apache/tools/ant/antlib.xml:37: Problem: failed to create task or type componentdef
Cause: The name is undefined.
Action: Check the spelling.
Action: Check that any custom tasks/types have been declared.
Action: Check that any <presetdef>/<macrodef> declarations have taken place.

	at org.apache.tools.ant.UnknownElement.getNotFoundException(UnknownElement.java:484)
	at org.apache.tools.ant.UnknownElement.makeObject(UnknownElement.java:416)
	at org.apache.tools.ant.UnknownElement.maybeConfigure(UnknownElement.java:160)
	at org.apache.tools.ant.taskdefs.Antlib.execute(Antlib.java:146)
	at org.apache.tools.ant.taskdefs.Definer.loadAntlib(Definer.java:432)
	... 37 more
--- Nested Exception ---
jar:file:/usr/local/Cellar/ant/1.9.4/libexec/lib/ant.jar!/org/apache/tools/ant/antlib.xml:37: Problem: failed to create task or type componentdef
Cause: The name is undefined.
Action: Check the spelling.
Action: Check that any custom tasks/types have been declared.
Action: Check that any <presetdef>/<macrodef> declarations have taken place.

	at org.apache.tools.ant.UnknownElement.getNotFoundException(UnknownElement.java:484)
	at org.apache.tools.ant.UnknownElement.makeObject(UnknownElement.java:416)
	at org.apache.tools.ant.UnknownElement.maybeConfigure(UnknownElement.java:160)
	at org.apache.tools.ant.taskdefs.Antlib.execute(Antlib.java:146)
	at org.apache.tools.ant.taskdefs.Definer.loadAntlib(Definer.java:432)
	at org.apache.tools.ant.taskdefs.Definer.execute(Definer.java:281)
	at org.apache.tools.ant.ComponentHelper.checkNamespace(ComponentHelper.java:790)
	at org.apache.tools.ant.ComponentHelper.getDefinition(ComponentHelper.java:260)
	at org.apache.tools.ant.ComponentHelper.createComponent(ComponentHelper.java:237)
	at org.apache.tools.ant.ComponentHelper.createComponent(ComponentHelper.java:216)
	at org.apache.tools.ant.UnknownElement.makeObject(UnknownElement.java:414)
	at org.apache.tools.ant.UnknownElement.maybeConfigure(UnknownElement.java:160)
	at org.apache.tools.ant.Task.perform(Task.java:347)
	at org.apache.tools.ant.Target.execute(Target.java:357)
	at org.apache.tools.ant.Target.performTasks(Target.java:385)
	at org.apache.tools.ant.Project.executeSortedTargets(Project.java:1337)
	at org.apache.tools.ant.Project.executeTarget(Project.java:1306)
	at org.apache.ivy.plugins.resolver.packager.PackagerCacheEntry.build(PackagerCacheEntry.java:169)
	at org.apache.ivy.plugins.resolver.packager.PackagerResolver.findArtifactRef(PackagerResolver.java:241)
	at org.apache.ivy.plugins.resolver.BasicResolver.getArtifactRef(BasicResolver.java:1040)
	at org.apache.ivy.plugins.resolver.BasicResolver$5.resolve(BasicResolver.java:1144)
	at org.apache.ivy.core.cache.DefaultRepositoryCacheManager.download(DefaultRepositoryCacheManager.java:992)
	at org.apache.ivy.plugins.resolver.BasicResolver.download(BasicResolver.java:837)
	at org.apache.ivy.plugins.resolver.RepositoryResolver.download(RepositoryResolver.java:289)
	at org.apache.ivy.plugins.resolver.PackagerResolverTest.testTarResourceInclusion(PackagerResolverTest.java:253)
	at sun.reflect.NativeMethodAccessorImpl.invoke0(Native Method)
	at sun.reflect.NativeMethodAccessorImpl.invoke(NativeMethodAccessorImpl.java:62)
	at sun.reflect.DelegatingMethodAccessorImpl.invoke(DelegatingMethodAccessorImpl.java:43)
	at java.lang.reflect.Method.invoke(Method.java:497)
	at junit.framework.TestCase.runTest(TestCase.java:164)
	at junit.framework.TestCase.runBare(TestCase.java:130)
	at junit.framework.TestResult$1.protect(TestResult.java:106)
	at junit.framework.TestResult.runProtected(TestResult.java:124)
	at junit.framework.TestResult.run(TestResult.java:109)
	at junit.framework.TestCase.run(TestCase.java:120)
	at junit.framework.TestSuite.runTest(TestSuite.java:230)
	at junit.framework.TestSuite.run(TestSuite.java:225)
	at org.junit.internal.runners.JUnit38ClassRunner.run(JUnit38ClassRunner.java:83)
	at junit.framework.JUnit4TestAdapter.run(JUnit4TestAdapter.java:39)
	at org.apache.tools.ant.taskdefs.optional.junit.JUnitTestRunner.run(JUnitTestRunner.java:420)
	at org.apache.tools.ant.taskdefs.optional.junit.JUnitTestRunner.launch(JUnitTestRunner.java:911)
	at org.apache.tools.ant.taskdefs.optional.junit.JUnitTestRunner.main(JUnitTestRunner.java:768)

WARN: 	[FAILED     ] org#B;1.0!B.jar: The following error occurred while executing this line:
jar:file:/usr/local/Cellar/ant/1.9.4/libexec/lib/ant.jar!/org/apache/tools/ant/antlib.xml:37: Problem: failed to create task or type componentdef
Cause: The name is undefined.
Action: Check the spelling.
Action: Check that any custom tasks/types have been declared.
Action: Check that any <presetdef>/<macrodef> declarations have taken place.
 (12ms)
setting 'ivy.default.settings.dir' to 'file:/Volumes/MacintoshHDD/mccurdyc/Downloads/tlb-complete-0.3.2/tools/ivy/build/classes/core/org/apache/ivy/core/settings'
setting 'ivy.basedir' to '/Volumes/MacintoshHDD/mccurdyc/Downloads/tlb-complete-0.3.2/tools/ivy/.'
setting 'ivy.default.conf.dir' to 'file:/Volumes/MacintoshHDD/mccurdyc/Downloads/tlb-complete-0.3.2/tools/ivy/build/classes/core/org/apache/ivy/core/settings'
setting 'java.runtime.name' to 'Java(TM) SE Runtime Environment'
setting 'sun.boot.library.path' to '/Library/Java/JavaVirtualMachines/jdk1.8.0_66.jdk/Contents/Home/jre/lib'
setting 'java.vm.version' to '25.66-b17'
setting 'gopherProxySet' to 'false'
setting 'java.vm.vendor' to 'Oracle Corporation'
setting 'java.vendor.url' to 'http://java.oracle.com/'
setting 'path.separator' to ':'
setting 'java.vm.name' to 'Java HotSpot(TM) 64-Bit Server VM'
setting 'file.encoding.pkg' to 'sun.io'
setting 'user.country' to 'US'
setting 'sun.java.launcher' to 'SUN_STANDARD'
setting 'sun.os.patch.level' to 'unknown'
setting 'java.vm.specification.name' to 'Java Virtual Machine Specification'
setting 'user.dir' to '/Volumes/MacintoshHDD/mccurdyc/Downloads/tlb-complete-0.3.2/tools/ivy'
setting 'java.runtime.version' to '1.8.0_66-b17'
setting 'java.awt.graphicsenv' to 'sun.awt.CGraphicsEnvironment'
setting 'java.endorsed.dirs' to '/Library/Java/JavaVirtualMachines/jdk1.8.0_66.jdk/Contents/Home/jre/lib/endorsed'
setting 'os.arch' to 'x86_64'
setting 'java.io.tmpdir' to '/var/folders/63/3rz5g1g93kl56014nnctmg6w0000gn/T/'
setting 'line.separator' to '
'
setting 'java.vm.specification.vendor' to 'Oracle Corporation'
setting 'os.name' to 'Mac OS X'
setting 'sun.jnu.encoding' to 'UTF-8'
setting 'java.library.path' to '/Users/ColtonMcCurdy/Library/Java/Extensions:/Library/Java/Extensions:/Network/Library/Java/Extensions:/System/Library/Java/Extensions:/usr/lib/java:.'
setting 'java.specification.name' to 'Java Platform API Specification'
setting 'java.class.version' to '52.0'
setting 'sun.management.compiler' to 'HotSpot 64-Bit Tiered Compilers'
setting 'os.version' to '10.11.4'
setting 'user.home' to '/Users/ColtonMcCurdy'
setting 'user.timezone' to 'America/New_York'
setting 'java.awt.printerjob' to 'sun.lwawt.macosx.CPrinterJob'
setting 'file.encoding' to 'UTF-8'
setting 'java.specification.version' to '1.8'
setting 'java.class.path' to '/Volumes/MacintoshHDD/mccurdyc/Downloads/tlb-complete-0.3.2/tools/ivy/lib/ant-contrib.jar:/Volumes/MacintoshHDD/mccurdyc/Downloads/tlb-complete-0.3.2/tools/ivy/lib/ant-testutil.jar:/Volumes/MacintoshHDD/mccurdyc/Downloads/tlb-complete-0.3.2/tools/ivy/lib/bcpg-jdk15on.jar:/Volumes/MacintoshHDD/mccurdyc/Downloads/tlb-complete-0.3.2/tools/ivy/lib/bcprov-jdk15on.jar:/Volumes/MacintoshHDD/mccurdyc/Downloads/tlb-complete-0.3.2/tools/ivy/lib/commons-codec.jar:/Volumes/MacintoshHDD/mccurdyc/Downloads/tlb-complete-0.3.2/tools/ivy/lib/commons-httpclient.jar:/Volumes/MacintoshHDD/mccurdyc/Downloads/tlb-complete-0.3.2/tools/ivy/lib/commons-lang.jar:/Volumes/MacintoshHDD/mccurdyc/Downloads/tlb-complete-0.3.2/tools/ivy/lib/commons-logging.jar:/Volumes/MacintoshHDD/mccurdyc/Downloads/tlb-complete-0.3.2/tools/ivy/lib/commons-vfs.jar:/Volumes/MacintoshHDD/mccurdyc/Downloads/tlb-complete-0.3.2/tools/ivy/lib/jna.jar:/Volumes/MacintoshHDD/mccurdyc/Downloads/tlb-complete-0.3.2/tools/ivy/lib/jsch.agentproxy.connector-factory.jar:/Volumes/MacintoshHDD/mccurdyc/Downloads/tlb-complete-0.3.2/tools/ivy/lib/jsch.agentproxy.core.jar:/Volumes/MacintoshHDD/mccurdyc/Downloads/tlb-complete-0.3.2/tools/ivy/lib/jsch.agentproxy.jsch.jar:/Volumes/MacintoshHDD/mccurdyc/Downloads/tlb-complete-0.3.2/tools/ivy/lib/jsch.agentproxy.pageant.jar:/Volumes/MacintoshHDD/mccurdyc/Downloads/tlb-complete-0.3.2/tools/ivy/lib/jsch.agentproxy.sshagent.jar:/Volumes/MacintoshHDD/mccurdyc/Downloads/tlb-complete-0.3.2/tools/ivy/lib/jsch.agentproxy.usocket-jna.jar:/Volumes/MacintoshHDD/mccurdyc/Downloads/tlb-complete-0.3.2/tools/ivy/lib/jsch.agentproxy.usocket-nc.jar:/Volumes/MacintoshHDD/mccurdyc/Downloads/tlb-complete-0.3.2/tools/ivy/lib/jsch.jar:/Volumes/MacintoshHDD/mccurdyc/Downloads/tlb-complete-0.3.2/tools/ivy/lib/junit.jar:/Volumes/MacintoshHDD/mccurdyc/Downloads/tlb-complete-0.3.2/tools/ivy/lib/oro.jar:/Volumes/MacintoshHDD/mccurdyc/Downloads/tlb-complete-0.3.2/tools/ivy/lib/platform.jar:/Volumes/MacintoshHDD/mccurdyc/Downloads/tlb-complete-0.3.2/tools/ivy/lib/xercesImpl.jar:/Volumes/MacintoshHDD/mccurdyc/Downloads/tlb-complete-0.3.2/tools/ivy/lib/xmlParserAPIs.jar:/Volumes/MacintoshHDD/mccurdyc/Downloads/tlb-complete-0.3.2/tools/ivy/lib/xmlunit.jar:/Volumes/MacintoshHDD/mccurdyc/Downloads/tlb-complete-0.3.2/tools/ivy/build/classes/core:/Volumes/MacintoshHDD/mccurdyc/Downloads/tlb-complete-0.3.2/tools/ivy/build/classes/ant:/Volumes/MacintoshHDD/mccurdyc/Downloads/tlb-complete-0.3.2/tools/ivy/build/classes/optional:/Volumes/MacintoshHDD/mccurdyc/Downloads/tlb-complete-0.3.2/tools/ivy/build/test:/Volumes/MacintoshHDD/mccurdyc/Downloads/tlb-complete-0.3.2/java/lib/ant-1.7.1.jar:/Volumes/MacintoshHDD/mccurdyc/Downloads/tlb-complete-0.3.2/java/lib/ant-junit-1.7.1.jar:/Volumes/MacintoshHDD/mccurdyc/Downloads/tlb-complete-0.3.2/java/lib/ant-launcher-1.7.1.jar:/Volumes/MacintoshHDD/mccurdyc/Downloads/tlb-complete-0.3.2/java/lib/commons-codec-1.4.jar:/Volumes/MacintoshHDD/mccurdyc/Downloads/tlb-complete-0.3.2/java/lib/commons-io-1.3.2.jar:/Volumes/MacintoshHDD/mccurdyc/Downloads/tlb-complete-0.3.2/java/lib/commons-logging-1.1.1.jar:/Volumes/MacintoshHDD/mccurdyc/Downloads/tlb-complete-0.3.2/java/lib/dom4j-1.6.1.jar:/Volumes/MacintoshHDD/mccurdyc/Downloads/tlb-complete-0.3.2/java/lib/httpclient-4.1.jar:/Volumes/MacintoshHDD/mccurdyc/Downloads/tlb-complete-0.3.2/java/lib/httpcore-4.1.jar:/Volumes/MacintoshHDD/mccurdyc/Downloads/tlb-complete-0.3.2/java/lib/jaxen-1.1.1.jar:/Volumes/MacintoshHDD/mccurdyc/Downloads/tlb-complete-0.3.2/java/lib/jdom-1.0.jar:/Volumes/MacintoshHDD/mccurdyc/Downloads/tlb-complete-0.3.2/java/lib/junit-4.7.jar:/Volumes/MacintoshHDD/mccurdyc/Downloads/tlb-complete-0.3.2/java/lib/log4j-1.2.9.jar:/Volumes/MacintoshHDD/mccurdyc/Downloads/tlb-complete-0.3.2/java/tlb-java-0.3.2.jar:/usr/local/Cellar/ant/1.9.4/libexec/lib/ant-launcher.jar:/usr/local/Cellar/ant/1.9.4/libexec/lib/ant.jar:/usr/local/Cellar/ant/1.9.4/libexec/lib/ant-junit.jar:/usr/local/Cellar/ant/1.9.4/libexec/lib/ant-junit4.jar'
setting 'user.name' to 'ColtonMcCurdy'
setting 'java.vm.specification.version' to '1.8'
setting 'sun.java.command' to 'org.apache.tools.ant.taskdefs.optional.junit.JUnitTestRunner org.apache.ivy.plugins.resolver.PackagerResolverTest skipNonTests=false filtertrace=true haltOnError=false haltOnFailure=false showoutput=false outputtoformatters=true logfailedtests=true threadid=0 logtestlistenerevents=false formatter=tlb.ant.JunitDataRecorder,/Volumes/MacintoshHDD/mccurdyc/Downloads/tlb-complete-0.3.2/tools/ivy/build/doc/reports/TEST-org.apache.ivy.plugins.resolver.PackagerResolverTestnull formatter=org.apache.tools.ant.taskdefs.optional.junit.PlainJUnitResultFormatter,/Volumes/MacintoshHDD/mccurdyc/Downloads/tlb-complete-0.3.2/tools/ivy/build/doc/reports/TEST-org.apache.ivy.plugins.resolver.PackagerResolverTest.txt crashfile=/Volumes/MacintoshHDD/mccurdyc/Downloads/tlb-complete-0.3.2/tools/ivy/junitvmwatcher7579524747307634548.properties propsfile=/Volumes/MacintoshHDD/mccurdyc/Downloads/tlb-complete-0.3.2/tools/ivy/junit4540377225124413389.properties'
setting 'java.home' to '/Library/Java/JavaVirtualMachines/jdk1.8.0_66.jdk/Contents/Home/jre'
setting 'sun.arch.data.model' to '64'
setting 'user.language' to 'en'
setting 'java.specification.vendor' to 'Oracle Corporation'
setting 'awt.toolkit' to 'sun.lwawt.macosx.LWCToolkit'
setting 'java.vm.info' to 'mixed mode'
setting 'java.version' to '1.8.0_66'
setting 'java.ext.dirs' to '/Users/ColtonMcCurdy/Library/Java/Extensions:/Library/Java/JavaVirtualMachines/jdk1.8.0_66.jdk/Contents/Home/jre/lib/ext:/Library/Java/Extensions:/Network/Library/Java/Extensions:/System/Library/Java/Extensions:/usr/lib/java'
setting 'sun.boot.class.path' to '/Library/Java/JavaVirtualMachines/jdk1.8.0_66.jdk/Contents/Home/jre/lib/resources.jar:/Library/Java/JavaVirtualMachines/jdk1.8.0_66.jdk/Contents/Home/jre/lib/rt.jar:/Library/Java/JavaVirtualMachines/jdk1.8.0_66.jdk/Contents/Home/jre/lib/sunrsasign.jar:/Library/Java/JavaVirtualMachines/jdk1.8.0_66.jdk/Contents/Home/jre/lib/jsse.jar:/Library/Java/JavaVirtualMachines/jdk1.8.0_66.jdk/Contents/Home/jre/lib/jce.jar:/Library/Java/JavaVirtualMachines/jdk1.8.0_66.jdk/Contents/Home/jre/lib/charsets.jar:/Library/Java/JavaVirtualMachines/jdk1.8.0_66.jdk/Contents/Home/jre/lib/jfr.jar:/Library/Java/JavaVirtualMachines/jdk1.8.0_66.jdk/Contents/Home/jre/classes'
setting 'java.vendor' to 'Oracle Corporation'
setting 'file.separator' to '/'
setting 'java.vendor.url.bug' to 'http://bugreport.sun.com/bugreport/'
setting 'sun.io.unicode.encoding' to 'UnicodeBig'
setting 'sun.cpu.endian' to 'little'
setting 'sun.cpu.isalist' to ''
setting 'ivy.cache.dir' to '/Volumes/MacintoshHDD/mccurdyc/Downloads/tlb-complete-0.3.2/tools/ivy/build/cache'
packager: no namespace defined: using system
	no ivy file in cache for org#mod;1.0: tried build/cache/org/mod/ivy-1.0.xml
	 trying file:/Volumes/MacintoshHDD/mccurdyc/Downloads/tlb-complete-0.3.2/tools/ivy/test/repositories/packager/repo/org/mod/1.0/ivy.xml
		tried file:/Volumes/MacintoshHDD/mccurdyc/Downloads/tlb-complete-0.3.2/tools/ivy/test/repositories/packager/repo/org/mod/1.0/ivy.xml
	packager: found md file for org#mod;1.0
		=> file:/Volumes/MacintoshHDD/mccurdyc/Downloads/tlb-complete-0.3.2/tools/ivy/test/repositories/packager/repo/org/mod/1.0/ivy.xml (1.0)
	parser = ivy parser
	no ivy file in cache for org#mod;1.0: tried build/cache/org/mod/ivy-1.0.xml
downloading file:/Volumes/MacintoshHDD/mccurdyc/Downloads/tlb-complete-0.3.2/tools/ivy/test/repositories/packager/repo/org/mod/1.0/ivy.xml ...
	packager: downloading file:/Volumes/MacintoshHDD/mccurdyc/Downloads/tlb-complete-0.3.2/tools/ivy/test/repositories/packager/repo/org/mod/1.0/ivy.xml
		to /Volumes/MacintoshHDD/mccurdyc/Downloads/tlb-complete-0.3.2/tools/ivy/build/cache/org/mod/ivy-1.0.xml.original.part
	[SUCCESSFUL ] org#mod;1.0!ivy.xml(ivy.original) (15ms)
post 1.3 ivy file: using exact as default matcher
	default-cache: parsed downloaded md file for org#mod;1.0; parsed=org#mod;1.0
	checking org#mod;1.0 from packager against [none]
	module revision kept as first found: org#mod;1.0 from packager
	 trying file:/Volumes/MacintoshHDD/mccurdyc/Downloads/tlb-complete-0.3.2/tools/ivy/test/repositories/packager/repo/org/mod/1.0/packager.xml
		tried file:/Volumes/MacintoshHDD/mccurdyc/Downloads/tlb-complete-0.3.2/tools/ivy/test/repositories/packager/repo/org/mod/1.0/packager.xml
performing packager resolver build in build/test/PackagerResolverTest/build/org/mod/1.0
Build sequence for target(s) `build' is [validate, setResourceURL1, setResourceURL2, style, build]
Complete build sequence is [validate, setResourceURL1, setResourceURL2, style, build, ]

validate:
parsing buildfile jar:file:/usr/local/Cellar/ant/1.9.4/libexec/lib/ant.jar!/org/apache/tools/ant/antlib.xml with URI = jar:file:/usr/local/Cellar/ant/1.9.4/libexec/lib/ant.jar!/org/apache/tools/ant/antlib.xml
packager resolver build failed: /Volumes/MacintoshHDD/mccurdyc/Downloads/tlb-complete-0.3.2/tools/ivy/build/test/PackagerResolverTest/build/org/mod/1.0/build.xml:23: The following error occurred while executing this line:
jar:file:/usr/local/Cellar/ant/1.9.4/libexec/lib/ant.jar!/org/apache/tools/ant/antlib.xml:37: Problem: failed to create task or type componentdef
Cause: The name is undefined.
Action: Check the spelling.
Action: Check that any custom tasks/types have been declared.
Action: Check that any <presetdef>/<macrodef> declarations have taken place.

/Volumes/MacintoshHDD/mccurdyc/Downloads/tlb-complete-0.3.2/tools/ivy/build/test/PackagerResolverTest/build/org/mod/1.0/build.xml:23: The following error occurred while executing this line:
jar:file:/usr/local/Cellar/ant/1.9.4/libexec/lib/ant.jar!/org/apache/tools/ant/antlib.xml:37: Problem: failed to create task or type componentdef
Cause: The name is undefined.
Action: Check the spelling.
Action: Check that any custom tasks/types have been declared.
Action: Check that any <presetdef>/<macrodef> declarations have taken place.

	at org.apache.tools.ant.ProjectHelper.addLocationToBuildException(ProjectHelper.java:508)
	at org.apache.tools.ant.taskdefs.Definer.loadAntlib(Definer.java:434)
	at org.apache.tools.ant.taskdefs.Definer.execute(Definer.java:281)
	at org.apache.tools.ant.ComponentHelper.checkNamespace(ComponentHelper.java:790)
	at org.apache.tools.ant.ComponentHelper.getDefinition(ComponentHelper.java:260)
	at org.apache.tools.ant.ComponentHelper.createComponent(ComponentHelper.java:237)
	at org.apache.tools.ant.ComponentHelper.createComponent(ComponentHelper.java:216)
	at org.apache.tools.ant.UnknownElement.makeObject(UnknownElement.java:414)
	at org.apache.tools.ant.UnknownElement.maybeConfigure(UnknownElement.java:160)
	at org.apache.tools.ant.Task.perform(Task.java:347)
	at org.apache.tools.ant.Target.execute(Target.java:357)
	at org.apache.tools.ant.Target.performTasks(Target.java:385)
	at org.apache.tools.ant.Project.executeSortedTargets(Project.java:1337)
	at org.apache.tools.ant.Project.executeTarget(Project.java:1306)
	at org.apache.ivy.plugins.resolver.packager.PackagerCacheEntry.build(PackagerCacheEntry.java:169)
	at org.apache.ivy.plugins.resolver.packager.PackagerResolver.findArtifactRef(PackagerResolver.java:241)
	at org.apache.ivy.plugins.resolver.BasicResolver.getArtifactRef(BasicResolver.java:1040)
	at org.apache.ivy.plugins.resolver.BasicResolver$5.resolve(BasicResolver.java:1144)
	at org.apache.ivy.core.cache.DefaultRepositoryCacheManager.download(DefaultRepositoryCacheManager.java:992)
	at org.apache.ivy.plugins.resolver.BasicResolver.download(BasicResolver.java:837)
	at org.apache.ivy.plugins.resolver.RepositoryResolver.download(RepositoryResolver.java:289)
	at org.apache.ivy.plugins.resolver.PackagerResolverTest.testFile(PackagerResolverTest.java:129)
	at sun.reflect.NativeMethodAccessorImpl.invoke0(Native Method)
	at sun.reflect.NativeMethodAccessorImpl.invoke(NativeMethodAccessorImpl.java:62)
	at sun.reflect.DelegatingMethodAccessorImpl.invoke(DelegatingMethodAccessorImpl.java:43)
	at java.lang.reflect.Method.invoke(Method.java:497)
	at junit.framework.TestCase.runTest(TestCase.java:164)
	at junit.framework.TestCase.runBare(TestCase.java:130)
	at junit.framework.TestResult$1.protect(TestResult.java:106)
	at junit.framework.TestResult.runProtected(TestResult.java:124)
	at junit.framework.TestResult.run(TestResult.java:109)
	at junit.framework.TestCase.run(TestCase.java:120)
	at junit.framework.TestSuite.runTest(TestSuite.java:230)
	at junit.framework.TestSuite.run(TestSuite.java:225)
	at org.junit.internal.runners.JUnit38ClassRunner.run(JUnit38ClassRunner.java:83)
	at junit.framework.JUnit4TestAdapter.run(JUnit4TestAdapter.java:39)
	at org.apache.tools.ant.taskdefs.optional.junit.JUnitTestRunner.run(JUnitTestRunner.java:420)
	at org.apache.tools.ant.taskdefs.optional.junit.JUnitTestRunner.launch(JUnitTestRunner.java:911)
	at org.apache.tools.ant.taskdefs.optional.junit.JUnitTestRunner.main(JUnitTestRunner.java:768)
Caused by: jar:file:/usr/local/Cellar/ant/1.9.4/libexec/lib/ant.jar!/org/apache/tools/ant/antlib.xml:37: Problem: failed to create task or type componentdef
Cause: The name is undefined.
Action: Check the spelling.
Action: Check that any custom tasks/types have been declared.
Action: Check that any <presetdef>/<macrodef> declarations have taken place.

	at org.apache.tools.ant.UnknownElement.getNotFoundException(UnknownElement.java:484)
	at org.apache.tools.ant.UnknownElement.makeObject(UnknownElement.java:416)
	at org.apache.tools.ant.UnknownElement.maybeConfigure(UnknownElement.java:160)
	at org.apache.tools.ant.taskdefs.Antlib.execute(Antlib.java:146)
	at org.apache.tools.ant.taskdefs.Definer.loadAntlib(Definer.java:432)
	... 37 more
--- Nested Exception ---
jar:file:/usr/local/Cellar/ant/1.9.4/libexec/lib/ant.jar!/org/apache/tools/ant/antlib.xml:37: Problem: failed to create task or type componentdef
Cause: The name is undefined.
Action: Check the spelling.
Action: Check that any custom tasks/types have been declared.
Action: Check that any <presetdef>/<macrodef> declarations have taken place.

	at org.apache.tools.ant.UnknownElement.getNotFoundException(UnknownElement.java:484)
	at org.apache.tools.ant.UnknownElement.makeObject(UnknownElement.java:416)
	at org.apache.tools.ant.UnknownElement.maybeConfigure(UnknownElement.java:160)
	at org.apache.tools.ant.taskdefs.Antlib.execute(Antlib.java:146)
	at org.apache.tools.ant.taskdefs.Definer.loadAntlib(Definer.java:432)
	at org.apache.tools.ant.taskdefs.Definer.execute(Definer.java:281)
	at org.apache.tools.ant.ComponentHelper.checkNamespace(ComponentHelper.java:790)
	at org.apache.tools.ant.ComponentHelper.getDefinition(ComponentHelper.java:260)
	at org.apache.tools.ant.ComponentHelper.createComponent(ComponentHelper.java:237)
	at org.apache.tools.ant.ComponentHelper.createComponent(ComponentHelper.java:216)
	at org.apache.tools.ant.UnknownElement.makeObject(UnknownElement.java:414)
	at org.apache.tools.ant.UnknownElement.maybeConfigure(UnknownElement.java:160)
	at org.apache.tools.ant.Task.perform(Task.java:347)
	at org.apache.tools.ant.Target.execute(Target.java:357)
	at org.apache.tools.ant.Target.performTasks(Target.java:385)
	at org.apache.tools.ant.Project.executeSortedTargets(Project.java:1337)
	at org.apache.tools.ant.Project.executeTarget(Project.java:1306)
	at org.apache.ivy.plugins.resolver.packager.PackagerCacheEntry.build(PackagerCacheEntry.java:169)
	at org.apache.ivy.plugins.resolver.packager.PackagerResolver.findArtifactRef(PackagerResolver.java:241)
	at org.apache.ivy.plugins.resolver.BasicResolver.getArtifactRef(BasicResolver.java:1040)
	at org.apache.ivy.plugins.resolver.BasicResolver$5.resolve(BasicResolver.java:1144)
	at org.apache.ivy.core.cache.DefaultRepositoryCacheManager.download(DefaultRepositoryCacheManager.java:992)
	at org.apache.ivy.plugins.resolver.BasicResolver.download(BasicResolver.java:837)
	at org.apache.ivy.plugins.resolver.RepositoryResolver.download(RepositoryResolver.java:289)
	at org.apache.ivy.plugins.resolver.PackagerResolverTest.testFile(PackagerResolverTest.java:129)
	at sun.reflect.NativeMethodAccessorImpl.invoke0(Native Method)
	at sun.reflect.NativeMethodAccessorImpl.invoke(NativeMethodAccessorImpl.java:62)
	at sun.reflect.DelegatingMethodAccessorImpl.invoke(DelegatingMethodAccessorImpl.java:43)
	at java.lang.reflect.Method.invoke(Method.java:497)
	at junit.framework.TestCase.runTest(TestCase.java:164)
	at junit.framework.TestCase.runBare(TestCase.java:130)
	at junit.framework.TestResult$1.protect(TestResult.java:106)
	at junit.framework.TestResult.runProtected(TestResult.java:124)
	at junit.framework.TestResult.run(TestResult.java:109)
	at junit.framework.TestCase.run(TestCase.java:120)
	at junit.framework.TestSuite.runTest(TestSuite.java:230)
	at junit.framework.TestSuite.run(TestSuite.java:225)
	at org.junit.internal.runners.JUnit38ClassRunner.run(JUnit38ClassRunner.java:83)
	at junit.framework.JUnit4TestAdapter.run(JUnit4TestAdapter.java:39)
	at org.apache.tools.ant.taskdefs.optional.junit.JUnitTestRunner.run(JUnitTestRunner.java:420)
	at org.apache.tools.ant.taskdefs.optional.junit.JUnitTestRunner.launch(JUnitTestRunner.java:911)
	at org.apache.tools.ant.taskdefs.optional.junit.JUnitTestRunner.main(JUnitTestRunner.java:768)

WARN: 	[FAILED     ] org#mod;1.0!mod.jar: The following error occurred while executing this line:
jar:file:/usr/local/Cellar/ant/1.9.4/libexec/lib/ant.jar!/org/apache/tools/ant/antlib.xml:37: Problem: failed to create task or type componentdef
Cause: The name is undefined.
Action: Check the spelling.
Action: Check that any custom tasks/types have been declared.
Action: Check that any <presetdef>/<macrodef> declarations have taken place.
 (14ms)
downloaddetails: The following error occurred while executing this line:
jar:file:/usr/local/Cellar/ant/1.9.4/libexec/lib/ant.jar!/org/apache/tools/ant/antlib.xml:37: Problem: failed to create task or type componentdef
Cause: The name is undefined.
Action: Check the spelling.
Action: Check that any custom tasks/types have been declared.
Action: Check that any <presetdef>/<macrodef> declarations have taken place.

------------- ---------------- ---------------

Testcase: testZipResourceInclusion took 0.522 sec
	FAILED
null
junit.framework.AssertionFailedError
	at org.apache.ivy.plugins.resolver.PackagerResolverTest.testZipResourceInclusion(PackagerResolverTest.java:210)

Testcase: testTarResourceInclusion took 0.04 sec
	FAILED
null
junit.framework.AssertionFailedError
	at org.apache.ivy.plugins.resolver.PackagerResolverTest.testTarResourceInclusion(PackagerResolverTest.java:257)

Testcase: testFile took 0.057 sec
	FAILED
expected:<successful> but was:<failed>
junit.framework.AssertionFailedError: expected:<successful> but was:<failed>
	at org.apache.ivy.plugins.resolver.PackagerResolverTest.testFile(PackagerResolverTest.java:139)

