<?xml version="1.0" encoding="UTF-8" ?>
<testsuite errors="0" failures="0" hostname="Coltons-MacBook-Pro.local" name="org.apache.ivy.plugins.namespace.MRIDTransformationRuleTest" skipped="0" tests="1" time="0.134" timestamp="2016-04-23T16:07:59">
  <properties>
[...]
</properties>
  <testcase classname="org.apache.ivy.plugins.namespace.MRIDTransformationRuleTest" name="testTransformation" time="0.016" />
  <system-out><![CDATA[]]></system-out>
  <system-err><![CDATA[]]></system-err>
</testsuite>
