<?xml version="1.0" encoding="UTF-8" ?>
<testsuite errors="0" failures="0" hostname="Coltons-MacBook-Pro.local" name="org.apache.ivy.plugins.resolver.PackagerResolverTest" skipped="0" tests="3" time="1.462" timestamp="2016-04-23T16:08:20">
  <properties>
[...]
</properties>
  <testcase classname="org.apache.ivy.plugins.resolver.PackagerResolverTest" name="testFile" time="0.96" />
  <testcase classname="org.apache.ivy.plugins.resolver.PackagerResolverTest" name="testZipResourceInclusion" time="0.212" />
  <testcase classname="org.apache.ivy.plugins.resolver.PackagerResolverTest" name="testTarResourceInclusion" time="0.176" />
  <system-out><![CDATA[setting 'ivy.default.settings.dir' to 'file:/Volumes/MacintoshHDD/mccurdyc/Downloads/tlb-complete-0.3.2/tools/ivy/build/classes/core/org/apache/ivy/core/settings'
setting 'ivy.basedir' to '/Volumes/MacintoshHDD/mccurdyc/Downloads/tlb-complete-0.3.2/tools/ivy/.'
setting 'ivy.default.conf.dir' to 'file:/Volumes/MacintoshHDD/mccurdyc/Downloads/tlb-complete-0.3.2/tools/ivy/build/classes/core/org/apache/ivy/core/settings'
setting 'java.runtime.name' to 'Java(TM) SE Runtime Environment'
setting 'sun.boot.library.path' to '/Library/Java/JavaVirtualMachines/jdk1.8.0_66.jdk/Contents/Home/jre/lib'
setting 'java.vm.version' to '25.66-b17'
setting 'gopherProxySet' to 'false'
setting 'java.vm.vendor' to 'Oracle Corporation'
setting 'java.vendor.url' to 'http://java.oracle.com/'
setting 'emma.coverage.out.merge' to 'true'
setting 'path.separator' to ':'
setting 'java.vm.name' to 'Java HotSpot(TM) 64-Bit Server VM'
setting 'file.encoding.pkg' to 'sun.io'
setting 'user.country' to 'US'
setting 'sun.java.launcher' to 'SUN_STANDARD'
setting 'sun.os.patch.level' to 'unknown'
setting 'java.vm.specification.name' to 'Java Virtual Machine Specification'
setting 'user.dir' to '/Volumes/MacintoshHDD/mccurdyc/Downloads/tlb-complete-0.3.2/tools/ivy'
setting 'java.runtime.version' to '1.8.0_66-b17'
setting 'java.awt.graphicsenv' to 'sun.awt.CGraphicsEnvironment'
setting 'java.endorsed.dirs' to '/Library/Java/JavaVirtualMachines/jdk1.8.0_66.jdk/Contents/Home/jre/lib/endorsed'
setting 'os.arch' to 'x86_64'
setting 'java.io.tmpdir' to '/var/folders/63/3rz5g1g93kl56014nnctmg6w0000gn/T/'
setting 'line.separator' to '
'
setting 'java.vm.specification.vendor' to 'Oracle Corporation'
setting 'os.name' to 'Mac OS X'
setting 'sun.jnu.encoding' to 'UTF-8'
setting 'java.library.path' to '/Users/ColtonMcCurdy/Library/Java/Extensions:/Library/Java/Extensions:/Network/Library/Java/Extensions:/System/Library/Java/Extensions:/usr/lib/java:.'
setting 'emma.coverage.out.file' to '${coverage.dir}/coverage.emma'
setting 'java.specification.name' to 'Java Platform API Specification'
setting 'java.class.version' to '52.0'
setting 'sun.management.compiler' to 'HotSpot 64-Bit Tiered Compilers'
setting 'os.version' to '10.11.4'
setting 'user.home' to '/Users/ColtonMcCurdy'
setting 'user.timezone' to 'America/New_York'
setting 'java.awt.printerjob' to 'sun.lwawt.macosx.CPrinterJob'
setting 'file.encoding' to 'UTF-8'
setting 'java.specification.version' to '1.8'
setting 'java.class.path' to '/Volumes/MacintoshHDD/mccurdyc/Downloads/tlb-complete-0.3.2/tools/ivy/lib/ant-contrib.jar:/Volumes/MacintoshHDD/mccurdyc/Downloads/tlb-complete-0.3.2/tools/ivy/lib/ant-testutil.jar:/Volumes/MacintoshHDD/mccurdyc/Downloads/tlb-complete-0.3.2/tools/ivy/lib/bcpg-jdk15on.jar:/Volumes/MacintoshHDD/mccurdyc/Downloads/tlb-complete-0.3.2/tools/ivy/lib/bcprov-jdk15on.jar:/Volumes/MacintoshHDD/mccurdyc/Downloads/tlb-complete-0.3.2/tools/ivy/lib/commons-codec.jar:/Volumes/MacintoshHDD/mccurdyc/Downloads/tlb-complete-0.3.2/tools/ivy/lib/commons-httpclient.jar:/Volumes/MacintoshHDD/mccurdyc/Downloads/tlb-complete-0.3.2/tools/ivy/lib/commons-lang.jar:/Volumes/MacintoshHDD/mccurdyc/Downloads/tlb-complete-0.3.2/tools/ivy/lib/commons-logging.jar:/Volumes/MacintoshHDD/mccurdyc/Downloads/tlb-complete-0.3.2/tools/ivy/lib/commons-vfs.jar:/Volumes/MacintoshHDD/mccurdyc/Downloads/tlb-complete-0.3.2/tools/ivy/lib/jna.jar:/Volumes/MacintoshHDD/mccurdyc/Downloads/tlb-complete-0.3.2/tools/ivy/lib/jsch.agentproxy.connector-factory.jar:/Volumes/MacintoshHDD/mccurdyc/Downloads/tlb-complete-0.3.2/tools/ivy/lib/jsch.agentproxy.core.jar:/Volumes/MacintoshHDD/mccurdyc/Downloads/tlb-complete-0.3.2/tools/ivy/lib/jsch.agentproxy.jsch.jar:/Volumes/MacintoshHDD/mccurdyc/Downloads/tlb-complete-0.3.2/tools/ivy/lib/jsch.agentproxy.pageant.jar:/Volumes/MacintoshHDD/mccurdyc/Downloads/tlb-complete-0.3.2/tools/ivy/lib/jsch.agentproxy.sshagent.jar:/Volumes/MacintoshHDD/mccurdyc/Downloads/tlb-complete-0.3.2/tools/ivy/lib/jsch.agentproxy.usocket-jna.jar:/Volumes/MacintoshHDD/mccurdyc/Downloads/tlb-complete-0.3.2/tools/ivy/lib/jsch.agentproxy.usocket-nc.jar:/Volumes/MacintoshHDD/mccurdyc/Downloads/tlb-complete-0.3.2/tools/ivy/lib/jsch.jar:/Volumes/MacintoshHDD/mccurdyc/Downloads/tlb-complete-0.3.2/tools/ivy/lib/junit.jar:/Volumes/MacintoshHDD/mccurdyc/Downloads/tlb-complete-0.3.2/tools/ivy/lib/mod1.2-2.0.jar:/Volumes/MacintoshHDD/mccurdyc/Downloads/tlb-complete-0.3.2/tools/ivy/lib/oro.jar:/Volumes/MacintoshHDD/mccurdyc/Downloads/tlb-complete-0.3.2/tools/ivy/lib/platform.jar:/Volumes/MacintoshHDD/mccurdyc/Downloads/tlb-complete-0.3.2/tools/ivy/lib/xercesImpl.jar:/Volumes/MacintoshHDD/mccurdyc/Downloads/tlb-complete-0.3.2/tools/ivy/lib/xmlParserAPIs.jar:/Volumes/MacintoshHDD/mccurdyc/Downloads/tlb-complete-0.3.2/tools/ivy/lib/xmlunit.jar:/Volumes/MacintoshHDD/mccurdyc/Downloads/tlb-complete-0.3.2/tools/ivy/build/classes/core:/Volumes/MacintoshHDD/mccurdyc/Downloads/tlb-complete-0.3.2/tools/ivy/build/classes/ant:/Volumes/MacintoshHDD/mccurdyc/Downloads/tlb-complete-0.3.2/tools/ivy/build/classes/optional:/Volumes/MacintoshHDD/mccurdyc/Downloads/tlb-complete-0.3.2/tools/ivy/build/test:/usr/local/Cellar/ant/1.9.4/libexec/lib/ant-launcher.jar:/usr/local/Cellar/ant/1.9.4/libexec/lib/ant.jar:/usr/local/Cellar/ant/1.9.4/libexec/lib/ant-junit.jar:/usr/local/Cellar/ant/1.9.4/libexec/lib/ant-junit4.jar'
setting 'user.name' to 'ColtonMcCurdy'
setting 'java.vm.specification.version' to '1.8'
setting 'sun.java.command' to 'org.apache.tools.ant.taskdefs.optional.junit.JUnitTestRunner org.apache.ivy.plugins.resolver.PackagerResolverTest skipNonTests=false filtertrace=true haltOnError=false haltOnFailure=false formatter=org.apache.tools.ant.taskdefs.optional.junit.SummaryJUnitResultFormatter showoutput=false outputtoformatters=true logfailedtests=true threadid=0 logtestlistenerevents=false formatter=org.apache.tools.ant.taskdefs.optional.junit.XMLJUnitResultFormatter,/Volumes/MacintoshHDD/mccurdyc/Downloads/tlb-complete-0.3.2/tools/ivy/build/test-report/TEST-org.apache.ivy.plugins.resolver.PackagerResolverTest.xml crashfile=/Volumes/MacintoshHDD/mccurdyc/Downloads/tlb-complete-0.3.2/tools/ivy/junitvmwatcher5641045555176497993.properties propsfile=/Volumes/MacintoshHDD/mccurdyc/Downloads/tlb-complete-0.3.2/tools/ivy/junit8588036770441812879.properties'
setting 'java.home' to '/Library/Java/JavaVirtualMachines/jdk1.8.0_66.jdk/Contents/Home/jre'
setting 'sun.arch.data.model' to '64'
setting 'user.language' to 'tr'
setting 'java.specification.vendor' to 'Oracle Corporation'
setting 'awt.toolkit' to 'sun.lwawt.macosx.LWCToolkit'
setting 'java.vm.info' to 'mixed mode'
setting 'java.version' to '1.8.0_66'
setting 'java.ext.dirs' to '/Users/ColtonMcCurdy/Library/Java/Extensions:/Library/Java/JavaVirtualMachines/jdk1.8.0_66.jdk/Contents/Home/jre/lib/ext:/Library/Java/Extensions:/Network/Library/Java/Extensions:/System/Library/Java/Extensions:/usr/lib/java'
setting 'sun.boot.class.path' to '/Library/Java/JavaVirtualMachines/jdk1.8.0_66.jdk/Contents/Home/jre/lib/resources.jar:/Library/Java/JavaVirtualMachines/jdk1.8.0_66.jdk/Contents/Home/jre/lib/rt.jar:/Library/Java/JavaVirtualMachines/jdk1.8.0_66.jdk/Contents/Home/jre/lib/sunrsasign.jar:/Library/Java/JavaVirtualMachines/jdk1.8.0_66.jdk/Contents/Home/jre/lib/jsse.jar:/Library/Java/JavaVirtualMachines/jdk1.8.0_66.jdk/Contents/Home/jre/lib/jce.jar:/Library/Java/JavaVirtualMachines/jdk1.8.0_66.jdk/Contents/Home/jre/lib/charsets.jar:/Library/Java/JavaVirtualMachines/jdk1.8.0_66.jdk/Contents/Home/jre/lib/jfr.jar:/Library/Java/JavaVirtualMachines/jdk1.8.0_66.jdk/Contents/Home/jre/classes'
setting 'java.vendor' to 'Oracle Corporation'
setting 'file.separator' to '/'
setting 'java.vendor.url.bug' to 'http://bugreport.sun.com/bugreport/'
setting 'sun.io.unicode.encoding' to 'UnicodeBig'
setting 'sun.cpu.endian' to 'little'
setting 'user.region' to 'TR'
setting 'sun.cpu.isalist' to ''
setting 'ivy.cache.dir' to '/Volumes/MacintoshHDD/mccurdyc/Downloads/tlb-complete-0.3.2/tools/ivy/build/cache'
packager: no namespace defined: using system
	no ivy file in cache for org#mod;1.0: tried build/cache/org/mod/ivy-1.0.xml
setting 'ivy.default.settings.dir' to 'file:/Volumes/MacintoshHDD/mccurdyc/Downloads/tlb-complete-0.3.2/tools/ivy/build/classes/core/org/apache/ivy/core/settings'
setting 'ivy.basedir' to '/Volumes/MacintoshHDD/mccurdyc/Downloads/tlb-complete-0.3.2/tools/ivy/.'
setting 'ivy.default.conf.dir' to 'file:/Volumes/MacintoshHDD/mccurdyc/Downloads/tlb-complete-0.3.2/tools/ivy/build/classes/core/org/apache/ivy/core/settings'
setting 'java.runtime.name' to 'Java(TM) SE Runtime Environment'
setting 'sun.boot.library.path' to '/Library/Java/JavaVirtualMachines/jdk1.8.0_66.jdk/Contents/Home/jre/lib'
setting 'java.vm.version' to '25.66-b17'
setting 'gopherProxySet' to 'false'
setting 'java.vm.vendor' to 'Oracle Corporation'
setting 'java.vendor.url' to 'http://java.oracle.com/'
setting 'emma.coverage.out.merge' to 'true'
setting 'path.separator' to ':'
setting 'java.vm.name' to 'Java HotSpot(TM) 64-Bit Server VM'
setting 'file.encoding.pkg' to 'sun.io'
setting 'user.country' to 'US'
setting 'sun.java.launcher' to 'SUN_STANDARD'
setting 'sun.os.patch.level' to 'unknown'
setting 'java.vm.specification.name' to 'Java Virtual Machine Specification'
setting 'user.dir' to '/Volumes/MacintoshHDD/mccurdyc/Downloads/tlb-complete-0.3.2/tools/ivy'
setting 'java.runtime.version' to '1.8.0_66-b17'
setting 'java.awt.graphicsenv' to 'sun.awt.CGraphicsEnvironment'
setting 'java.endorsed.dirs' to '/Library/Java/JavaVirtualMachines/jdk1.8.0_66.jdk/Contents/Home/jre/lib/endorsed'
setting 'os.arch' to 'x86_64'
setting 'java.io.tmpdir' to '/var/folders/63/3rz5g1g93kl56014nnctmg6w0000gn/T/'
setting 'line.separator' to '
'
setting 'java.vm.specification.vendor' to 'Oracle Corporation'
setting 'os.name' to 'Mac OS X'
setting 'sun.jnu.encoding' to 'UTF-8'
setting 'java.library.path' to '/Users/ColtonMcCurdy/Library/Java/Extensions:/Library/Java/Extensions:/Network/Library/Java/Extensions:/System/Library/Java/Extensions:/usr/lib/java:.'
setting 'emma.coverage.out.file' to '${coverage.dir}/coverage.emma'
setting 'java.specification.name' to 'Java Platform API Specification'
setting 'java.class.version' to '52.0'
setting 'sun.management.compiler' to 'HotSpot 64-Bit Tiered Compilers'
setting 'os.version' to '10.11.4'
setting 'user.home' to '/Users/ColtonMcCurdy'
setting 'user.timezone' to 'America/New_York'
setting 'java.awt.printerjob' to 'sun.lwawt.macosx.CPrinterJob'
setting 'file.encoding' to 'UTF-8'
setting 'java.specification.version' to '1.8'
setting 'java.class.path' to '/Volumes/MacintoshHDD/mccurdyc/Downloads/tlb-complete-0.3.2/tools/ivy/lib/ant-contrib.jar:/Volumes/MacintoshHDD/mccurdyc/Downloads/tlb-complete-0.3.2/tools/ivy/lib/ant-testutil.jar:/Volumes/MacintoshHDD/mccurdyc/Downloads/tlb-complete-0.3.2/tools/ivy/lib/bcpg-jdk15on.jar:/Volumes/MacintoshHDD/mccurdyc/Downloads/tlb-complete-0.3.2/tools/ivy/lib/bcprov-jdk15on.jar:/Volumes/MacintoshHDD/mccurdyc/Downloads/tlb-complete-0.3.2/tools/ivy/lib/commons-codec.jar:/Volumes/MacintoshHDD/mccurdyc/Downloads/tlb-complete-0.3.2/tools/ivy/lib/commons-httpclient.jar:/Volumes/MacintoshHDD/mccurdyc/Downloads/tlb-complete-0.3.2/tools/ivy/lib/commons-lang.jar:/Volumes/MacintoshHDD/mccurdyc/Downloads/tlb-complete-0.3.2/tools/ivy/lib/commons-logging.jar:/Volumes/MacintoshHDD/mccurdyc/Downloads/tlb-complete-0.3.2/tools/ivy/lib/commons-vfs.jar:/Volumes/MacintoshHDD/mccurdyc/Downloads/tlb-complete-0.3.2/tools/ivy/lib/jna.jar:/Volumes/MacintoshHDD/mccurdyc/Downloads/tlb-complete-0.3.2/tools/ivy/lib/jsch.agentproxy.connector-factory.jar:/Volumes/MacintoshHDD/mccurdyc/Downloads/tlb-complete-0.3.2/tools/ivy/lib/jsch.agentproxy.core.jar:/Volumes/MacintoshHDD/mccurdyc/Downloads/tlb-complete-0.3.2/tools/ivy/lib/jsch.agentproxy.jsch.jar:/Volumes/MacintoshHDD/mccurdyc/Downloads/tlb-complete-0.3.2/tools/ivy/lib/jsch.agentproxy.pageant.jar:/Volumes/MacintoshHDD/mccurdyc/Downloads/tlb-complete-0.3.2/tools/ivy/lib/jsch.agentproxy.sshagent.jar:/Volumes/MacintoshHDD/mccurdyc/Downloads/tlb-complete-0.3.2/tools/ivy/lib/jsch.agentproxy.usocket-jna.jar:/Volumes/MacintoshHDD/mccurdyc/Downloads/tlb-complete-0.3.2/tools/ivy/lib/jsch.agentproxy.usocket-nc.jar:/Volumes/MacintoshHDD/mccurdyc/Downloads/tlb-complete-0.3.2/tools/ivy/lib/jsch.jar:/Volumes/MacintoshHDD/mccurdyc/Downloads/tlb-complete-0.3.2/tools/ivy/lib/junit.jar:/Volumes/MacintoshHDD/mccurdyc/Downloads/tlb-complete-0.3.2/tools/ivy/lib/mod1.2-2.0.jar:/Volumes/MacintoshHDD/mccurdyc/Downloads/tlb-complete-0.3.2/tools/ivy/lib/oro.jar:/Volumes/MacintoshHDD/mccurdyc/Downloads/tlb-complete-0.3.2/tools/ivy/lib/platform.jar:/Volumes/MacintoshHDD/mccurdyc/Downloads/tlb-complete-0.3.2/tools/ivy/lib/xercesImpl.jar:/Volumes/MacintoshHDD/mccurdyc/Downloads/tlb-complete-0.3.2/tools/ivy/lib/xmlParserAPIs.jar:/Volumes/MacintoshHDD/mccurdyc/Downloads/tlb-complete-0.3.2/tools/ivy/lib/xmlunit.jar:/Volumes/MacintoshHDD/mccurdyc/Downloads/tlb-complete-0.3.2/tools/ivy/build/classes/core:/Volumes/MacintoshHDD/mccurdyc/Downloads/tlb-complete-0.3.2/tools/ivy/build/classes/ant:/Volumes/MacintoshHDD/mccurdyc/Downloads/tlb-complete-0.3.2/tools/ivy/build/classes/optional:/Volumes/MacintoshHDD/mccurdyc/Downloads/tlb-complete-0.3.2/tools/ivy/build/test:/usr/local/Cellar/ant/1.9.4/libexec/lib/ant-launcher.jar:/usr/local/Cellar/ant/1.9.4/libexec/lib/ant.jar:/usr/local/Cellar/ant/1.9.4/libexec/lib/ant-junit.jar:/usr/local/Cellar/ant/1.9.4/libexec/lib/ant-junit4.jar'
setting 'user.name' to 'ColtonMcCurdy'
setting 'java.vm.specification.version' to '1.8'
setting 'sun.java.command' to 'org.apache.tools.ant.taskdefs.optional.junit.JUnitTestRunner org.apache.ivy.plugins.resolver.PackagerResolverTest skipNonTests=false filtertrace=true haltOnError=false haltOnFailure=false formatter=org.apache.tools.ant.taskdefs.optional.junit.SummaryJUnitResultFormatter showoutput=false outputtoformatters=true logfailedtests=true threadid=0 logtestlistenerevents=false formatter=org.apache.tools.ant.taskdefs.optional.junit.XMLJUnitResultFormatter,/Volumes/MacintoshHDD/mccurdyc/Downloads/tlb-complete-0.3.2/tools/ivy/build/test-report/TEST-org.apache.ivy.plugins.resolver.PackagerResolverTest.xml crashfile=/Volumes/MacintoshHDD/mccurdyc/Downloads/tlb-complete-0.3.2/tools/ivy/junitvmwatcher5641045555176497993.properties propsfile=/Volumes/MacintoshHDD/mccurdyc/Downloads/tlb-complete-0.3.2/tools/ivy/junit8588036770441812879.properties'
setting 'java.home' to '/Library/Java/JavaVirtualMachines/jdk1.8.0_66.jdk/Contents/Home/jre'
setting 'sun.arch.data.model' to '64'
setting 'user.language' to 'tr'
setting 'java.specification.vendor' to 'Oracle Corporation'
setting 'awt.toolkit' to 'sun.lwawt.macosx.LWCToolkit'
setting 'java.vm.info' to 'mixed mode'
setting 'java.version' to '1.8.0_66'
setting 'java.ext.dirs' to '/Users/ColtonMcCurdy/Library/Java/Extensions:/Library/Java/JavaVirtualMachines/jdk1.8.0_66.jdk/Contents/Home/jre/lib/ext:/Library/Java/Extensions:/Network/Library/Java/Extensions:/System/Library/Java/Extensions:/usr/lib/java'
setting 'sun.boot.class.path' to '/Library/Java/JavaVirtualMachines/jdk1.8.0_66.jdk/Contents/Home/jre/lib/resources.jar:/Library/Java/JavaVirtualMachines/jdk1.8.0_66.jdk/Contents/Home/jre/lib/rt.jar:/Library/Java/JavaVirtualMachines/jdk1.8.0_66.jdk/Contents/Home/jre/lib/sunrsasign.jar:/Library/Java/JavaVirtualMachines/jdk1.8.0_66.jdk/Contents/Home/jre/lib/jsse.jar:/Library/Java/JavaVirtualMachines/jdk1.8.0_66.jdk/Contents/Home/jre/lib/jce.jar:/Library/Java/JavaVirtualMachines/jdk1.8.0_66.jdk/Contents/Home/jre/lib/charsets.jar:/Library/Java/JavaVirtualMachines/jdk1.8.0_66.jdk/Contents/Home/jre/lib/jfr.jar:/Library/Java/JavaVirtualMachines/jdk1.8.0_66.jdk/Contents/Home/jre/classes'
setting 'java.vendor' to 'Oracle Corporation'
setting 'file.separator' to '/'
setting 'java.vendor.url.bug' to 'http://bugreport.sun.com/bugreport/'
setting 'sun.io.unicode.encoding' to 'UnicodeBig'
setting 'sun.cpu.endian' to 'little'
setting 'user.region' to 'TR'
setting 'sun.cpu.isalist' to ''
:: loading settings :: url = file:/Volumes/MacintoshHDD/mccurdyc/Downloads/tlb-complete-0.3.2/tools/ivy/build/classes/core/org/apache/ivy/core/settings/ivysettings.xml
setting 'ivy.settings.url' to 'file:/Volumes/MacintoshHDD/mccurdyc/Downloads/tlb-complete-0.3.2/tools/ivy/build/classes/core/org/apache/ivy/core/settings/ivysettings.xml'
setting 'ivy.conf.url' to 'file:/Volumes/MacintoshHDD/mccurdyc/Downloads/tlb-complete-0.3.2/tools/ivy/build/classes/core/org/apache/ivy/core/settings/ivysettings.xml'
setting 'ivy.settings.dir' to 'file:/Volumes/MacintoshHDD/mccurdyc/Downloads/tlb-complete-0.3.2/tools/ivy/build/classes/core/org/apache/ivy/core/settings'
setting 'ivy.settings.dir.url' to 'file:/Volumes/MacintoshHDD/mccurdyc/Downloads/tlb-complete-0.3.2/tools/ivy/build/classes/core/org/apache/ivy/core/settings'
setting 'ivy.conf.dir' to 'file:/Volumes/MacintoshHDD/mccurdyc/Downloads/tlb-complete-0.3.2/tools/ivy/build/classes/core/org/apache/ivy/core/settings'
setting 'ivy.default.ivy.user.dir' to '/Users/ColtonMcCurdy/.ivy2'
setting 'ivy.home' to '/Users/ColtonMcCurdy/.ivy2'
no default ivy user dir defined: set to /Users/ColtonMcCurdy/.ivy2
setting 'ivy.log.modules.in.use' to 'false'
setting 'ivy.resolver.default.check.modified' to 'false'
setting 'ivy.default.always.check.exact.revision' to 'false'
setting 'ivy.retrieve.pattern' to '${ivy.lib.dir}/[artifact]-[revision](-[classifier]).[ext]'
setting 'ivy.configurations' to '*'
setting 'ivy.buildlist.ivyfilepath' to 'ivy.xml'
setting 'ivy.status' to 'integration'
setting 'ivy.resolve.default.type.filter' to '*'
setting 'ivy.project.dir' to '${basedir}'
setting 'ivy.dep.file' to 'ivy.xml'
setting 'ivy.settings.file' to 'ivysettings.xml'
setting 'ivy.report.output.pattern' to '[organisation]-[module]-[conf].[ext]'
setting 'ivy.cache.ttl.default' to '10s'
setting 'ivy.publish.src.artifacts.pattern' to '${ivy.distrib.dir}/[type]s/[artifact]-[revision](-[classifier]).[ext]'
setting 'ivy.deliver.ivy.pattern' to '${ivy.distrib.dir}/[type]s/[artifact]-[revision](-[classifier]).[ext]'
setting 'ivy.build.artifacts.dir' to '${ivy.project.dir}/build/artifacts'
setting 'ivy.checksums' to 'sha1,md5'
setting 'ivy.distrib.dir' to '${ivy.project.dir}/distrib'
setting 'ivy.lib.dir' to '${ivy.project.dir}/lib'
including url: file:/Volumes/MacintoshHDD/mccurdyc/Downloads/tlb-complete-0.3.2/tools/ivy/build/classes/core/org/apache/ivy/core/settings/ivysettings-public.xml
setting 'ivy.settings.dir.url' to 'file:/Volumes/MacintoshHDD/mccurdyc/Downloads/tlb-complete-0.3.2/tools/ivy/build/classes/core/org/apache/ivy/core/settings'
setting 'ivy.cache.dir' to '/Users/ColtonMcCurdy/.ivy2/cache'
no default cache defined: set to /Users/ColtonMcCurdy/.ivy2/cache
public: no namespace defined: using system
public: no latest strategy defined: using default
including url: file:/Volumes/MacintoshHDD/mccurdyc/Downloads/tlb-complete-0.3.2/tools/ivy/build/classes/core/org/apache/ivy/core/settings/ivysettings-shared.xml
setting 'ivy.settings.dir.url' to 'file:/Volumes/MacintoshHDD/mccurdyc/Downloads/tlb-complete-0.3.2/tools/ivy/build/classes/core/org/apache/ivy/core/settings'
setting 'ivy.shared.default.root' to '/Users/ColtonMcCurdy/.ivy2/shared'
setting 'ivy.shared.default.ivy.pattern' to '[organisation]/[module]/[revision]/[type]s/[artifact].[ext]'
setting 'ivy.shared.default.artifact.pattern' to '[organisation]/[module]/[revision]/[type]s/[artifact].[ext]'
shared: no namespace defined: using system
shared: no latest strategy defined: using default
public: no namespace defined: using system
public: no latest strategy defined: using default
including url: file:/Volumes/MacintoshHDD/mccurdyc/Downloads/tlb-complete-0.3.2/tools/ivy/build/classes/core/org/apache/ivy/core/settings/ivysettings-local.xml
setting 'ivy.settings.dir.url' to 'file:/Volumes/MacintoshHDD/mccurdyc/Downloads/tlb-complete-0.3.2/tools/ivy/build/classes/core/org/apache/ivy/core/settings'
setting 'ivy.local.default.root' to '/Users/ColtonMcCurdy/.ivy2/local'
setting 'ivy.local.default.ivy.pattern' to '[organisation]/[module]/[revision]/[type]s/[artifact].[ext]'
setting 'ivy.local.default.artifact.pattern' to '[organisation]/[module]/[revision]/[type]s/[artifact].[ext]'
shared: no namespace defined: using system
shared: no latest strategy defined: using default
public: no namespace defined: using system
public: no latest strategy defined: using default
local: no namespace defined: using system
local: no latest strategy defined: using default
including url: file:/Volumes/MacintoshHDD/mccurdyc/Downloads/tlb-complete-0.3.2/tools/ivy/build/classes/core/org/apache/ivy/core/settings/ivysettings-main-chain.xml
setting 'ivy.settings.dir.url' to 'file:/Volumes/MacintoshHDD/mccurdyc/Downloads/tlb-complete-0.3.2/tools/ivy/build/classes/core/org/apache/ivy/core/settings'
shared: no namespace defined: using system
shared: no latest strategy defined: using default
public: no namespace defined: using system
public: no latest strategy defined: using default
main: no namespace defined: using system
main: no latest strategy defined: using default
local: no namespace defined: using system
local: no latest strategy defined: using default
including url: file:/Volumes/MacintoshHDD/mccurdyc/Downloads/tlb-complete-0.3.2/tools/ivy/build/classes/core/org/apache/ivy/core/settings/ivysettings-default-chain.xml
setting 'ivy.settings.dir.url' to 'file:/Volumes/MacintoshHDD/mccurdyc/Downloads/tlb-complete-0.3.2/tools/ivy/build/classes/core/org/apache/ivy/core/settings'
shared: no namespace defined: using system
shared: no latest strategy defined: using default
default: no namespace defined: using system
default: no latest strategy defined: using default
public: no namespace defined: using system
public: no latest strategy defined: using default
main: no namespace defined: using system
main: no latest strategy defined: using default
local: no namespace defined: using system
local: no latest strategy defined: using default
shared: no namespace defined: using system
shared: no latest strategy defined: using default
default: no namespace defined: using system
default: no latest strategy defined: using default
public: no namespace defined: using system
public: no latest strategy defined: using default
main: no namespace defined: using system
main: no latest strategy defined: using default
local: no namespace defined: using system
local: no latest strategy defined: using default
'ivy.default.ivy.user.dir' already set: discarding '/Users/ColtonMcCurdy/.ivy2'
settings loaded (56ms)
	default cache: /Users/ColtonMcCurdy/.ivy2/cache
	default resolver: default
	default latest strategy: latest-revision
	default conflict manager: latest-revision
	circular dependency strategy: warn
	validate: true
	check up2date: true
	-- 5 resolvers:
	shared [file]
		cache: null
		m2compatible: false
		ivy patterns:
			/Users/ColtonMcCurdy/.ivy2/shared/[organisation]/[module]/[revision]/[type]s/[artifact].[ext]
		artifact patterns:
			/Users/ColtonMcCurdy/.ivy2/shared/[organisation]/[module]/[revision]/[type]s/[artifact].[ext]
		repository: shared
	default [chain] [local, main]
		return first: true
		dual: false
		-> local
		-> main
	public [ibiblio]
		cache: null
		m2compatible: true
		ivy patterns:
			https://repo1.maven.org/maven2/[organisation]/[module]/[revision]/[artifact]-[revision](-[classifier]).[ext]
		artifact patterns:
			https://repo1.maven.org/maven2/[organisation]/[module]/[revision]/[artifact]-[revision](-[classifier]).[ext]
		repository: public
		root: https://repo1.maven.org/maven2/
		pattern: [organisation]/[module]/[revision]/[artifact]-[revision](-[classifier]).[ext]
		usepoms: true
		useMavenMetadata: true
	main [chain] [shared, public]
		return first: false
		dual: true
		-> shared
		-> public
	local [file]
		cache: null
		m2compatible: false
		ivy patterns:
			/Users/ColtonMcCurdy/.ivy2/local/[organisation]/[module]/[revision]/[type]s/[artifact].[ext]
		artifact patterns:
			/Users/ColtonMcCurdy/.ivy2/local/[organisation]/[module]/[revision]/[type]s/[artifact].[ext]
		repository: local
	module settings:
		NONE
	 trying file:/Volumes/MacintoshHDD/mccurdyc/Downloads/tlb-complete-0.3.2/tools/ivy/test/repositories/packager/repo/org/mod/1.0/ivy.xml
		tried file:/Volumes/MacintoshHDD/mccurdyc/Downloads/tlb-complete-0.3.2/tools/ivy/test/repositories/packager/repo/org/mod/1.0/ivy.xml
Execution environment profile JavaSE-1.2 loaded
Execution environment profile JavaSE-1.3 loaded
Execution environment profile JavaSE-1.4 loaded
Execution environment profile JavaSE-1.5 loaded
Execution environment profile JavaSE-1.6 loaded
Execution environment profile JavaSE-1.7 loaded
Execution environment profile OSGi/Minimum-1.1 loaded
Execution environment profile JavaSE-1.8 loaded
Execution environment profile CDC-1.0/Foundation-1.0 loaded
Execution environment profile CDC-1.1/Foundation-1.1 loaded
Execution environment profile OSGi/Minimum-1.2 loaded
Execution environment profile OSGi/Minimum-1.0 loaded
	packager: found md file for org#mod;1.0
		=> file:/Volumes/MacintoshHDD/mccurdyc/Downloads/tlb-complete-0.3.2/tools/ivy/test/repositories/packager/repo/org/mod/1.0/ivy.xml (1.0)
	parser = ivy parser
	no ivy file in cache for org#mod;1.0: tried build/cache/org/mod/ivy-1.0.xml
downloading file:/Volumes/MacintoshHDD/mccurdyc/Downloads/tlb-complete-0.3.2/tools/ivy/test/repositories/packager/repo/org/mod/1.0/ivy.xml ...
	packager: downloading file:/Volumes/MacintoshHDD/mccurdyc/Downloads/tlb-complete-0.3.2/tools/ivy/test/repositories/packager/repo/org/mod/1.0/ivy.xml
		to /Volumes/MacintoshHDD/mccurdyc/Downloads/tlb-complete-0.3.2/tools/ivy/build/cache/org/mod/ivy-1.0.xml.original.part
	[SUCCESSFUL ] org#mod;1.0!ivy.xml(ivy.original) (9ms)
post 1.3 ivy file: using exact as default matcher
	default-cache: parsed downloaded md file for org#mod;1.0; parsed=org#mod;1.0
	checking org#mod;1.0 from packager against [none]
	module revision kept as first found: org#mod;1.0 from packager
	 trying file:/Volumes/MacintoshHDD/mccurdyc/Downloads/tlb-complete-0.3.2/tools/ivy/test/repositories/packager/repo/org/mod/1.0/packager.xml
		tried file:/Volumes/MacintoshHDD/mccurdyc/Downloads/tlb-complete-0.3.2/tools/ivy/test/repositories/packager/repo/org/mod/1.0/packager.xml
performing packager resolver build in build/test/PackagerResolverTest/build/org/mod/1.0
Build sequence for target(s) `build' is [validate, setResourceURL1, setResourceURL2, style, build]
Complete build sequence is [validate, setResourceURL1, setResourceURL2, style, build, ]

validate:
parsing buildfile jar:file:/usr/local/Cellar/ant/1.9.4/libexec/lib/ant.jar!/org/apache/tools/ant/antlib.xml with URI = jar:file:/usr/local/Cellar/ant/1.9.4/libexec/lib/ant.jar!/org/apache/tools/ant/antlib.xml from a zip file
[xmlvalidate] Using SAX2 reader org.apache.xerces.parsers.SAXParser
[xmlvalidate] Validating packager.xml... 
Ignoring Exception java.util.zip.ZipException: zip file is empty reading resource org/apache/tools/ant/types/resolver/ApacheCatalogResolver.class from /Volumes/MacintoshHDD/mccurdyc/Downloads/tlb-complete-0.3.2/tools/ivy/lib/mod1.2-2.0.jar
Apache resolver library not found, internal resolver will be used
[xmlvalidate] 1 file(s) have been successfully validated.

setResourceURL1:
Skipped because property 'ivy.packager.resourceURL' not set.

setResourceURL2:

style:
     [xslt] Using class org.apache.tools.ant.taskdefs.optional.TraXLiaison
     [xslt] Processing /Volumes/MacintoshHDD/mccurdyc/Downloads/tlb-complete-0.3.2/tools/ivy/build/test/PackagerResolverTest/build/org/mod/1.0/packager.xml to /Volumes/MacintoshHDD/mccurdyc/Downloads/tlb-complete-0.3.2/tools/ivy/build/test/PackagerResolverTest/build/org/mod/1.0/packager-output.xml
     [xslt] Loading stylesheet /Volumes/MacintoshHDD/mccurdyc/Downloads/tlb-complete-0.3.2/tools/ivy/build/test/PackagerResolverTest/build/org/mod/1.0/packager.xsl

build:
Project base dir set to: /Volumes/MacintoshHDD/mccurdyc/Downloads/tlb-complete-0.3.2/tools/ivy/build/test/PackagerResolverTest/build/org/mod/1.0
      [ant] calling target(s) [default] in build file /Volumes/MacintoshHDD/mccurdyc/Downloads/tlb-complete-0.3.2/tools/ivy/build/test/PackagerResolverTest/build/org/mod/1.0/packager-output.xml
parsing buildfile /Volumes/MacintoshHDD/mccurdyc/Downloads/tlb-complete-0.3.2/tools/ivy/build/test/PackagerResolverTest/build/org/mod/1.0/packager-output.xml with URI = file:/Volumes/MacintoshHDD/mccurdyc/Downloads/tlb-complete-0.3.2/tools/ivy/build/test/PackagerResolverTest/build/org/mod/1.0/packager-output.xml
Project base dir set to: /Volumes/MacintoshHDD/mccurdyc/Downloads/tlb-complete-0.3.2/tools/ivy/build/test/PackagerResolverTest/build/org/mod/1.0
      [ant] Entering /Volumes/MacintoshHDD/mccurdyc/Downloads/tlb-complete-0.3.2/tools/ivy/build/test/PackagerResolverTest/build/org/mod/1.0/packager-output.xml...
Build sequence for target(s) `build' is [setfilename.N65555, genresdir.1.N65555, genresdir.2.N65555, checkdownload.0.N65555, download.1.N65555, checkdownload.1.N65555, download.N65555, resource.N65555, setgroupdirs.N65564, genresdir.1.N65569, genresdir.2.N65569, checkdownload.0.N65569, download.1.N65569, checkdownload.1.N65569, download.N65569, resource.N65569, resources, build]
Complete build sequence is [setfilename.N65555, genresdir.1.N65555, genresdir.2.N65555, checkdownload.0.N65555, download.1.N65555, checkdownload.1.N65555, download.N65555, resource.N65555, setgroupdirs.N65564, genresdir.1.N65569, genresdir.2.N65569, checkdownload.0.N65569, download.1.N65569, checkdownload.1.N65569, download.N65569, resource.N65569, resources, build, ]

setfilename.N65555:

genresdir.1.N65555:
Skipped because property 'ivy.packager.resourceCache' set.

genresdir.2.N65555:
     [echo] using resource cache: /Volumes/MacintoshHDD/mccurdyc/Downloads/tlb-complete-0.3.2/tools/ivy/build/test/PackagerResolverTest/resources

checkdownload.0.N65555:
    [mkdir] Skipping /Volumes/MacintoshHDD/mccurdyc/Downloads/tlb-complete-0.3.2/tools/ivy/build/test/PackagerResolverTest/resources because it already exists.
[available] Unable to find /Volumes/MacintoshHDD/mccurdyc/Downloads/tlb-complete-0.3.2/tools/ivy/build/test/PackagerResolverTest/resources/mod-1.0.tar.gz

download.1.N65555:
      [get] Getting: file:/Volumes/MacintoshHDD/mccurdyc/Downloads/tlb-complete-0.3.2/tools/ivy/test/repositories/packager/website//dist/mod-1.0.tar.gz
      [get] To: /Volumes/MacintoshHDD/mccurdyc/Downloads/tlb-complete-0.3.2/tools/ivy/build/test/PackagerResolverTest/resources/mod-1.0.tar.gz
.

checkdownload.1.N65555:
[available] Found: /Volumes/MacintoshHDD/mccurdyc/Downloads/tlb-complete-0.3.2/tools/ivy/build/test/PackagerResolverTest/resources/mod-1.0.tar.gz

download.N65555:
Skipped because property 'alreadydownloaded.N65555' set.

resource.N65555:
    [mkdir] Created dir: /Volumes/MacintoshHDD/mccurdyc/Downloads/tlb-complete-0.3.2/tools/ivy/build/test/PackagerResolverTest/build/org/mod/1.0/extract
    [untar] Expanding: /Volumes/MacintoshHDD/mccurdyc/Downloads/tlb-complete-0.3.2/tools/ivy/build/test/PackagerResolverTest/resources/mod-1.0.tar.gz into /Volumes/MacintoshHDD/mccurdyc/Downloads/tlb-complete-0.3.2/tools/ivy/build/test/PackagerResolverTest/build/org/mod/1.0/extract
    [untar] skipping mod-1.0/ as it is excluded or not included.
    [untar] expanding mod-1.0/mod.jar to /Volumes/MacintoshHDD/mccurdyc/Downloads/tlb-complete-0.3.2/tools/ivy/build/test/PackagerResolverTest/build/org/mod/1.0/extract/mod-1.0/mod.jar
    [untar] expand complete

setgroupdirs.N65564:
[pathconvert] Set property groupdirs.N65564 = org/apache/ivy

genresdir.1.N65569:
Skipped because property 'ivy.packager.resourceCache' set.

genresdir.2.N65569:
     [echo] using resource cache: /Volumes/MacintoshHDD/mccurdyc/Downloads/tlb-complete-0.3.2/tools/ivy/build/test/PackagerResolverTest/resources

checkdownload.0.N65569:
    [mkdir] Skipping /Volumes/MacintoshHDD/mccurdyc/Downloads/tlb-complete-0.3.2/tools/ivy/build/test/PackagerResolverTest/resources because it already exists.
[available] Unable to find /Volumes/MacintoshHDD/mccurdyc/Downloads/tlb-complete-0.3.2/tools/ivy/build/test/PackagerResolverTest/resources/foobar-1.0-janfu.jar

download.1.N65569:
      [get] Getting: file:/Volumes/MacintoshHDD/mccurdyc/Downloads/tlb-complete-0.3.2/tools/ivy/test/repositories/packager/website//m2repo/org/apache/ivy/foobar/1.0/foobar-1.0-janfu.jar
      [get] To: /Volumes/MacintoshHDD/mccurdyc/Downloads/tlb-complete-0.3.2/tools/ivy/build/test/PackagerResolverTest/resources/foobar-1.0-janfu.jar


checkdownload.1.N65569:
[available] Found: /Volumes/MacintoshHDD/mccurdyc/Downloads/tlb-complete-0.3.2/tools/ivy/build/test/PackagerResolverTest/resources/foobar-1.0-janfu.jar

download.N65569:
Skipped because property 'alreadydownloaded.N65569' set.

resource.N65569:
     [copy] Copying 1 file to /Volumes/MacintoshHDD/mccurdyc/Downloads/tlb-complete-0.3.2/tools/ivy/build/test/PackagerResolverTest/build/org/mod/1.0/artifacts/jars
     [copy] Copying /Volumes/MacintoshHDD/mccurdyc/Downloads/tlb-complete-0.3.2/tools/ivy/build/test/PackagerResolverTest/resources/foobar-1.0-janfu.jar to /Volumes/MacintoshHDD/mccurdyc/Downloads/tlb-complete-0.3.2/tools/ivy/build/test/PackagerResolverTest/build/org/mod/1.0/artifacts/jars/foobar-janfu.jar

resources:

build:
    [mkdir] Skipping /Volumes/MacintoshHDD/mccurdyc/Downloads/tlb-complete-0.3.2/tools/ivy/build/test/PackagerResolverTest/build/org/mod/1.0/artifacts/jars because it already exists.
    [mkdir] Created dir: /Volumes/MacintoshHDD/mccurdyc/Downloads/tlb-complete-0.3.2/tools/ivy/build/test/PackagerResolverTest/build/org/mod/1.0/artifacts/sources
    [mkdir] Created dir: /Volumes/MacintoshHDD/mccurdyc/Downloads/tlb-complete-0.3.2/tools/ivy/build/test/PackagerResolverTest/build/org/mod/1.0/artifacts/javadocs
     [move] Moving 1 file to /Volumes/MacintoshHDD/mccurdyc/Downloads/tlb-complete-0.3.2/tools/ivy/build/test/PackagerResolverTest/build/org/mod/1.0/artifacts/jars
     [move] Attempting to rename: /Volumes/MacintoshHDD/mccurdyc/Downloads/tlb-complete-0.3.2/tools/ivy/build/test/PackagerResolverTest/build/org/mod/1.0/extract/mod-1.0/mod.jar to /Volumes/MacintoshHDD/mccurdyc/Downloads/tlb-complete-0.3.2/tools/ivy/build/test/PackagerResolverTest/build/org/mod/1.0/artifacts/jars/mod.jar
      [ant] Exiting /Volumes/MacintoshHDD/mccurdyc/Downloads/tlb-complete-0.3.2/tools/ivy/build/test/PackagerResolverTest/build/org/mod/1.0/packager-output.xml.
downloading file:/Volumes/MacintoshHDD/mccurdyc/Downloads/tlb-complete-0.3.2/tools/ivy/build/test/PackagerResolverTest/build/org/mod/1.0/artifacts/jars/mod.jar ...
	packager: downloading file:/Volumes/MacintoshHDD/mccurdyc/Downloads/tlb-complete-0.3.2/tools/ivy/build/test/PackagerResolverTest/build/org/mod/1.0/artifacts/jars/mod.jar
		to /Volumes/MacintoshHDD/mccurdyc/Downloads/tlb-complete-0.3.2/tools/ivy/build/cache/org/mod/jars/mod-1.0.jar.part
setting 'ivy.default.settings.dir' to 'file:/Volumes/MacintoshHDD/mccurdyc/Downloads/tlb-complete-0.3.2/tools/ivy/build/classes/core/org/apache/ivy/core/settings'
setting 'ivy.basedir' to '/Volumes/MacintoshHDD/mccurdyc/Downloads/tlb-complete-0.3.2/tools/ivy/.'
setting 'ivy.default.conf.dir' to 'file:/Volumes/MacintoshHDD/mccurdyc/Downloads/tlb-complete-0.3.2/tools/ivy/build/classes/core/org/apache/ivy/core/settings'
setting 'java.runtime.name' to 'Java(TM) SE Runtime Environment'
setting 'sun.boot.library.path' to '/Library/Java/JavaVirtualMachines/jdk1.8.0_66.jdk/Contents/Home/jre/lib'
setting 'java.vm.version' to '25.66-b17'
setting 'gopherProxySet' to 'false'
setting 'java.vm.vendor' to 'Oracle Corporation'
setting 'java.vendor.url' to 'http://java.oracle.com/'
setting 'emma.coverage.out.merge' to 'true'
setting 'path.separator' to ':'
setting 'java.vm.name' to 'Java HotSpot(TM) 64-Bit Server VM'
setting 'file.encoding.pkg' to 'sun.io'
setting 'user.country' to 'US'
setting 'sun.java.launcher' to 'SUN_STANDARD'
setting 'sun.os.patch.level' to 'unknown'
setting 'java.vm.specification.name' to 'Java Virtual Machine Specification'
setting 'user.dir' to '/Volumes/MacintoshHDD/mccurdyc/Downloads/tlb-complete-0.3.2/tools/ivy'
setting 'java.runtime.version' to '1.8.0_66-b17'
setting 'java.awt.graphicsenv' to 'sun.awt.CGraphicsEnvironment'
setting 'java.endorsed.dirs' to '/Library/Java/JavaVirtualMachines/jdk1.8.0_66.jdk/Contents/Home/jre/lib/endorsed'
setting 'os.arch' to 'x86_64'
setting 'java.io.tmpdir' to '/var/folders/63/3rz5g1g93kl56014nnctmg6w0000gn/T/'
setting 'line.separator' to '
'
setting 'java.vm.specification.vendor' to 'Oracle Corporation'
setting 'os.name' to 'Mac OS X'
setting 'sun.jnu.encoding' to 'UTF-8'
setting 'java.library.path' to '/Users/ColtonMcCurdy/Library/Java/Extensions:/Library/Java/Extensions:/Network/Library/Java/Extensions:/System/Library/Java/Extensions:/usr/lib/java:.'
setting 'emma.coverage.out.file' to '${coverage.dir}/coverage.emma'
setting 'java.specification.name' to 'Java Platform API Specification'
setting 'java.class.version' to '52.0'
setting 'sun.management.compiler' to 'HotSpot 64-Bit Tiered Compilers'
setting 'os.version' to '10.11.4'
setting 'user.home' to '/Users/ColtonMcCurdy'
setting 'user.timezone' to 'America/New_York'
setting 'java.awt.printerjob' to 'sun.lwawt.macosx.CPrinterJob'
setting 'file.encoding' to 'UTF-8'
setting 'java.specification.version' to '1.8'
setting 'java.class.path' to '/Volumes/MacintoshHDD/mccurdyc/Downloads/tlb-complete-0.3.2/tools/ivy/lib/ant-contrib.jar:/Volumes/MacintoshHDD/mccurdyc/Downloads/tlb-complete-0.3.2/tools/ivy/lib/ant-testutil.jar:/Volumes/MacintoshHDD/mccurdyc/Downloads/tlb-complete-0.3.2/tools/ivy/lib/bcpg-jdk15on.jar:/Volumes/MacintoshHDD/mccurdyc/Downloads/tlb-complete-0.3.2/tools/ivy/lib/bcprov-jdk15on.jar:/Volumes/MacintoshHDD/mccurdyc/Downloads/tlb-complete-0.3.2/tools/ivy/lib/commons-codec.jar:/Volumes/MacintoshHDD/mccurdyc/Downloads/tlb-complete-0.3.2/tools/ivy/lib/commons-httpclient.jar:/Volumes/MacintoshHDD/mccurdyc/Downloads/tlb-complete-0.3.2/tools/ivy/lib/commons-lang.jar:/Volumes/MacintoshHDD/mccurdyc/Downloads/tlb-complete-0.3.2/tools/ivy/lib/commons-logging.jar:/Volumes/MacintoshHDD/mccurdyc/Downloads/tlb-complete-0.3.2/tools/ivy/lib/commons-vfs.jar:/Volumes/MacintoshHDD/mccurdyc/Downloads/tlb-complete-0.3.2/tools/ivy/lib/jna.jar:/Volumes/MacintoshHDD/mccurdyc/Downloads/tlb-complete-0.3.2/tools/ivy/lib/jsch.agentproxy.connector-factory.jar:/Volumes/MacintoshHDD/mccurdyc/Downloads/tlb-complete-0.3.2/tools/ivy/lib/jsch.agentproxy.core.jar:/Volumes/MacintoshHDD/mccurdyc/Downloads/tlb-complete-0.3.2/tools/ivy/lib/jsch.agentproxy.jsch.jar:/Volumes/MacintoshHDD/mccurdyc/Downloads/tlb-complete-0.3.2/tools/ivy/lib/jsch.agentproxy.pageant.jar:/Volumes/MacintoshHDD/mccurdyc/Downloads/tlb-complete-0.3.2/tools/ivy/lib/jsch.agentproxy.sshagent.jar:/Volumes/MacintoshHDD/mccurdyc/Downloads/tlb-complete-0.3.2/tools/ivy/lib/jsch.agentproxy.usocket-jna.jar:/Volumes/MacintoshHDD/mccurdyc/Downloads/tlb-complete-0.3.2/tools/ivy/lib/jsch.agentproxy.usocket-nc.jar:/Volumes/MacintoshHDD/mccurdyc/Downloads/tlb-complete-0.3.2/tools/ivy/lib/jsch.jar:/Volumes/MacintoshHDD/mccurdyc/Downloads/tlb-complete-0.3.2/tools/ivy/lib/junit.jar:/Volumes/MacintoshHDD/mccurdyc/Downloads/tlb-complete-0.3.2/tools/ivy/lib/mod1.2-2.0.jar:/Volumes/MacintoshHDD/mccurdyc/Downloads/tlb-complete-0.3.2/tools/ivy/lib/oro.jar:/Volumes/MacintoshHDD/mccurdyc/Downloads/tlb-complete-0.3.2/tools/ivy/lib/platform.jar:/Volumes/MacintoshHDD/mccurdyc/Downloads/tlb-complete-0.3.2/tools/ivy/lib/xercesImpl.jar:/Volumes/MacintoshHDD/mccurdyc/Downloads/tlb-complete-0.3.2/tools/ivy/lib/xmlParserAPIs.jar:/Volumes/MacintoshHDD/mccurdyc/Downloads/tlb-complete-0.3.2/tools/ivy/lib/xmlunit.jar:/Volumes/MacintoshHDD/mccurdyc/Downloads/tlb-complete-0.3.2/tools/ivy/build/classes/core:/Volumes/MacintoshHDD/mccurdyc/Downloads/tlb-complete-0.3.2/tools/ivy/build/classes/ant:/Volumes/MacintoshHDD/mccurdyc/Downloads/tlb-complete-0.3.2/tools/ivy/build/classes/optional:/Volumes/MacintoshHDD/mccurdyc/Downloads/tlb-complete-0.3.2/tools/ivy/build/test:/usr/local/Cellar/ant/1.9.4/libexec/lib/ant-launcher.jar:/usr/local/Cellar/ant/1.9.4/libexec/lib/ant.jar:/usr/local/Cellar/ant/1.9.4/libexec/lib/ant-junit.jar:/usr/local/Cellar/ant/1.9.4/libexec/lib/ant-junit4.jar'
setting 'user.name' to 'ColtonMcCurdy'
setting 'java.vm.specification.version' to '1.8'
setting 'sun.java.command' to 'org.apache.tools.ant.taskdefs.optional.junit.JUnitTestRunner org.apache.ivy.plugins.resolver.PackagerResolverTest skipNonTests=false filtertrace=true haltOnError=false haltOnFailure=false formatter=org.apache.tools.ant.taskdefs.optional.junit.SummaryJUnitResultFormatter showoutput=false outputtoformatters=true logfailedtests=true threadid=0 logtestlistenerevents=false formatter=org.apache.tools.ant.taskdefs.optional.junit.XMLJUnitResultFormatter,/Volumes/MacintoshHDD/mccurdyc/Downloads/tlb-complete-0.3.2/tools/ivy/build/test-report/TEST-org.apache.ivy.plugins.resolver.PackagerResolverTest.xml crashfile=/Volumes/MacintoshHDD/mccurdyc/Downloads/tlb-complete-0.3.2/tools/ivy/junitvmwatcher5641045555176497993.properties propsfile=/Volumes/MacintoshHDD/mccurdyc/Downloads/tlb-complete-0.3.2/tools/ivy/junit8588036770441812879.properties'
setting 'java.home' to '/Library/Java/JavaVirtualMachines/jdk1.8.0_66.jdk/Contents/Home/jre'
setting 'sun.arch.data.model' to '64'
setting 'user.language' to 'tr'
setting 'java.specification.vendor' to 'Oracle Corporation'
setting 'awt.toolkit' to 'sun.lwawt.macosx.LWCToolkit'
setting 'java.vm.info' to 'mixed mode'
setting 'java.version' to '1.8.0_66'
setting 'java.ext.dirs' to '/Users/ColtonMcCurdy/Library/Java/Extensions:/Library/Java/JavaVirtualMachines/jdk1.8.0_66.jdk/Contents/Home/jre/lib/ext:/Library/Java/Extensions:/Network/Library/Java/Extensions:/System/Library/Java/Extensions:/usr/lib/java'
setting 'sun.boot.class.path' to '/Library/Java/JavaVirtualMachines/jdk1.8.0_66.jdk/Contents/Home/jre/lib/resources.jar:/Library/Java/JavaVirtualMachines/jdk1.8.0_66.jdk/Contents/Home/jre/lib/rt.jar:/Library/Java/JavaVirtualMachines/jdk1.8.0_66.jdk/Contents/Home/jre/lib/sunrsasign.jar:/Library/Java/JavaVirtualMachines/jdk1.8.0_66.jdk/Contents/Home/jre/lib/jsse.jar:/Library/Java/JavaVirtualMachines/jdk1.8.0_66.jdk/Contents/Home/jre/lib/jce.jar:/Library/Java/JavaVirtualMachines/jdk1.8.0_66.jdk/Contents/Home/jre/lib/charsets.jar:/Library/Java/JavaVirtualMachines/jdk1.8.0_66.jdk/Contents/Home/jre/lib/jfr.jar:/Library/Java/JavaVirtualMachines/jdk1.8.0_66.jdk/Contents/Home/jre/classes'
setting 'java.vendor' to 'Oracle Corporation'
setting 'file.separator' to '/'
setting 'java.vendor.url.bug' to 'http://bugreport.sun.com/bugreport/'
setting 'sun.io.unicode.encoding' to 'UnicodeBig'
setting 'sun.cpu.endian' to 'little'
setting 'user.region' to 'TR'
setting 'sun.cpu.isalist' to ''
:: loading settings :: url = file:/Volumes/MacintoshHDD/mccurdyc/Downloads/tlb-complete-0.3.2/tools/ivy/build/classes/core/org/apache/ivy/core/settings/ivysettings.xml
setting 'ivy.settings.url' to 'file:/Volumes/MacintoshHDD/mccurdyc/Downloads/tlb-complete-0.3.2/tools/ivy/build/classes/core/org/apache/ivy/core/settings/ivysettings.xml'
setting 'ivy.conf.url' to 'file:/Volumes/MacintoshHDD/mccurdyc/Downloads/tlb-complete-0.3.2/tools/ivy/build/classes/core/org/apache/ivy/core/settings/ivysettings.xml'
setting 'ivy.settings.dir' to 'file:/Volumes/MacintoshHDD/mccurdyc/Downloads/tlb-complete-0.3.2/tools/ivy/build/classes/core/org/apache/ivy/core/settings'
setting 'ivy.settings.dir.url' to 'file:/Volumes/MacintoshHDD/mccurdyc/Downloads/tlb-complete-0.3.2/tools/ivy/build/classes/core/org/apache/ivy/core/settings'
setting 'ivy.conf.dir' to 'file:/Volumes/MacintoshHDD/mccurdyc/Downloads/tlb-complete-0.3.2/tools/ivy/build/classes/core/org/apache/ivy/core/settings'
setting 'ivy.default.ivy.user.dir' to '/Users/ColtonMcCurdy/.ivy2'
setting 'ivy.home' to '/Users/ColtonMcCurdy/.ivy2'
no default ivy user dir defined: set to /Users/ColtonMcCurdy/.ivy2
setting 'ivy.log.modules.in.use' to 'false'
setting 'ivy.resolver.default.check.modified' to 'false'
setting 'ivy.default.always.check.exact.revision' to 'false'
setting 'ivy.retrieve.pattern' to '${ivy.lib.dir}/[artifact]-[revision](-[classifier]).[ext]'
setting 'ivy.configurations' to '*'
setting 'ivy.buildlist.ivyfilepath' to 'ivy.xml'
setting 'ivy.status' to 'integration'
setting 'ivy.resolve.default.type.filter' to '*'
setting 'ivy.project.dir' to '${basedir}'
setting 'ivy.dep.file' to 'ivy.xml'
setting 'ivy.settings.file' to 'ivysettings.xml'
setting 'ivy.report.output.pattern' to '[organisation]-[module]-[conf].[ext]'
setting 'ivy.cache.ttl.default' to '10s'
setting 'ivy.publish.src.artifacts.pattern' to '${ivy.distrib.dir}/[type]s/[artifact]-[revision](-[classifier]).[ext]'
setting 'ivy.deliver.ivy.pattern' to '${ivy.distrib.dir}/[type]s/[artifact]-[revision](-[classifier]).[ext]'
setting 'ivy.build.artifacts.dir' to '${ivy.project.dir}/build/artifacts'
setting 'ivy.checksums' to 'sha1,md5'
setting 'ivy.distrib.dir' to '${ivy.project.dir}/distrib'
setting 'ivy.lib.dir' to '${ivy.project.dir}/lib'
including url: file:/Volumes/MacintoshHDD/mccurdyc/Downloads/tlb-complete-0.3.2/tools/ivy/build/classes/core/org/apache/ivy/core/settings/ivysettings-public.xml
setting 'ivy.settings.dir.url' to 'file:/Volumes/MacintoshHDD/mccurdyc/Downloads/tlb-complete-0.3.2/tools/ivy/build/classes/core/org/apache/ivy/core/settings'
setting 'ivy.cache.dir' to '/Users/ColtonMcCurdy/.ivy2/cache'
no default cache defined: set to /Users/ColtonMcCurdy/.ivy2/cache
public: no namespace defined: using system
public: no latest strategy defined: using default
including url: file:/Volumes/MacintoshHDD/mccurdyc/Downloads/tlb-complete-0.3.2/tools/ivy/build/classes/core/org/apache/ivy/core/settings/ivysettings-shared.xml
setting 'ivy.settings.dir.url' to 'file:/Volumes/MacintoshHDD/mccurdyc/Downloads/tlb-complete-0.3.2/tools/ivy/build/classes/core/org/apache/ivy/core/settings'
setting 'ivy.shared.default.root' to '/Users/ColtonMcCurdy/.ivy2/shared'
setting 'ivy.shared.default.ivy.pattern' to '[organisation]/[module]/[revision]/[type]s/[artifact].[ext]'
setting 'ivy.shared.default.artifact.pattern' to '[organisation]/[module]/[revision]/[type]s/[artifact].[ext]'
shared: no namespace defined: using system
shared: no latest strategy defined: using default
public: no namespace defined: using system
public: no latest strategy defined: using default
including url: file:/Volumes/MacintoshHDD/mccurdyc/Downloads/tlb-complete-0.3.2/tools/ivy/build/classes/core/org/apache/ivy/core/settings/ivysettings-local.xml
setting 'ivy.settings.dir.url' to 'file:/Volumes/MacintoshHDD/mccurdyc/Downloads/tlb-complete-0.3.2/tools/ivy/build/classes/core/org/apache/ivy/core/settings'
setting 'ivy.local.default.root' to '/Users/ColtonMcCurdy/.ivy2/local'
setting 'ivy.local.default.ivy.pattern' to '[organisation]/[module]/[revision]/[type]s/[artifact].[ext]'
setting 'ivy.local.default.artifact.pattern' to '[organisation]/[module]/[revision]/[type]s/[artifact].[ext]'
shared: no namespace defined: using system
shared: no latest strategy defined: using default
public: no namespace defined: using system
public: no latest strategy defined: using default
local: no namespace defined: using system
local: no latest strategy defined: using default
including url: file:/Volumes/MacintoshHDD/mccurdyc/Downloads/tlb-complete-0.3.2/tools/ivy/build/classes/core/org/apache/ivy/core/settings/ivysettings-main-chain.xml
setting 'ivy.settings.dir.url' to 'file:/Volumes/MacintoshHDD/mccurdyc/Downloads/tlb-complete-0.3.2/tools/ivy/build/classes/core/org/apache/ivy/core/settings'
shared: no namespace defined: using system
shared: no latest strategy defined: using default
public: no namespace defined: using system
public: no latest strategy defined: using default
main: no namespace defined: using system
main: no latest strategy defined: using default
local: no namespace defined: using system
local: no latest strategy defined: using default
including url: file:/Volumes/MacintoshHDD/mccurdyc/Downloads/tlb-complete-0.3.2/tools/ivy/build/classes/core/org/apache/ivy/core/settings/ivysettings-default-chain.xml
setting 'ivy.settings.dir.url' to 'file:/Volumes/MacintoshHDD/mccurdyc/Downloads/tlb-complete-0.3.2/tools/ivy/build/classes/core/org/apache/ivy/core/settings'
shared: no namespace defined: using system
shared: no latest strategy defined: using default
default: no namespace defined: using system
default: no latest strategy defined: using default
public: no namespace defined: using system
public: no latest strategy defined: using default
main: no namespace defined: using system
main: no latest strategy defined: using default
local: no namespace defined: using system
local: no latest strategy defined: using default
shared: no namespace defined: using system
shared: no latest strategy defined: using default
default: no namespace defined: using system
default: no latest strategy defined: using default
public: no namespace defined: using system
public: no latest strategy defined: using default
main: no namespace defined: using system
main: no latest strategy defined: using default
local: no namespace defined: using system
local: no latest strategy defined: using default
'ivy.default.ivy.user.dir' already set: discarding '/Users/ColtonMcCurdy/.ivy2'
settings loaded (17ms)
	default cache: /Users/ColtonMcCurdy/.ivy2/cache
	default resolver: default
	default latest strategy: latest-revision
	default conflict manager: latest-revision
	circular dependency strategy: warn
	validate: true
	check up2date: true
	-- 5 resolvers:
	shared [file]
		cache: null
		m2compatible: false
		ivy patterns:
			/Users/ColtonMcCurdy/.ivy2/shared/[organisation]/[module]/[revision]/[type]s/[artifact].[ext]
		artifact patterns:
			/Users/ColtonMcCurdy/.ivy2/shared/[organisation]/[module]/[revision]/[type]s/[artifact].[ext]
		repository: shared
	default [chain] [local, main]
		return first: true
		dual: false
		-> local
		-> main
	public [ibiblio]
		cache: null
		m2compatible: true
		ivy patterns:
			https://repo1.maven.org/maven2/[organisation]/[module]/[revision]/[artifact]-[revision](-[classifier]).[ext]
		artifact patterns:
			https://repo1.maven.org/maven2/[organisation]/[module]/[revision]/[artifact]-[revision](-[classifier]).[ext]
		repository: public
		root: https://repo1.maven.org/maven2/
		pattern: [organisation]/[module]/[revision]/[artifact]-[revision](-[classifier]).[ext]
		usepoms: true
		useMavenMetadata: true
	main [chain] [shared, public]
		return first: false
		dual: true
		-> shared
		-> public
	local [file]
		cache: null
		m2compatible: false
		ivy patterns:
			/Users/ColtonMcCurdy/.ivy2/local/[organisation]/[module]/[revision]/[type]s/[artifact].[ext]
		artifact patterns:
			/Users/ColtonMcCurdy/.ivy2/local/[organisation]/[module]/[revision]/[type]s/[artifact].[ext]
		repository: local
	module settings:
		NONE
	[SUCCESSFUL ] org#mod;1.0!mod.jar (621ms)
downloaddetails: 
	[NOT REQUIRED] org#mod;1.0!mod.jar
downloading file:/Volumes/MacintoshHDD/mccurdyc/Downloads/tlb-complete-0.3.2/tools/ivy/build/test/PackagerResolverTest/build/org/mod/1.0/artifacts/jars/foobar-janfu.jar ...
	packager: downloading file:/Volumes/MacintoshHDD/mccurdyc/Downloads/tlb-complete-0.3.2/tools/ivy/build/test/PackagerResolverTest/build/org/mod/1.0/artifacts/jars/foobar-janfu.jar
		to /Volumes/MacintoshHDD/mccurdyc/Downloads/tlb-complete-0.3.2/tools/ivy/build/cache/org/mod/jars/foobar-janfu-1.0.jar.part
	[SUCCESSFUL ] org#mod;1.0!foobar-janfu.jar (2ms)
setting 'ivy.default.settings.dir' to 'file:/Volumes/MacintoshHDD/mccurdyc/Downloads/tlb-complete-0.3.2/tools/ivy/build/classes/core/org/apache/ivy/core/settings'
setting 'ivy.basedir' to '/Volumes/MacintoshHDD/mccurdyc/Downloads/tlb-complete-0.3.2/tools/ivy/.'
setting 'ivy.default.conf.dir' to 'file:/Volumes/MacintoshHDD/mccurdyc/Downloads/tlb-complete-0.3.2/tools/ivy/build/classes/core/org/apache/ivy/core/settings'
setting 'java.runtime.name' to 'Java(TM) SE Runtime Environment'
setting 'sun.boot.library.path' to '/Library/Java/JavaVirtualMachines/jdk1.8.0_66.jdk/Contents/Home/jre/lib'
setting 'java.vm.version' to '25.66-b17'
setting 'gopherProxySet' to 'false'
setting 'java.vm.vendor' to 'Oracle Corporation'
setting 'java.vendor.url' to 'http://java.oracle.com/'
setting 'emma.coverage.out.merge' to 'true'
setting 'path.separator' to ':'
setting 'java.vm.name' to 'Java HotSpot(TM) 64-Bit Server VM'
setting 'file.encoding.pkg' to 'sun.io'
setting 'user.country' to 'US'
setting 'sun.java.launcher' to 'SUN_STANDARD'
setting 'sun.os.patch.level' to 'unknown'
setting 'java.vm.specification.name' to 'Java Virtual Machine Specification'
setting 'user.dir' to '/Volumes/MacintoshHDD/mccurdyc/Downloads/tlb-complete-0.3.2/tools/ivy'
setting 'java.runtime.version' to '1.8.0_66-b17'
setting 'java.awt.graphicsenv' to 'sun.awt.CGraphicsEnvironment'
setting 'java.endorsed.dirs' to '/Library/Java/JavaVirtualMachines/jdk1.8.0_66.jdk/Contents/Home/jre/lib/endorsed'
setting 'os.arch' to 'x86_64'
setting 'java.io.tmpdir' to '/var/folders/63/3rz5g1g93kl56014nnctmg6w0000gn/T/'
setting 'line.separator' to '
'
setting 'java.vm.specification.vendor' to 'Oracle Corporation'
setting 'os.name' to 'Mac OS X'
setting 'sun.jnu.encoding' to 'UTF-8'
setting 'java.library.path' to '/Users/ColtonMcCurdy/Library/Java/Extensions:/Library/Java/Extensions:/Network/Library/Java/Extensions:/System/Library/Java/Extensions:/usr/lib/java:.'
setting 'emma.coverage.out.file' to '${coverage.dir}/coverage.emma'
setting 'java.specification.name' to 'Java Platform API Specification'
setting 'java.class.version' to '52.0'
setting 'sun.management.compiler' to 'HotSpot 64-Bit Tiered Compilers'
setting 'os.version' to '10.11.4'
setting 'user.home' to '/Users/ColtonMcCurdy'
setting 'user.timezone' to 'America/New_York'
setting 'java.awt.printerjob' to 'sun.lwawt.macosx.CPrinterJob'
setting 'file.encoding' to 'UTF-8'
setting 'java.specification.version' to '1.8'
setting 'java.class.path' to '/Volumes/MacintoshHDD/mccurdyc/Downloads/tlb-complete-0.3.2/tools/ivy/lib/ant-contrib.jar:/Volumes/MacintoshHDD/mccurdyc/Downloads/tlb-complete-0.3.2/tools/ivy/lib/ant-testutil.jar:/Volumes/MacintoshHDD/mccurdyc/Downloads/tlb-complete-0.3.2/tools/ivy/lib/bcpg-jdk15on.jar:/Volumes/MacintoshHDD/mccurdyc/Downloads/tlb-complete-0.3.2/tools/ivy/lib/bcprov-jdk15on.jar:/Volumes/MacintoshHDD/mccurdyc/Downloads/tlb-complete-0.3.2/tools/ivy/lib/commons-codec.jar:/Volumes/MacintoshHDD/mccurdyc/Downloads/tlb-complete-0.3.2/tools/ivy/lib/commons-httpclient.jar:/Volumes/MacintoshHDD/mccurdyc/Downloads/tlb-complete-0.3.2/tools/ivy/lib/commons-lang.jar:/Volumes/MacintoshHDD/mccurdyc/Downloads/tlb-complete-0.3.2/tools/ivy/lib/commons-logging.jar:/Volumes/MacintoshHDD/mccurdyc/Downloads/tlb-complete-0.3.2/tools/ivy/lib/commons-vfs.jar:/Volumes/MacintoshHDD/mccurdyc/Downloads/tlb-complete-0.3.2/tools/ivy/lib/jna.jar:/Volumes/MacintoshHDD/mccurdyc/Downloads/tlb-complete-0.3.2/tools/ivy/lib/jsch.agentproxy.connector-factory.jar:/Volumes/MacintoshHDD/mccurdyc/Downloads/tlb-complete-0.3.2/tools/ivy/lib/jsch.agentproxy.core.jar:/Volumes/MacintoshHDD/mccurdyc/Downloads/tlb-complete-0.3.2/tools/ivy/lib/jsch.agentproxy.jsch.jar:/Volumes/MacintoshHDD/mccurdyc/Downloads/tlb-complete-0.3.2/tools/ivy/lib/jsch.agentproxy.pageant.jar:/Volumes/MacintoshHDD/mccurdyc/Downloads/tlb-complete-0.3.2/tools/ivy/lib/jsch.agentproxy.sshagent.jar:/Volumes/MacintoshHDD/mccurdyc/Downloads/tlb-complete-0.3.2/tools/ivy/lib/jsch.agentproxy.usocket-jna.jar:/Volumes/MacintoshHDD/mccurdyc/Downloads/tlb-complete-0.3.2/tools/ivy/lib/jsch.agentproxy.usocket-nc.jar:/Volumes/MacintoshHDD/mccurdyc/Downloads/tlb-complete-0.3.2/tools/ivy/lib/jsch.jar:/Volumes/MacintoshHDD/mccurdyc/Downloads/tlb-complete-0.3.2/tools/ivy/lib/junit.jar:/Volumes/MacintoshHDD/mccurdyc/Downloads/tlb-complete-0.3.2/tools/ivy/lib/mod1.2-2.0.jar:/Volumes/MacintoshHDD/mccurdyc/Downloads/tlb-complete-0.3.2/tools/ivy/lib/oro.jar:/Volumes/MacintoshHDD/mccurdyc/Downloads/tlb-complete-0.3.2/tools/ivy/lib/platform.jar:/Volumes/MacintoshHDD/mccurdyc/Downloads/tlb-complete-0.3.2/tools/ivy/lib/xercesImpl.jar:/Volumes/MacintoshHDD/mccurdyc/Downloads/tlb-complete-0.3.2/tools/ivy/lib/xmlParserAPIs.jar:/Volumes/MacintoshHDD/mccurdyc/Downloads/tlb-complete-0.3.2/tools/ivy/lib/xmlunit.jar:/Volumes/MacintoshHDD/mccurdyc/Downloads/tlb-complete-0.3.2/tools/ivy/build/classes/core:/Volumes/MacintoshHDD/mccurdyc/Downloads/tlb-complete-0.3.2/tools/ivy/build/classes/ant:/Volumes/MacintoshHDD/mccurdyc/Downloads/tlb-complete-0.3.2/tools/ivy/build/classes/optional:/Volumes/MacintoshHDD/mccurdyc/Downloads/tlb-complete-0.3.2/tools/ivy/build/test:/usr/local/Cellar/ant/1.9.4/libexec/lib/ant-launcher.jar:/usr/local/Cellar/ant/1.9.4/libexec/lib/ant.jar:/usr/local/Cellar/ant/1.9.4/libexec/lib/ant-junit.jar:/usr/local/Cellar/ant/1.9.4/libexec/lib/ant-junit4.jar'
setting 'user.name' to 'ColtonMcCurdy'
setting 'java.vm.specification.version' to '1.8'
setting 'sun.java.command' to 'org.apache.tools.ant.taskdefs.optional.junit.JUnitTestRunner org.apache.ivy.plugins.resolver.PackagerResolverTest skipNonTests=false filtertrace=true haltOnError=false haltOnFailure=false formatter=org.apache.tools.ant.taskdefs.optional.junit.SummaryJUnitResultFormatter showoutput=false outputtoformatters=true logfailedtests=true threadid=0 logtestlistenerevents=false formatter=org.apache.tools.ant.taskdefs.optional.junit.XMLJUnitResultFormatter,/Volumes/MacintoshHDD/mccurdyc/Downloads/tlb-complete-0.3.2/tools/ivy/build/test-report/TEST-org.apache.ivy.plugins.resolver.PackagerResolverTest.xml crashfile=/Volumes/MacintoshHDD/mccurdyc/Downloads/tlb-complete-0.3.2/tools/ivy/junitvmwatcher5641045555176497993.properties propsfile=/Volumes/MacintoshHDD/mccurdyc/Downloads/tlb-complete-0.3.2/tools/ivy/junit8588036770441812879.properties'
setting 'java.home' to '/Library/Java/JavaVirtualMachines/jdk1.8.0_66.jdk/Contents/Home/jre'
setting 'sun.arch.data.model' to '64'
setting 'user.language' to 'tr'
setting 'java.specification.vendor' to 'Oracle Corporation'
setting 'awt.toolkit' to 'sun.lwawt.macosx.LWCToolkit'
setting 'java.vm.info' to 'mixed mode'
setting 'java.version' to '1.8.0_66'
setting 'java.ext.dirs' to '/Users/ColtonMcCurdy/Library/Java/Extensions:/Library/Java/JavaVirtualMachines/jdk1.8.0_66.jdk/Contents/Home/jre/lib/ext:/Library/Java/Extensions:/Network/Library/Java/Extensions:/System/Library/Java/Extensions:/usr/lib/java'
setting 'sun.boot.class.path' to '/Library/Java/JavaVirtualMachines/jdk1.8.0_66.jdk/Contents/Home/jre/lib/resources.jar:/Library/Java/JavaVirtualMachines/jdk1.8.0_66.jdk/Contents/Home/jre/lib/rt.jar:/Library/Java/JavaVirtualMachines/jdk1.8.0_66.jdk/Contents/Home/jre/lib/sunrsasign.jar:/Library/Java/JavaVirtualMachines/jdk1.8.0_66.jdk/Contents/Home/jre/lib/jsse.jar:/Library/Java/JavaVirtualMachines/jdk1.8.0_66.jdk/Contents/Home/jre/lib/jce.jar:/Library/Java/JavaVirtualMachines/jdk1.8.0_66.jdk/Contents/Home/jre/lib/charsets.jar:/Library/Java/JavaVirtualMachines/jdk1.8.0_66.jdk/Contents/Home/jre/lib/jfr.jar:/Library/Java/JavaVirtualMachines/jdk1.8.0_66.jdk/Contents/Home/jre/classes'
setting 'java.vendor' to 'Oracle Corporation'
setting 'file.separator' to '/'
setting 'java.vendor.url.bug' to 'http://bugreport.sun.com/bugreport/'
setting 'sun.io.unicode.encoding' to 'UnicodeBig'
setting 'sun.cpu.endian' to 'little'
setting 'user.region' to 'TR'
setting 'sun.cpu.isalist' to ''
setting 'ivy.cache.dir' to '/Volumes/MacintoshHDD/mccurdyc/Downloads/tlb-complete-0.3.2/tools/ivy/build/cache'
packager: no namespace defined: using system
	no ivy file in cache for org#A;1.0: tried build/cache/org/A/ivy-1.0.xml
	 trying file:/Volumes/MacintoshHDD/mccurdyc/Downloads/tlb-complete-0.3.2/tools/ivy/test/repositories/IVY-1179/repo/org/A/1.0/ivy.xml
		tried file:/Volumes/MacintoshHDD/mccurdyc/Downloads/tlb-complete-0.3.2/tools/ivy/test/repositories/IVY-1179/repo/org/A/1.0/ivy.xml
	packager: found md file for org#A;1.0
		=> file:/Volumes/MacintoshHDD/mccurdyc/Downloads/tlb-complete-0.3.2/tools/ivy/test/repositories/IVY-1179/repo/org/A/1.0/ivy.xml (1.0)
	parser = ivy parser
	no ivy file in cache for org#A;1.0: tried build/cache/org/A/ivy-1.0.xml
downloading file:/Volumes/MacintoshHDD/mccurdyc/Downloads/tlb-complete-0.3.2/tools/ivy/test/repositories/IVY-1179/repo/org/A/1.0/ivy.xml ...
	packager: downloading file:/Volumes/MacintoshHDD/mccurdyc/Downloads/tlb-complete-0.3.2/tools/ivy/test/repositories/IVY-1179/repo/org/A/1.0/ivy.xml
		to /Volumes/MacintoshHDD/mccurdyc/Downloads/tlb-complete-0.3.2/tools/ivy/build/cache/org/A/ivy-1.0.xml.original.part
	[SUCCESSFUL ] org#A;1.0!ivy.xml(ivy.original) (2ms)
post 1.3 ivy file: using exact as default matcher
	default-cache: parsed downloaded md file for org#A;1.0; parsed=org#A;1.0
	checking org#A;1.0 from packager against [none]
	module revision kept as first found: org#A;1.0 from packager
	 trying file:/Volumes/MacintoshHDD/mccurdyc/Downloads/tlb-complete-0.3.2/tools/ivy/test/repositories/IVY-1179/repo/org/A/1.0/packager.xml
		tried file:/Volumes/MacintoshHDD/mccurdyc/Downloads/tlb-complete-0.3.2/tools/ivy/test/repositories/IVY-1179/repo/org/A/1.0/packager.xml
performing packager resolver build in build/test/PackagerResolverTest/build/org/A/1.0
Build sequence for target(s) `build' is [validate, setResourceURL1, setResourceURL2, style, build]
Complete build sequence is [validate, setResourceURL1, setResourceURL2, style, build, ]

validate:
parsing buildfile jar:file:/usr/local/Cellar/ant/1.9.4/libexec/lib/ant.jar!/org/apache/tools/ant/antlib.xml with URI = jar:file:/usr/local/Cellar/ant/1.9.4/libexec/lib/ant.jar!/org/apache/tools/ant/antlib.xml from a zip file
[xmlvalidate] Using SAX2 reader org.apache.xerces.parsers.SAXParser
[xmlvalidate] Validating packager.xml... 
Ignoring Exception java.util.zip.ZipException: zip file is empty reading resource org/apache/tools/ant/types/resolver/ApacheCatalogResolver.class from /Volumes/MacintoshHDD/mccurdyc/Downloads/tlb-complete-0.3.2/tools/ivy/lib/mod1.2-2.0.jar
Apache resolver library not found, internal resolver will be used
[xmlvalidate] 1 file(s) have been successfully validated.

setResourceURL1:
Skipped because property 'ivy.packager.resourceURL' not set.

setResourceURL2:

style:
     [xslt] Using class org.apache.tools.ant.taskdefs.optional.TraXLiaison
     [xslt] Processing /Volumes/MacintoshHDD/mccurdyc/Downloads/tlb-complete-0.3.2/tools/ivy/build/test/PackagerResolverTest/build/org/A/1.0/packager.xml to /Volumes/MacintoshHDD/mccurdyc/Downloads/tlb-complete-0.3.2/tools/ivy/build/test/PackagerResolverTest/build/org/A/1.0/packager-output.xml
     [xslt] Loading stylesheet /Volumes/MacintoshHDD/mccurdyc/Downloads/tlb-complete-0.3.2/tools/ivy/build/test/PackagerResolverTest/build/org/A/1.0/packager.xsl

build:
Project base dir set to: /Volumes/MacintoshHDD/mccurdyc/Downloads/tlb-complete-0.3.2/tools/ivy/build/test/PackagerResolverTest/build/org/A/1.0
      [ant] calling target(s) [default] in build file /Volumes/MacintoshHDD/mccurdyc/Downloads/tlb-complete-0.3.2/tools/ivy/build/test/PackagerResolverTest/build/org/A/1.0/packager-output.xml
parsing buildfile /Volumes/MacintoshHDD/mccurdyc/Downloads/tlb-complete-0.3.2/tools/ivy/build/test/PackagerResolverTest/build/org/A/1.0/packager-output.xml with URI = file:/Volumes/MacintoshHDD/mccurdyc/Downloads/tlb-complete-0.3.2/tools/ivy/build/test/PackagerResolverTest/build/org/A/1.0/packager-output.xml
Project base dir set to: /Volumes/MacintoshHDD/mccurdyc/Downloads/tlb-complete-0.3.2/tools/ivy/build/test/PackagerResolverTest/build/org/A/1.0
      [ant] Entering /Volumes/MacintoshHDD/mccurdyc/Downloads/tlb-complete-0.3.2/tools/ivy/build/test/PackagerResolverTest/build/org/A/1.0/packager-output.xml...
Build sequence for target(s) `build' is [setfilename.N65554, genresdir.1.N65554, genresdir.2.N65554, checkdownload.0.N65554, download.1.N65554, checkdownload.1.N65554, download.N65554, resource.N65554, resources, build]
Complete build sequence is [setfilename.N65554, genresdir.1.N65554, genresdir.2.N65554, checkdownload.0.N65554, download.1.N65554, checkdownload.1.N65554, download.N65554, resource.N65554, resources, build, ]

setfilename.N65554:

genresdir.1.N65554:
Skipped because property 'ivy.packager.resourceCache' set.

genresdir.2.N65554:
     [echo] using resource cache: /Volumes/MacintoshHDD/mccurdyc/Downloads/tlb-complete-0.3.2/tools/ivy/build/test/PackagerResolverTest/resources

checkdownload.0.N65554:
    [mkdir] Skipping /Volumes/MacintoshHDD/mccurdyc/Downloads/tlb-complete-0.3.2/tools/ivy/build/test/PackagerResolverTest/resources because it already exists.
[available] Unable to find /Volumes/MacintoshHDD/mccurdyc/Downloads/tlb-complete-0.3.2/tools/ivy/build/test/PackagerResolverTest/resources/A-1.0.zip

download.1.N65554:
      [get] Getting: file:/Volumes/MacintoshHDD/mccurdyc/Downloads/tlb-complete-0.3.2/tools/ivy/test/repositories/IVY-1179/website//dist/A-1.0.zip
      [get] To: /Volumes/MacintoshHDD/mccurdyc/Downloads/tlb-complete-0.3.2/tools/ivy/build/test/PackagerResolverTest/resources/A-1.0.zip
.

checkdownload.1.N65554:
[available] Found: /Volumes/MacintoshHDD/mccurdyc/Downloads/tlb-complete-0.3.2/tools/ivy/build/test/PackagerResolverTest/resources/A-1.0.zip

download.N65554:
Skipped because property 'alreadydownloaded.N65554' set.

resource.N65554:
    [mkdir] Created dir: /Volumes/MacintoshHDD/mccurdyc/Downloads/tlb-complete-0.3.2/tools/ivy/build/test/PackagerResolverTest/build/org/A/1.0/extract
    [unzip] Expanding: /Volumes/MacintoshHDD/mccurdyc/Downloads/tlb-complete-0.3.2/tools/ivy/build/test/PackagerResolverTest/resources/A-1.0.zip into /Volumes/MacintoshHDD/mccurdyc/Downloads/tlb-complete-0.3.2/tools/ivy/build/test/PackagerResolverTest/build/org/A/1.0/extract
    [unzip] skipping A-1.0/ as it is excluded or not included.
    [unzip] expanding A-1.0/A.jar to /Volumes/MacintoshHDD/mccurdyc/Downloads/tlb-complete-0.3.2/tools/ivy/build/test/PackagerResolverTest/build/org/A/1.0/extract/A-1.0/A.jar
    [unzip] skipping A-1.0/README as it is excluded or not included.
    [unzip] expand complete

resources:

build:
    [mkdir] Created dir: /Volumes/MacintoshHDD/mccurdyc/Downloads/tlb-complete-0.3.2/tools/ivy/build/test/PackagerResolverTest/build/org/A/1.0/artifacts/jars
    [mkdir] Created dir: /Volumes/MacintoshHDD/mccurdyc/Downloads/tlb-complete-0.3.2/tools/ivy/build/test/PackagerResolverTest/build/org/A/1.0/artifacts/sources
    [mkdir] Created dir: /Volumes/MacintoshHDD/mccurdyc/Downloads/tlb-complete-0.3.2/tools/ivy/build/test/PackagerResolverTest/build/org/A/1.0/artifacts/javadocs
     [move] Moving 1 file to /Volumes/MacintoshHDD/mccurdyc/Downloads/tlb-complete-0.3.2/tools/ivy/build/test/PackagerResolverTest/build/org/A/1.0/artifacts/jars
     [move] Attempting to rename: /Volumes/MacintoshHDD/mccurdyc/Downloads/tlb-complete-0.3.2/tools/ivy/build/test/PackagerResolverTest/build/org/A/1.0/extract/A-1.0/A.jar to /Volumes/MacintoshHDD/mccurdyc/Downloads/tlb-complete-0.3.2/tools/ivy/build/test/PackagerResolverTest/build/org/A/1.0/artifacts/jars/A.jar
      [ant] Exiting /Volumes/MacintoshHDD/mccurdyc/Downloads/tlb-complete-0.3.2/tools/ivy/build/test/PackagerResolverTest/build/org/A/1.0/packager-output.xml.
downloading file:/Volumes/MacintoshHDD/mccurdyc/Downloads/tlb-complete-0.3.2/tools/ivy/build/test/PackagerResolverTest/build/org/A/1.0/artifacts/jars/A.jar ...
	packager: downloading file:/Volumes/MacintoshHDD/mccurdyc/Downloads/tlb-complete-0.3.2/tools/ivy/build/test/PackagerResolverTest/build/org/A/1.0/artifacts/jars/A.jar
		to /Volumes/MacintoshHDD/mccurdyc/Downloads/tlb-complete-0.3.2/tools/ivy/build/cache/org/A/jars/A-1.0.jar.part
	[SUCCESSFUL ] org#A;1.0!A.jar (182ms)
setting 'ivy.default.settings.dir' to 'file:/Volumes/MacintoshHDD/mccurdyc/Downloads/tlb-complete-0.3.2/tools/ivy/build/classes/core/org/apache/ivy/core/settings'
setting 'ivy.basedir' to '/Volumes/MacintoshHDD/mccurdyc/Downloads/tlb-complete-0.3.2/tools/ivy/.'
setting 'ivy.default.conf.dir' to 'file:/Volumes/MacintoshHDD/mccurdyc/Downloads/tlb-complete-0.3.2/tools/ivy/build/classes/core/org/apache/ivy/core/settings'
setting 'java.runtime.name' to 'Java(TM) SE Runtime Environment'
setting 'sun.boot.library.path' to '/Library/Java/JavaVirtualMachines/jdk1.8.0_66.jdk/Contents/Home/jre/lib'
setting 'java.vm.version' to '25.66-b17'
setting 'gopherProxySet' to 'false'
setting 'java.vm.vendor' to 'Oracle Corporation'
setting 'java.vendor.url' to 'http://java.oracle.com/'
setting 'emma.coverage.out.merge' to 'true'
setting 'path.separator' to ':'
setting 'java.vm.name' to 'Java HotSpot(TM) 64-Bit Server VM'
setting 'file.encoding.pkg' to 'sun.io'
setting 'user.country' to 'US'
setting 'sun.java.launcher' to 'SUN_STANDARD'
setting 'sun.os.patch.level' to 'unknown'
setting 'java.vm.specification.name' to 'Java Virtual Machine Specification'
setting 'user.dir' to '/Volumes/MacintoshHDD/mccurdyc/Downloads/tlb-complete-0.3.2/tools/ivy'
setting 'java.runtime.version' to '1.8.0_66-b17'
setting 'java.awt.graphicsenv' to 'sun.awt.CGraphicsEnvironment'
setting 'java.endorsed.dirs' to '/Library/Java/JavaVirtualMachines/jdk1.8.0_66.jdk/Contents/Home/jre/lib/endorsed'
setting 'os.arch' to 'x86_64'
setting 'java.io.tmpdir' to '/var/folders/63/3rz5g1g93kl56014nnctmg6w0000gn/T/'
setting 'line.separator' to '
'
setting 'java.vm.specification.vendor' to 'Oracle Corporation'
setting 'os.name' to 'Mac OS X'
setting 'sun.jnu.encoding' to 'UTF-8'
setting 'java.library.path' to '/Users/ColtonMcCurdy/Library/Java/Extensions:/Library/Java/Extensions:/Network/Library/Java/Extensions:/System/Library/Java/Extensions:/usr/lib/java:.'
setting 'emma.coverage.out.file' to '${coverage.dir}/coverage.emma'
setting 'java.specification.name' to 'Java Platform API Specification'
setting 'java.class.version' to '52.0'
setting 'sun.management.compiler' to 'HotSpot 64-Bit Tiered Compilers'
setting 'os.version' to '10.11.4'
setting 'user.home' to '/Users/ColtonMcCurdy'
setting 'user.timezone' to 'America/New_York'
setting 'java.awt.printerjob' to 'sun.lwawt.macosx.CPrinterJob'
setting 'file.encoding' to 'UTF-8'
setting 'java.specification.version' to '1.8'
setting 'java.class.path' to '/Volumes/MacintoshHDD/mccurdyc/Downloads/tlb-complete-0.3.2/tools/ivy/lib/ant-contrib.jar:/Volumes/MacintoshHDD/mccurdyc/Downloads/tlb-complete-0.3.2/tools/ivy/lib/ant-testutil.jar:/Volumes/MacintoshHDD/mccurdyc/Downloads/tlb-complete-0.3.2/tools/ivy/lib/bcpg-jdk15on.jar:/Volumes/MacintoshHDD/mccurdyc/Downloads/tlb-complete-0.3.2/tools/ivy/lib/bcprov-jdk15on.jar:/Volumes/MacintoshHDD/mccurdyc/Downloads/tlb-complete-0.3.2/tools/ivy/lib/commons-codec.jar:/Volumes/MacintoshHDD/mccurdyc/Downloads/tlb-complete-0.3.2/tools/ivy/lib/commons-httpclient.jar:/Volumes/MacintoshHDD/mccurdyc/Downloads/tlb-complete-0.3.2/tools/ivy/lib/commons-lang.jar:/Volumes/MacintoshHDD/mccurdyc/Downloads/tlb-complete-0.3.2/tools/ivy/lib/commons-logging.jar:/Volumes/MacintoshHDD/mccurdyc/Downloads/tlb-complete-0.3.2/tools/ivy/lib/commons-vfs.jar:/Volumes/MacintoshHDD/mccurdyc/Downloads/tlb-complete-0.3.2/tools/ivy/lib/jna.jar:/Volumes/MacintoshHDD/mccurdyc/Downloads/tlb-complete-0.3.2/tools/ivy/lib/jsch.agentproxy.connector-factory.jar:/Volumes/MacintoshHDD/mccurdyc/Downloads/tlb-complete-0.3.2/tools/ivy/lib/jsch.agentproxy.core.jar:/Volumes/MacintoshHDD/mccurdyc/Downloads/tlb-complete-0.3.2/tools/ivy/lib/jsch.agentproxy.jsch.jar:/Volumes/MacintoshHDD/mccurdyc/Downloads/tlb-complete-0.3.2/tools/ivy/lib/jsch.agentproxy.pageant.jar:/Volumes/MacintoshHDD/mccurdyc/Downloads/tlb-complete-0.3.2/tools/ivy/lib/jsch.agentproxy.sshagent.jar:/Volumes/MacintoshHDD/mccurdyc/Downloads/tlb-complete-0.3.2/tools/ivy/lib/jsch.agentproxy.usocket-jna.jar:/Volumes/MacintoshHDD/mccurdyc/Downloads/tlb-complete-0.3.2/tools/ivy/lib/jsch.agentproxy.usocket-nc.jar:/Volumes/MacintoshHDD/mccurdyc/Downloads/tlb-complete-0.3.2/tools/ivy/lib/jsch.jar:/Volumes/MacintoshHDD/mccurdyc/Downloads/tlb-complete-0.3.2/tools/ivy/lib/junit.jar:/Volumes/MacintoshHDD/mccurdyc/Downloads/tlb-complete-0.3.2/tools/ivy/lib/mod1.2-2.0.jar:/Volumes/MacintoshHDD/mccurdyc/Downloads/tlb-complete-0.3.2/tools/ivy/lib/oro.jar:/Volumes/MacintoshHDD/mccurdyc/Downloads/tlb-complete-0.3.2/tools/ivy/lib/platform.jar:/Volumes/MacintoshHDD/mccurdyc/Downloads/tlb-complete-0.3.2/tools/ivy/lib/xercesImpl.jar:/Volumes/MacintoshHDD/mccurdyc/Downloads/tlb-complete-0.3.2/tools/ivy/lib/xmlParserAPIs.jar:/Volumes/MacintoshHDD/mccurdyc/Downloads/tlb-complete-0.3.2/tools/ivy/lib/xmlunit.jar:/Volumes/MacintoshHDD/mccurdyc/Downloads/tlb-complete-0.3.2/tools/ivy/build/classes/core:/Volumes/MacintoshHDD/mccurdyc/Downloads/tlb-complete-0.3.2/tools/ivy/build/classes/ant:/Volumes/MacintoshHDD/mccurdyc/Downloads/tlb-complete-0.3.2/tools/ivy/build/classes/optional:/Volumes/MacintoshHDD/mccurdyc/Downloads/tlb-complete-0.3.2/tools/ivy/build/test:/usr/local/Cellar/ant/1.9.4/libexec/lib/ant-launcher.jar:/usr/local/Cellar/ant/1.9.4/libexec/lib/ant.jar:/usr/local/Cellar/ant/1.9.4/libexec/lib/ant-junit.jar:/usr/local/Cellar/ant/1.9.4/libexec/lib/ant-junit4.jar'
setting 'user.name' to 'ColtonMcCurdy'
setting 'java.vm.specification.version' to '1.8'
setting 'sun.java.command' to 'org.apache.tools.ant.taskdefs.optional.junit.JUnitTestRunner org.apache.ivy.plugins.resolver.PackagerResolverTest skipNonTests=false filtertrace=true haltOnError=false haltOnFailure=false formatter=org.apache.tools.ant.taskdefs.optional.junit.SummaryJUnitResultFormatter showoutput=false outputtoformatters=true logfailedtests=true threadid=0 logtestlistenerevents=false formatter=org.apache.tools.ant.taskdefs.optional.junit.XMLJUnitResultFormatter,/Volumes/MacintoshHDD/mccurdyc/Downloads/tlb-complete-0.3.2/tools/ivy/build/test-report/TEST-org.apache.ivy.plugins.resolver.PackagerResolverTest.xml crashfile=/Volumes/MacintoshHDD/mccurdyc/Downloads/tlb-complete-0.3.2/tools/ivy/junitvmwatcher5641045555176497993.properties propsfile=/Volumes/MacintoshHDD/mccurdyc/Downloads/tlb-complete-0.3.2/tools/ivy/junit8588036770441812879.properties'
setting 'java.home' to '/Library/Java/JavaVirtualMachines/jdk1.8.0_66.jdk/Contents/Home/jre'
setting 'sun.arch.data.model' to '64'
setting 'user.language' to 'tr'
setting 'java.specification.vendor' to 'Oracle Corporation'
setting 'awt.toolkit' to 'sun.lwawt.macosx.LWCToolkit'
setting 'java.vm.info' to 'mixed mode'
setting 'java.version' to '1.8.0_66'
setting 'java.ext.dirs' to '/Users/ColtonMcCurdy/Library/Java/Extensions:/Library/Java/JavaVirtualMachines/jdk1.8.0_66.jdk/Contents/Home/jre/lib/ext:/Library/Java/Extensions:/Network/Library/Java/Extensions:/System/Library/Java/Extensions:/usr/lib/java'
setting 'sun.boot.class.path' to '/Library/Java/JavaVirtualMachines/jdk1.8.0_66.jdk/Contents/Home/jre/lib/resources.jar:/Library/Java/JavaVirtualMachines/jdk1.8.0_66.jdk/Contents/Home/jre/lib/rt.jar:/Library/Java/JavaVirtualMachines/jdk1.8.0_66.jdk/Contents/Home/jre/lib/sunrsasign.jar:/Library/Java/JavaVirtualMachines/jdk1.8.0_66.jdk/Contents/Home/jre/lib/jsse.jar:/Library/Java/JavaVirtualMachines/jdk1.8.0_66.jdk/Contents/Home/jre/lib/jce.jar:/Library/Java/JavaVirtualMachines/jdk1.8.0_66.jdk/Contents/Home/jre/lib/charsets.jar:/Library/Java/JavaVirtualMachines/jdk1.8.0_66.jdk/Contents/Home/jre/lib/jfr.jar:/Library/Java/JavaVirtualMachines/jdk1.8.0_66.jdk/Contents/Home/jre/classes'
setting 'java.vendor' to 'Oracle Corporation'
setting 'file.separator' to '/'
setting 'java.vendor.url.bug' to 'http://bugreport.sun.com/bugreport/'
setting 'sun.io.unicode.encoding' to 'UnicodeBig'
setting 'sun.cpu.endian' to 'little'
setting 'user.region' to 'TR'
setting 'sun.cpu.isalist' to ''
setting 'ivy.cache.dir' to '/Volumes/MacintoshHDD/mccurdyc/Downloads/tlb-complete-0.3.2/tools/ivy/build/cache'
packager: no namespace defined: using system
	no ivy file in cache for org#B;1.0: tried build/cache/org/B/ivy-1.0.xml
	 trying file:/Volumes/MacintoshHDD/mccurdyc/Downloads/tlb-complete-0.3.2/tools/ivy/test/repositories/IVY-1179/repo/org/B/1.0/ivy.xml
		tried file:/Volumes/MacintoshHDD/mccurdyc/Downloads/tlb-complete-0.3.2/tools/ivy/test/repositories/IVY-1179/repo/org/B/1.0/ivy.xml
	packager: found md file for org#B;1.0
		=> file:/Volumes/MacintoshHDD/mccurdyc/Downloads/tlb-complete-0.3.2/tools/ivy/test/repositories/IVY-1179/repo/org/B/1.0/ivy.xml (1.0)
	parser = ivy parser
	no ivy file in cache for org#B;1.0: tried build/cache/org/B/ivy-1.0.xml
downloading file:/Volumes/MacintoshHDD/mccurdyc/Downloads/tlb-complete-0.3.2/tools/ivy/test/repositories/IVY-1179/repo/org/B/1.0/ivy.xml ...
	packager: downloading file:/Volumes/MacintoshHDD/mccurdyc/Downloads/tlb-complete-0.3.2/tools/ivy/test/repositories/IVY-1179/repo/org/B/1.0/ivy.xml
		to /Volumes/MacintoshHDD/mccurdyc/Downloads/tlb-complete-0.3.2/tools/ivy/build/cache/org/B/ivy-1.0.xml.original.part
	[SUCCESSFUL ] org#B;1.0!ivy.xml(ivy.original) (5ms)
post 1.3 ivy file: using exact as default matcher
	default-cache: parsed downloaded md file for org#B;1.0; parsed=org#B;1.0
	checking org#B;1.0 from packager against [none]
	module revision kept as first found: org#B;1.0 from packager
	 trying file:/Volumes/MacintoshHDD/mccurdyc/Downloads/tlb-complete-0.3.2/tools/ivy/test/repositories/IVY-1179/repo/org/B/1.0/packager.xml
		tried file:/Volumes/MacintoshHDD/mccurdyc/Downloads/tlb-complete-0.3.2/tools/ivy/test/repositories/IVY-1179/repo/org/B/1.0/packager.xml
performing packager resolver build in build/test/PackagerResolverTest/build/org/B/1.0
Build sequence for target(s) `build' is [validate, setResourceURL1, setResourceURL2, style, build]
Complete build sequence is [validate, setResourceURL1, setResourceURL2, style, build, ]

validate:
parsing buildfile jar:file:/usr/local/Cellar/ant/1.9.4/libexec/lib/ant.jar!/org/apache/tools/ant/antlib.xml with URI = jar:file:/usr/local/Cellar/ant/1.9.4/libexec/lib/ant.jar!/org/apache/tools/ant/antlib.xml from a zip file
[xmlvalidate] Using SAX2 reader org.apache.xerces.parsers.SAXParser
[xmlvalidate] Validating packager.xml... 
Ignoring Exception java.util.zip.ZipException: zip file is empty reading resource org/apache/tools/ant/types/resolver/ApacheCatalogResolver.class from /Volumes/MacintoshHDD/mccurdyc/Downloads/tlb-complete-0.3.2/tools/ivy/lib/mod1.2-2.0.jar
Apache resolver library not found, internal resolver will be used
[xmlvalidate] 1 file(s) have been successfully validated.

setResourceURL1:
Skipped because property 'ivy.packager.resourceURL' not set.

setResourceURL2:

style:
     [xslt] Using class org.apache.tools.ant.taskdefs.optional.TraXLiaison
     [xslt] Processing /Volumes/MacintoshHDD/mccurdyc/Downloads/tlb-complete-0.3.2/tools/ivy/build/test/PackagerResolverTest/build/org/B/1.0/packager.xml to /Volumes/MacintoshHDD/mccurdyc/Downloads/tlb-complete-0.3.2/tools/ivy/build/test/PackagerResolverTest/build/org/B/1.0/packager-output.xml
     [xslt] Loading stylesheet /Volumes/MacintoshHDD/mccurdyc/Downloads/tlb-complete-0.3.2/tools/ivy/build/test/PackagerResolverTest/build/org/B/1.0/packager.xsl

build:
Project base dir set to: /Volumes/MacintoshHDD/mccurdyc/Downloads/tlb-complete-0.3.2/tools/ivy/build/test/PackagerResolverTest/build/org/B/1.0
      [ant] calling target(s) [default] in build file /Volumes/MacintoshHDD/mccurdyc/Downloads/tlb-complete-0.3.2/tools/ivy/build/test/PackagerResolverTest/build/org/B/1.0/packager-output.xml
parsing buildfile /Volumes/MacintoshHDD/mccurdyc/Downloads/tlb-complete-0.3.2/tools/ivy/build/test/PackagerResolverTest/build/org/B/1.0/packager-output.xml with URI = file:/Volumes/MacintoshHDD/mccurdyc/Downloads/tlb-complete-0.3.2/tools/ivy/build/test/PackagerResolverTest/build/org/B/1.0/packager-output.xml
Project base dir set to: /Volumes/MacintoshHDD/mccurdyc/Downloads/tlb-complete-0.3.2/tools/ivy/build/test/PackagerResolverTest/build/org/B/1.0
      [ant] Entering /Volumes/MacintoshHDD/mccurdyc/Downloads/tlb-complete-0.3.2/tools/ivy/build/test/PackagerResolverTest/build/org/B/1.0/packager-output.xml...
Build sequence for target(s) `build' is [setfilename.N65554, genresdir.1.N65554, genresdir.2.N65554, checkdownload.0.N65554, download.1.N65554, checkdownload.1.N65554, download.N65554, resource.N65554, resources, build]
Complete build sequence is [setfilename.N65554, genresdir.1.N65554, genresdir.2.N65554, checkdownload.0.N65554, download.1.N65554, checkdownload.1.N65554, download.N65554, resource.N65554, resources, build, ]

setfilename.N65554:

genresdir.1.N65554:
Skipped because property 'ivy.packager.resourceCache' set.

genresdir.2.N65554:
     [echo] using resource cache: /Volumes/MacintoshHDD/mccurdyc/Downloads/tlb-complete-0.3.2/tools/ivy/build/test/PackagerResolverTest/resources

checkdownload.0.N65554:
    [mkdir] Skipping /Volumes/MacintoshHDD/mccurdyc/Downloads/tlb-complete-0.3.2/tools/ivy/build/test/PackagerResolverTest/resources because it already exists.
[available] Unable to find /Volumes/MacintoshHDD/mccurdyc/Downloads/tlb-complete-0.3.2/tools/ivy/build/test/PackagerResolverTest/resources/B-1.0.tar.gz

download.1.N65554:
      [get] Getting: file:/Volumes/MacintoshHDD/mccurdyc/Downloads/tlb-complete-0.3.2/tools/ivy/test/repositories/IVY-1179/website//dist/B-1.0.tar.gz
      [get] To: /Volumes/MacintoshHDD/mccurdyc/Downloads/tlb-complete-0.3.2/tools/ivy/build/test/PackagerResolverTest/resources/B-1.0.tar.gz
.

checkdownload.1.N65554:
[available] Found: /Volumes/MacintoshHDD/mccurdyc/Downloads/tlb-complete-0.3.2/tools/ivy/build/test/PackagerResolverTest/resources/B-1.0.tar.gz

download.N65554:
Skipped because property 'alreadydownloaded.N65554' set.

resource.N65554:
    [mkdir] Created dir: /Volumes/MacintoshHDD/mccurdyc/Downloads/tlb-complete-0.3.2/tools/ivy/build/test/PackagerResolverTest/build/org/B/1.0/extract
    [untar] Expanding: /Volumes/MacintoshHDD/mccurdyc/Downloads/tlb-complete-0.3.2/tools/ivy/build/test/PackagerResolverTest/resources/B-1.0.tar.gz into /Volumes/MacintoshHDD/mccurdyc/Downloads/tlb-complete-0.3.2/tools/ivy/build/test/PackagerResolverTest/build/org/B/1.0/extract
    [untar] skipping B-1.0/ as it is excluded or not included.
    [untar] expanding B-1.0/B.jar to /Volumes/MacintoshHDD/mccurdyc/Downloads/tlb-complete-0.3.2/tools/ivy/build/test/PackagerResolverTest/build/org/B/1.0/extract/B-1.0/B.jar
    [untar] skipping B-1.0/README as it is excluded or not included.
    [untar] expand complete

resources:

build:
    [mkdir] Created dir: /Volumes/MacintoshHDD/mccurdyc/Downloads/tlb-complete-0.3.2/tools/ivy/build/test/PackagerResolverTest/build/org/B/1.0/artifacts/jars
    [mkdir] Created dir: /Volumes/MacintoshHDD/mccurdyc/Downloads/tlb-complete-0.3.2/tools/ivy/build/test/PackagerResolverTest/build/org/B/1.0/artifacts/sources
    [mkdir] Created dir: /Volumes/MacintoshHDD/mccurdyc/Downloads/tlb-complete-0.3.2/tools/ivy/build/test/PackagerResolverTest/build/org/B/1.0/artifacts/javadocs
     [move] Moving 1 file to /Volumes/MacintoshHDD/mccurdyc/Downloads/tlb-complete-0.3.2/tools/ivy/build/test/PackagerResolverTest/build/org/B/1.0/artifacts/jars
     [move] Attempting to rename: /Volumes/MacintoshHDD/mccurdyc/Downloads/tlb-complete-0.3.2/tools/ivy/build/test/PackagerResolverTest/build/org/B/1.0/extract/B-1.0/B.jar to /Volumes/MacintoshHDD/mccurdyc/Downloads/tlb-complete-0.3.2/tools/ivy/build/test/PackagerResolverTest/build/org/B/1.0/artifacts/jars/B.jar
      [ant] Exiting /Volumes/MacintoshHDD/mccurdyc/Downloads/tlb-complete-0.3.2/tools/ivy/build/test/PackagerResolverTest/build/org/B/1.0/packager-output.xml.
downloading file:/Volumes/MacintoshHDD/mccurdyc/Downloads/tlb-complete-0.3.2/tools/ivy/build/test/PackagerResolverTest/build/org/B/1.0/artifacts/jars/B.jar ...
	packager: downloading file:/Volumes/MacintoshHDD/mccurdyc/Downloads/tlb-complete-0.3.2/tools/ivy/build/test/PackagerResolverTest/build/org/B/1.0/artifacts/jars/B.jar
		to /Volumes/MacintoshHDD/mccurdyc/Downloads/tlb-complete-0.3.2/tools/ivy/build/cache/org/B/jars/B-1.0.jar.part
	[SUCCESSFUL ] org#B;1.0!B.jar (148ms)
]]></system-out>
  <system-err><![CDATA[Warning:  org.apache.xerces.parsers.SAXParser: Property 'http://javax.xml.XMLConstants/property/accessExternalDTD' is not recognized.
Warning:  org.apache.xerces.parsers.SAXParser: Property 'http://www.oracle.com/xml/jaxp/properties/entityExpansionLimit' is not recognized.
Warning:  org.apache.xerces.parsers.SAXParser: Property 'http://javax.xml.XMLConstants/property/accessExternalDTD' is not recognized.
Warning:  org.apache.xerces.parsers.SAXParser: Property 'http://www.oracle.com/xml/jaxp/properties/entityExpansionLimit' is not recognized.
Warning:  org.apache.xerces.parsers.SAXParser: Property 'http://javax.xml.XMLConstants/property/accessExternalDTD' is not recognized.
Warning:  org.apache.xerces.parsers.SAXParser: Property 'http://www.oracle.com/xml/jaxp/properties/entityExpansionLimit' is not recognized.
]]></system-err>
</testsuite>
